<?xml version="1.0" encoding="UTF-8"?>
<!-- Generated by org.testng.reporters.JUnitXMLReporter -->
<testsuite hostname="cyclone1" ignored="0" name="Command line test" tests="4" failures="1" timestamp="09 Oct 2018 11:48:45 GMT" time="16.712" errors="0">
  <testcase name="awakenMinorityTest" time="9.696" classname="marnikitta.concierge.atomic.AtomicBroadcastTest"/>
  <testcase name="integrityAndTotalOrderTest" time="0.78" classname="marnikitta.concierge.atomic.AtomicBroadcastTest">
    <failure type="java.lang.AssertionError" message="expected [1] but found [2]">
      <![CDATA[java.lang.AssertionError: expected [1] but found [2]
	at marnikitta.concierge.atomic.AtomicBroadcastTest.integrityAndTotalOrderTest(AtomicBroadcastTest.java:165)
... Removed 40 stack frames]]>
    </failure>
  </testcase> <!-- integrityAndTotalOrderTest -->
  <testcase name="killOneByOneTest" time="5.739" classname="marnikitta.concierge.atomic.AtomicBroadcastTest"/>
  <testcase name="singleLeaderBroadcastTest" time="0.466" classname="marnikitta.concierge.atomic.AtomicBroadcastTest"/>
</testsuite> <!-- Command line test -->
