{
  "repository": {
    "name": "fhoeben/hsac-fitnesse-fixtures",
    "githubId": 19651495,
    "url": "https://github.com/fhoeben/hsac-fitnesse-fixtures",
    "isFork": false,
    "original": {
      "name": "",
      "githubId": 0,
      "url": ""
    },
    "isPullRequest": false,
    "pullRequestId": 0
  },
  "builds": {
    "buggyBuild": {
      "id": 441098980,
      "url": "http://travis-ci.org/fhoeben/hsac-fitnesse-fixtures/builds/441098980",
      "date": "Oct 13, 2018 10:32:26 PM"
    }
  },
  "reproductionBuggyBuild": {
    "reproductionDateBeginning": "Oct 13, 2018 10:31:32 PM",
    "reproductionDateEnd": "Oct 13, 2018 10:32:55 PM",
    "totalDuration": 79,
    "processDurations": {
      "cloning": {
        "nbSteps": 1,
        "totalDuration": 6,
        "stepNames": [
          "CloneRepository"
        ],
        "stepDurations": [
          6
        ]
      },
      "building": {
        "nbSteps": 2,
        "totalDuration": 44,
        "stepNames": [
          "CheckoutBuggyBuild",
          "BuildProject"
        ],
        "stepDurations": [
          0,
          44
        ]
      },
      "testing": {
        "nbSteps": 1,
        "totalDuration": 20,
        "stepNames": [
          "TestProject"
        ],
        "stepDurations": [
          20
        ]
      }
    },
    "projectRootPomPath": "./workspace/fhoeben/hsac-fitnesse-fixtures/441098980/pom.xml"
  },
  "patchDiff": {
    "files": {
      "numberAdded": 0,
      "numberChanged": 0,
      "numberDeleted": 0
    },
    "lines": {
      "numberAdded": 0,
      "numberDeleted": 0
    }
  },
  "tests": {
    "failingModule": "/root/workspace/fhoeben/hsac-fitnesse-fixtures/441098980",
    "overallMetrics": {
      "numberRunning": 340,
      "numberPassing": 283,
      "numberFailing": 0,
      "numberErroring": 57,
      "numberSkipping": 4,
      "failures": [
        {
          "failureName": "java.lang.Exception",
          "isError": true,
          "occurrences": 57
        }
      ]
    },
    "failingClasses": [
      {
        "testClass": "nl.hsac.fitnesse.fixture.AcceptanceTest",
        "numberRunning": 90,
        "numberPassing": 33,
        "numberFailing": 0,
        "numberErroring": 57,
        "numberSkipping": 0
      }
    ],
    "failureDetails": [
      {
        "testClass": "nl.hsac.fitnesse.fixture.AcceptanceTest",
        "testMethod": "HsacAcceptanceTests.SlimTests.BrowserTest.RepeatUntilTests.ClickUntilNotTest",
        "failureName": "java.lang.Exception",
        "detail": "org.openqa.selenium.WebDriverException: unknown error: cannot find Chrome binary\n  (Driver info: chromedriver\u003d2.42.591071 (0b695ff80972cc1a65a5cd643186d2ae582cd4ac),platform\u003dLinux 3.10.0-862.3.2.el7.x86_64 x86_64) (WARNING: The server did not provide any stacktrace information)\nCommand duration or timeout: 5 milliseconds\nBuild info: version: \u00273.14.0\u0027, revision: \u0027aacccce0\u0027, time: \u00272018-08-02T20:19:58.91Z\u0027\nSystem info: host: \u0027cyclone1\u0027, ip: \u0027172.17.0.2\u0027, os.name: \u0027Linux\u0027, os.arch: \u0027amd64\u0027, os.version: \u00273.10.0-862.3.2.el7.x86_64\u0027, java.version: \u00271.8.0_121\u0027\nDriver info: driver.version: ChromeDriver",
        "isError": true
      },
      {
        "testClass": "nl.hsac.fitnesse.fixture.AcceptanceTest",
        "testMethod": "HsacAcceptanceTests.SlimTests.BrowserTest.GridTests.GridOnPageWithSimilarTablesTest",
        "failureName": "java.lang.Exception",
        "detail": "org.openqa.selenium.WebDriverException: unknown error: cannot find Chrome binary\n  (Driver info: chromedriver\u003d2.42.591071 (0b695ff80972cc1a65a5cd643186d2ae582cd4ac),platform\u003dLinux 3.10.0-862.3.2.el7.x86_64 x86_64) (WARNING: The server did not provide any stacktrace information)\nCommand duration or timeout: 5 milliseconds\nBuild info: version: \u00273.14.0\u0027, revision: \u0027aacccce0\u0027, time: \u00272018-08-02T20:19:58.91Z\u0027\nSystem info: host: \u0027cyclone1\u0027, ip: \u0027172.17.0.2\u0027, os.name: \u0027Linux\u0027, os.arch: \u0027amd64\u0027, os.version: \u00273.10.0-862.3.2.el7.x86_64\u0027, java.version: \u00271.8.0_121\u0027\nDriver info: driver.version: ChromeDriver",
        "isError": true
      },
      {
        "testClass": "nl.hsac.fitnesse.fixture.AcceptanceTest",
        "testMethod": "HsacAcceptanceTests.SlimTests.BrowserTest.GridTests.GridInTableWithSimilarTablesTest",
        "failureName": "java.lang.Exception",
        "detail": "org.openqa.selenium.WebDriverException: unknown error: cannot find Chrome binary\n  (Driver info: chromedriver\u003d2.42.591071 (0b695ff80972cc1a65a5cd643186d2ae582cd4ac),platform\u003dLinux 3.10.0-862.3.2.el7.x86_64 x86_64) (WARNING: The server did not provide any stacktrace information)\nCommand duration or timeout: 5 milliseconds\nBuild info: version: \u00273.14.0\u0027, revision: \u0027aacccce0\u0027, time: \u00272018-08-02T20:19:58.91Z\u0027\nSystem info: host: \u0027cyclone1\u0027, ip: \u0027172.17.0.2\u0027, os.name: \u0027Linux\u0027, os.arch: \u0027amd64\u0027, os.version: \u00273.10.0-862.3.2.el7.x86_64\u0027, java.version: \u00271.8.0_121\u0027\nDriver info: driver.version: ChromeDriver",
        "isError": true
      },
      {
        "testClass": "nl.hsac.fitnesse.fixture.AcceptanceTest",
        "testMethod": "HsacAcceptanceTests.SlimTests.BrowserTest.RepeatUntilTests.ExecuteJavascriptUntilIsNotTest",
        "failureName": "java.lang.Exception",
        "detail": "org.openqa.selenium.WebDriverException: unknown error: cannot find Chrome binary\n  (Driver info: chromedriver\u003d2.42.591071 (0b695ff80972cc1a65a5cd643186d2ae582cd4ac),platform\u003dLinux 3.10.0-862.3.2.el7.x86_64 x86_64) (WARNING: The server did not provide any stacktrace information)\nCommand duration or timeout: 5 milliseconds\nBuild info: version: \u00273.14.0\u0027, revision: \u0027aacccce0\u0027, time: \u00272018-08-02T20:19:58.91Z\u0027\nSystem info: host: \u0027cyclone1\u0027, ip: \u0027172.17.0.2\u0027, os.name: \u0027Linux\u0027, os.arch: \u0027amd64\u0027, os.version: \u00273.10.0-862.3.2.el7.x86_64\u0027, java.version: \u00271.8.0_121\u0027\nDriver info: driver.version: ChromeDriver",
        "isError": true
      },
      {
        "testClass": "nl.hsac.fitnesse.fixture.AcceptanceTest",
        "testMethod": "HsacAcceptanceTests.SlimTests.BrowserTest.FileUploadTest",
        "failureName": "java.lang.Exception",
        "detail": "org.openqa.selenium.WebDriverException: unknown error: cannot find Chrome binary\n  (Driver info: chromedriver\u003d2.42.591071 (0b695ff80972cc1a65a5cd643186d2ae582cd4ac),platform\u003dLinux 3.10.0-862.3.2.el7.x86_64 x86_64) (WARNING: The server did not provide any stacktrace information)\nCommand duration or timeout: 4 milliseconds\nBuild info: version: \u00273.14.0\u0027, revision: \u0027aacccce0\u0027, time: \u00272018-08-02T20:19:58.91Z\u0027\nSystem info: host: \u0027cyclone1\u0027, ip: \u0027172.17.0.2\u0027, os.name: \u0027Linux\u0027, os.arch: \u0027amd64\u0027, os.version: \u00273.10.0-862.3.2.el7.x86_64\u0027, java.version: \u00271.8.0_121\u0027\nDriver info: driver.version: ChromeDriver",
        "isError": true
      },
      {
        "testClass": "nl.hsac.fitnesse.fixture.AcceptanceTest",
        "testMethod": "HsacAcceptanceTests.SlimTests.BrowserTest.FrameHandlingTests.IframeHandling",
        "failureName": "java.lang.Exception",
        "detail": "org.openqa.selenium.WebDriverException: unknown error: cannot find Chrome binary\n  (Driver info: chromedriver\u003d2.42.591071 (0b695ff80972cc1a65a5cd643186d2ae582cd4ac),platform\u003dLinux 3.10.0-862.3.2.el7.x86_64 x86_64) (WARNING: The server did not provide any stacktrace information)\nCommand duration or timeout: 4 milliseconds\nBuild info: version: \u00273.14.0\u0027, revision: \u0027aacccce0\u0027, time: \u00272018-08-02T20:19:58.91Z\u0027\nSystem info: host: \u0027cyclone1\u0027, ip: \u0027172.17.0.2\u0027, os.name: \u0027Linux\u0027, os.arch: \u0027amd64\u0027, os.version: \u00273.10.0-862.3.2.el7.x86_64\u0027, java.version: \u00271.8.0_121\u0027\nDriver info: driver.version: ChromeDriver",
        "isError": true
      },
      {
        "testClass": "nl.hsac.fitnesse.fixture.AcceptanceTest",
        "testMethod": "HsacAcceptanceTests.SlimTests.BrowserTest.ShiftAndCtrlClick",
        "failureName": "java.lang.Exception",
        "detail": "org.openqa.selenium.WebDriverException: unknown error: cannot find Chrome binary\n  (Driver info: chromedriver\u003d2.42.591071 (0b695ff80972cc1a65a5cd643186d2ae582cd4ac),platform\u003dLinux 3.10.0-862.3.2.el7.x86_64 x86_64) (WARNING: The server did not provide any stacktrace information)\nCommand duration or timeout: 5 milliseconds\nBuild info: version: \u00273.14.0\u0027, revision: \u0027aacccce0\u0027, time: \u00272018-08-02T20:19:58.91Z\u0027\nSystem info: host: \u0027cyclone1\u0027, ip: \u0027172.17.0.2\u0027, os.name: \u0027Linux\u0027, os.arch: \u0027amd64\u0027, os.version: \u00273.10.0-862.3.2.el7.x86_64\u0027, java.version: \u00271.8.0_121\u0027\nDriver info: driver.version: ChromeDriver",
        "isError": true
      },
      {
        "testClass": "nl.hsac.fitnesse.fixture.AcceptanceTest",
        "testMethod": "HsacAcceptanceTests.SlimTests.BrowserTest.SelectHandlingTest",
        "failureName": "java.lang.Exception",
        "detail": "org.openqa.selenium.WebDriverException: unknown error: cannot find Chrome binary\n  (Driver info: chromedriver\u003d2.42.591071 (0b695ff80972cc1a65a5cd643186d2ae582cd4ac),platform\u003dLinux 3.10.0-862.3.2.el7.x86_64 x86_64) (WARNING: The server did not provide any stacktrace information)\nCommand duration or timeout: 4 milliseconds\nBuild info: version: \u00273.14.0\u0027, revision: \u0027aacccce0\u0027, time: \u00272018-08-02T20:19:58.91Z\u0027\nSystem info: host: \u0027cyclone1\u0027, ip: \u0027172.17.0.2\u0027, os.name: \u0027Linux\u0027, os.arch: \u0027amd64\u0027, os.version: \u00273.10.0-862.3.2.el7.x86_64\u0027, java.version: \u00271.8.0_121\u0027\nDriver info: driver.version: ChromeDriver",
        "isError": true
      },
      {
        "testClass": "nl.hsac.fitnesse.fixture.AcceptanceTest",
        "testMethod": "HsacAcceptanceTests.SlimTests.BrowserTest.EnabledAndVisibleTest",
        "failureName": "java.lang.Exception",
        "detail": "org.openqa.selenium.WebDriverException: unknown error: cannot find Chrome binary\n  (Driver info: chromedriver\u003d2.42.591071 (0b695ff80972cc1a65a5cd643186d2ae582cd4ac),platform\u003dLinux 3.10.0-862.3.2.el7.x86_64 x86_64) (WARNING: The server did not provide any stacktrace information)\nCommand duration or timeout: 7 milliseconds\nBuild info: version: \u00273.14.0\u0027, revision: \u0027aacccce0\u0027, time: \u00272018-08-02T20:19:58.91Z\u0027\nSystem info: host: \u0027cyclone1\u0027, ip: \u0027172.17.0.2\u0027, os.name: \u0027Linux\u0027, os.arch: \u0027amd64\u0027, os.version: \u00273.10.0-862.3.2.el7.x86_64\u0027, java.version: \u00271.8.0_121\u0027\nDriver info: driver.version: ChromeDriver",
        "isError": true
      },
      {
        "testClass": "nl.hsac.fitnesse.fixture.AcceptanceTest",
        "testMethod": "HsacAcceptanceTests.SlimTests.BrowserTest.WaitOnTabSwitch",
        "failureName": "java.lang.Exception",
        "detail": "org.openqa.selenium.WebDriverException: unknown error: cannot find Chrome binary\n  (Driver info: chromedriver\u003d2.42.591071 (0b695ff80972cc1a65a5cd643186d2ae582cd4ac),platform\u003dLinux 3.10.0-862.3.2.el7.x86_64 x86_64) (WARNING: The server did not provide any stacktrace information)\nCommand duration or timeout: 6 milliseconds\nBuild info: version: \u00273.14.0\u0027, revision: \u0027aacccce0\u0027, time: \u00272018-08-02T20:19:58.91Z\u0027\nSystem info: host: \u0027cyclone1\u0027, ip: \u0027172.17.0.2\u0027, os.name: \u0027Linux\u0027, os.arch: \u0027amd64\u0027, os.version: \u00273.10.0-862.3.2.el7.x86_64\u0027, java.version: \u00271.8.0_121\u0027\nDriver info: driver.version: ChromeDriver",
        "isError": true
      },
      {
        "testClass": "nl.hsac.fitnesse.fixture.AcceptanceTest",
        "testMethod": "HsacAcceptanceTests.SlimTests.BrowserTest.CustomHeuristicTest",
        "failureName": "java.lang.Exception",
        "detail": "org.openqa.selenium.WebDriverException: unknown error: cannot find Chrome binary\n  (Driver info: chromedriver\u003d2.42.591071 (0b695ff80972cc1a65a5cd643186d2ae582cd4ac),platform\u003dLinux 3.10.0-862.3.2.el7.x86_64 x86_64) (WARNING: The server did not provide any stacktrace information)\nCommand duration or timeout: 4 milliseconds\nBuild info: version: \u00273.14.0\u0027, revision: \u0027aacccce0\u0027, time: \u00272018-08-02T20:19:58.91Z\u0027\nSystem info: host: \u0027cyclone1\u0027, ip: \u0027172.17.0.2\u0027, os.name: \u0027Linux\u0027, os.arch: \u0027amd64\u0027, os.version: \u00273.10.0-862.3.2.el7.x86_64\u0027, java.version: \u00271.8.0_121\u0027\nDriver info: driver.version: ChromeDriver",
        "isError": true
      },
      {
        "testClass": "nl.hsac.fitnesse.fixture.AcceptanceTest",
        "testMethod": "HsacAcceptanceTests.SlimTests.BrowserTest.VisibleAndVisibleOnPageTest",
        "failureName": "java.lang.Exception",
        "detail": "org.openqa.selenium.WebDriverException: unknown error: cannot find Chrome binary\n  (Driver info: chromedriver\u003d2.42.591071 (0b695ff80972cc1a65a5cd643186d2ae582cd4ac),platform\u003dLinux 3.10.0-862.3.2.el7.x86_64 x86_64) (WARNING: The server did not provide any stacktrace information)\nCommand duration or timeout: 5 milliseconds\nBuild info: version: \u00273.14.0\u0027, revision: \u0027aacccce0\u0027, time: \u00272018-08-02T20:19:58.91Z\u0027\nSystem info: host: \u0027cyclone1\u0027, ip: \u0027172.17.0.2\u0027, os.name: \u0027Linux\u0027, os.arch: \u0027amd64\u0027, os.version: \u00273.10.0-862.3.2.el7.x86_64\u0027, java.version: \u00271.8.0_121\u0027\nDriver info: driver.version: ChromeDriver",
        "isError": true
      },
      {
        "testClass": "nl.hsac.fitnesse.fixture.AcceptanceTest",
        "testMethod": "HsacAcceptanceTests.SlimTests.BrowserTest.ClickOnLinkTest",
        "failureName": "java.lang.Exception",
        "detail": "org.openqa.selenium.WebDriverException: unknown error: cannot find Chrome binary\n  (Driver info: chromedriver\u003d2.42.591071 (0b695ff80972cc1a65a5cd643186d2ae582cd4ac),platform\u003dLinux 3.10.0-862.3.2.el7.x86_64 x86_64) (WARNING: The server did not provide any stacktrace information)\nCommand duration or timeout: 6 milliseconds\nBuild info: version: \u00273.14.0\u0027, revision: \u0027aacccce0\u0027, time: \u00272018-08-02T20:19:58.91Z\u0027\nSystem info: host: \u0027cyclone1\u0027, ip: \u0027172.17.0.2\u0027, os.name: \u0027Linux\u0027, os.arch: \u0027amd64\u0027, os.version: \u00273.10.0-862.3.2.el7.x86_64\u0027, java.version: \u00271.8.0_121\u0027\nDriver info: driver.version: ChromeDriver",
        "isError": true
      },
      {
        "testClass": "nl.hsac.fitnesse.fixture.AcceptanceTest",
        "testMethod": "HsacAcceptanceTests.SlimTests.BrowserTest.LinkTargetTest",
        "failureName": "java.lang.Exception",
        "detail": "org.openqa.selenium.WebDriverException: unknown error: cannot find Chrome binary\n  (Driver info: chromedriver\u003d2.42.591071 (0b695ff80972cc1a65a5cd643186d2ae582cd4ac),platform\u003dLinux 3.10.0-862.3.2.el7.x86_64 x86_64) (WARNING: The server did not provide any stacktrace information)\nCommand duration or timeout: 5 milliseconds\nBuild info: version: \u00273.14.0\u0027, revision: \u0027aacccce0\u0027, time: \u00272018-08-02T20:19:58.91Z\u0027\nSystem info: host: \u0027cyclone1\u0027, ip: \u0027172.17.0.2\u0027, os.name: \u0027Linux\u0027, os.arch: \u0027amd64\u0027, os.version: \u00273.10.0-862.3.2.el7.x86_64\u0027, java.version: \u00271.8.0_121\u0027\nDriver info: driver.version: ChromeDriver",
        "isError": true
      },
      {
        "testClass": "nl.hsac.fitnesse.fixture.AcceptanceTest",
        "testMethod": "HsacAcceptanceTests.SlimTests.BrowserTest.RepeatUntilTests.RefreshUntilTest",
        "failureName": "java.lang.Exception",
        "detail": "org.openqa.selenium.WebDriverException: unknown error: cannot find Chrome binary\n  (Driver info: chromedriver\u003d2.42.591071 (0b695ff80972cc1a65a5cd643186d2ae582cd4ac),platform\u003dLinux 3.10.0-862.3.2.el7.x86_64 x86_64) (WARNING: The server did not provide any stacktrace information)\nCommand duration or timeout: 7 milliseconds\nBuild info: version: \u00273.14.0\u0027, revision: \u0027aacccce0\u0027, time: \u00272018-08-02T20:19:58.91Z\u0027\nSystem info: host: \u0027cyclone1\u0027, ip: \u0027172.17.0.2\u0027, os.name: \u0027Linux\u0027, os.arch: \u0027amd64\u0027, os.version: \u00273.10.0-862.3.2.el7.x86_64\u0027, java.version: \u00271.8.0_121\u0027\nDriver info: driver.version: ChromeDriver",
        "isError": true
      },
      {
        "testClass": "nl.hsac.fitnesse.fixture.AcceptanceTest",
        "testMethod": "HsacAcceptanceTests.SlimTests.BrowserTest.CopyAndPasteTest",
        "failureName": "java.lang.Exception",
        "detail": "org.openqa.selenium.WebDriverException: unknown error: cannot find Chrome binary\n  (Driver info: chromedriver\u003d2.42.591071 (0b695ff80972cc1a65a5cd643186d2ae582cd4ac),platform\u003dLinux 3.10.0-862.3.2.el7.x86_64 x86_64) (WARNING: The server did not provide any stacktrace information)\nCommand duration or timeout: 5 milliseconds\nBuild info: version: \u00273.14.0\u0027, revision: \u0027aacccce0\u0027, time: \u00272018-08-02T20:19:58.91Z\u0027\nSystem info: host: \u0027cyclone1\u0027, ip: \u0027172.17.0.2\u0027, os.name: \u0027Linux\u0027, os.arch: \u0027amd64\u0027, os.version: \u00273.10.0-862.3.2.el7.x86_64\u0027, java.version: \u00271.8.0_121\u0027\nDriver info: driver.version: ChromeDriver",
        "isError": true
      },
      {
        "testClass": "nl.hsac.fitnesse.fixture.AcceptanceTest",
        "testMethod": "HsacAcceptanceTests.SlimTests.BrowserTest.ClickInLargeSelect1",
        "failureName": "java.lang.Exception",
        "detail": "org.openqa.selenium.WebDriverException: unknown error: cannot find Chrome binary\n  (Driver info: chromedriver\u003d2.42.591071 (0b695ff80972cc1a65a5cd643186d2ae582cd4ac),platform\u003dLinux 3.10.0-862.3.2.el7.x86_64 x86_64) (WARNING: The server did not provide any stacktrace information)\nCommand duration or timeout: 5 milliseconds\nBuild info: version: \u00273.14.0\u0027, revision: \u0027aacccce0\u0027, time: \u00272018-08-02T20:19:58.91Z\u0027\nSystem info: host: \u0027cyclone1\u0027, ip: \u0027172.17.0.2\u0027, os.name: \u0027Linux\u0027, os.arch: \u0027amd64\u0027, os.version: \u00273.10.0-862.3.2.el7.x86_64\u0027, java.version: \u00271.8.0_121\u0027\nDriver info: driver.version: ChromeDriver",
        "isError": true
      },
      {
        "testClass": "nl.hsac.fitnesse.fixture.AcceptanceTest",
        "testMethod": "HsacAcceptanceTests.SlimTests.BrowserTest.CountTextOccurrenceTest",
        "failureName": "java.lang.Exception",
        "detail": "org.openqa.selenium.WebDriverException: unknown error: cannot find Chrome binary\n  (Driver info: chromedriver\u003d2.42.591071 (0b695ff80972cc1a65a5cd643186d2ae582cd4ac),platform\u003dLinux 3.10.0-862.3.2.el7.x86_64 x86_64) (WARNING: The server did not provide any stacktrace information)\nCommand duration or timeout: 5 milliseconds\nBuild info: version: \u00273.14.0\u0027, revision: \u0027aacccce0\u0027, time: \u00272018-08-02T20:19:58.91Z\u0027\nSystem info: host: \u0027cyclone1\u0027, ip: \u0027172.17.0.2\u0027, os.name: \u0027Linux\u0027, os.arch: \u0027amd64\u0027, os.version: \u00273.10.0-862.3.2.el7.x86_64\u0027, java.version: \u00271.8.0_121\u0027\nDriver info: driver.version: ChromeDriver",
        "isError": true
      },
      {
        "testClass": "nl.hsac.fitnesse.fixture.AcceptanceTest",
        "testMethod": "HsacAcceptanceTests.SlimTests.BrowserTest.NotVisibleAndNotVisibleOnPageTest",
        "failureName": "java.lang.Exception",
        "detail": "org.openqa.selenium.WebDriverException: unknown error: cannot find Chrome binary\n  (Driver info: chromedriver\u003d2.42.591071 (0b695ff80972cc1a65a5cd643186d2ae582cd4ac),platform\u003dLinux 3.10.0-862.3.2.el7.x86_64 x86_64) (WARNING: The server did not provide any stacktrace information)\nCommand duration or timeout: 6 milliseconds\nBuild info: version: \u00273.14.0\u0027, revision: \u0027aacccce0\u0027, time: \u00272018-08-02T20:19:58.91Z\u0027\nSystem info: host: \u0027cyclone1\u0027, ip: \u0027172.17.0.2\u0027, os.name: \u0027Linux\u0027, os.arch: \u0027amd64\u0027, os.version: \u00273.10.0-862.3.2.el7.x86_64\u0027, java.version: \u00271.8.0_121\u0027\nDriver info: driver.version: ChromeDriver",
        "isError": true
      },
      {
        "testClass": "nl.hsac.fitnesse.fixture.AcceptanceTest",
        "testMethod": "HsacAcceptanceTests.SlimTests.BrowserTest.GalenTest",
        "failureName": "java.lang.Exception",
        "detail": "org.openqa.selenium.WebDriverException: unknown error: cannot find Chrome binary\n  (Driver info: chromedriver\u003d2.42.591071 (0b695ff80972cc1a65a5cd643186d2ae582cd4ac),platform\u003dLinux 3.10.0-862.3.2.el7.x86_64 x86_64) (WARNING: The server did not provide any stacktrace information)\nCommand duration or timeout: 4 milliseconds\nBuild info: version: \u00273.14.0\u0027, revision: \u0027aacccce0\u0027, time: \u00272018-08-02T20:19:58.91Z\u0027\nSystem info: host: \u0027cyclone1\u0027, ip: \u0027172.17.0.2\u0027, os.name: \u0027Linux\u0027, os.arch: \u0027amd64\u0027, os.version: \u00273.10.0-862.3.2.el7.x86_64\u0027, java.version: \u00271.8.0_121\u0027\nDriver info: driver.version: ChromeDriver",
        "isError": true
      },
      {
        "testClass": "nl.hsac.fitnesse.fixture.AcceptanceTest",
        "testMethod": "HsacAcceptanceTests.SlimTests.BrowserTest.FindElementsInDynamicContainers",
        "failureName": "java.lang.Exception",
        "detail": "org.openqa.selenium.WebDriverException: unknown error: cannot find Chrome binary\n  (Driver info: chromedriver\u003d2.42.591071 (0b695ff80972cc1a65a5cd643186d2ae582cd4ac),platform\u003dLinux 3.10.0-862.3.2.el7.x86_64 x86_64) (WARNING: The server did not provide any stacktrace information)\nCommand duration or timeout: 4 milliseconds\nBuild info: version: \u00273.14.0\u0027, revision: \u0027aacccce0\u0027, time: \u00272018-08-02T20:19:58.91Z\u0027\nSystem info: host: \u0027cyclone1\u0027, ip: \u0027172.17.0.2\u0027, os.name: \u0027Linux\u0027, os.arch: \u0027amd64\u0027, os.version: \u00273.10.0-862.3.2.el7.x86_64\u0027, java.version: \u00271.8.0_121\u0027\nDriver info: driver.version: ChromeDriver",
        "isError": true
      },
      {
        "testClass": "nl.hsac.fitnesse.fixture.AcceptanceTest",
        "testMethod": "HsacAcceptanceTests.SlimTests.BrowserTest.RepeatUntilTests.ExecuteJavascriptUntilIsTest",
        "failureName": "java.lang.Exception",
        "detail": "org.openqa.selenium.WebDriverException: unknown error: cannot find Chrome binary\n  (Driver info: chromedriver\u003d2.42.591071 (0b695ff80972cc1a65a5cd643186d2ae582cd4ac),platform\u003dLinux 3.10.0-862.3.2.el7.x86_64 x86_64) (WARNING: The server did not provide any stacktrace information)\nCommand duration or timeout: 5 milliseconds\nBuild info: version: \u00273.14.0\u0027, revision: \u0027aacccce0\u0027, time: \u00272018-08-02T20:19:58.91Z\u0027\nSystem info: host: \u0027cyclone1\u0027, ip: \u0027172.17.0.2\u0027, os.name: \u0027Linux\u0027, os.arch: \u0027amd64\u0027, os.version: \u00273.10.0-862.3.2.el7.x86_64\u0027, java.version: \u00271.8.0_121\u0027\nDriver info: driver.version: ChromeDriver",
        "isError": true
      },
      {
        "testClass": "nl.hsac.fitnesse.fixture.AcceptanceTest",
        "testMethod": "HsacAcceptanceTests.SlimTests.BrowserTest.BypassHeuristicTest",
        "failureName": "java.lang.Exception",
        "detail": "org.openqa.selenium.WebDriverException: unknown error: cannot find Chrome binary\n  (Driver info: chromedriver\u003d2.42.591071 (0b695ff80972cc1a65a5cd643186d2ae582cd4ac),platform\u003dLinux 3.10.0-862.3.2.el7.x86_64 x86_64) (WARNING: The server did not provide any stacktrace information)\nCommand duration or timeout: 5 milliseconds\nBuild info: version: \u00273.14.0\u0027, revision: \u0027aacccce0\u0027, time: \u00272018-08-02T20:19:58.91Z\u0027\nSystem info: host: \u0027cyclone1\u0027, ip: \u0027172.17.0.2\u0027, os.name: \u0027Linux\u0027, os.arch: \u0027amd64\u0027, os.version: \u00273.10.0-862.3.2.el7.x86_64\u0027, java.version: \u00271.8.0_121\u0027\nDriver info: driver.version: ChromeDriver",
        "isError": true
      },
      {
        "testClass": "nl.hsac.fitnesse.fixture.AcceptanceTest",
        "testMethod": "HsacAcceptanceTests.SlimTests.BrowserTest.RichFacesTest",
        "failureName": "java.lang.Exception",
        "detail": "org.openqa.selenium.WebDriverException: unknown error: cannot find Chrome binary\n  (Driver info: chromedriver\u003d2.42.591071 (0b695ff80972cc1a65a5cd643186d2ae582cd4ac),platform\u003dLinux 3.10.0-862.3.2.el7.x86_64 x86_64) (WARNING: The server did not provide any stacktrace information)\nCommand duration or timeout: 5 milliseconds\nBuild info: version: \u00273.14.0\u0027, revision: \u0027aacccce0\u0027, time: \u00272018-08-02T20:19:58.91Z\u0027\nSystem info: host: \u0027cyclone1\u0027, ip: \u0027172.17.0.2\u0027, os.name: \u0027Linux\u0027, os.arch: \u0027amd64\u0027, os.version: \u00273.10.0-862.3.2.el7.x86_64\u0027, java.version: \u00271.8.0_121\u0027\nDriver info: driver.version: ChromeDriver",
        "isError": true
      },
      {
        "testClass": "nl.hsac.fitnesse.fixture.AcceptanceTest",
        "testMethod": "HsacAcceptanceTests.SlimTests.BrowserTest.ClickTemporarilyCoveredLinkTest",
        "failureName": "java.lang.Exception",
        "detail": "org.openqa.selenium.WebDriverException: unknown error: cannot find Chrome binary\n  (Driver info: chromedriver\u003d2.42.591071 (0b695ff80972cc1a65a5cd643186d2ae582cd4ac),platform\u003dLinux 3.10.0-862.3.2.el7.x86_64 x86_64) (WARNING: The server did not provide any stacktrace information)\nCommand duration or timeout: 6 milliseconds\nBuild info: version: \u00273.14.0\u0027, revision: \u0027aacccce0\u0027, time: \u00272018-08-02T20:19:58.91Z\u0027\nSystem info: host: \u0027cyclone1\u0027, ip: \u0027172.17.0.2\u0027, os.name: \u0027Linux\u0027, os.arch: \u0027amd64\u0027, os.version: \u00273.10.0-862.3.2.el7.x86_64\u0027, java.version: \u00271.8.0_121\u0027\nDriver info: driver.version: ChromeDriver",
        "isError": true
      },
      {
        "testClass": "nl.hsac.fitnesse.fixture.AcceptanceTest",
        "testMethod": "HsacAcceptanceTests.SlimTests.BrowserTest.FindElementByPlaceholderTest",
        "failureName": "java.lang.Exception",
        "detail": "org.openqa.selenium.WebDriverException: unknown error: cannot find Chrome binary\n  (Driver info: chromedriver\u003d2.42.591071 (0b695ff80972cc1a65a5cd643186d2ae582cd4ac),platform\u003dLinux 3.10.0-862.3.2.el7.x86_64 x86_64) (WARNING: The server did not provide any stacktrace information)\nCommand duration or timeout: 7 milliseconds\nBuild info: version: \u00273.14.0\u0027, revision: \u0027aacccce0\u0027, time: \u00272018-08-02T20:19:58.91Z\u0027\nSystem info: host: \u0027cyclone1\u0027, ip: \u0027172.17.0.2\u0027, os.name: \u0027Linux\u0027, os.arch: \u0027amd64\u0027, os.version: \u00273.10.0-862.3.2.el7.x86_64\u0027, java.version: \u00271.8.0_121\u0027\nDriver info: driver.version: ChromeDriver",
        "isError": true
      },
      {
        "testClass": "nl.hsac.fitnesse.fixture.AcceptanceTest",
        "testMethod": "HsacAcceptanceTests.SlimTests.BrowserTest.RepeatUntilTests.RefreshUntilNotTest",
        "failureName": "java.lang.Exception",
        "detail": "org.openqa.selenium.WebDriverException: unknown error: cannot find Chrome binary\n  (Driver info: chromedriver\u003d2.42.591071 (0b695ff80972cc1a65a5cd643186d2ae582cd4ac),platform\u003dLinux 3.10.0-862.3.2.el7.x86_64 x86_64) (WARNING: The server did not provide any stacktrace information)\nCommand duration or timeout: 5 milliseconds\nBuild info: version: \u00273.14.0\u0027, revision: \u0027aacccce0\u0027, time: \u00272018-08-02T20:19:58.91Z\u0027\nSystem info: host: \u0027cyclone1\u0027, ip: \u0027172.17.0.2\u0027, os.name: \u0027Linux\u0027, os.arch: \u0027amd64\u0027, os.version: \u00273.10.0-862.3.2.el7.x86_64\u0027, java.version: \u00271.8.0_121\u0027\nDriver info: driver.version: ChromeDriver",
        "isError": true
      },
      {
        "testClass": "nl.hsac.fitnesse.fixture.AcceptanceTest",
        "testMethod": "HsacAcceptanceTests.SlimTests.BrowserTest.EnterDateField",
        "failureName": "java.lang.Exception",
        "detail": "org.openqa.selenium.WebDriverException: unknown error: cannot find Chrome binary\n  (Driver info: chromedriver\u003d2.42.591071 (0b695ff80972cc1a65a5cd643186d2ae582cd4ac),platform\u003dLinux 3.10.0-862.3.2.el7.x86_64 x86_64) (WARNING: The server did not provide any stacktrace information)\nCommand duration or timeout: 4 milliseconds\nBuild info: version: \u00273.14.0\u0027, revision: \u0027aacccce0\u0027, time: \u00272018-08-02T20:19:58.91Z\u0027\nSystem info: host: \u0027cyclone1\u0027, ip: \u0027172.17.0.2\u0027, os.name: \u0027Linux\u0027, os.arch: \u0027amd64\u0027, os.version: \u00273.10.0-862.3.2.el7.x86_64\u0027, java.version: \u00271.8.0_121\u0027\nDriver info: driver.version: ChromeDriver",
        "isError": true
      },
      {
        "testClass": "nl.hsac.fitnesse.fixture.AcceptanceTest",
        "testMethod": "HsacAcceptanceTests.SlimTests.BrowserTest.FindElementsInContainers",
        "failureName": "java.lang.Exception",
        "detail": "org.openqa.selenium.WebDriverException: unknown error: cannot find Chrome binary\n  (Driver info: chromedriver\u003d2.42.591071 (0b695ff80972cc1a65a5cd643186d2ae582cd4ac),platform\u003dLinux 3.10.0-862.3.2.el7.x86_64 x86_64) (WARNING: The server did not provide any stacktrace information)\nCommand duration or timeout: 5 milliseconds\nBuild info: version: \u00273.14.0\u0027, revision: \u0027aacccce0\u0027, time: \u00272018-08-02T20:19:58.91Z\u0027\nSystem info: host: \u0027cyclone1\u0027, ip: \u0027172.17.0.2\u0027, os.name: \u0027Linux\u0027, os.arch: \u0027amd64\u0027, os.version: \u00273.10.0-862.3.2.el7.x86_64\u0027, java.version: \u00271.8.0_121\u0027\nDriver info: driver.version: ChromeDriver",
        "isError": true
      },
      {
        "testClass": "nl.hsac.fitnesse.fixture.AcceptanceTest",
        "testMethod": "HsacAcceptanceTests.SlimTests.BrowserTest.FindElementByTitleTest",
        "failureName": "java.lang.Exception",
        "detail": "org.openqa.selenium.WebDriverException: unknown error: cannot find Chrome binary\n  (Driver info: chromedriver\u003d2.42.591071 (0b695ff80972cc1a65a5cd643186d2ae582cd4ac),platform\u003dLinux 3.10.0-862.3.2.el7.x86_64 x86_64) (WARNING: The server did not provide any stacktrace information)\nCommand duration or timeout: 6 milliseconds\nBuild info: version: \u00273.14.0\u0027, revision: \u0027aacccce0\u0027, time: \u00272018-08-02T20:19:58.91Z\u0027\nSystem info: host: \u0027cyclone1\u0027, ip: \u0027172.17.0.2\u0027, os.name: \u0027Linux\u0027, os.arch: \u0027amd64\u0027, os.version: \u00273.10.0-862.3.2.el7.x86_64\u0027, java.version: \u00271.8.0_121\u0027\nDriver info: driver.version: ChromeDriver",
        "isError": true
      },
      {
        "testClass": "nl.hsac.fitnesse.fixture.AcceptanceTest",
        "testMethod": "HsacAcceptanceTests.SlimTests.BrowserTest.WaitUntilElementsAppearTest",
        "failureName": "java.lang.Exception",
        "detail": "org.openqa.selenium.WebDriverException: unknown error: cannot find Chrome binary\n  (Driver info: chromedriver\u003d2.42.591071 (0b695ff80972cc1a65a5cd643186d2ae582cd4ac),platform\u003dLinux 3.10.0-862.3.2.el7.x86_64 x86_64) (WARNING: The server did not provide any stacktrace information)\nCommand duration or timeout: 5 milliseconds\nBuild info: version: \u00273.14.0\u0027, revision: \u0027aacccce0\u0027, time: \u00272018-08-02T20:19:58.91Z\u0027\nSystem info: host: \u0027cyclone1\u0027, ip: \u0027172.17.0.2\u0027, os.name: \u0027Linux\u0027, os.arch: \u0027amd64\u0027, os.version: \u00273.10.0-862.3.2.el7.x86_64\u0027, java.version: \u00271.8.0_121\u0027\nDriver info: driver.version: ChromeDriver",
        "isError": true
      },
      {
        "testClass": "nl.hsac.fitnesse.fixture.AcceptanceTest",
        "testMethod": "HsacAcceptanceTests.SlimTests.BrowserTest.PreferDisplayedTest",
        "failureName": "java.lang.Exception",
        "detail": "org.openqa.selenium.WebDriverException: unknown error: cannot find Chrome binary\n  (Driver info: chromedriver\u003d2.42.591071 (0b695ff80972cc1a65a5cd643186d2ae582cd4ac),platform\u003dLinux 3.10.0-862.3.2.el7.x86_64 x86_64) (WARNING: The server did not provide any stacktrace information)\nCommand duration or timeout: 5 milliseconds\nBuild info: version: \u00273.14.0\u0027, revision: \u0027aacccce0\u0027, time: \u00272018-08-02T20:19:58.91Z\u0027\nSystem info: host: \u0027cyclone1\u0027, ip: \u0027172.17.0.2\u0027, os.name: \u0027Linux\u0027, os.arch: \u0027amd64\u0027, os.version: \u00273.10.0-862.3.2.el7.x86_64\u0027, java.version: \u00271.8.0_121\u0027\nDriver info: driver.version: ChromeDriver",
        "isError": true
      },
      {
        "testClass": "nl.hsac.fitnesse.fixture.AcceptanceTest",
        "testMethod": "HsacAcceptanceTests.SlimTests.BrowserTest.AlertHandlingTest",
        "failureName": "java.lang.Exception",
        "detail": "org.openqa.selenium.WebDriverException: unknown error: cannot find Chrome binary\n  (Driver info: chromedriver\u003d2.42.591071 (0b695ff80972cc1a65a5cd643186d2ae582cd4ac),platform\u003dLinux 3.10.0-862.3.2.el7.x86_64 x86_64) (WARNING: The server did not provide any stacktrace information)\nCommand duration or timeout: 6 milliseconds\nBuild info: version: \u00273.14.0\u0027, revision: \u0027aacccce0\u0027, time: \u00272018-08-02T20:19:58.91Z\u0027\nSystem info: host: \u0027cyclone1\u0027, ip: \u0027172.17.0.2\u0027, os.name: \u0027Linux\u0027, os.arch: \u0027amd64\u0027, os.version: \u00273.10.0-862.3.2.el7.x86_64\u0027, java.version: \u00271.8.0_121\u0027\nDriver info: driver.version: ChromeDriver",
        "isError": true
      },
      {
        "testClass": "nl.hsac.fitnesse.fixture.AcceptanceTest",
        "testMethod": "HsacAcceptanceTests.SlimTests.BrowserTest.ExecuteScript",
        "failureName": "java.lang.Exception",
        "detail": "org.openqa.selenium.WebDriverException: unknown error: cannot find Chrome binary\n  (Driver info: chromedriver\u003d2.42.591071 (0b695ff80972cc1a65a5cd643186d2ae582cd4ac),platform\u003dLinux 3.10.0-862.3.2.el7.x86_64 x86_64) (WARNING: The server did not provide any stacktrace information)\nCommand duration or timeout: 6 milliseconds\nBuild info: version: \u00273.14.0\u0027, revision: \u0027aacccce0\u0027, time: \u00272018-08-02T20:19:58.91Z\u0027\nSystem info: host: \u0027cyclone1\u0027, ip: \u0027172.17.0.2\u0027, os.name: \u0027Linux\u0027, os.arch: \u0027amd64\u0027, os.version: \u00273.10.0-862.3.2.el7.x86_64\u0027, java.version: \u00271.8.0_121\u0027\nDriver info: driver.version: ChromeDriver",
        "isError": true
      },
      {
        "testClass": "nl.hsac.fitnesse.fixture.AcceptanceTest",
        "testMethod": "HsacAcceptanceTests.SlimTests.BrowserTest.CheckboxRadiobuttonTest",
        "failureName": "java.lang.Exception",
        "detail": "org.openqa.selenium.WebDriverException: unknown error: cannot find Chrome binary\n  (Driver info: chromedriver\u003d2.42.591071 (0b695ff80972cc1a65a5cd643186d2ae582cd4ac),platform\u003dLinux 3.10.0-862.3.2.el7.x86_64 x86_64) (WARNING: The server did not provide any stacktrace information)\nCommand duration or timeout: 6 milliseconds\nBuild info: version: \u00273.14.0\u0027, revision: \u0027aacccce0\u0027, time: \u00272018-08-02T20:19:58.91Z\u0027\nSystem info: host: \u0027cyclone1\u0027, ip: \u0027172.17.0.2\u0027, os.name: \u0027Linux\u0027, os.arch: \u0027amd64\u0027, os.version: \u00273.10.0-862.3.2.el7.x86_64\u0027, java.version: \u00271.8.0_121\u0027\nDriver info: driver.version: ChromeDriver",
        "isError": true
      },
      {
        "testClass": "nl.hsac.fitnesse.fixture.AcceptanceTest",
        "testMethod": "HsacAcceptanceTests.SlimTests.BrowserTest.RetrieveAttributeValue",
        "failureName": "java.lang.Exception",
        "detail": "org.openqa.selenium.WebDriverException: unknown error: cannot find Chrome binary\n  (Driver info: chromedriver\u003d2.42.591071 (0b695ff80972cc1a65a5cd643186d2ae582cd4ac),platform\u003dLinux 3.10.0-862.3.2.el7.x86_64 x86_64) (WARNING: The server did not provide any stacktrace information)\nCommand duration or timeout: 5 milliseconds\nBuild info: version: \u00273.14.0\u0027, revision: \u0027aacccce0\u0027, time: \u00272018-08-02T20:19:58.91Z\u0027\nSystem info: host: \u0027cyclone1\u0027, ip: \u0027172.17.0.2\u0027, os.name: \u0027Linux\u0027, os.arch: \u0027amd64\u0027, os.version: \u00273.10.0-862.3.2.el7.x86_64\u0027, java.version: \u00271.8.0_121\u0027\nDriver info: driver.version: ChromeDriver",
        "isError": true
      },
      {
        "testClass": "nl.hsac.fitnesse.fixture.AcceptanceTest",
        "testMethod": "HsacAcceptanceTests.SlimTests.BrowserTest.DoubleClick",
        "failureName": "java.lang.Exception",
        "detail": "org.openqa.selenium.WebDriverException: unknown error: cannot find Chrome binary\n  (Driver info: chromedriver\u003d2.42.591071 (0b695ff80972cc1a65a5cd643186d2ae582cd4ac),platform\u003dLinux 3.10.0-862.3.2.el7.x86_64 x86_64) (WARNING: The server did not provide any stacktrace information)\nCommand duration or timeout: 5 milliseconds\nBuild info: version: \u00273.14.0\u0027, revision: \u0027aacccce0\u0027, time: \u00272018-08-02T20:19:58.91Z\u0027\nSystem info: host: \u0027cyclone1\u0027, ip: \u0027172.17.0.2\u0027, os.name: \u0027Linux\u0027, os.arch: \u0027amd64\u0027, os.version: \u00273.10.0-862.3.2.el7.x86_64\u0027, java.version: \u00271.8.0_121\u0027\nDriver info: driver.version: ChromeDriver",
        "isError": true
      },
      {
        "testClass": "nl.hsac.fitnesse.fixture.AcceptanceTest",
        "testMethod": "HsacAcceptanceTests.SlimTests.BrowserTest.GridTests.GridTest",
        "failureName": "java.lang.Exception",
        "detail": "org.openqa.selenium.WebDriverException: unknown error: cannot find Chrome binary\n  (Driver info: chromedriver\u003d2.42.591071 (0b695ff80972cc1a65a5cd643186d2ae582cd4ac),platform\u003dLinux 3.10.0-862.3.2.el7.x86_64 x86_64) (WARNING: The server did not provide any stacktrace information)\nCommand duration or timeout: 7 milliseconds\nBuild info: version: \u00273.14.0\u0027, revision: \u0027aacccce0\u0027, time: \u00272018-08-02T20:19:58.91Z\u0027\nSystem info: host: \u0027cyclone1\u0027, ip: \u0027172.17.0.2\u0027, os.name: \u0027Linux\u0027, os.arch: \u0027amd64\u0027, os.version: \u00273.10.0-862.3.2.el7.x86_64\u0027, java.version: \u00271.8.0_121\u0027\nDriver info: driver.version: ChromeDriver",
        "isError": true
      },
      {
        "testClass": "nl.hsac.fitnesse.fixture.AcceptanceTest",
        "testMethod": "HsacAcceptanceTests.SlimTests.BrowserTest.RepeatUntilTests.ClickUntilTest",
        "failureName": "java.lang.Exception",
        "detail": "org.openqa.selenium.WebDriverException: unknown error: cannot find Chrome binary\n  (Driver info: chromedriver\u003d2.42.591071 (0b695ff80972cc1a65a5cd643186d2ae582cd4ac),platform\u003dLinux 3.10.0-862.3.2.el7.x86_64 x86_64) (WARNING: The server did not provide any stacktrace information)\nCommand duration or timeout: 4 milliseconds\nBuild info: version: \u00273.14.0\u0027, revision: \u0027aacccce0\u0027, time: \u00272018-08-02T20:19:58.91Z\u0027\nSystem info: host: \u0027cyclone1\u0027, ip: \u0027172.17.0.2\u0027, os.name: \u0027Linux\u0027, os.arch: \u0027amd64\u0027, os.version: \u00273.10.0-862.3.2.el7.x86_64\u0027, java.version: \u00271.8.0_121\u0027\nDriver info: driver.version: ChromeDriver",
        "isError": true
      },
      {
        "testClass": "nl.hsac.fitnesse.fixture.AcceptanceTest",
        "testMethod": "HsacAcceptanceTests.SlimTests.BrowserTest.SummaryHandling",
        "failureName": "java.lang.Exception",
        "detail": "org.openqa.selenium.WebDriverException: unknown error: cannot find Chrome binary\n  (Driver info: chromedriver\u003d2.42.591071 (0b695ff80972cc1a65a5cd643186d2ae582cd4ac),platform\u003dLinux 3.10.0-862.3.2.el7.x86_64 x86_64) (WARNING: The server did not provide any stacktrace information)\nCommand duration or timeout: 8 milliseconds\nBuild info: version: \u00273.14.0\u0027, revision: \u0027aacccce0\u0027, time: \u00272018-08-02T20:19:58.91Z\u0027\nSystem info: host: \u0027cyclone1\u0027, ip: \u0027172.17.0.2\u0027, os.name: \u0027Linux\u0027, os.arch: \u0027amd64\u0027, os.version: \u00273.10.0-862.3.2.el7.x86_64\u0027, java.version: \u00271.8.0_121\u0027\nDriver info: driver.version: ChromeDriver",
        "isError": true
      },
      {
        "testClass": "nl.hsac.fitnesse.fixture.AcceptanceTest",
        "testMethod": "HsacAcceptanceTests.SlimTests.BrowserTest.SubmitResetButtonTests",
        "failureName": "java.lang.Exception",
        "detail": "org.openqa.selenium.WebDriverException: unknown error: cannot find Chrome binary\n  (Driver info: chromedriver\u003d2.42.591071 (0b695ff80972cc1a65a5cd643186d2ae582cd4ac),platform\u003dLinux 3.10.0-862.3.2.el7.x86_64 x86_64) (WARNING: The server did not provide any stacktrace information)\nCommand duration or timeout: 6 milliseconds\nBuild info: version: \u00273.14.0\u0027, revision: \u0027aacccce0\u0027, time: \u00272018-08-02T20:19:58.91Z\u0027\nSystem info: host: \u0027cyclone1\u0027, ip: \u0027172.17.0.2\u0027, os.name: \u0027Linux\u0027, os.arch: \u0027amd64\u0027, os.version: \u00273.10.0-862.3.2.el7.x86_64\u0027, java.version: \u00271.8.0_121\u0027\nDriver info: driver.version: ChromeDriver",
        "isError": true
      },
      {
        "testClass": "nl.hsac.fitnesse.fixture.AcceptanceTest",
        "testMethod": "HsacAcceptanceTests.SlimTests.BrowserTest.PageSourceTest",
        "failureName": "java.lang.Exception",
        "detail": "org.openqa.selenium.WebDriverException: unknown error: cannot find Chrome binary\n  (Driver info: chromedriver\u003d2.42.591071 (0b695ff80972cc1a65a5cd643186d2ae582cd4ac),platform\u003dLinux 3.10.0-862.3.2.el7.x86_64 x86_64) (WARNING: The server did not provide any stacktrace information)\nCommand duration or timeout: 5 milliseconds\nBuild info: version: \u00273.14.0\u0027, revision: \u0027aacccce0\u0027, time: \u00272018-08-02T20:19:58.91Z\u0027\nSystem info: host: \u0027cyclone1\u0027, ip: \u0027172.17.0.2\u0027, os.name: \u0027Linux\u0027, os.arch: \u0027amd64\u0027, os.version: \u00273.10.0-862.3.2.el7.x86_64\u0027, java.version: \u00271.8.0_121\u0027\nDriver info: driver.version: ChromeDriver",
        "isError": true
      },
      {
        "testClass": "nl.hsac.fitnesse.fixture.AcceptanceTest",
        "testMethod": "HsacAcceptanceTests.SlimTests.BrowserTest.CheckVisibleInContainers",
        "failureName": "java.lang.Exception",
        "detail": "org.openqa.selenium.WebDriverException: unknown error: cannot find Chrome binary\n  (Driver info: chromedriver\u003d2.42.591071 (0b695ff80972cc1a65a5cd643186d2ae582cd4ac),platform\u003dLinux 3.10.0-862.3.2.el7.x86_64 x86_64) (WARNING: The server did not provide any stacktrace information)\nCommand duration or timeout: 6 milliseconds\nBuild info: version: \u00273.14.0\u0027, revision: \u0027aacccce0\u0027, time: \u00272018-08-02T20:19:58.91Z\u0027\nSystem info: host: \u0027cyclone1\u0027, ip: \u0027172.17.0.2\u0027, os.name: \u0027Linux\u0027, os.arch: \u0027amd64\u0027, os.version: \u00273.10.0-862.3.2.el7.x86_64\u0027, java.version: \u00271.8.0_121\u0027\nDriver info: driver.version: ChromeDriver",
        "isError": true
      },
      {
        "testClass": "nl.hsac.fitnesse.fixture.AcceptanceTest",
        "testMethod": "HsacAcceptanceTests.SlimTests.BrowserTest.SuiteTearDown",
        "failureName": "java.lang.Exception",
        "isError": true
      },
      {
        "testClass": "nl.hsac.fitnesse.fixture.AcceptanceTest",
        "testMethod": "HsacAcceptanceTests.SlimTests.BrowserTest.RepeatUntilTests.RefreshUntilInFrameTest",
        "failureName": "java.lang.Exception",
        "detail": "org.openqa.selenium.WebDriverException: unknown error: cannot find Chrome binary\n  (Driver info: chromedriver\u003d2.42.591071 (0b695ff80972cc1a65a5cd643186d2ae582cd4ac),platform\u003dLinux 3.10.0-862.3.2.el7.x86_64 x86_64) (WARNING: The server did not provide any stacktrace information)\nCommand duration or timeout: 4 milliseconds\nBuild info: version: \u00273.14.0\u0027, revision: \u0027aacccce0\u0027, time: \u00272018-08-02T20:19:58.91Z\u0027\nSystem info: host: \u0027cyclone1\u0027, ip: \u0027172.17.0.2\u0027, os.name: \u0027Linux\u0027, os.arch: \u0027amd64\u0027, os.version: \u00273.10.0-862.3.2.el7.x86_64\u0027, java.version: \u00271.8.0_121\u0027\nDriver info: driver.version: ChromeDriver",
        "isError": true
      },
      {
        "testClass": "nl.hsac.fitnesse.fixture.AcceptanceTest",
        "testMethod": "HsacAcceptanceTests.SlimTests.BrowserTest.FileDownloadTest",
        "failureName": "java.lang.Exception",
        "detail": "org.openqa.selenium.WebDriverException: unknown error: cannot find Chrome binary\n  (Driver info: chromedriver\u003d2.42.591071 (0b695ff80972cc1a65a5cd643186d2ae582cd4ac),platform\u003dLinux 3.10.0-862.3.2.el7.x86_64 x86_64) (WARNING: The server did not provide any stacktrace information)\nCommand duration or timeout: 4 milliseconds\nBuild info: version: \u00273.14.0\u0027, revision: \u0027aacccce0\u0027, time: \u00272018-08-02T20:19:58.91Z\u0027\nSystem info: host: \u0027cyclone1\u0027, ip: \u0027172.17.0.2\u0027, os.name: \u0027Linux\u0027, os.arch: \u0027amd64\u0027, os.version: \u00273.10.0-862.3.2.el7.x86_64\u0027, java.version: \u00271.8.0_121\u0027\nDriver info: driver.version: ChromeDriver",
        "isError": true
      },
      {
        "testClass": "nl.hsac.fitnesse.fixture.AcceptanceTest",
        "testMethod": "HsacAcceptanceTests.SlimTests.BrowserTest.SuiteSetUp",
        "failureName": "java.lang.Exception",
        "isError": true
      },
      {
        "testClass": "nl.hsac.fitnesse.fixture.AcceptanceTest",
        "testMethod": "HsacAcceptanceTests.SlimTests.BrowserTest.GridTests.GridInTableTest",
        "failureName": "java.lang.Exception",
        "detail": "org.openqa.selenium.WebDriverException: unknown error: cannot find Chrome binary\n  (Driver info: chromedriver\u003d2.42.591071 (0b695ff80972cc1a65a5cd643186d2ae582cd4ac),platform\u003dLinux 3.10.0-862.3.2.el7.x86_64 x86_64) (WARNING: The server did not provide any stacktrace information)\nCommand duration or timeout: 5 milliseconds\nBuild info: version: \u00273.14.0\u0027, revision: \u0027aacccce0\u0027, time: \u00272018-08-02T20:19:58.91Z\u0027\nSystem info: host: \u0027cyclone1\u0027, ip: \u0027172.17.0.2\u0027, os.name: \u0027Linux\u0027, os.arch: \u0027amd64\u0027, os.version: \u00273.10.0-862.3.2.el7.x86_64\u0027, java.version: \u00271.8.0_121\u0027\nDriver info: driver.version: ChromeDriver",
        "isError": true
      },
      {
        "testClass": "nl.hsac.fitnesse.fixture.AcceptanceTest",
        "testMethod": "HsacAcceptanceTests.SlimTests.BrowserTest.FindElementByDtTest",
        "failureName": "java.lang.Exception",
        "detail": "org.openqa.selenium.WebDriverException: unknown error: cannot find Chrome binary\n  (Driver info: chromedriver\u003d2.42.591071 (0b695ff80972cc1a65a5cd643186d2ae582cd4ac),platform\u003dLinux 3.10.0-862.3.2.el7.x86_64 x86_64) (WARNING: The server did not provide any stacktrace information)\nCommand duration or timeout: 5 milliseconds\nBuild info: version: \u00273.14.0\u0027, revision: \u0027aacccce0\u0027, time: \u00272018-08-02T20:19:58.91Z\u0027\nSystem info: host: \u0027cyclone1\u0027, ip: \u0027172.17.0.2\u0027, os.name: \u0027Linux\u0027, os.arch: \u0027amd64\u0027, os.version: \u00273.10.0-862.3.2.el7.x86_64\u0027, java.version: \u00271.8.0_121\u0027\nDriver info: driver.version: ChromeDriver",
        "isError": true
      },
      {
        "testClass": "nl.hsac.fitnesse.fixture.AcceptanceTest",
        "testMethod": "HsacAcceptanceTests.SlimTests.BrowserTest.DragAndDropTest",
        "failureName": "java.lang.Exception",
        "detail": "org.openqa.selenium.WebDriverException: unknown error: cannot find Chrome binary\n  (Driver info: chromedriver\u003d2.42.591071 (0b695ff80972cc1a65a5cd643186d2ae582cd4ac),platform\u003dLinux 3.10.0-862.3.2.el7.x86_64 x86_64) (WARNING: The server did not provide any stacktrace information)\nCommand duration or timeout: 5 milliseconds\nBuild info: version: \u00273.14.0\u0027, revision: \u0027aacccce0\u0027, time: \u00272018-08-02T20:19:58.91Z\u0027\nSystem info: host: \u0027cyclone1\u0027, ip: \u0027172.17.0.2\u0027, os.name: \u0027Linux\u0027, os.arch: \u0027amd64\u0027, os.version: \u00273.10.0-862.3.2.el7.x86_64\u0027, java.version: \u00271.8.0_121\u0027\nDriver info: driver.version: ChromeDriver",
        "isError": true
      },
      {
        "testClass": "nl.hsac.fitnesse.fixture.AcceptanceTest",
        "testMethod": "HsacAcceptanceTests.SlimTests.BrowserTest.ClickInLargeSelect2",
        "failureName": "java.lang.Exception",
        "detail": "org.openqa.selenium.WebDriverException: unknown error: cannot find Chrome binary\n  (Driver info: chromedriver\u003d2.42.591071 (0b695ff80972cc1a65a5cd643186d2ae582cd4ac),platform\u003dLinux 3.10.0-862.3.2.el7.x86_64 x86_64) (WARNING: The server did not provide any stacktrace information)\nCommand duration or timeout: 5 milliseconds\nBuild info: version: \u00273.14.0\u0027, revision: \u0027aacccce0\u0027, time: \u00272018-08-02T20:19:58.91Z\u0027\nSystem info: host: \u0027cyclone1\u0027, ip: \u0027172.17.0.2\u0027, os.name: \u0027Linux\u0027, os.arch: \u0027amd64\u0027, os.version: \u00273.10.0-862.3.2.el7.x86_64\u0027, java.version: \u00271.8.0_121\u0027\nDriver info: driver.version: ChromeDriver",
        "isError": true
      },
      {
        "testClass": "nl.hsac.fitnesse.fixture.AcceptanceTest",
        "testMethod": "HsacAcceptanceTests.SlimTests.BrowserTest.ClickByLabelOrButton",
        "failureName": "java.lang.Exception",
        "detail": "org.openqa.selenium.WebDriverException: unknown error: cannot find Chrome binary\n  (Driver info: chromedriver\u003d2.42.591071 (0b695ff80972cc1a65a5cd643186d2ae582cd4ac),platform\u003dLinux 3.10.0-862.3.2.el7.x86_64 x86_64) (WARNING: The server did not provide any stacktrace information)\nCommand duration or timeout: 6 milliseconds\nBuild info: version: \u00273.14.0\u0027, revision: \u0027aacccce0\u0027, time: \u00272018-08-02T20:19:58.91Z\u0027\nSystem info: host: \u0027cyclone1\u0027, ip: \u0027172.17.0.2\u0027, os.name: \u0027Linux\u0027, os.arch: \u0027amd64\u0027, os.version: \u00273.10.0-862.3.2.el7.x86_64\u0027, java.version: \u00271.8.0_121\u0027\nDriver info: driver.version: ChromeDriver",
        "isError": true
      },
      {
        "testClass": "nl.hsac.fitnesse.fixture.AcceptanceTest",
        "testMethod": "HsacAcceptanceTests.SlimTests.BrowserTest.ListTests",
        "failureName": "java.lang.Exception",
        "detail": "org.openqa.selenium.WebDriverException: unknown error: cannot find Chrome binary\n  (Driver info: chromedriver\u003d2.42.591071 (0b695ff80972cc1a65a5cd643186d2ae582cd4ac),platform\u003dLinux 3.10.0-862.3.2.el7.x86_64 x86_64) (WARNING: The server did not provide any stacktrace information)\nCommand duration or timeout: 5 milliseconds\nBuild info: version: \u00273.14.0\u0027, revision: \u0027aacccce0\u0027, time: \u00272018-08-02T20:19:58.91Z\u0027\nSystem info: host: \u0027cyclone1\u0027, ip: \u0027172.17.0.2\u0027, os.name: \u0027Linux\u0027, os.arch: \u0027amd64\u0027, os.version: \u00273.10.0-862.3.2.el7.x86_64\u0027, java.version: \u00271.8.0_121\u0027\nDriver info: driver.version: ChromeDriver",
        "isError": true
      },
      {
        "testClass": "nl.hsac.fitnesse.fixture.AcceptanceTest",
        "testMethod": "HsacAcceptanceTests.SlimTests.BrowserTest.FrameHandlingTests.FrameHandling",
        "failureName": "java.lang.Exception",
        "detail": "org.openqa.selenium.WebDriverException: unknown error: cannot find Chrome binary\n  (Driver info: chromedriver\u003d2.42.591071 (0b695ff80972cc1a65a5cd643186d2ae582cd4ac),platform\u003dLinux 3.10.0-862.3.2.el7.x86_64 x86_64) (WARNING: The server did not provide any stacktrace information)\nCommand duration or timeout: 5 milliseconds\nBuild info: version: \u00273.14.0\u0027, revision: \u0027aacccce0\u0027, time: \u00272018-08-02T20:19:58.91Z\u0027\nSystem info: host: \u0027cyclone1\u0027, ip: \u0027172.17.0.2\u0027, os.name: \u0027Linux\u0027, os.arch: \u0027amd64\u0027, os.version: \u00273.10.0-862.3.2.el7.x86_64\u0027, java.version: \u00271.8.0_121\u0027\nDriver info: driver.version: ChromeDriver",
        "isError": true
      },
      {
        "testClass": "nl.hsac.fitnesse.fixture.AcceptanceTest",
        "testMethod": "HsacAcceptanceTests.SlimTests.BrowserTest.HoverOverTest",
        "failureName": "java.lang.Exception",
        "detail": "org.openqa.selenium.WebDriverException: unknown error: cannot find Chrome binary\n  (Driver info: chromedriver\u003d2.42.591071 (0b695ff80972cc1a65a5cd643186d2ae582cd4ac),platform\u003dLinux 3.10.0-862.3.2.el7.x86_64 x86_64) (WARNING: The server did not provide any stacktrace information)\nCommand duration or timeout: 7 milliseconds\nBuild info: version: \u00273.14.0\u0027, revision: \u0027aacccce0\u0027, time: \u00272018-08-02T20:19:58.91Z\u0027\nSystem info: host: \u0027cyclone1\u0027, ip: \u0027172.17.0.2\u0027, os.name: \u0027Linux\u0027, os.arch: \u0027amd64\u0027, os.version: \u00273.10.0-862.3.2.el7.x86_64\u0027, java.version: \u00271.8.0_121\u0027\nDriver info: driver.version: ChromeDriver",
        "isError": true
      },
      {
        "testClass": "nl.hsac.fitnesse.fixture.AcceptanceTest",
        "testMethod": "HsacAcceptanceTests.SlimTests.BrowserTest.AriaLabelledTest",
        "failureName": "java.lang.Exception",
        "detail": "org.openqa.selenium.WebDriverException: unknown error: cannot find Chrome binary\n  (Driver info: chromedriver\u003d2.42.591071 (0b695ff80972cc1a65a5cd643186d2ae582cd4ac),platform\u003dLinux 3.10.0-862.3.2.el7.x86_64 x86_64) (WARNING: The server did not provide any stacktrace information)\nCommand duration or timeout: 6 milliseconds\nBuild info: version: \u00273.14.0\u0027, revision: \u0027aacccce0\u0027, time: \u00272018-08-02T20:19:58.91Z\u0027\nSystem info: host: \u0027cyclone1\u0027, ip: \u0027172.17.0.2\u0027, os.name: \u0027Linux\u0027, os.arch: \u0027amd64\u0027, os.version: \u00273.10.0-862.3.2.el7.x86_64\u0027, java.version: \u00271.8.0_121\u0027\nDriver info: driver.version: ChromeDriver",
        "isError": true
      },
      {
        "testClass": "nl.hsac.fitnesse.fixture.AcceptanceTest",
        "testMethod": "HsacAcceptanceTests.SlimTests.BrowserTest.RightClick",
        "failureName": "java.lang.Exception",
        "detail": "org.openqa.selenium.WebDriverException: unknown error: cannot find Chrome binary\n  (Driver info: chromedriver\u003d2.42.591071 (0b695ff80972cc1a65a5cd643186d2ae582cd4ac),platform\u003dLinux 3.10.0-862.3.2.el7.x86_64 x86_64) (WARNING: The server did not provide any stacktrace information)\nCommand duration or timeout: 5 milliseconds\nBuild info: version: \u00273.14.0\u0027, revision: \u0027aacccce0\u0027, time: \u00272018-08-02T20:19:58.91Z\u0027\nSystem info: host: \u0027cyclone1\u0027, ip: \u0027172.17.0.2\u0027, os.name: \u0027Linux\u0027, os.arch: \u0027amd64\u0027, os.version: \u00273.10.0-862.3.2.el7.x86_64\u0027, java.version: \u00271.8.0_121\u0027\nDriver info: driver.version: ChromeDriver",
        "isError": true
      }
    ]
  },
  "commits": {
    "buggyBuild": {
      "repoName": "fhoeben/hsac-fitnesse-fixtures",
      "branchName": "bugfix-savePageSourceAndSearchContext",
      "sha": "5d5bf8c5502396c1bede2ad5ef901b7f0410d6ed",
      "url": "http://github.com/fhoeben/hsac-fitnesse-fixtures/commit/5d5bf8c5502396c1bede2ad5ef901b7f0410d6ed",
      "date": "Oct 13, 2018 10:26:32 PM"
    }
  },
  "projectMetrics": {
    "numberModules": 1,
    "numberSourceFiles": 174,
    "numberTestFiles": 55,
    "numberLibrariesFailingModule": 48
  },
  "type": "only_fail"
}