<html>
<head>
<title>TestNG:  Surefire test</title>
<link href="../testng.css" rel="stylesheet" type="text/css" />
<link href="../my-testng.css" rel="stylesheet" type="text/css" />

<style type="text/css">
.log { display: none;} 
.stack-trace { display: none;} 
</style>
<script type="text/javascript">
<!--
function flip(e) {
  current = e.style.display;
  if (current == 'block') {
    e.style.display = 'none';
    return 0;
  }
  else {
    e.style.display = 'block';
    return 1;
  }
}

function toggleBox(szDivId, elem, msg1, msg2)
{
  var res = -1;  if (document.getElementById) {
    res = flip(document.getElementById(szDivId));
  }
  else if (document.all) {
    // this is the way old msie versions work
    res = flip(document.all[szDivId]);
  }
  if(elem) {
    if(res == 0) elem.innerHTML = msg1; else elem.innerHTML = msg2;
  }

}

function toggleAllBoxes() {
  if (document.getElementsByTagName) {
    d = document.getElementsByTagName('div');
    for (i = 0; i < d.length; i++) {
      if (d[i].className == 'log') {
        flip(d[i]);
      }
    }
  }
}

// -->
</script>

</head>
<body>
<h2 align='center'>Surefire test</h2><table border='1' align="center">
<tr>
<td>Tests passed/Failed/Skipped:</td><td>26/1/0</td>
</tr><tr>
<td>Started on:</td><td>Wed Jun 06 23:46:09 CEST 2018</td>
</tr>
<tr><td>Total time:</td><td>6 seconds (6354 ms)</td>
</tr><tr>
<td>Included groups:</td><td></td>
</tr><tr>
<td>Excluded groups:</td><td></td>
</tr>
</table><p/>
<small><i>(Hover the method name to see the test class name)</i></small><p/>
<table width='100%' border='1' class='invocation-failed'>
<tr><td colspan='4' align='center'><b>FAILED TESTS</b></td></tr>
<tr><td><b>Test method</b></td>
<td width="30%"><b>Exception</b></td>
<td width="10%"><b>Time (seconds)</b></td>
<td><b>Instance</b></td>
</tr>
<tr>
<td title='org.molgenis.app.manager.controller.AppManagerControllerTest.testUploadApp()'><b>testUploadApp</b><br>Test class: org.molgenis.app.manager.controller.AppManagerControllerTest</td>
<td><div><pre>org.springframework.web.util.NestedServletException: Request processing failed; nested exception is java.lang.NullPointerException
	at org.springframework.web.servlet.FrameworkServlet.processRequest(FrameworkServlet.java:982)
	at org.springframework.web.servlet.FrameworkServlet.doPost(FrameworkServlet.java:877)
	at javax.servlet.http.HttpServlet.service(HttpServlet.java:707)
	at org.springframework.web.servlet.FrameworkServlet.service(FrameworkServlet.java:851)
	at org.springframework.test.web.servlet.TestDispatcherServlet.service(TestDispatcherServlet.java:71)
	at javax.servlet.http.HttpServlet.service(HttpServlet.java:790)
	at org.springframework.mock.web.MockFilterChain$ServletFilterProxy.doFilter(MockFilterChain.java:166)
	at org.springframework.mock.web.MockFilterChain.doFilter(MockFilterChain.java:133)
	at org.springframework.test.web.servlet.MockMvc.perform(MockMvc.java:165)
	at org.molgenis.app.manager.controller.AppManagerControllerTest.testUploadApp(AppManagerControllerTest.java:104)
	at org.apache.maven.surefire.testng.TestNGExecutor.run(TestNGExecutor.java:135)
	at org.apache.maven.surefire.testng.TestNGDirectoryTestSuite.executeMulti(TestNGDirectoryTestSuite.java:193)
	at org.apache.maven.surefire.testng.TestNGDirectoryTestSuite.execute(TestNGDirectoryTestSuite.java:94)
	at org.apache.maven.surefire.testng.TestNGProvider.invoke(TestNGProvider.java:146)
	at org.apache.maven.surefire.booter.ForkedBooter.invokeProviderInSameClassLoader(ForkedBooter.java:379)
	at org.apache.maven.surefire.booter.ForkedBooter.runSuitesInProcess(ForkedBooter.java:340)
	at org.apache.maven.surefire.booter.ForkedBooter.execute(ForkedBooter.java:125)
	at org.apache.maven.surefire.booter.ForkedBooter.main(ForkedBooter.java:413)
Caused by: java.lang.NullPointerException
	at org.molgenis.app.manager.controller.AppManagerController.uploadApp(AppManagerController.java:80)
	at org.springframework.web.method.support.InvocableHandlerMethod.doInvoke(InvocableHandlerMethod.java:209)
	at org.springframework.web.method.support.InvocableHandlerMethod.invokeForRequest(InvocableHandlerMethod.java:136)
	at org.springframework.web.servlet.mvc.method.annotation.ServletInvocableHandlerMethod.invokeAndHandle(ServletInvocableHandlerMethod.java:102)
	at org.springframework.web.servlet.mvc.method.annotation.RequestMappingHandlerAdapter.invokeHandlerMethod(RequestMappingHandlerAdapter.java:877)
	at org.springframework.web.servlet.mvc.method.annotation.RequestMappingHandlerAdapter.handleInternal(RequestMappingHandlerAdapter.java:783)
	at org.springframework.web.servlet.mvc.method.AbstractHandlerMethodAdapter.handle(AbstractHandlerMethodAdapter.java:87)
	at org.springframework.web.servlet.DispatcherServlet.doDispatch(DispatcherServlet.java:991)
	at org.springframework.web.servlet.DispatcherServlet.doService(DispatcherServlet.java:925)
	at org.springframework.web.servlet.FrameworkServlet.processRequest(FrameworkServlet.java:974)
	... 38 more
... Removed 25 stack frames</pre></div><a href='#' onClick='toggleBox("stack-trace528999952", this, "Click to show all stack frames", "Click to hide stack frames")'>Click to show all stack frames</a>
<div class='stack-trace' id='stack-trace528999952'><pre>org.springframework.web.util.NestedServletException: Request processing failed; nested exception is java.lang.NullPointerException
	at org.springframework.web.servlet.FrameworkServlet.processRequest(FrameworkServlet.java:982)
	at org.springframework.web.servlet.FrameworkServlet.doPost(FrameworkServlet.java:877)
	at javax.servlet.http.HttpServlet.service(HttpServlet.java:707)
	at org.springframework.web.servlet.FrameworkServlet.service(FrameworkServlet.java:851)
	at org.springframework.test.web.servlet.TestDispatcherServlet.service(TestDispatcherServlet.java:71)
	at javax.servlet.http.HttpServlet.service(HttpServlet.java:790)
	at org.springframework.mock.web.MockFilterChain$ServletFilterProxy.doFilter(MockFilterChain.java:166)
	at org.springframework.mock.web.MockFilterChain.doFilter(MockFilterChain.java:133)
	at org.springframework.test.web.servlet.MockMvc.perform(MockMvc.java:165)
	at org.molgenis.app.manager.controller.AppManagerControllerTest.testUploadApp(AppManagerControllerTest.java:104)
	at sun.reflect.NativeMethodAccessorImpl.invoke0(Native Method)
	at sun.reflect.NativeMethodAccessorImpl.invoke(NativeMethodAccessorImpl.java:62)
	at sun.reflect.DelegatingMethodAccessorImpl.invoke(DelegatingMethodAccessorImpl.java:43)
	at java.lang.reflect.Method.invoke(Method.java:498)
	at org.testng.internal.MethodInvocationHelper.invokeMethod(MethodInvocationHelper.java:80)
	at org.testng.internal.Invoker.invokeMethod(Invoker.java:714)
	at org.testng.internal.Invoker.invokeTestMethod(Invoker.java:901)
	at org.testng.internal.Invoker.invokeTestMethods(Invoker.java:1231)
	at org.testng.internal.TestMethodWorker.invokeTestMethods(TestMethodWorker.java:127)
	at org.testng.internal.TestMethodWorker.run(TestMethodWorker.java:111)
	at org.testng.TestRunner.privateRun(TestRunner.java:767)
	at org.testng.TestRunner.run(TestRunner.java:617)
	at org.testng.SuiteRunner.runTest(SuiteRunner.java:334)
	at org.testng.SuiteRunner.runSequentially(SuiteRunner.java:329)
	at org.testng.SuiteRunner.privateRun(SuiteRunner.java:291)
	at org.testng.SuiteRunner.run(SuiteRunner.java:240)
	at org.testng.SuiteRunnerWorker.runSuite(SuiteRunnerWorker.java:52)
	at org.testng.SuiteRunnerWorker.run(SuiteRunnerWorker.java:86)
	at org.testng.TestNG.runSuitesSequentially(TestNG.java:1198)
	at org.testng.TestNG.runSuitesLocally(TestNG.java:1123)
	at org.testng.TestNG.run(TestNG.java:1031)
	at org.apache.maven.surefire.testng.TestNGExecutor.run(TestNGExecutor.java:135)
	at org.apache.maven.surefire.testng.TestNGDirectoryTestSuite.executeMulti(TestNGDirectoryTestSuite.java:193)
	at org.apache.maven.surefire.testng.TestNGDirectoryTestSuite.execute(TestNGDirectoryTestSuite.java:94)
	at org.apache.maven.surefire.testng.TestNGProvider.invoke(TestNGProvider.java:146)
	at org.apache.maven.surefire.booter.ForkedBooter.invokeProviderInSameClassLoader(ForkedBooter.java:379)
	at org.apache.maven.surefire.booter.ForkedBooter.runSuitesInProcess(ForkedBooter.java:340)
	at org.apache.maven.surefire.booter.ForkedBooter.execute(ForkedBooter.java:125)
	at org.apache.maven.surefire.booter.ForkedBooter.main(ForkedBooter.java:413)
Caused by: java.lang.NullPointerException
	at org.molgenis.app.manager.controller.AppManagerController.uploadApp(AppManagerController.java:80)
	at sun.reflect.NativeMethodAccessorImpl.invoke0(Native Method)
	at sun.reflect.NativeMethodAccessorImpl.invoke(NativeMethodAccessorImpl.java:62)
	at sun.reflect.DelegatingMethodAccessorImpl.invoke(DelegatingMethodAccessorImpl.java:43)
	at java.lang.reflect.Method.invoke(Method.java:498)
	at org.springframework.web.method.support.InvocableHandlerMethod.doInvoke(InvocableHandlerMethod.java:209)
	at org.springframework.web.method.support.InvocableHandlerMethod.invokeForRequest(InvocableHandlerMethod.java:136)
	at org.springframework.web.servlet.mvc.method.annotation.ServletInvocableHandlerMethod.invokeAndHandle(ServletInvocableHandlerMethod.java:102)
	at org.springframework.web.servlet.mvc.method.annotation.RequestMappingHandlerAdapter.invokeHandlerMethod(RequestMappingHandlerAdapter.java:877)
	at org.springframework.web.servlet.mvc.method.annotation.RequestMappingHandlerAdapter.handleInternal(RequestMappingHandlerAdapter.java:783)
	at org.springframework.web.servlet.mvc.method.AbstractHandlerMethodAdapter.handle(AbstractHandlerMethodAdapter.java:87)
	at org.springframework.web.servlet.DispatcherServlet.doDispatch(DispatcherServlet.java:991)
	at org.springframework.web.servlet.DispatcherServlet.doService(DispatcherServlet.java:925)
	at org.springframework.web.servlet.FrameworkServlet.processRequest(FrameworkServlet.java:974)
	... 38 more
</pre></div></td>
<td>0</td>
<td>org.molgenis.app.manager.controller.AppManagerControllerTest@23ea8830</td></tr>
</table><p>
<table width='100%' border='1' class='invocation-passed'>
<tr><td colspan='4' align='center'><b>PASSED TESTS</b></td></tr>
<tr><td><b>Test method</b></td>
<td width="30%"><b>Exception</b></td>
<td width="10%"><b>Time (seconds)</b></td>
<td><b>Instance</b></td>
</tr>
<tr>
<td title='org.molgenis.app.manager.controller.AppManagerControllerTest.testActivateApp()'><b>testActivateApp</b><br>Test class: org.molgenis.app.manager.controller.AppManagerControllerTest</td>
<td></td>
<td>0</td>
<td>org.molgenis.app.manager.controller.AppManagerControllerTest@23ea8830</td></tr>
<tr>
<td title='org.molgenis.app.manager.service.AppManagerServiceTest.testActivateApp()'><b>testActivateApp</b><br>Test class: org.molgenis.app.manager.service.AppManagerServiceTest</td>
<td></td>
<td>0</td>
<td>org.molgenis.app.manager.service.AppManagerServiceTest@56d6a1b1</td></tr>
<tr>
<td title='org.molgenis.app.manager.service.AppManagerServiceTest.testAppIdDoesNotExist()'><b>testAppIdDoesNotExist</b><br>Test class: org.molgenis.app.manager.service.AppManagerServiceTest</td>
<td></td>
<td>0</td>
<td>org.molgenis.app.manager.service.AppManagerServiceTest@56d6a1b1</td></tr>
<tr>
<td title='org.molgenis.app.manager.service.AppManagerServiceTest.testAppUriDoesNotExist()'><b>testAppUriDoesNotExist</b><br>Test class: org.molgenis.app.manager.service.AppManagerServiceTest</td>
<td></td>
<td>0</td>
<td>org.molgenis.app.manager.service.AppManagerServiceTest@56d6a1b1</td></tr>
<tr>
<td title='org.molgenis.app.manager.service.AppManagerServiceTest.testCheckAndObtainConfig()'><b>testCheckAndObtainConfig</b><br>Test class: org.molgenis.app.manager.service.AppManagerServiceTest</td>
<td></td>
<td>0</td>
<td>org.molgenis.app.manager.service.AppManagerServiceTest@56d6a1b1</td></tr>
<tr>
<td title='org.molgenis.app.manager.service.AppManagerServiceTest.testCheckAndObtainConfigAppAlreadyExists()'><b>testCheckAndObtainConfigAppAlreadyExists</b><br>Test class: org.molgenis.app.manager.service.AppManagerServiceTest</td>
<td><div><pre>org.molgenis.app.manager.exception.AppAlreadyExistsException: FAILED TO FORMAT LOCALIZED MESSAGE FOR ERROR CODE AM08.%nFallback message: example2
	at org.molgenis.app.manager.service.impl.AppManagerServiceImpl.checkAndObtainConfig(AppManagerServiceImpl.java:194)
	at org.molgenis.app.manager.service.AppManagerServiceTest.testCheckAndObtainConfigAppAlreadyExists(AppManagerServiceTest.java:282)
	at org.apache.maven.surefire.testng.TestNGExecutor.run(TestNGExecutor.java:135)
	at org.apache.maven.surefire.testng.TestNGDirectoryTestSuite.executeMulti(TestNGDirectoryTestSuite.java:193)
	at org.apache.maven.surefire.testng.TestNGDirectoryTestSuite.execute(TestNGDirectoryTestSuite.java:94)
	at org.apache.maven.surefire.testng.TestNGProvider.invoke(TestNGProvider.java:146)
	at org.apache.maven.surefire.booter.ForkedBooter.invokeProviderInSameClassLoader(ForkedBooter.java:379)
	at org.apache.maven.surefire.booter.ForkedBooter.runSuitesInProcess(ForkedBooter.java:340)
	at org.apache.maven.surefire.booter.ForkedBooter.execute(ForkedBooter.java:125)
	at org.apache.maven.surefire.booter.ForkedBooter.main(ForkedBooter.java:413)
... Removed 21 stack frames</pre></div><a href='#' onClick='toggleBox("stack-trace1134475572", this, "Click to show all stack frames", "Click to hide stack frames")'>Click to show all stack frames</a>
<div class='stack-trace' id='stack-trace1134475572'><pre>org.molgenis.app.manager.exception.AppAlreadyExistsException: FAILED TO FORMAT LOCALIZED MESSAGE FOR ERROR CODE AM08.%nFallback message: example2
	at org.molgenis.app.manager.service.impl.AppManagerServiceImpl.checkAndObtainConfig(AppManagerServiceImpl.java:194)
	at org.molgenis.app.manager.service.AppManagerServiceTest.testCheckAndObtainConfigAppAlreadyExists(AppManagerServiceTest.java:282)
	at sun.reflect.NativeMethodAccessorImpl.invoke0(Native Method)
	at sun.reflect.NativeMethodAccessorImpl.invoke(NativeMethodAccessorImpl.java:62)
	at sun.reflect.DelegatingMethodAccessorImpl.invoke(DelegatingMethodAccessorImpl.java:43)
	at java.lang.reflect.Method.invoke(Method.java:498)
	at org.testng.internal.MethodInvocationHelper.invokeMethod(MethodInvocationHelper.java:80)
	at org.testng.internal.Invoker.invokeMethod(Invoker.java:714)
	at org.testng.internal.Invoker.invokeTestMethod(Invoker.java:901)
	at org.testng.internal.Invoker.invokeTestMethods(Invoker.java:1231)
	at org.testng.internal.TestMethodWorker.invokeTestMethods(TestMethodWorker.java:127)
	at org.testng.internal.TestMethodWorker.run(TestMethodWorker.java:111)
	at org.testng.TestRunner.privateRun(TestRunner.java:767)
	at org.testng.TestRunner.run(TestRunner.java:617)
	at org.testng.SuiteRunner.runTest(SuiteRunner.java:334)
	at org.testng.SuiteRunner.runSequentially(SuiteRunner.java:329)
	at org.testng.SuiteRunner.privateRun(SuiteRunner.java:291)
	at org.testng.SuiteRunner.run(SuiteRunner.java:240)
	at org.testng.SuiteRunnerWorker.runSuite(SuiteRunnerWorker.java:52)
	at org.testng.SuiteRunnerWorker.run(SuiteRunnerWorker.java:86)
	at org.testng.TestNG.runSuitesSequentially(TestNG.java:1198)
	at org.testng.TestNG.runSuitesLocally(TestNG.java:1123)
	at org.testng.TestNG.run(TestNG.java:1031)
	at org.apache.maven.surefire.testng.TestNGExecutor.run(TestNGExecutor.java:135)
	at org.apache.maven.surefire.testng.TestNGDirectoryTestSuite.executeMulti(TestNGDirectoryTestSuite.java:193)
	at org.apache.maven.surefire.testng.TestNGDirectoryTestSuite.execute(TestNGDirectoryTestSuite.java:94)
	at org.apache.maven.surefire.testng.TestNGProvider.invoke(TestNGProvider.java:146)
	at org.apache.maven.surefire.booter.ForkedBooter.invokeProviderInSameClassLoader(ForkedBooter.java:379)
	at org.apache.maven.surefire.booter.ForkedBooter.runSuitesInProcess(ForkedBooter.java:340)
	at org.apache.maven.surefire.booter.ForkedBooter.execute(ForkedBooter.java:125)
	at org.apache.maven.surefire.booter.ForkedBooter.main(ForkedBooter.java:413)
</pre></div></td>
<td>0</td>
<td>org.molgenis.app.manager.service.AppManagerServiceTest@56d6a1b1</td></tr>
<tr>
<td title='org.molgenis.app.manager.service.AppManagerServiceTest.testCheckAndObtainConfigInvalidJsonConfigFile()'><b>testCheckAndObtainConfigInvalidJsonConfigFile</b><br>Test class: org.molgenis.app.manager.service.AppManagerServiceTest</td>
<td><div><pre>org.molgenis.app.manager.exception.InvalidAppConfigException: FAILED TO FORMAT LOCALIZED MESSAGE FOR ERROR CODE AM04.%nFallback message: null
	at org.molgenis.app.manager.service.impl.AppManagerServiceImpl.checkAndObtainConfig(AppManagerServiceImpl.java:183)
	at org.molgenis.app.manager.service.AppManagerServiceTest.testCheckAndObtainConfigInvalidJsonConfigFile(AppManagerServiceTest.java:267)
	at org.apache.maven.surefire.testng.TestNGExecutor.run(TestNGExecutor.java:135)
	at org.apache.maven.surefire.testng.TestNGDirectoryTestSuite.executeMulti(TestNGDirectoryTestSuite.java:193)
	at org.apache.maven.surefire.testng.TestNGDirectoryTestSuite.execute(TestNGDirectoryTestSuite.java:94)
	at org.apache.maven.surefire.testng.TestNGProvider.invoke(TestNGProvider.java:146)
	at org.apache.maven.surefire.booter.ForkedBooter.invokeProviderInSameClassLoader(ForkedBooter.java:379)
	at org.apache.maven.surefire.booter.ForkedBooter.runSuitesInProcess(ForkedBooter.java:340)
	at org.apache.maven.surefire.booter.ForkedBooter.execute(ForkedBooter.java:125)
	at org.apache.maven.surefire.booter.ForkedBooter.main(ForkedBooter.java:413)
... Removed 21 stack frames</pre></div><a href='#' onClick='toggleBox("stack-trace1518579140", this, "Click to show all stack frames", "Click to hide stack frames")'>Click to show all stack frames</a>
<div class='stack-trace' id='stack-trace1518579140'><pre>org.molgenis.app.manager.exception.InvalidAppConfigException: FAILED TO FORMAT LOCALIZED MESSAGE FOR ERROR CODE AM04.%nFallback message: null
	at org.molgenis.app.manager.service.impl.AppManagerServiceImpl.checkAndObtainConfig(AppManagerServiceImpl.java:183)
	at org.molgenis.app.manager.service.AppManagerServiceTest.testCheckAndObtainConfigInvalidJsonConfigFile(AppManagerServiceTest.java:267)
	at sun.reflect.NativeMethodAccessorImpl.invoke0(Native Method)
	at sun.reflect.NativeMethodAccessorImpl.invoke(NativeMethodAccessorImpl.java:62)
	at sun.reflect.DelegatingMethodAccessorImpl.invoke(DelegatingMethodAccessorImpl.java:43)
	at java.lang.reflect.Method.invoke(Method.java:498)
	at org.testng.internal.MethodInvocationHelper.invokeMethod(MethodInvocationHelper.java:80)
	at org.testng.internal.Invoker.invokeMethod(Invoker.java:714)
	at org.testng.internal.Invoker.invokeTestMethod(Invoker.java:901)
	at org.testng.internal.Invoker.invokeTestMethods(Invoker.java:1231)
	at org.testng.internal.TestMethodWorker.invokeTestMethods(TestMethodWorker.java:127)
	at org.testng.internal.TestMethodWorker.run(TestMethodWorker.java:111)
	at org.testng.TestRunner.privateRun(TestRunner.java:767)
	at org.testng.TestRunner.run(TestRunner.java:617)
	at org.testng.SuiteRunner.runTest(SuiteRunner.java:334)
	at org.testng.SuiteRunner.runSequentially(SuiteRunner.java:329)
	at org.testng.SuiteRunner.privateRun(SuiteRunner.java:291)
	at org.testng.SuiteRunner.run(SuiteRunner.java:240)
	at org.testng.SuiteRunnerWorker.runSuite(SuiteRunnerWorker.java:52)
	at org.testng.SuiteRunnerWorker.run(SuiteRunnerWorker.java:86)
	at org.testng.TestNG.runSuitesSequentially(TestNG.java:1198)
	at org.testng.TestNG.runSuitesLocally(TestNG.java:1123)
	at org.testng.TestNG.run(TestNG.java:1031)
	at org.apache.maven.surefire.testng.TestNGExecutor.run(TestNGExecutor.java:135)
	at org.apache.maven.surefire.testng.TestNGDirectoryTestSuite.executeMulti(TestNGDirectoryTestSuite.java:193)
	at org.apache.maven.surefire.testng.TestNGDirectoryTestSuite.execute(TestNGDirectoryTestSuite.java:94)
	at org.apache.maven.surefire.testng.TestNGProvider.invoke(TestNGProvider.java:146)
	at org.apache.maven.surefire.booter.ForkedBooter.invokeProviderInSameClassLoader(ForkedBooter.java:379)
	at org.apache.maven.surefire.booter.ForkedBooter.runSuitesInProcess(ForkedBooter.java:340)
	at org.apache.maven.surefire.booter.ForkedBooter.execute(ForkedBooter.java:125)
	at org.apache.maven.surefire.booter.ForkedBooter.main(ForkedBooter.java:413)
</pre></div></td>
<td>0</td>
<td>org.molgenis.app.manager.service.AppManagerServiceTest@56d6a1b1</td></tr>
<tr>
<td title='org.molgenis.app.manager.service.AppManagerServiceTest.testCheckAndObtainConfigMissingRequiredConfigParameters()'><b>testCheckAndObtainConfigMissingRequiredConfigParameters</b><br>Test class: org.molgenis.app.manager.service.AppManagerServiceTest</td>
<td><div><pre>org.molgenis.app.manager.exception.AppConfigMissingParametersException: FAILED TO FORMAT LOCALIZED MESSAGE FOR ERROR CODE AM03.%nFallback message: missingConfigParameters:[label, description, includeMenuAndFooter, uri, version]
	at org.molgenis.app.manager.service.impl.AppManagerServiceImpl.checkAndObtainConfig(AppManagerServiceImpl.java:189)
	at org.molgenis.app.manager.service.AppManagerServiceTest.testCheckAndObtainConfigMissingRequiredConfigParameters(AppManagerServiceTest.java:274)
	at org.apache.maven.surefire.testng.TestNGExecutor.run(TestNGExecutor.java:135)
	at org.apache.maven.surefire.testng.TestNGDirectoryTestSuite.executeMulti(TestNGDirectoryTestSuite.java:193)
	at org.apache.maven.surefire.testng.TestNGDirectoryTestSuite.execute(TestNGDirectoryTestSuite.java:94)
	at org.apache.maven.surefire.testng.TestNGProvider.invoke(TestNGProvider.java:146)
	at org.apache.maven.surefire.booter.ForkedBooter.invokeProviderInSameClassLoader(ForkedBooter.java:379)
	at org.apache.maven.surefire.booter.ForkedBooter.runSuitesInProcess(ForkedBooter.java:340)
	at org.apache.maven.surefire.booter.ForkedBooter.execute(ForkedBooter.java:125)
	at org.apache.maven.surefire.booter.ForkedBooter.main(ForkedBooter.java:413)
... Removed 21 stack frames</pre></div><a href='#' onClick='toggleBox("stack-trace976763806", this, "Click to show all stack frames", "Click to hide stack frames")'>Click to show all stack frames</a>
<div class='stack-trace' id='stack-trace976763806'><pre>org.molgenis.app.manager.exception.AppConfigMissingParametersException: FAILED TO FORMAT LOCALIZED MESSAGE FOR ERROR CODE AM03.%nFallback message: missingConfigParameters:[label, description, includeMenuAndFooter, uri, version]
	at org.molgenis.app.manager.service.impl.AppManagerServiceImpl.checkAndObtainConfig(AppManagerServiceImpl.java:189)
	at org.molgenis.app.manager.service.AppManagerServiceTest.testCheckAndObtainConfigMissingRequiredConfigParameters(AppManagerServiceTest.java:274)
	at sun.reflect.NativeMethodAccessorImpl.invoke0(Native Method)
	at sun.reflect.NativeMethodAccessorImpl.invoke(NativeMethodAccessorImpl.java:62)
	at sun.reflect.DelegatingMethodAccessorImpl.invoke(DelegatingMethodAccessorImpl.java:43)
	at java.lang.reflect.Method.invoke(Method.java:498)
	at org.testng.internal.MethodInvocationHelper.invokeMethod(MethodInvocationHelper.java:80)
	at org.testng.internal.Invoker.invokeMethod(Invoker.java:714)
	at org.testng.internal.Invoker.invokeTestMethod(Invoker.java:901)
	at org.testng.internal.Invoker.invokeTestMethods(Invoker.java:1231)
	at org.testng.internal.TestMethodWorker.invokeTestMethods(TestMethodWorker.java:127)
	at org.testng.internal.TestMethodWorker.run(TestMethodWorker.java:111)
	at org.testng.TestRunner.privateRun(TestRunner.java:767)
	at org.testng.TestRunner.run(TestRunner.java:617)
	at org.testng.SuiteRunner.runTest(SuiteRunner.java:334)
	at org.testng.SuiteRunner.runSequentially(SuiteRunner.java:329)
	at org.testng.SuiteRunner.privateRun(SuiteRunner.java:291)
	at org.testng.SuiteRunner.run(SuiteRunner.java:240)
	at org.testng.SuiteRunnerWorker.runSuite(SuiteRunnerWorker.java:52)
	at org.testng.SuiteRunnerWorker.run(SuiteRunnerWorker.java:86)
	at org.testng.TestNG.runSuitesSequentially(TestNG.java:1198)
	at org.testng.TestNG.runSuitesLocally(TestNG.java:1123)
	at org.testng.TestNG.run(TestNG.java:1031)
	at org.apache.maven.surefire.testng.TestNGExecutor.run(TestNGExecutor.java:135)
	at org.apache.maven.surefire.testng.TestNGDirectoryTestSuite.executeMulti(TestNGDirectoryTestSuite.java:193)
	at org.apache.maven.surefire.testng.TestNGDirectoryTestSuite.execute(TestNGDirectoryTestSuite.java:94)
	at org.apache.maven.surefire.testng.TestNGProvider.invoke(TestNGProvider.java:146)
	at org.apache.maven.surefire.booter.ForkedBooter.invokeProviderInSameClassLoader(ForkedBooter.java:379)
	at org.apache.maven.surefire.booter.ForkedBooter.runSuitesInProcess(ForkedBooter.java:340)
	at org.apache.maven.surefire.booter.ForkedBooter.execute(ForkedBooter.java:125)
	at org.apache.maven.surefire.booter.ForkedBooter.main(ForkedBooter.java:413)
</pre></div></td>
<td>0</td>
<td>org.molgenis.app.manager.service.AppManagerServiceTest@56d6a1b1</td></tr>
<tr>
<td title='org.molgenis.app.manager.service.AppManagerServiceTest.testConfigureApp()'><b>testConfigureApp</b><br>Test class: org.molgenis.app.manager.service.AppManagerServiceTest</td>
<td></td>
<td>0</td>
<td>org.molgenis.app.manager.service.AppManagerServiceTest@56d6a1b1</td></tr>
<tr>
<td title='org.molgenis.app.manager.controller.AppManagerControllerTest.testDeactivateApp()'><b>testDeactivateApp</b><br>Test class: org.molgenis.app.manager.controller.AppManagerControllerTest</td>
<td></td>
<td>0</td>
<td>org.molgenis.app.manager.controller.AppManagerControllerTest@23ea8830</td></tr>
<tr>
<td title='org.molgenis.app.manager.service.AppManagerServiceTest.testDeactivateApp()'><b>testDeactivateApp</b><br>Test class: org.molgenis.app.manager.service.AppManagerServiceTest</td>
<td></td>
<td>0</td>
<td>org.molgenis.app.manager.service.AppManagerServiceTest@56d6a1b1</td></tr>
<tr>
<td title='org.molgenis.app.manager.controller.AppManagerControllerTest.testDeleteApp()'><b>testDeleteApp</b><br>Test class: org.molgenis.app.manager.controller.AppManagerControllerTest</td>
<td></td>
<td>0</td>
<td>org.molgenis.app.manager.controller.AppManagerControllerTest@23ea8830</td></tr>
<tr>
<td title='org.molgenis.app.manager.service.AppManagerServiceTest.testDeleteApp()'><b>testDeleteApp</b><br>Test class: org.molgenis.app.manager.service.AppManagerServiceTest</td>
<td></td>
<td>0</td>
<td>org.molgenis.app.manager.service.AppManagerServiceTest@56d6a1b1</td></tr>
<tr>
<td title='org.molgenis.app.manager.service.AppManagerServiceTest.testExtractFileContent()'><b>testExtractFileContent</b><br>Test class: org.molgenis.app.manager.service.AppManagerServiceTest</td>
<td></td>
<td>0</td>
<td>org.molgenis.app.manager.service.AppManagerServiceTest@56d6a1b1</td></tr>
<tr>
<td title='org.molgenis.app.manager.service.AppManagerServiceTest.testGetAppByUri()'><b>testGetAppByUri</b><br>Test class: org.molgenis.app.manager.service.AppManagerServiceTest</td>
<td></td>
<td>0</td>
<td>org.molgenis.app.manager.service.AppManagerServiceTest@56d6a1b1</td></tr>
<tr>
<td title='org.molgenis.app.manager.controller.AppManagerControllerTest.testGetApps()'><b>testGetApps</b><br>Test class: org.molgenis.app.manager.controller.AppManagerControllerTest</td>
<td></td>
<td>0</td>
<td>org.molgenis.app.manager.controller.AppManagerControllerTest@23ea8830</td></tr>
<tr>
<td title='org.molgenis.app.manager.service.AppManagerServiceTest.testGetApps()'><b>testGetApps</b><br>Test class: org.molgenis.app.manager.service.AppManagerServiceTest</td>
<td></td>
<td>0</td>
<td>org.molgenis.app.manager.service.AppManagerServiceTest@56d6a1b1</td></tr>
<tr>
<td title='org.molgenis.app.manager.controller.AppManagerControllerTest.testInit()'><b>testInit</b><br>Test class: org.molgenis.app.manager.controller.AppManagerControllerTest</td>
<td></td>
<td>0</td>
<td>org.molgenis.app.manager.controller.AppManagerControllerTest@23ea8830</td></tr>
<tr>
<td title='org.molgenis.app.manager.controller.AppControllerTest.testServeApp()'><b>testServeApp</b><br>Test class: org.molgenis.app.manager.controller.AppControllerTest</td>
<td></td>
<td>0</td>
<td>org.molgenis.app.manager.controller.AppControllerTest@7e94e331</td></tr>
<tr>
<td title='org.molgenis.app.manager.controller.AppControllerTest.testServeAppInactiveApp()'><b>testServeAppInactiveApp</b><br>Test class: org.molgenis.app.manager.controller.AppControllerTest</td>
<td></td>
<td>0</td>
<td>org.molgenis.app.manager.controller.AppControllerTest@7e94e331</td></tr>
<tr>
<td title='org.molgenis.app.manager.controller.AppControllerTest.testServeAppNoPermissions()'><b>testServeAppNoPermissions</b><br>Test class: org.molgenis.app.manager.controller.AppControllerTest</td>
<td></td>
<td>0</td>
<td>org.molgenis.app.manager.controller.AppControllerTest@7e94e331</td></tr>
<tr>
<td title='org.molgenis.app.manager.controller.AppControllerTest.testServeAppRedirectToApp()'><b>testServeAppRedirectToApp</b><br>Test class: org.molgenis.app.manager.controller.AppControllerTest</td>
<td></td>
<td>0</td>
<td>org.molgenis.app.manager.controller.AppControllerTest@7e94e331</td></tr>
<tr>
<td title='org.molgenis.app.manager.controller.AppControllerTest.testServeResource()'><b>testServeResource</b><br>Test class: org.molgenis.app.manager.controller.AppControllerTest</td>
<td></td>
<td>0</td>
<td>org.molgenis.app.manager.controller.AppControllerTest@7e94e331</td></tr>
<tr>
<td title='org.molgenis.app.manager.service.AppManagerServiceTest.testUploadApp()'><b>testUploadApp</b><br>Test class: org.molgenis.app.manager.service.AppManagerServiceTest</td>
<td></td>
<td>0</td>
<td>org.molgenis.app.manager.service.AppManagerServiceTest@56d6a1b1</td></tr>
<tr>
<td title='org.molgenis.app.manager.service.AppManagerServiceTest.testUploadAppInvalidZip()'><b>testUploadAppInvalidZip</b><br>Test class: org.molgenis.app.manager.service.AppManagerServiceTest</td>
<td><div><pre>org.molgenis.app.manager.exception.InvalidAppArchiveException: FAILED TO FORMAT LOCALIZED MESSAGE FOR ERROR CODE AM01.%nFallback message: org.molgenis.util.file.UnzipException: java.util.zip.ZipException: Invalid zip
	at org.molgenis.app.manager.service.impl.AppManagerServiceImpl.tryUnpackArchive(AppManagerServiceImpl.java:172)
	at org.molgenis.app.manager.service.impl.AppManagerServiceImpl.uploadApp(AppManagerServiceImpl.java:148)
	at org.molgenis.app.manager.service.AppManagerServiceTest.testUploadAppInvalidZip(AppManagerServiceTest.java:246)
	at org.apache.maven.surefire.testng.TestNGExecutor.run(TestNGExecutor.java:135)
	at org.apache.maven.surefire.testng.TestNGDirectoryTestSuite.executeMulti(TestNGDirectoryTestSuite.java:193)
	at org.apache.maven.surefire.testng.TestNGDirectoryTestSuite.execute(TestNGDirectoryTestSuite.java:94)
	at org.apache.maven.surefire.testng.TestNGProvider.invoke(TestNGProvider.java:146)
	at org.apache.maven.surefire.booter.ForkedBooter.invokeProviderInSameClassLoader(ForkedBooter.java:379)
	at org.apache.maven.surefire.booter.ForkedBooter.runSuitesInProcess(ForkedBooter.java:340)
	at org.apache.maven.surefire.booter.ForkedBooter.execute(ForkedBooter.java:125)
	at org.apache.maven.surefire.booter.ForkedBooter.main(ForkedBooter.java:413)
Caused by: org.molgenis.util.file.UnzipException: java.util.zip.ZipException: Invalid zip
	at org.molgenis.app.manager.service.impl.AppManagerServiceImpl.tryUnpackArchive(AppManagerServiceImpl.java:168)
	... 31 more
Caused by: java.util.zip.ZipException: Invalid zip
	at org.molgenis.app.manager.service.AppManagerServiceTest.testUploadAppInvalidZip(AppManagerServiceTest.java:244)
	... 29 more
... Removed 21 stack frames</pre></div><a href='#' onClick='toggleBox("stack-trace2023332277", this, "Click to show all stack frames", "Click to hide stack frames")'>Click to show all stack frames</a>
<div class='stack-trace' id='stack-trace2023332277'><pre>org.molgenis.app.manager.exception.InvalidAppArchiveException: FAILED TO FORMAT LOCALIZED MESSAGE FOR ERROR CODE AM01.%nFallback message: org.molgenis.util.file.UnzipException: java.util.zip.ZipException: Invalid zip
	at org.molgenis.app.manager.service.impl.AppManagerServiceImpl.tryUnpackArchive(AppManagerServiceImpl.java:172)
	at org.molgenis.app.manager.service.impl.AppManagerServiceImpl.uploadApp(AppManagerServiceImpl.java:148)
	at org.molgenis.app.manager.service.AppManagerServiceTest.testUploadAppInvalidZip(AppManagerServiceTest.java:246)
	at sun.reflect.NativeMethodAccessorImpl.invoke0(Native Method)
	at sun.reflect.NativeMethodAccessorImpl.invoke(NativeMethodAccessorImpl.java:62)
	at sun.reflect.DelegatingMethodAccessorImpl.invoke(DelegatingMethodAccessorImpl.java:43)
	at java.lang.reflect.Method.invoke(Method.java:498)
	at org.testng.internal.MethodInvocationHelper.invokeMethod(MethodInvocationHelper.java:80)
	at org.testng.internal.Invoker.invokeMethod(Invoker.java:714)
	at org.testng.internal.Invoker.invokeTestMethod(Invoker.java:901)
	at org.testng.internal.Invoker.invokeTestMethods(Invoker.java:1231)
	at org.testng.internal.TestMethodWorker.invokeTestMethods(TestMethodWorker.java:127)
	at org.testng.internal.TestMethodWorker.run(TestMethodWorker.java:111)
	at org.testng.TestRunner.privateRun(TestRunner.java:767)
	at org.testng.TestRunner.run(TestRunner.java:617)
	at org.testng.SuiteRunner.runTest(SuiteRunner.java:334)
	at org.testng.SuiteRunner.runSequentially(SuiteRunner.java:329)
	at org.testng.SuiteRunner.privateRun(SuiteRunner.java:291)
	at org.testng.SuiteRunner.run(SuiteRunner.java:240)
	at org.testng.SuiteRunnerWorker.runSuite(SuiteRunnerWorker.java:52)
	at org.testng.SuiteRunnerWorker.run(SuiteRunnerWorker.java:86)
	at org.testng.TestNG.runSuitesSequentially(TestNG.java:1198)
	at org.testng.TestNG.runSuitesLocally(TestNG.java:1123)
	at org.testng.TestNG.run(TestNG.java:1031)
	at org.apache.maven.surefire.testng.TestNGExecutor.run(TestNGExecutor.java:135)
	at org.apache.maven.surefire.testng.TestNGDirectoryTestSuite.executeMulti(TestNGDirectoryTestSuite.java:193)
	at org.apache.maven.surefire.testng.TestNGDirectoryTestSuite.execute(TestNGDirectoryTestSuite.java:94)
	at org.apache.maven.surefire.testng.TestNGProvider.invoke(TestNGProvider.java:146)
	at org.apache.maven.surefire.booter.ForkedBooter.invokeProviderInSameClassLoader(ForkedBooter.java:379)
	at org.apache.maven.surefire.booter.ForkedBooter.runSuitesInProcess(ForkedBooter.java:340)
	at org.apache.maven.surefire.booter.ForkedBooter.execute(ForkedBooter.java:125)
	at org.apache.maven.surefire.booter.ForkedBooter.main(ForkedBooter.java:413)
Caused by: org.molgenis.util.file.UnzipException: java.util.zip.ZipException: Invalid zip
	at org.molgenis.app.manager.service.impl.AppManagerServiceImpl.tryUnpackArchive(AppManagerServiceImpl.java:168)
	... 31 more
Caused by: java.util.zip.ZipException: Invalid zip
	at org.molgenis.app.manager.service.AppManagerServiceTest.testUploadAppInvalidZip(AppManagerServiceTest.java:244)
	... 29 more
</pre></div></td>
<td>0</td>
<td>org.molgenis.app.manager.service.AppManagerServiceTest@56d6a1b1</td></tr>
<tr>
<td title='org.molgenis.app.manager.service.AppManagerServiceTest.testUploadAppMissingIndexAndConfig()'><b>testUploadAppMissingIndexAndConfig</b><br>Test class: org.molgenis.app.manager.service.AppManagerServiceTest</td>
<td><div><pre>org.molgenis.app.manager.exception.AppArchiveMissingFilesException: FAILED TO FORMAT LOCALIZED MESSAGE FOR ERROR CODE AM02.%nFallback message: missingFromArchive:[index.html, config.json]
	at org.molgenis.app.manager.service.impl.AppManagerServiceImpl.uploadApp(AppManagerServiceImpl.java:152)
	at org.molgenis.app.manager.service.AppManagerServiceTest.testUploadAppMissingIndexAndConfig(AppManagerServiceTest.java:232)
	at org.apache.maven.surefire.testng.TestNGExecutor.run(TestNGExecutor.java:135)
	at org.apache.maven.surefire.testng.TestNGDirectoryTestSuite.executeMulti(TestNGDirectoryTestSuite.java:193)
	at org.apache.maven.surefire.testng.TestNGDirectoryTestSuite.execute(TestNGDirectoryTestSuite.java:94)
	at org.apache.maven.surefire.testng.TestNGProvider.invoke(TestNGProvider.java:146)
	at org.apache.maven.surefire.booter.ForkedBooter.invokeProviderInSameClassLoader(ForkedBooter.java:379)
	at org.apache.maven.surefire.booter.ForkedBooter.runSuitesInProcess(ForkedBooter.java:340)
	at org.apache.maven.surefire.booter.ForkedBooter.execute(ForkedBooter.java:125)
	at org.apache.maven.surefire.booter.ForkedBooter.main(ForkedBooter.java:413)
... Removed 21 stack frames</pre></div><a href='#' onClick='toggleBox("stack-trace2014244894", this, "Click to show all stack frames", "Click to hide stack frames")'>Click to show all stack frames</a>
<div class='stack-trace' id='stack-trace2014244894'><pre>org.molgenis.app.manager.exception.AppArchiveMissingFilesException: FAILED TO FORMAT LOCALIZED MESSAGE FOR ERROR CODE AM02.%nFallback message: missingFromArchive:[index.html, config.json]
	at org.molgenis.app.manager.service.impl.AppManagerServiceImpl.uploadApp(AppManagerServiceImpl.java:152)
	at org.molgenis.app.manager.service.AppManagerServiceTest.testUploadAppMissingIndexAndConfig(AppManagerServiceTest.java:232)
	at sun.reflect.NativeMethodAccessorImpl.invoke0(Native Method)
	at sun.reflect.NativeMethodAccessorImpl.invoke(NativeMethodAccessorImpl.java:62)
	at sun.reflect.DelegatingMethodAccessorImpl.invoke(DelegatingMethodAccessorImpl.java:43)
	at java.lang.reflect.Method.invoke(Method.java:498)
	at org.testng.internal.MethodInvocationHelper.invokeMethod(MethodInvocationHelper.java:80)
	at org.testng.internal.Invoker.invokeMethod(Invoker.java:714)
	at org.testng.internal.Invoker.invokeTestMethod(Invoker.java:901)
	at org.testng.internal.Invoker.invokeTestMethods(Invoker.java:1231)
	at org.testng.internal.TestMethodWorker.invokeTestMethods(TestMethodWorker.java:127)
	at org.testng.internal.TestMethodWorker.run(TestMethodWorker.java:111)
	at org.testng.TestRunner.privateRun(TestRunner.java:767)
	at org.testng.TestRunner.run(TestRunner.java:617)
	at org.testng.SuiteRunner.runTest(SuiteRunner.java:334)
	at org.testng.SuiteRunner.runSequentially(SuiteRunner.java:329)
	at org.testng.SuiteRunner.privateRun(SuiteRunner.java:291)
	at org.testng.SuiteRunner.run(SuiteRunner.java:240)
	at org.testng.SuiteRunnerWorker.runSuite(SuiteRunnerWorker.java:52)
	at org.testng.SuiteRunnerWorker.run(SuiteRunnerWorker.java:86)
	at org.testng.TestNG.runSuitesSequentially(TestNG.java:1198)
	at org.testng.TestNG.runSuitesLocally(TestNG.java:1123)
	at org.testng.TestNG.run(TestNG.java:1031)
	at org.apache.maven.surefire.testng.TestNGExecutor.run(TestNGExecutor.java:135)
	at org.apache.maven.surefire.testng.TestNGDirectoryTestSuite.executeMulti(TestNGDirectoryTestSuite.java:193)
	at org.apache.maven.surefire.testng.TestNGDirectoryTestSuite.execute(TestNGDirectoryTestSuite.java:94)
	at org.apache.maven.surefire.testng.TestNGProvider.invoke(TestNGProvider.java:146)
	at org.apache.maven.surefire.booter.ForkedBooter.invokeProviderInSameClassLoader(ForkedBooter.java:379)
	at org.apache.maven.surefire.booter.ForkedBooter.runSuitesInProcess(ForkedBooter.java:340)
	at org.apache.maven.surefire.booter.ForkedBooter.execute(ForkedBooter.java:125)
	at org.apache.maven.surefire.booter.ForkedBooter.main(ForkedBooter.java:413)
</pre></div></td>
<td>0</td>
<td>org.molgenis.app.manager.service.AppManagerServiceTest@56d6a1b1</td></tr>
</table><p>
</body>
</html>