<html>
<head>
<title>TestNG:  Surefire test</title>
<link href="../testng.css" rel="stylesheet" type="text/css" />
<link href="../my-testng.css" rel="stylesheet" type="text/css" />

<style type="text/css">
.log { display: none;} 
.stack-trace { display: none;} 
</style>
<script type="text/javascript">
<!--
function flip(e) {
  current = e.style.display;
  if (current == 'block') {
    e.style.display = 'none';
    return 0;
  }
  else {
    e.style.display = 'block';
    return 1;
  }
}

function toggleBox(szDivId, elem, msg1, msg2)
{
  var res = -1;  if (document.getElementById) {
    res = flip(document.getElementById(szDivId));
  }
  else if (document.all) {
    // this is the way old msie versions work
    res = flip(document.all[szDivId]);
  }
  if(elem) {
    if(res == 0) elem.innerHTML = msg1; else elem.innerHTML = msg2;
  }

}

function toggleAllBoxes() {
  if (document.getElementsByTagName) {
    d = document.getElementsByTagName('div');
    for (i = 0; i < d.length; i++) {
      if (d[i].className == 'log') {
        flip(d[i]);
      }
    }
  }
}

// -->
</script>

</head>
<body>
<h2 align='center'>Surefire test</h2><table border='1' align="center">
<tr>
<td>Tests passed/Failed/Skipped:</td><td>154/0/0</td>
</tr><tr>
<td>Started on:</td><td>Wed Jun 06 16:18:57 CEST 2018</td>
</tr>
<tr><td>Total time:</td><td>10 seconds (10551 ms)</td>
</tr><tr>
<td>Included groups:</td><td></td>
</tr><tr>
<td>Excluded groups:</td><td></td>
</tr>
</table><p/>
<small><i>(Hover the method name to see the test class name)</i></small><p/>
<table width='100%' border='1' class='invocation-passed'>
<tr><td colspan='4' align='center'><b>PASSED TESTS</b></td></tr>
<tr><td><b>Test method</b></td>
<td width="30%"><b>Exception</b></td>
<td width="10%"><b>Time (seconds)</b></td>
<td><b>Instance</b></td>
</tr>
<tr>
<td title='org.molgenis.security.google.GoogleAuthenticationProcessingFilterTest.GoogleAuthenticationProcessingFilter()'><b>GoogleAuthenticationProcessingFilter</b><br>Test class: org.molgenis.security.google.GoogleAuthenticationProcessingFilterTest</td>
<td><div><pre>java.lang.NullPointerException
	at java.util.Objects.requireNonNull(Objects.java:203)
	at org.molgenis.security.google.GoogleAuthenticationProcessingFilter.&lt;init&gt;(GoogleAuthenticationProcessingFilter.java:62)
	at org.molgenis.security.google.GoogleAuthenticationProcessingFilterTest.GoogleAuthenticationProcessingFilter(GoogleAuthenticationProcessingFilterTest.java:46)
	at org.apache.maven.surefire.testng.TestNGExecutor.run(TestNGExecutor.java:135)
	at org.apache.maven.surefire.testng.TestNGDirectoryTestSuite.executeMulti(TestNGDirectoryTestSuite.java:193)
	at org.apache.maven.surefire.testng.TestNGDirectoryTestSuite.execute(TestNGDirectoryTestSuite.java:94)
	at org.apache.maven.surefire.testng.TestNGProvider.invoke(TestNGProvider.java:146)
	at org.apache.maven.surefire.booter.ForkedBooter.invokeProviderInSameClassLoader(ForkedBooter.java:379)
	at org.apache.maven.surefire.booter.ForkedBooter.runSuitesInProcess(ForkedBooter.java:340)
	at org.apache.maven.surefire.booter.ForkedBooter.execute(ForkedBooter.java:125)
	at org.apache.maven.surefire.booter.ForkedBooter.main(ForkedBooter.java:413)
... Removed 21 stack frames</pre></div><a href='#' onClick='toggleBox("stack-trace1532094190", this, "Click to show all stack frames", "Click to hide stack frames")'>Click to show all stack frames</a>
<div class='stack-trace' id='stack-trace1532094190'><pre>java.lang.NullPointerException
	at java.util.Objects.requireNonNull(Objects.java:203)
	at org.molgenis.security.google.GoogleAuthenticationProcessingFilter.&lt;init&gt;(GoogleAuthenticationProcessingFilter.java:62)
	at org.molgenis.security.google.GoogleAuthenticationProcessingFilterTest.GoogleAuthenticationProcessingFilter(GoogleAuthenticationProcessingFilterTest.java:46)
	at sun.reflect.NativeMethodAccessorImpl.invoke0(Native Method)
	at sun.reflect.NativeMethodAccessorImpl.invoke(NativeMethodAccessorImpl.java:62)
	at sun.reflect.DelegatingMethodAccessorImpl.invoke(DelegatingMethodAccessorImpl.java:43)
	at java.lang.reflect.Method.invoke(Method.java:498)
	at org.testng.internal.MethodInvocationHelper.invokeMethod(MethodInvocationHelper.java:80)
	at org.testng.internal.Invoker.invokeMethod(Invoker.java:714)
	at org.testng.internal.Invoker.invokeTestMethod(Invoker.java:901)
	at org.testng.internal.Invoker.invokeTestMethods(Invoker.java:1231)
	at org.testng.internal.TestMethodWorker.invokeTestMethods(TestMethodWorker.java:127)
	at org.testng.internal.TestMethodWorker.run(TestMethodWorker.java:111)
	at org.testng.TestRunner.privateRun(TestRunner.java:767)
	at org.testng.TestRunner.run(TestRunner.java:617)
	at org.testng.SuiteRunner.runTest(SuiteRunner.java:334)
	at org.testng.SuiteRunner.runSequentially(SuiteRunner.java:329)
	at org.testng.SuiteRunner.privateRun(SuiteRunner.java:291)
	at org.testng.SuiteRunner.run(SuiteRunner.java:240)
	at org.testng.SuiteRunnerWorker.runSuite(SuiteRunnerWorker.java:52)
	at org.testng.SuiteRunnerWorker.run(SuiteRunnerWorker.java:86)
	at org.testng.TestNG.runSuitesSequentially(TestNG.java:1198)
	at org.testng.TestNG.runSuitesLocally(TestNG.java:1123)
	at org.testng.TestNG.run(TestNG.java:1031)
	at org.apache.maven.surefire.testng.TestNGExecutor.run(TestNGExecutor.java:135)
	at org.apache.maven.surefire.testng.TestNGDirectoryTestSuite.executeMulti(TestNGDirectoryTestSuite.java:193)
	at org.apache.maven.surefire.testng.TestNGDirectoryTestSuite.execute(TestNGDirectoryTestSuite.java:94)
	at org.apache.maven.surefire.testng.TestNGProvider.invoke(TestNGProvider.java:146)
	at org.apache.maven.surefire.booter.ForkedBooter.invokeProviderInSameClassLoader(ForkedBooter.java:379)
	at org.apache.maven.surefire.booter.ForkedBooter.runSuitesInProcess(ForkedBooter.java:340)
	at org.apache.maven.surefire.booter.ForkedBooter.execute(ForkedBooter.java:125)
	at org.apache.maven.surefire.booter.ForkedBooter.main(ForkedBooter.java:413)
</pre></div></td>
<td>0</td>
<td>org.molgenis.security.google.GoogleAuthenticationProcessingFilterTest@1d722bff</td></tr>
<tr>
<td title='org.molgenis.security.permission.MolgenisPermissionControllerTest.MolgenisPermissionController()'><b>MolgenisPermissionController</b><br>Test class: org.molgenis.security.permission.MolgenisPermissionControllerTest</td>
<td><div><pre>java.lang.NullPointerException
	at java.util.Objects.requireNonNull(Objects.java:203)
	at org.molgenis.security.permission.MolgenisPermissionController.&lt;init&gt;(MolgenisPermissionController.java:22)
	at org.molgenis.security.permission.MolgenisPermissionControllerTest.MolgenisPermissionController(MolgenisPermissionControllerTest.java:30)
	at org.apache.maven.surefire.testng.TestNGExecutor.run(TestNGExecutor.java:135)
	at org.apache.maven.surefire.testng.TestNGDirectoryTestSuite.executeMulti(TestNGDirectoryTestSuite.java:193)
	at org.apache.maven.surefire.testng.TestNGDirectoryTestSuite.execute(TestNGDirectoryTestSuite.java:94)
	at org.apache.maven.surefire.testng.TestNGProvider.invoke(TestNGProvider.java:146)
	at org.apache.maven.surefire.booter.ForkedBooter.invokeProviderInSameClassLoader(ForkedBooter.java:379)
	at org.apache.maven.surefire.booter.ForkedBooter.runSuitesInProcess(ForkedBooter.java:340)
	at org.apache.maven.surefire.booter.ForkedBooter.execute(ForkedBooter.java:125)
	at org.apache.maven.surefire.booter.ForkedBooter.main(ForkedBooter.java:413)
... Removed 21 stack frames</pre></div><a href='#' onClick='toggleBox("stack-trace1567199750", this, "Click to show all stack frames", "Click to hide stack frames")'>Click to show all stack frames</a>
<div class='stack-trace' id='stack-trace1567199750'><pre>java.lang.NullPointerException
	at java.util.Objects.requireNonNull(Objects.java:203)
	at org.molgenis.security.permission.MolgenisPermissionController.&lt;init&gt;(MolgenisPermissionController.java:22)
	at org.molgenis.security.permission.MolgenisPermissionControllerTest.MolgenisPermissionController(MolgenisPermissionControllerTest.java:30)
	at sun.reflect.NativeMethodAccessorImpl.invoke0(Native Method)
	at sun.reflect.NativeMethodAccessorImpl.invoke(NativeMethodAccessorImpl.java:62)
	at sun.reflect.DelegatingMethodAccessorImpl.invoke(DelegatingMethodAccessorImpl.java:43)
	at java.lang.reflect.Method.invoke(Method.java:498)
	at org.testng.internal.MethodInvocationHelper.invokeMethod(MethodInvocationHelper.java:80)
	at org.testng.internal.Invoker.invokeMethod(Invoker.java:714)
	at org.testng.internal.Invoker.invokeTestMethod(Invoker.java:901)
	at org.testng.internal.Invoker.invokeTestMethods(Invoker.java:1231)
	at org.testng.internal.TestMethodWorker.invokeTestMethods(TestMethodWorker.java:127)
	at org.testng.internal.TestMethodWorker.run(TestMethodWorker.java:111)
	at org.testng.TestRunner.privateRun(TestRunner.java:767)
	at org.testng.TestRunner.run(TestRunner.java:617)
	at org.testng.SuiteRunner.runTest(SuiteRunner.java:334)
	at org.testng.SuiteRunner.runSequentially(SuiteRunner.java:329)
	at org.testng.SuiteRunner.privateRun(SuiteRunner.java:291)
	at org.testng.SuiteRunner.run(SuiteRunner.java:240)
	at org.testng.SuiteRunnerWorker.runSuite(SuiteRunnerWorker.java:52)
	at org.testng.SuiteRunnerWorker.run(SuiteRunnerWorker.java:86)
	at org.testng.TestNG.runSuitesSequentially(TestNG.java:1198)
	at org.testng.TestNG.runSuitesLocally(TestNG.java:1123)
	at org.testng.TestNG.run(TestNG.java:1031)
	at org.apache.maven.surefire.testng.TestNGExecutor.run(TestNGExecutor.java:135)
	at org.apache.maven.surefire.testng.TestNGDirectoryTestSuite.executeMulti(TestNGDirectoryTestSuite.java:193)
	at org.apache.maven.surefire.testng.TestNGDirectoryTestSuite.execute(TestNGDirectoryTestSuite.java:94)
	at org.apache.maven.surefire.testng.TestNGProvider.invoke(TestNGProvider.java:146)
	at org.apache.maven.surefire.booter.ForkedBooter.invokeProviderInSameClassLoader(ForkedBooter.java:379)
	at org.apache.maven.surefire.booter.ForkedBooter.runSuitesInProcess(ForkedBooter.java:340)
	at org.apache.maven.surefire.booter.ForkedBooter.execute(ForkedBooter.java:125)
	at org.apache.maven.surefire.booter.ForkedBooter.main(ForkedBooter.java:413)
</pre></div></td>
<td>0</td>
<td>org.molgenis.security.permission.MolgenisPermissionControllerTest@535aa7c7</td></tr>
<tr>
<td title='org.molgenis.security.account.AccountControllerTest.activateUser()'><b>activateUser</b><br>Test class: org.molgenis.security.account.AccountControllerTest</td>
<td></td>
<td>0</td>
<td>org.molgenis.security.account.AccountControllerTest@81a56b2</td></tr>
<tr>
<td title='org.molgenis.security.account.AccountServiceImplTest.activateUser()'><b>activateUser</b><br>Test class: org.molgenis.security.account.AccountServiceImplTest</td>
<td></td>
<td>0</td>
<td>org.molgenis.security.account.AccountServiceImplTest@4402ed61</td></tr>
<tr>
<td title='org.molgenis.security.account.AccountControllerTest.activateUserMolgenisUserException()'><b>activateUserMolgenisUserException</b><br>Test class: org.molgenis.security.account.AccountControllerTest</td>
<td></td>
<td>0</td>
<td>org.molgenis.security.account.AccountControllerTest@81a56b2</td></tr>
<tr>
<td title='org.molgenis.security.account.AccountServiceImplTest.activateUser_alreadyActivated()'><b>activateUser_alreadyActivated</b><br>Test class: org.molgenis.security.account.AccountServiceImplTest</td>
<td><div><pre>org.molgenis.security.user.MolgenisUserException: Invalid activation code or account already activated.
	at org.molgenis.security.account.AccountServiceImpl.activateUser(AccountServiceImpl.java:147)
	at org.molgenis.security.account.AccountServiceImplTest.activateUser_alreadyActivated(AccountServiceImplTest.java:135)
	at org.springframework.test.context.testng.AbstractTestNGSpringContextTests.run(AbstractTestNGSpringContextTests.java:180)
	at org.apache.maven.surefire.testng.TestNGExecutor.run(TestNGExecutor.java:135)
	at org.apache.maven.surefire.testng.TestNGDirectoryTestSuite.executeMulti(TestNGDirectoryTestSuite.java:193)
	at org.apache.maven.surefire.testng.TestNGDirectoryTestSuite.execute(TestNGDirectoryTestSuite.java:94)
	at org.apache.maven.surefire.testng.TestNGProvider.invoke(TestNGProvider.java:146)
	at org.apache.maven.surefire.booter.ForkedBooter.invokeProviderInSameClassLoader(ForkedBooter.java:379)
	at org.apache.maven.surefire.booter.ForkedBooter.runSuitesInProcess(ForkedBooter.java:340)
	at org.apache.maven.surefire.booter.ForkedBooter.execute(ForkedBooter.java:125)
	at org.apache.maven.surefire.booter.ForkedBooter.main(ForkedBooter.java:413)
... Removed 26 stack frames</pre></div><a href='#' onClick='toggleBox("stack-trace1282858530", this, "Click to show all stack frames", "Click to hide stack frames")'>Click to show all stack frames</a>
<div class='stack-trace' id='stack-trace1282858530'><pre>org.molgenis.security.user.MolgenisUserException: Invalid activation code or account already activated.
	at org.molgenis.security.account.AccountServiceImpl.activateUser(AccountServiceImpl.java:147)
	at org.molgenis.security.account.AccountServiceImplTest.activateUser_alreadyActivated(AccountServiceImplTest.java:135)
	at sun.reflect.NativeMethodAccessorImpl.invoke0(Native Method)
	at sun.reflect.NativeMethodAccessorImpl.invoke(NativeMethodAccessorImpl.java:62)
	at sun.reflect.DelegatingMethodAccessorImpl.invoke(DelegatingMethodAccessorImpl.java:43)
	at java.lang.reflect.Method.invoke(Method.java:498)
	at org.testng.internal.MethodInvocationHelper.invokeMethod(MethodInvocationHelper.java:80)
	at org.testng.internal.MethodInvocationHelper$1.runTestMethod(MethodInvocationHelper.java:182)
	at org.springframework.test.context.testng.AbstractTestNGSpringContextTests.run(AbstractTestNGSpringContextTests.java:180)
	at sun.reflect.GeneratedMethodAccessor87.invoke(Unknown Source)
	at sun.reflect.DelegatingMethodAccessorImpl.invoke(DelegatingMethodAccessorImpl.java:43)
	at java.lang.reflect.Method.invoke(Method.java:498)
	at org.testng.internal.MethodInvocationHelper.invokeHookable(MethodInvocationHelper.java:194)
	at org.testng.internal.Invoker.invokeMethod(Invoker.java:707)
	at org.testng.internal.Invoker.invokeTestMethod(Invoker.java:901)
	at org.testng.internal.Invoker.invokeTestMethods(Invoker.java:1231)
	at org.testng.internal.TestMethodWorker.invokeTestMethods(TestMethodWorker.java:127)
	at org.testng.internal.TestMethodWorker.run(TestMethodWorker.java:111)
	at org.testng.TestRunner.privateRun(TestRunner.java:767)
	at org.testng.TestRunner.run(TestRunner.java:617)
	at org.testng.SuiteRunner.runTest(SuiteRunner.java:334)
	at org.testng.SuiteRunner.runSequentially(SuiteRunner.java:329)
	at org.testng.SuiteRunner.privateRun(SuiteRunner.java:291)
	at org.testng.SuiteRunner.run(SuiteRunner.java:240)
	at org.testng.SuiteRunnerWorker.runSuite(SuiteRunnerWorker.java:52)
	at org.testng.SuiteRunnerWorker.run(SuiteRunnerWorker.java:86)
	at org.testng.TestNG.runSuitesSequentially(TestNG.java:1198)
	at org.testng.TestNG.runSuitesLocally(TestNG.java:1123)
	at org.testng.TestNG.run(TestNG.java:1031)
	at org.apache.maven.surefire.testng.TestNGExecutor.run(TestNGExecutor.java:135)
	at org.apache.maven.surefire.testng.TestNGDirectoryTestSuite.executeMulti(TestNGDirectoryTestSuite.java:193)
	at org.apache.maven.surefire.testng.TestNGDirectoryTestSuite.execute(TestNGDirectoryTestSuite.java:94)
	at org.apache.maven.surefire.testng.TestNGProvider.invoke(TestNGProvider.java:146)
	at org.apache.maven.surefire.booter.ForkedBooter.invokeProviderInSameClassLoader(ForkedBooter.java:379)
	at org.apache.maven.surefire.booter.ForkedBooter.runSuitesInProcess(ForkedBooter.java:340)
	at org.apache.maven.surefire.booter.ForkedBooter.execute(ForkedBooter.java:125)
	at org.apache.maven.surefire.booter.ForkedBooter.main(ForkedBooter.java:413)
</pre></div></td>
<td>0</td>
<td>org.molgenis.security.account.AccountServiceImplTest@4402ed61</td></tr>
<tr>
<td title='org.molgenis.security.account.AccountServiceImplTest.activateUser_invalidActivationCode()'><b>activateUser_invalidActivationCode</b><br>Test class: org.molgenis.security.account.AccountServiceImplTest</td>
<td><div><pre>org.molgenis.security.user.MolgenisUserException: Invalid activation code or account already activated.
	at org.molgenis.security.account.AccountServiceImpl.activateUser(AccountServiceImpl.java:147)
	at org.molgenis.security.account.AccountServiceImplTest.activateUser_invalidActivationCode(AccountServiceImplTest.java:121)
	at org.springframework.test.context.testng.AbstractTestNGSpringContextTests.run(AbstractTestNGSpringContextTests.java:180)
	at org.apache.maven.surefire.testng.TestNGExecutor.run(TestNGExecutor.java:135)
	at org.apache.maven.surefire.testng.TestNGDirectoryTestSuite.executeMulti(TestNGDirectoryTestSuite.java:193)
	at org.apache.maven.surefire.testng.TestNGDirectoryTestSuite.execute(TestNGDirectoryTestSuite.java:94)
	at org.apache.maven.surefire.testng.TestNGProvider.invoke(TestNGProvider.java:146)
	at org.apache.maven.surefire.booter.ForkedBooter.invokeProviderInSameClassLoader(ForkedBooter.java:379)
	at org.apache.maven.surefire.booter.ForkedBooter.runSuitesInProcess(ForkedBooter.java:340)
	at org.apache.maven.surefire.booter.ForkedBooter.execute(ForkedBooter.java:125)
	at org.apache.maven.surefire.booter.ForkedBooter.main(ForkedBooter.java:413)
... Removed 26 stack frames</pre></div><a href='#' onClick='toggleBox("stack-trace527625506", this, "Click to show all stack frames", "Click to hide stack frames")'>Click to show all stack frames</a>
<div class='stack-trace' id='stack-trace527625506'><pre>org.molgenis.security.user.MolgenisUserException: Invalid activation code or account already activated.
	at org.molgenis.security.account.AccountServiceImpl.activateUser(AccountServiceImpl.java:147)
	at org.molgenis.security.account.AccountServiceImplTest.activateUser_invalidActivationCode(AccountServiceImplTest.java:121)
	at sun.reflect.NativeMethodAccessorImpl.invoke0(Native Method)
	at sun.reflect.NativeMethodAccessorImpl.invoke(NativeMethodAccessorImpl.java:62)
	at sun.reflect.DelegatingMethodAccessorImpl.invoke(DelegatingMethodAccessorImpl.java:43)
	at java.lang.reflect.Method.invoke(Method.java:498)
	at org.testng.internal.MethodInvocationHelper.invokeMethod(MethodInvocationHelper.java:80)
	at org.testng.internal.MethodInvocationHelper$1.runTestMethod(MethodInvocationHelper.java:182)
	at org.springframework.test.context.testng.AbstractTestNGSpringContextTests.run(AbstractTestNGSpringContextTests.java:180)
	at sun.reflect.GeneratedMethodAccessor87.invoke(Unknown Source)
	at sun.reflect.DelegatingMethodAccessorImpl.invoke(DelegatingMethodAccessorImpl.java:43)
	at java.lang.reflect.Method.invoke(Method.java:498)
	at org.testng.internal.MethodInvocationHelper.invokeHookable(MethodInvocationHelper.java:194)
	at org.testng.internal.Invoker.invokeMethod(Invoker.java:707)
	at org.testng.internal.Invoker.invokeTestMethod(Invoker.java:901)
	at org.testng.internal.Invoker.invokeTestMethods(Invoker.java:1231)
	at org.testng.internal.TestMethodWorker.invokeTestMethods(TestMethodWorker.java:127)
	at org.testng.internal.TestMethodWorker.run(TestMethodWorker.java:111)
	at org.testng.TestRunner.privateRun(TestRunner.java:767)
	at org.testng.TestRunner.run(TestRunner.java:617)
	at org.testng.SuiteRunner.runTest(SuiteRunner.java:334)
	at org.testng.SuiteRunner.runSequentially(SuiteRunner.java:329)
	at org.testng.SuiteRunner.privateRun(SuiteRunner.java:291)
	at org.testng.SuiteRunner.run(SuiteRunner.java:240)
	at org.testng.SuiteRunnerWorker.runSuite(SuiteRunnerWorker.java:52)
	at org.testng.SuiteRunnerWorker.run(SuiteRunnerWorker.java:86)
	at org.testng.TestNG.runSuitesSequentially(TestNG.java:1198)
	at org.testng.TestNG.runSuitesLocally(TestNG.java:1123)
	at org.testng.TestNG.run(TestNG.java:1031)
	at org.apache.maven.surefire.testng.TestNGExecutor.run(TestNGExecutor.java:135)
	at org.apache.maven.surefire.testng.TestNGDirectoryTestSuite.executeMulti(TestNGDirectoryTestSuite.java:193)
	at org.apache.maven.surefire.testng.TestNGDirectoryTestSuite.execute(TestNGDirectoryTestSuite.java:94)
	at org.apache.maven.surefire.testng.TestNGProvider.invoke(TestNGProvider.java:146)
	at org.apache.maven.surefire.booter.ForkedBooter.invokeProviderInSameClassLoader(ForkedBooter.java:379)
	at org.apache.maven.surefire.booter.ForkedBooter.runSuitesInProcess(ForkedBooter.java:340)
	at org.apache.maven.surefire.booter.ForkedBooter.execute(ForkedBooter.java:125)
	at org.apache.maven.surefire.booter.ForkedBooter.main(ForkedBooter.java:413)
</pre></div></td>
<td>0</td>
<td>org.molgenis.security.account.AccountServiceImplTest@4402ed61</td></tr>
<tr>
<td title='org.molgenis.security.twofactor.TwoFactorAuthenticationControllerTest.activationExceptionTest()'><b>activationExceptionTest</b><br>Test class: org.molgenis.security.twofactor.TwoFactorAuthenticationControllerTest</td>
<td></td>
<td>0</td>
<td>org.molgenis.security.twofactor.TwoFactorAuthenticationControllerTest@79e28671</td></tr>
<tr>
<td title='org.molgenis.security.google.GoogleAuthenticationProcessingFilterTest.attemptAuthenticationGoogleSignInDisabled()'><b>attemptAuthenticationGoogleSignInDisabled</b><br>Test class: org.molgenis.security.google.GoogleAuthenticationProcessingFilterTest</td>
<td><div><pre>org.springframework.security.authentication.AuthenticationServiceException: Google authentication not available
	at org.molgenis.security.google.GoogleAuthenticationProcessingFilter.attemptAuthentication(GoogleAuthenticationProcessingFilter.java:78)
	at org.molgenis.security.google.GoogleAuthenticationProcessingFilterTest.attemptAuthenticationGoogleSignInDisabled(GoogleAuthenticationProcessingFilterTest.java:54)
	at org.apache.maven.surefire.testng.TestNGExecutor.run(TestNGExecutor.java:135)
	at org.apache.maven.surefire.testng.TestNGDirectoryTestSuite.executeMulti(TestNGDirectoryTestSuite.java:193)
	at org.apache.maven.surefire.testng.TestNGDirectoryTestSuite.execute(TestNGDirectoryTestSuite.java:94)
	at org.apache.maven.surefire.testng.TestNGProvider.invoke(TestNGProvider.java:146)
	at org.apache.maven.surefire.booter.ForkedBooter.invokeProviderInSameClassLoader(ForkedBooter.java:379)
	at org.apache.maven.surefire.booter.ForkedBooter.runSuitesInProcess(ForkedBooter.java:340)
	at org.apache.maven.surefire.booter.ForkedBooter.execute(ForkedBooter.java:125)
	at org.apache.maven.surefire.booter.ForkedBooter.main(ForkedBooter.java:413)
... Removed 21 stack frames</pre></div><a href='#' onClick='toggleBox("stack-trace820368976", this, "Click to show all stack frames", "Click to hide stack frames")'>Click to show all stack frames</a>
<div class='stack-trace' id='stack-trace820368976'><pre>org.springframework.security.authentication.AuthenticationServiceException: Google authentication not available
	at org.molgenis.security.google.GoogleAuthenticationProcessingFilter.attemptAuthentication(GoogleAuthenticationProcessingFilter.java:78)
	at org.molgenis.security.google.GoogleAuthenticationProcessingFilterTest.attemptAuthenticationGoogleSignInDisabled(GoogleAuthenticationProcessingFilterTest.java:54)
	at sun.reflect.NativeMethodAccessorImpl.invoke0(Native Method)
	at sun.reflect.NativeMethodAccessorImpl.invoke(NativeMethodAccessorImpl.java:62)
	at sun.reflect.DelegatingMethodAccessorImpl.invoke(DelegatingMethodAccessorImpl.java:43)
	at java.lang.reflect.Method.invoke(Method.java:498)
	at org.testng.internal.MethodInvocationHelper.invokeMethod(MethodInvocationHelper.java:80)
	at org.testng.internal.Invoker.invokeMethod(Invoker.java:714)
	at org.testng.internal.Invoker.invokeTestMethod(Invoker.java:901)
	at org.testng.internal.Invoker.invokeTestMethods(Invoker.java:1231)
	at org.testng.internal.TestMethodWorker.invokeTestMethods(TestMethodWorker.java:127)
	at org.testng.internal.TestMethodWorker.run(TestMethodWorker.java:111)
	at org.testng.TestRunner.privateRun(TestRunner.java:767)
	at org.testng.TestRunner.run(TestRunner.java:617)
	at org.testng.SuiteRunner.runTest(SuiteRunner.java:334)
	at org.testng.SuiteRunner.runSequentially(SuiteRunner.java:329)
	at org.testng.SuiteRunner.privateRun(SuiteRunner.java:291)
	at org.testng.SuiteRunner.run(SuiteRunner.java:240)
	at org.testng.SuiteRunnerWorker.runSuite(SuiteRunnerWorker.java:52)
	at org.testng.SuiteRunnerWorker.run(SuiteRunnerWorker.java:86)
	at org.testng.TestNG.runSuitesSequentially(TestNG.java:1198)
	at org.testng.TestNG.runSuitesLocally(TestNG.java:1123)
	at org.testng.TestNG.run(TestNG.java:1031)
	at org.apache.maven.surefire.testng.TestNGExecutor.run(TestNGExecutor.java:135)
	at org.apache.maven.surefire.testng.TestNGDirectoryTestSuite.executeMulti(TestNGDirectoryTestSuite.java:193)
	at org.apache.maven.surefire.testng.TestNGDirectoryTestSuite.execute(TestNGDirectoryTestSuite.java:94)
	at org.apache.maven.surefire.testng.TestNGProvider.invoke(TestNGProvider.java:146)
	at org.apache.maven.surefire.booter.ForkedBooter.invokeProviderInSameClassLoader(ForkedBooter.java:379)
	at org.apache.maven.surefire.booter.ForkedBooter.runSuitesInProcess(ForkedBooter.java:340)
	at org.apache.maven.surefire.booter.ForkedBooter.execute(ForkedBooter.java:125)
	at org.apache.maven.surefire.booter.ForkedBooter.main(ForkedBooter.java:413)
</pre></div></td>
<td>0</td>
<td>org.molgenis.security.google.GoogleAuthenticationProcessingFilterTest@1d722bff</td></tr>
<tr>
<td title='org.molgenis.security.google.GoogleAuthenticationProcessingFilterTest.attemptAuthenticationMissingToken()'><b>attemptAuthenticationMissingToken</b><br>Test class: org.molgenis.security.google.GoogleAuthenticationProcessingFilterTest</td>
<td><div><pre>org.molgenis.security.core.token.UnknownTokenException
	at org.molgenis.security.google.GoogleAuthenticationProcessingFilter.attemptAuthentication(GoogleAuthenticationProcessingFilter.java:106)
	at org.molgenis.security.google.GoogleAuthenticationProcessingFilterTest.attemptAuthenticationMissingToken(GoogleAuthenticationProcessingFilterTest.java:62)
	at org.apache.maven.surefire.testng.TestNGExecutor.run(TestNGExecutor.java:135)
	at org.apache.maven.surefire.testng.TestNGDirectoryTestSuite.executeMulti(TestNGDirectoryTestSuite.java:193)
	at org.apache.maven.surefire.testng.TestNGDirectoryTestSuite.execute(TestNGDirectoryTestSuite.java:94)
	at org.apache.maven.surefire.testng.TestNGProvider.invoke(TestNGProvider.java:146)
	at org.apache.maven.surefire.booter.ForkedBooter.invokeProviderInSameClassLoader(ForkedBooter.java:379)
	at org.apache.maven.surefire.booter.ForkedBooter.runSuitesInProcess(ForkedBooter.java:340)
	at org.apache.maven.surefire.booter.ForkedBooter.execute(ForkedBooter.java:125)
	at org.apache.maven.surefire.booter.ForkedBooter.main(ForkedBooter.java:413)
... Removed 21 stack frames</pre></div><a href='#' onClick='toggleBox("stack-trace247725059", this, "Click to show all stack frames", "Click to hide stack frames")'>Click to show all stack frames</a>
<div class='stack-trace' id='stack-trace247725059'><pre>org.molgenis.security.core.token.UnknownTokenException
	at org.molgenis.security.google.GoogleAuthenticationProcessingFilter.attemptAuthentication(GoogleAuthenticationProcessingFilter.java:106)
	at org.molgenis.security.google.GoogleAuthenticationProcessingFilterTest.attemptAuthenticationMissingToken(GoogleAuthenticationProcessingFilterTest.java:62)
	at sun.reflect.NativeMethodAccessorImpl.invoke0(Native Method)
	at sun.reflect.NativeMethodAccessorImpl.invoke(NativeMethodAccessorImpl.java:62)
	at sun.reflect.DelegatingMethodAccessorImpl.invoke(DelegatingMethodAccessorImpl.java:43)
	at java.lang.reflect.Method.invoke(Method.java:498)
	at org.testng.internal.MethodInvocationHelper.invokeMethod(MethodInvocationHelper.java:80)
	at org.testng.internal.Invoker.invokeMethod(Invoker.java:714)
	at org.testng.internal.Invoker.invokeTestMethod(Invoker.java:901)
	at org.testng.internal.Invoker.invokeTestMethods(Invoker.java:1231)
	at org.testng.internal.TestMethodWorker.invokeTestMethods(TestMethodWorker.java:127)
	at org.testng.internal.TestMethodWorker.run(TestMethodWorker.java:111)
	at org.testng.TestRunner.privateRun(TestRunner.java:767)
	at org.testng.TestRunner.run(TestRunner.java:617)
	at org.testng.SuiteRunner.runTest(SuiteRunner.java:334)
	at org.testng.SuiteRunner.runSequentially(SuiteRunner.java:329)
	at org.testng.SuiteRunner.privateRun(SuiteRunner.java:291)
	at org.testng.SuiteRunner.run(SuiteRunner.java:240)
	at org.testng.SuiteRunnerWorker.runSuite(SuiteRunnerWorker.java:52)
	at org.testng.SuiteRunnerWorker.run(SuiteRunnerWorker.java:86)
	at org.testng.TestNG.runSuitesSequentially(TestNG.java:1198)
	at org.testng.TestNG.runSuitesLocally(TestNG.java:1123)
	at org.testng.TestNG.run(TestNG.java:1031)
	at org.apache.maven.surefire.testng.TestNGExecutor.run(TestNGExecutor.java:135)
	at org.apache.maven.surefire.testng.TestNGDirectoryTestSuite.executeMulti(TestNGDirectoryTestSuite.java:193)
	at org.apache.maven.surefire.testng.TestNGDirectoryTestSuite.execute(TestNGDirectoryTestSuite.java:94)
	at org.apache.maven.surefire.testng.TestNGProvider.invoke(TestNGProvider.java:146)
	at org.apache.maven.surefire.booter.ForkedBooter.invokeProviderInSameClassLoader(ForkedBooter.java:379)
	at org.apache.maven.surefire.booter.ForkedBooter.runSuitesInProcess(ForkedBooter.java:340)
	at org.apache.maven.surefire.booter.ForkedBooter.execute(ForkedBooter.java:125)
	at org.apache.maven.surefire.booter.ForkedBooter.main(ForkedBooter.java:413)
</pre></div></td>
<td>0</td>
<td>org.molgenis.security.google.GoogleAuthenticationProcessingFilterTest@1d722bff</td></tr>
<tr>
<td title='org.molgenis.security.token.TokenAuthenticationProviderTest.authenticate()'><b>authenticate</b><br>Test class: org.molgenis.security.token.TokenAuthenticationProviderTest</td>
<td></td>
<td>0</td>
<td>org.molgenis.security.token.TokenAuthenticationProviderTest@5c59dfc7</td></tr>
<tr>
<td title='org.molgenis.security.twofactor.TwoFactorAuthenticationControllerTest.authenticateExceptionTest()'><b>authenticateExceptionTest</b><br>Test class: org.molgenis.security.twofactor.TwoFactorAuthenticationControllerTest</td>
<td></td>
<td>0</td>
<td>org.molgenis.security.twofactor.TwoFactorAuthenticationControllerTest@79e28671</td></tr>
<tr>
<td title='org.molgenis.security.token.TokenAuthenticationProviderTest.authenticateInvalidToken()'><b>authenticateInvalidToken</b><br>Test class: org.molgenis.security.token.TokenAuthenticationProviderTest</td>
<td><div><pre>org.molgenis.security.core.token.UnknownTokenException: Invalid token
	at org.molgenis.security.token.TokenAuthenticationProvider.authenticate(TokenAuthenticationProvider.java:37)
	at org.molgenis.security.token.TokenAuthenticationProviderTest.authenticateInvalidToken(TokenAuthenticationProviderTest.java:52)
	at org.apache.maven.surefire.testng.TestNGExecutor.run(TestNGExecutor.java:135)
	at org.apache.maven.surefire.testng.TestNGDirectoryTestSuite.executeMulti(TestNGDirectoryTestSuite.java:193)
	at org.apache.maven.surefire.testng.TestNGDirectoryTestSuite.execute(TestNGDirectoryTestSuite.java:94)
	at org.apache.maven.surefire.testng.TestNGProvider.invoke(TestNGProvider.java:146)
	at org.apache.maven.surefire.booter.ForkedBooter.invokeProviderInSameClassLoader(ForkedBooter.java:379)
	at org.apache.maven.surefire.booter.ForkedBooter.runSuitesInProcess(ForkedBooter.java:340)
	at org.apache.maven.surefire.booter.ForkedBooter.execute(ForkedBooter.java:125)
	at org.apache.maven.surefire.booter.ForkedBooter.main(ForkedBooter.java:413)
... Removed 21 stack frames</pre></div><a href='#' onClick='toggleBox("stack-trace1563163807", this, "Click to show all stack frames", "Click to hide stack frames")'>Click to show all stack frames</a>
<div class='stack-trace' id='stack-trace1563163807'><pre>org.molgenis.security.core.token.UnknownTokenException: Invalid token
	at org.molgenis.security.token.TokenAuthenticationProvider.authenticate(TokenAuthenticationProvider.java:37)
	at org.molgenis.security.token.TokenAuthenticationProviderTest.authenticateInvalidToken(TokenAuthenticationProviderTest.java:52)
	at sun.reflect.NativeMethodAccessorImpl.invoke0(Native Method)
	at sun.reflect.NativeMethodAccessorImpl.invoke(NativeMethodAccessorImpl.java:62)
	at sun.reflect.DelegatingMethodAccessorImpl.invoke(DelegatingMethodAccessorImpl.java:43)
	at java.lang.reflect.Method.invoke(Method.java:498)
	at org.testng.internal.MethodInvocationHelper.invokeMethod(MethodInvocationHelper.java:80)
	at org.testng.internal.Invoker.invokeMethod(Invoker.java:714)
	at org.testng.internal.Invoker.invokeTestMethod(Invoker.java:901)
	at org.testng.internal.Invoker.invokeTestMethods(Invoker.java:1231)
	at org.testng.internal.TestMethodWorker.invokeTestMethods(TestMethodWorker.java:127)
	at org.testng.internal.TestMethodWorker.run(TestMethodWorker.java:111)
	at org.testng.TestRunner.privateRun(TestRunner.java:767)
	at org.testng.TestRunner.run(TestRunner.java:617)
	at org.testng.SuiteRunner.runTest(SuiteRunner.java:334)
	at org.testng.SuiteRunner.runSequentially(SuiteRunner.java:329)
	at org.testng.SuiteRunner.privateRun(SuiteRunner.java:291)
	at org.testng.SuiteRunner.run(SuiteRunner.java:240)
	at org.testng.SuiteRunnerWorker.runSuite(SuiteRunnerWorker.java:52)
	at org.testng.SuiteRunnerWorker.run(SuiteRunnerWorker.java:86)
	at org.testng.TestNG.runSuitesSequentially(TestNG.java:1198)
	at org.testng.TestNG.runSuitesLocally(TestNG.java:1123)
	at org.testng.TestNG.run(TestNG.java:1031)
	at org.apache.maven.surefire.testng.TestNGExecutor.run(TestNGExecutor.java:135)
	at org.apache.maven.surefire.testng.TestNGDirectoryTestSuite.executeMulti(TestNGDirectoryTestSuite.java:193)
	at org.apache.maven.surefire.testng.TestNGDirectoryTestSuite.execute(TestNGDirectoryTestSuite.java:94)
	at org.apache.maven.surefire.testng.TestNGProvider.invoke(TestNGProvider.java:146)
	at org.apache.maven.surefire.booter.ForkedBooter.invokeProviderInSameClassLoader(ForkedBooter.java:379)
	at org.apache.maven.surefire.booter.ForkedBooter.runSuitesInProcess(ForkedBooter.java:340)
	at org.apache.maven.surefire.booter.ForkedBooter.execute(ForkedBooter.java:125)
	at org.apache.maven.surefire.booter.ForkedBooter.main(ForkedBooter.java:413)
</pre></div></td>
<td>0</td>
<td>org.molgenis.security.token.TokenAuthenticationProviderTest@5c59dfc7</td></tr>
<tr>
<td title='org.molgenis.security.account.AccountServiceImplTest.changePassword()'><b>changePassword</b><br>Test class: org.molgenis.security.account.AccountServiceImplTest</td>
<td></td>
<td>0</td>
<td>org.molgenis.security.account.AccountServiceImplTest@4402ed61</td></tr>
<tr>
<td title='org.molgenis.security.user.UserDetailsCheckerTest.check_disabledUser()'><b>check_disabledUser</b><br>Test class: org.molgenis.security.user.UserDetailsCheckerTest</td>
<td><div><pre>org.springframework.security.authentication.DisabledException: User is disabled Mock for UserDetails, hashCode: 1245638286
	at org.molgenis.security.user.MolgenisUserDetailsChecker.check(MolgenisUserDetailsChecker.java:23)
	at org.molgenis.security.user.UserDetailsCheckerTest.check_disabledUser(UserDetailsCheckerTest.java:23)
	at org.apache.maven.surefire.testng.TestNGExecutor.run(TestNGExecutor.java:135)
	at org.apache.maven.surefire.testng.TestNGDirectoryTestSuite.executeMulti(TestNGDirectoryTestSuite.java:193)
	at org.apache.maven.surefire.testng.TestNGDirectoryTestSuite.execute(TestNGDirectoryTestSuite.java:94)
	at org.apache.maven.surefire.testng.TestNGProvider.invoke(TestNGProvider.java:146)
	at org.apache.maven.surefire.booter.ForkedBooter.invokeProviderInSameClassLoader(ForkedBooter.java:379)
	at org.apache.maven.surefire.booter.ForkedBooter.runSuitesInProcess(ForkedBooter.java:340)
	at org.apache.maven.surefire.booter.ForkedBooter.execute(ForkedBooter.java:125)
	at org.apache.maven.surefire.booter.ForkedBooter.main(ForkedBooter.java:413)
... Removed 21 stack frames</pre></div><a href='#' onClick='toggleBox("stack-trace1351303457", this, "Click to show all stack frames", "Click to hide stack frames")'>Click to show all stack frames</a>
<div class='stack-trace' id='stack-trace1351303457'><pre>org.springframework.security.authentication.DisabledException: User is disabled Mock for UserDetails, hashCode: 1245638286
	at org.molgenis.security.user.MolgenisUserDetailsChecker.check(MolgenisUserDetailsChecker.java:23)
	at org.molgenis.security.user.UserDetailsCheckerTest.check_disabledUser(UserDetailsCheckerTest.java:23)
	at sun.reflect.NativeMethodAccessorImpl.invoke0(Native Method)
	at sun.reflect.NativeMethodAccessorImpl.invoke(NativeMethodAccessorImpl.java:62)
	at sun.reflect.DelegatingMethodAccessorImpl.invoke(DelegatingMethodAccessorImpl.java:43)
	at java.lang.reflect.Method.invoke(Method.java:498)
	at org.testng.internal.MethodInvocationHelper.invokeMethod(MethodInvocationHelper.java:80)
	at org.testng.internal.Invoker.invokeMethod(Invoker.java:714)
	at org.testng.internal.Invoker.invokeTestMethod(Invoker.java:901)
	at org.testng.internal.Invoker.invokeTestMethods(Invoker.java:1231)
	at org.testng.internal.TestMethodWorker.invokeTestMethods(TestMethodWorker.java:127)
	at org.testng.internal.TestMethodWorker.run(TestMethodWorker.java:111)
	at org.testng.TestRunner.privateRun(TestRunner.java:767)
	at org.testng.TestRunner.run(TestRunner.java:617)
	at org.testng.SuiteRunner.runTest(SuiteRunner.java:334)
	at org.testng.SuiteRunner.runSequentially(SuiteRunner.java:329)
	at org.testng.SuiteRunner.privateRun(SuiteRunner.java:291)
	at org.testng.SuiteRunner.run(SuiteRunner.java:240)
	at org.testng.SuiteRunnerWorker.runSuite(SuiteRunnerWorker.java:52)
	at org.testng.SuiteRunnerWorker.run(SuiteRunnerWorker.java:86)
	at org.testng.TestNG.runSuitesSequentially(TestNG.java:1198)
	at org.testng.TestNG.runSuitesLocally(TestNG.java:1123)
	at org.testng.TestNG.run(TestNG.java:1031)
	at org.apache.maven.surefire.testng.TestNGExecutor.run(TestNGExecutor.java:135)
	at org.apache.maven.surefire.testng.TestNGDirectoryTestSuite.executeMulti(TestNGDirectoryTestSuite.java:193)
	at org.apache.maven.surefire.testng.TestNGDirectoryTestSuite.execute(TestNGDirectoryTestSuite.java:94)
	at org.apache.maven.surefire.testng.TestNGProvider.invoke(TestNGProvider.java:146)
	at org.apache.maven.surefire.booter.ForkedBooter.invokeProviderInSameClassLoader(ForkedBooter.java:379)
	at org.apache.maven.surefire.booter.ForkedBooter.runSuitesInProcess(ForkedBooter.java:340)
	at org.apache.maven.surefire.booter.ForkedBooter.execute(ForkedBooter.java:125)
	at org.apache.maven.surefire.booter.ForkedBooter.main(ForkedBooter.java:413)
</pre></div></td>
<td>0</td>
<td>org.molgenis.security.user.UserDetailsCheckerTest@72c29d87</td></tr>
<tr>
<td title='org.molgenis.security.user.UserDetailsCheckerTest.check_enabledUser()'><b>check_enabledUser</b><br>Test class: org.molgenis.security.user.UserDetailsCheckerTest</td>
<td></td>
<td>0</td>
<td>org.molgenis.security.user.UserDetailsCheckerTest@72c29d87</td></tr>
<tr>
<td title='org.molgenis.security.twofactor.TwoFactorAuthenticationControllerTest.configuredExceptionTest()'><b>configuredExceptionTest</b><br>Test class: org.molgenis.security.twofactor.TwoFactorAuthenticationControllerTest</td>
<td></td>
<td>0</td>
<td>org.molgenis.security.twofactor.TwoFactorAuthenticationControllerTest@79e28671</td></tr>
<tr>
<td title='org.molgenis.security.captcha.CaptchaServiceTest.createCaptcha()'><b>createCaptcha</b><br>Test class: org.molgenis.security.captcha.CaptchaServiceTest</td>
<td></td>
<td>0</td>
<td>org.molgenis.security.captcha.CaptchaServiceTest@28532753</td></tr>
<tr>
<td title='org.molgenis.security.account.AccountServiceImplTest.createUser()'><b>createUser</b><br>Test class: org.molgenis.security.account.AccountServiceImplTest</td>
<td></td>
<td>0</td>
<td>org.molgenis.security.account.AccountServiceImplTest@4402ed61</td></tr>
<tr>
<td title='org.molgenis.security.token.TokenAuthenticationFilterTest.doFilter()'><b>doFilter</b><br>Test class: org.molgenis.security.token.TokenAuthenticationFilterTest</td>
<td></td>
<td>0</td>
<td>org.molgenis.security.token.TokenAuthenticationFilterTest@5e1e19af</td></tr>
<tr>
<td title='org.molgenis.security.freemarker.HasPermissionDirectiveTest.executeWithPermission()'><b>executeWithPermission</b><br>Test class: org.molgenis.security.freemarker.HasPermissionDirectiveTest</td>
<td></td>
<td>0</td>
<td>org.molgenis.security.freemarker.HasPermissionDirectiveTest@2222cd2c</td></tr>
<tr>
<td title='org.molgenis.security.freemarker.HasPermissionDirectiveTest.executeWithoutPermission()'><b>executeWithoutPermission</b><br>Test class: org.molgenis.security.freemarker.HasPermissionDirectiveTest</td>
<td></td>
<td>0</td>
<td>org.molgenis.security.freemarker.HasPermissionDirectiveTest@2222cd2c</td></tr>
<tr>
<td title='org.molgenis.security.token.DataServiceTokenServiceTest.findUserByToken()'><b>findUserByToken</b><br>Test class: org.molgenis.security.token.DataServiceTokenServiceTest</td>
<td></td>
<td>0</td>
<td>org.molgenis.security.token.DataServiceTokenServiceTest@58ebfbcb</td></tr>
<tr>
<td title='org.molgenis.security.token.DataServiceTokenServiceTest.findUserByTokenExpired()'><b>findUserByTokenExpired</b><br>Test class: org.molgenis.security.token.DataServiceTokenServiceTest</td>
<td><div><pre>org.molgenis.security.core.token.UnknownTokenException: Invalid token
	at org.molgenis.security.token.DataServiceTokenService.getMolgenisToken(DataServiceTokenService.java:103)
	at org.molgenis.security.token.DataServiceTokenService.findUserByToken(DataServiceTokenService.java:53)
	at org.molgenis.security.token.DataServiceTokenServiceTest.findUserByTokenExpired(DataServiceTokenServiceTest.java:77)
	at org.apache.maven.surefire.testng.TestNGExecutor.run(TestNGExecutor.java:135)
	at org.apache.maven.surefire.testng.TestNGDirectoryTestSuite.executeMulti(TestNGDirectoryTestSuite.java:193)
	at org.apache.maven.surefire.testng.TestNGDirectoryTestSuite.execute(TestNGDirectoryTestSuite.java:94)
	at org.apache.maven.surefire.testng.TestNGProvider.invoke(TestNGProvider.java:146)
	at org.apache.maven.surefire.booter.ForkedBooter.invokeProviderInSameClassLoader(ForkedBooter.java:379)
	at org.apache.maven.surefire.booter.ForkedBooter.runSuitesInProcess(ForkedBooter.java:340)
	at org.apache.maven.surefire.booter.ForkedBooter.execute(ForkedBooter.java:125)
	at org.apache.maven.surefire.booter.ForkedBooter.main(ForkedBooter.java:413)
... Removed 21 stack frames</pre></div><a href='#' onClick='toggleBox("stack-trace30389662", this, "Click to show all stack frames", "Click to hide stack frames")'>Click to show all stack frames</a>
<div class='stack-trace' id='stack-trace30389662'><pre>org.molgenis.security.core.token.UnknownTokenException: Invalid token
	at org.molgenis.security.token.DataServiceTokenService.getMolgenisToken(DataServiceTokenService.java:103)
	at org.molgenis.security.token.DataServiceTokenService.findUserByToken(DataServiceTokenService.java:53)
	at org.molgenis.security.token.DataServiceTokenServiceTest.findUserByTokenExpired(DataServiceTokenServiceTest.java:77)
	at sun.reflect.NativeMethodAccessorImpl.invoke0(Native Method)
	at sun.reflect.NativeMethodAccessorImpl.invoke(NativeMethodAccessorImpl.java:62)
	at sun.reflect.DelegatingMethodAccessorImpl.invoke(DelegatingMethodAccessorImpl.java:43)
	at java.lang.reflect.Method.invoke(Method.java:498)
	at org.testng.internal.MethodInvocationHelper.invokeMethod(MethodInvocationHelper.java:80)
	at org.testng.internal.Invoker.invokeMethod(Invoker.java:714)
	at org.testng.internal.Invoker.invokeTestMethod(Invoker.java:901)
	at org.testng.internal.Invoker.invokeTestMethods(Invoker.java:1231)
	at org.testng.internal.TestMethodWorker.invokeTestMethods(TestMethodWorker.java:127)
	at org.testng.internal.TestMethodWorker.run(TestMethodWorker.java:111)
	at org.testng.TestRunner.privateRun(TestRunner.java:767)
	at org.testng.TestRunner.run(TestRunner.java:617)
	at org.testng.SuiteRunner.runTest(SuiteRunner.java:334)
	at org.testng.SuiteRunner.runSequentially(SuiteRunner.java:329)
	at org.testng.SuiteRunner.privateRun(SuiteRunner.java:291)
	at org.testng.SuiteRunner.run(SuiteRunner.java:240)
	at org.testng.SuiteRunnerWorker.runSuite(SuiteRunnerWorker.java:52)
	at org.testng.SuiteRunnerWorker.run(SuiteRunnerWorker.java:86)
	at org.testng.TestNG.runSuitesSequentially(TestNG.java:1198)
	at org.testng.TestNG.runSuitesLocally(TestNG.java:1123)
	at org.testng.TestNG.run(TestNG.java:1031)
	at org.apache.maven.surefire.testng.TestNGExecutor.run(TestNGExecutor.java:135)
	at org.apache.maven.surefire.testng.TestNGDirectoryTestSuite.executeMulti(TestNGDirectoryTestSuite.java:193)
	at org.apache.maven.surefire.testng.TestNGDirectoryTestSuite.execute(TestNGDirectoryTestSuite.java:94)
	at org.apache.maven.surefire.testng.TestNGProvider.invoke(TestNGProvider.java:146)
	at org.apache.maven.surefire.booter.ForkedBooter.invokeProviderInSameClassLoader(ForkedBooter.java:379)
	at org.apache.maven.surefire.booter.ForkedBooter.runSuitesInProcess(ForkedBooter.java:340)
	at org.apache.maven.surefire.booter.ForkedBooter.execute(ForkedBooter.java:125)
	at org.apache.maven.surefire.booter.ForkedBooter.main(ForkedBooter.java:413)
</pre></div></td>
<td>0</td>
<td>org.molgenis.security.token.DataServiceTokenServiceTest@58ebfbcb</td></tr>
<tr>
<td title='org.molgenis.security.token.DataServiceTokenServiceTest.generateAndStoreToken()'><b>generateAndStoreToken</b><br>Test class: org.molgenis.security.token.DataServiceTokenServiceTest</td>
<td></td>
<td>0</td>
<td>org.molgenis.security.token.DataServiceTokenServiceTest@58ebfbcb</td></tr>
<tr>
<td title='org.molgenis.security.twofactor.service.TwoFactorAuthenticationServiceImplTest.generateSecretKeyTest()'><b>generateSecretKeyTest</b><br>Test class: org.molgenis.security.twofactor.service.TwoFactorAuthenticationServiceImplTest</td>
<td></td>
<td>0</td>
<td>org.molgenis.security.twofactor.service.TwoFactorAuthenticationServiceImplTest@73a88711</td></tr>
<tr>
<td title='org.molgenis.security.token.TokenGeneratorTest.generateToken()'><b>generateToken</b><br>Test class: org.molgenis.security.token.TokenGeneratorTest</td>
<td></td>
<td>0</td>
<td>org.molgenis.security.token.TokenGeneratorTest@5cfa9e8a</td></tr>
<tr>
<td title='org.molgenis.security.twofactor.service.TwoFactorAuthenticationServiceImplTest.generateWrongSecretKeyTest()'><b>generateWrongSecretKeyTest</b><br>Test class: org.molgenis.security.twofactor.service.TwoFactorAuthenticationServiceImplTest</td>
<td></td>
<td>0</td>
<td>org.molgenis.security.twofactor.service.TwoFactorAuthenticationServiceImplTest@73a88711</td></tr>
<tr>
<td title='org.molgenis.security.captcha.CaptchaControllerTest.getCaptcha()'><b>getCaptcha</b><br>Test class: org.molgenis.security.captcha.CaptchaControllerTest</td>
<td></td>
<td>0</td>
<td>org.molgenis.security.captcha.CaptchaControllerTest@40ed4674</td></tr>
<tr>
<td title='org.molgenis.security.user.UserAccountServiceImplTest.getCurrentUser()'><b>getCurrentUser</b><br>Test class: org.molgenis.security.user.UserAccountServiceImplTest</td>
<td></td>
<td>0</td>
<td>org.molgenis.security.user.UserAccountServiceImplTest@4960b819</td></tr>
<tr>
<td title='org.molgenis.security.login.MolgenisLoginControllerTest.getLoginErrorPage()'><b>getLoginErrorPage</b><br>Test class: org.molgenis.security.login.MolgenisLoginControllerTest</td>
<td></td>
<td>0</td>
<td>org.molgenis.security.login.MolgenisLoginControllerTest@4e312811</td></tr>
<tr>
<td title='org.molgenis.security.login.MolgenisLoginControllerTest.getLoginErrorPageSessionExpired()'><b>getLoginErrorPageSessionExpired</b><br>Test class: org.molgenis.security.login.MolgenisLoginControllerTest</td>
<td></td>
<td>0</td>
<td>org.molgenis.security.login.MolgenisLoginControllerTest@4e312811</td></tr>
<tr>
<td title='org.molgenis.security.account.AccountControllerTest.getLoginForm()'><b>getLoginForm</b><br>Test class: org.molgenis.security.account.AccountControllerTest</td>
<td></td>
<td>0</td>
<td>org.molgenis.security.account.AccountControllerTest@81a56b2</td></tr>
<tr>
<td title='org.molgenis.security.login.MolgenisLoginControllerTest.getLoginPage()'><b>getLoginPage</b><br>Test class: org.molgenis.security.login.MolgenisLoginControllerTest</td>
<td></td>
<td>0</td>
<td>org.molgenis.security.login.MolgenisLoginControllerTest@4e312811</td></tr>
<tr>
<td title='org.molgenis.security.account.AccountControllerTest.getPasswordResetForm()'><b>getPasswordResetForm</b><br>Test class: org.molgenis.security.account.AccountControllerTest</td>
<td></td>
<td>0</td>
<td>org.molgenis.security.account.AccountControllerTest@81a56b2</td></tr>
<tr>
<td title='org.molgenis.security.account.AccountControllerTest.getRegisterForm()'><b>getRegisterForm</b><br>Test class: org.molgenis.security.account.AccountControllerTest</td>
<td></td>
<td>0</td>
<td>org.molgenis.security.account.AccountControllerTest@81a56b2</td></tr>
<tr>
<td title='org.molgenis.security.permission.PermissionSystemServiceImplTest.giveUserEntityPermissions()'><b>giveUserEntityPermissions</b><br>Test class: org.molgenis.security.permission.PermissionSystemServiceImplTest</td>
<td></td>
<td>0</td>
<td>org.molgenis.security.permission.PermissionSystemServiceImplTest@25c98637</td></tr>
<tr>
<td title='org.molgenis.security.permission.UserPermissionEvaluatorImplTest.hasPermissionOnEntityTypeFalse()'><b>hasPermissionOnEntityTypeFalse</b><br>Test class: org.molgenis.security.permission.UserPermissionEvaluatorImplTest</td>
<td></td>
<td>0</td>
<td>org.molgenis.security.permission.UserPermissionEvaluatorImplTest@3dcf6026</td></tr>
<tr>
<td title='org.molgenis.security.permission.UserPermissionEvaluatorImplTest.hasPermissionOnEntityTypeSuperuser()'><b>hasPermissionOnEntityTypeSuperuser</b><br>Test class: org.molgenis.security.permission.UserPermissionEvaluatorImplTest</td>
<td></td>
<td>0</td>
<td>org.molgenis.security.permission.UserPermissionEvaluatorImplTest@3dcf6026</td></tr>
<tr>
<td title='org.molgenis.security.permission.UserPermissionEvaluatorImplTest.hasPermissionOnEntityTypeSystemUser()'><b>hasPermissionOnEntityTypeSystemUser</b><br>Test class: org.molgenis.security.permission.UserPermissionEvaluatorImplTest</td>
<td></td>
<td>0</td>
<td>org.molgenis.security.permission.UserPermissionEvaluatorImplTest@3dcf6026</td></tr>
<tr>
<td title='org.molgenis.security.permission.UserPermissionEvaluatorImplTest.hasPermissionOnEntityTypeTrue()'><b>hasPermissionOnEntityTypeTrue</b><br>Test class: org.molgenis.security.permission.UserPermissionEvaluatorImplTest</td>
<td></td>
<td>0</td>
<td>org.molgenis.security.permission.UserPermissionEvaluatorImplTest@3dcf6026</td></tr>
<tr>
<td title='org.molgenis.security.permission.UserPermissionEvaluatorImplTest.hasPermissionOnPluginFalse()'><b>hasPermissionOnPluginFalse</b><br>Test class: org.molgenis.security.permission.UserPermissionEvaluatorImplTest</td>
<td></td>
<td>0</td>
<td>org.molgenis.security.permission.UserPermissionEvaluatorImplTest@3dcf6026</td></tr>
<tr>
<td title='org.molgenis.security.permission.UserPermissionEvaluatorImplTest.hasPermissionOnPluginSuperuser()'><b>hasPermissionOnPluginSuperuser</b><br>Test class: org.molgenis.security.permission.UserPermissionEvaluatorImplTest</td>
<td></td>
<td>0</td>
<td>org.molgenis.security.permission.UserPermissionEvaluatorImplTest@3dcf6026</td></tr>
<tr>
<td title='org.molgenis.security.permission.UserPermissionEvaluatorImplTest.hasPermissionOnPluginSystemUser()'><b>hasPermissionOnPluginSystemUser</b><br>Test class: org.molgenis.security.permission.UserPermissionEvaluatorImplTest</td>
<td></td>
<td>0</td>
<td>org.molgenis.security.permission.UserPermissionEvaluatorImplTest@3dcf6026</td></tr>
<tr>
<td title='org.molgenis.security.permission.UserPermissionEvaluatorImplTest.hasPermissionOnPluginTrue()'><b>hasPermissionOnPluginTrue</b><br>Test class: org.molgenis.security.permission.UserPermissionEvaluatorImplTest</td>
<td></td>
<td>0</td>
<td>org.molgenis.security.permission.UserPermissionEvaluatorImplTest@3dcf6026</td></tr>
<tr>
<td title='org.molgenis.security.permission.UserPermissionEvaluatorImplTest.hasPermissionSetOnEntityTypeFalse()'><b>hasPermissionSetOnEntityTypeFalse</b><br>Test class: org.molgenis.security.permission.UserPermissionEvaluatorImplTest</td>
<td></td>
<td>0</td>
<td>org.molgenis.security.permission.UserPermissionEvaluatorImplTest@3dcf6026</td></tr>
<tr>
<td title='org.molgenis.security.permission.UserPermissionEvaluatorImplTest.hasPermissionSetOnEntityTypeSuperuser()'><b>hasPermissionSetOnEntityTypeSuperuser</b><br>Test class: org.molgenis.security.permission.UserPermissionEvaluatorImplTest</td>
<td></td>
<td>0</td>
<td>org.molgenis.security.permission.UserPermissionEvaluatorImplTest@3dcf6026</td></tr>
<tr>
<td title='org.molgenis.security.permission.UserPermissionEvaluatorImplTest.hasPermissionSetOnEntityTypeSystemUser()'><b>hasPermissionSetOnEntityTypeSystemUser</b><br>Test class: org.molgenis.security.permission.UserPermissionEvaluatorImplTest</td>
<td></td>
<td>0</td>
<td>org.molgenis.security.permission.UserPermissionEvaluatorImplTest@3dcf6026</td></tr>
<tr>
<td title='org.molgenis.security.permission.UserPermissionEvaluatorImplTest.hasPermissionSetOnEntityTypeTrue()'><b>hasPermissionSetOnEntityTypeTrue</b><br>Test class: org.molgenis.security.permission.UserPermissionEvaluatorImplTest</td>
<td></td>
<td>0</td>
<td>org.molgenis.security.permission.UserPermissionEvaluatorImplTest@3dcf6026</td></tr>
<tr>
<td title='org.molgenis.security.permission.UserPermissionEvaluatorImplTest.hasPermissionSetOnPluginFalse()'><b>hasPermissionSetOnPluginFalse</b><br>Test class: org.molgenis.security.permission.UserPermissionEvaluatorImplTest</td>
<td></td>
<td>0</td>
<td>org.molgenis.security.permission.UserPermissionEvaluatorImplTest@3dcf6026</td></tr>
<tr>
<td title='org.molgenis.security.permission.UserPermissionEvaluatorImplTest.hasPermissionSetOnPluginSuperuser()'><b>hasPermissionSetOnPluginSuperuser</b><br>Test class: org.molgenis.security.permission.UserPermissionEvaluatorImplTest</td>
<td></td>
<td>0</td>
<td>org.molgenis.security.permission.UserPermissionEvaluatorImplTest@3dcf6026</td></tr>
<tr>
<td title='org.molgenis.security.permission.UserPermissionEvaluatorImplTest.hasPermissionSetOnPluginSystemUser()'><b>hasPermissionSetOnPluginSystemUser</b><br>Test class: org.molgenis.security.permission.UserPermissionEvaluatorImplTest</td>
<td></td>
<td>0</td>
<td>org.molgenis.security.permission.UserPermissionEvaluatorImplTest@3dcf6026</td></tr>
<tr>
<td title='org.molgenis.security.permission.UserPermissionEvaluatorImplTest.hasPermissionSetOnPluginTrue()'><b>hasPermissionSetOnPluginTrue</b><br>Test class: org.molgenis.security.permission.UserPermissionEvaluatorImplTest</td>
<td></td>
<td>0</td>
<td>org.molgenis.security.permission.UserPermissionEvaluatorImplTest@3dcf6026</td></tr>
<tr>
<td title='org.molgenis.security.permission.MolgenisPermissionControllerTest.hasReadPermissionFalse()'><b>hasReadPermissionFalse</b><br>Test class: org.molgenis.security.permission.MolgenisPermissionControllerTest</td>
<td></td>
<td>0</td>
<td>org.molgenis.security.permission.MolgenisPermissionControllerTest@535aa7c7</td></tr>
<tr>
<td title='org.molgenis.security.permission.MolgenisPermissionControllerTest.hasReadPermissionTrue()'><b>hasReadPermissionTrue</b><br>Test class: org.molgenis.security.permission.MolgenisPermissionControllerTest</td>
<td></td>
<td>0</td>
<td>org.molgenis.security.permission.MolgenisPermissionControllerTest@535aa7c7</td></tr>
<tr>
<td title='org.molgenis.security.permission.MolgenisPermissionControllerTest.hasWritePermissionFalse()'><b>hasWritePermissionFalse</b><br>Test class: org.molgenis.security.permission.MolgenisPermissionControllerTest</td>
<td></td>
<td>0</td>
<td>org.molgenis.security.permission.MolgenisPermissionControllerTest@535aa7c7</td></tr>
<tr>
<td title='org.molgenis.security.permission.MolgenisPermissionControllerTest.hasWritePermissionTrue()'><b>hasWritePermissionTrue</b><br>Test class: org.molgenis.security.permission.MolgenisPermissionControllerTest</td>
<td></td>
<td>0</td>
<td>org.molgenis.security.permission.MolgenisPermissionControllerTest@535aa7c7</td></tr>
<tr>
<td title='org.molgenis.security.twofactor.service.TwoFactorAuthenticationServiceImplTest.isConfiguredForUserTest()'><b>isConfiguredForUserTest</b><br>Test class: org.molgenis.security.twofactor.service.TwoFactorAuthenticationServiceImplTest</td>
<td></td>
<td>0</td>
<td>org.molgenis.security.twofactor.service.TwoFactorAuthenticationServiceImplTest@73a88711</td></tr>
<tr>
<td title='org.molgenis.security.account.AccountControllerTest.registerUser_activationModeAdmin()'><b>registerUser_activationModeAdmin</b><br>Test class: org.molgenis.security.account.AccountControllerTest</td>
<td></td>
<td>0</td>
<td>org.molgenis.security.account.AccountControllerTest@81a56b2</td></tr>
<tr>
<td title='org.molgenis.security.account.AccountControllerTest.registerUser_activationModeUser()'><b>registerUser_activationModeUser</b><br>Test class: org.molgenis.security.account.AccountControllerTest</td>
<td></td>
<td>0</td>
<td>org.molgenis.security.account.AccountControllerTest@81a56b2</td></tr>
<tr>
<td title='org.molgenis.security.account.AccountControllerTest.registerUser_activationModeUserProxy()'><b>registerUser_activationModeUserProxy</b><br>Test class: org.molgenis.security.account.AccountControllerTest</td>
<td></td>
<td>0</td>
<td>org.molgenis.security.account.AccountControllerTest@81a56b2</td></tr>
<tr>
<td title='org.molgenis.security.account.AccountControllerTest.registerUser_activationModeUserProxyWithScheme()'><b>registerUser_activationModeUserProxyWithScheme</b><br>Test class: org.molgenis.security.account.AccountControllerTest</td>
<td></td>
<td>0</td>
<td>org.molgenis.security.account.AccountControllerTest@81a56b2</td></tr>
<tr>
<td title='org.molgenis.security.account.AccountControllerTest.registerUser_invalidCaptcha()'><b>registerUser_invalidCaptcha</b><br>Test class: org.molgenis.security.account.AccountControllerTest</td>
<td></td>
<td>0</td>
<td>org.molgenis.security.account.AccountControllerTest@81a56b2</td></tr>
<tr>
<td title='org.molgenis.security.account.AccountControllerTest.registerUser_invalidUserField()'><b>registerUser_invalidUserField</b><br>Test class: org.molgenis.security.account.AccountControllerTest</td>
<td></td>
<td>0</td>
<td>org.molgenis.security.account.AccountControllerTest@81a56b2</td></tr>
<tr>
<td title='org.molgenis.security.account.AccountControllerTest.registerUser_passwordNotEqualsConfirmPassword()'><b>registerUser_passwordNotEqualsConfirmPassword</b><br>Test class: org.molgenis.security.account.AccountControllerTest</td>
<td></td>
<td>0</td>
<td>org.molgenis.security.account.AccountControllerTest@81a56b2</td></tr>
<tr>
<td title='org.molgenis.security.token.DataServiceTokenServiceTest.removeToken()'><b>removeToken</b><br>Test class: org.molgenis.security.token.DataServiceTokenServiceTest</td>
<td></td>
<td>0</td>
<td>org.molgenis.security.token.DataServiceTokenServiceTest@58ebfbcb</td></tr>
<tr>
<td title='org.molgenis.security.account.AccountControllerTest.resetPassword()'><b>resetPassword</b><br>Test class: org.molgenis.security.account.AccountControllerTest</td>
<td></td>
<td>0</td>
<td>org.molgenis.security.account.AccountControllerTest@81a56b2</td></tr>
<tr>
<td title='org.molgenis.security.account.AccountServiceImplTest.resetPassword()'><b>resetPassword</b><br>Test class: org.molgenis.security.account.AccountServiceImplTest</td>
<td></td>
<td>0</td>
<td>org.molgenis.security.account.AccountServiceImplTest@4402ed61</td></tr>
<tr>
<td title='org.molgenis.security.account.AccountServiceImplTest.resetPassword_invalidEmailAddress()'><b>resetPassword_invalidEmailAddress</b><br>Test class: org.molgenis.security.account.AccountServiceImplTest</td>
<td><div><pre>org.molgenis.security.user.MolgenisUserException: Invalid email address.
	at org.molgenis.security.account.AccountServiceImpl.resetPassword(AccountServiceImpl.java:190)
	at org.molgenis.security.account.AccountServiceImplTest.resetPassword_invalidEmailAddress(AccountServiceImplTest.java:197)
	at org.springframework.test.context.testng.AbstractTestNGSpringContextTests.run(AbstractTestNGSpringContextTests.java:180)
	at org.apache.maven.surefire.testng.TestNGExecutor.run(TestNGExecutor.java:135)
	at org.apache.maven.surefire.testng.TestNGDirectoryTestSuite.executeMulti(TestNGDirectoryTestSuite.java:193)
	at org.apache.maven.surefire.testng.TestNGDirectoryTestSuite.execute(TestNGDirectoryTestSuite.java:94)
	at org.apache.maven.surefire.testng.TestNGProvider.invoke(TestNGProvider.java:146)
	at org.apache.maven.surefire.booter.ForkedBooter.invokeProviderInSameClassLoader(ForkedBooter.java:379)
	at org.apache.maven.surefire.booter.ForkedBooter.runSuitesInProcess(ForkedBooter.java:340)
	at org.apache.maven.surefire.booter.ForkedBooter.execute(ForkedBooter.java:125)
	at org.apache.maven.surefire.booter.ForkedBooter.main(ForkedBooter.java:413)
... Removed 26 stack frames</pre></div><a href='#' onClick='toggleBox("stack-trace314582", this, "Click to show all stack frames", "Click to hide stack frames")'>Click to show all stack frames</a>
<div class='stack-trace' id='stack-trace314582'><pre>org.molgenis.security.user.MolgenisUserException: Invalid email address.
	at org.molgenis.security.account.AccountServiceImpl.resetPassword(AccountServiceImpl.java:190)
	at org.molgenis.security.account.AccountServiceImplTest.resetPassword_invalidEmailAddress(AccountServiceImplTest.java:197)
	at sun.reflect.NativeMethodAccessorImpl.invoke0(Native Method)
	at sun.reflect.NativeMethodAccessorImpl.invoke(NativeMethodAccessorImpl.java:62)
	at sun.reflect.DelegatingMethodAccessorImpl.invoke(DelegatingMethodAccessorImpl.java:43)
	at java.lang.reflect.Method.invoke(Method.java:498)
	at org.testng.internal.MethodInvocationHelper.invokeMethod(MethodInvocationHelper.java:80)
	at org.testng.internal.MethodInvocationHelper$1.runTestMethod(MethodInvocationHelper.java:182)
	at org.springframework.test.context.testng.AbstractTestNGSpringContextTests.run(AbstractTestNGSpringContextTests.java:180)
	at sun.reflect.GeneratedMethodAccessor87.invoke(Unknown Source)
	at sun.reflect.DelegatingMethodAccessorImpl.invoke(DelegatingMethodAccessorImpl.java:43)
	at java.lang.reflect.Method.invoke(Method.java:498)
	at org.testng.internal.MethodInvocationHelper.invokeHookable(MethodInvocationHelper.java:194)
	at org.testng.internal.Invoker.invokeMethod(Invoker.java:707)
	at org.testng.internal.Invoker.invokeTestMethod(Invoker.java:901)
	at org.testng.internal.Invoker.invokeTestMethods(Invoker.java:1231)
	at org.testng.internal.TestMethodWorker.invokeTestMethods(TestMethodWorker.java:127)
	at org.testng.internal.TestMethodWorker.run(TestMethodWorker.java:111)
	at org.testng.TestRunner.privateRun(TestRunner.java:767)
	at org.testng.TestRunner.run(TestRunner.java:617)
	at org.testng.SuiteRunner.runTest(SuiteRunner.java:334)
	at org.testng.SuiteRunner.runSequentially(SuiteRunner.java:329)
	at org.testng.SuiteRunner.privateRun(SuiteRunner.java:291)
	at org.testng.SuiteRunner.run(SuiteRunner.java:240)
	at org.testng.SuiteRunnerWorker.runSuite(SuiteRunnerWorker.java:52)
	at org.testng.SuiteRunnerWorker.run(SuiteRunnerWorker.java:86)
	at org.testng.TestNG.runSuitesSequentially(TestNG.java:1198)
	at org.testng.TestNG.runSuitesLocally(TestNG.java:1123)
	at org.testng.TestNG.run(TestNG.java:1031)
	at org.apache.maven.surefire.testng.TestNGExecutor.run(TestNGExecutor.java:135)
	at org.apache.maven.surefire.testng.TestNGDirectoryTestSuite.executeMulti(TestNGDirectoryTestSuite.java:193)
	at org.apache.maven.surefire.testng.TestNGDirectoryTestSuite.execute(TestNGDirectoryTestSuite.java:94)
	at org.apache.maven.surefire.testng.TestNGProvider.invoke(TestNGProvider.java:146)
	at org.apache.maven.surefire.booter.ForkedBooter.invokeProviderInSameClassLoader(ForkedBooter.java:379)
	at org.apache.maven.surefire.booter.ForkedBooter.runSuitesInProcess(ForkedBooter.java:340)
	at org.apache.maven.surefire.booter.ForkedBooter.execute(ForkedBooter.java:125)
	at org.apache.maven.surefire.booter.ForkedBooter.main(ForkedBooter.java:413)
</pre></div></td>
<td>0</td>
<td>org.molgenis.security.account.AccountServiceImplTest@4402ed61</td></tr>
<tr>
<td title='org.molgenis.security.twofactor.service.TwoFactorAuthenticationServiceImplTest.setSecretKeyTest()'><b>setSecretKeyTest</b><br>Test class: org.molgenis.security.twofactor.service.TwoFactorAuthenticationServiceImplTest</td>
<td></td>
<td>0</td>
<td>org.molgenis.security.twofactor.service.TwoFactorAuthenticationServiceImplTest@73a88711</td></tr>
<tr>
<td title='org.molgenis.security.acl.AclCacheTransactionListenerTest.testAclCacheTransactionListener()'><b>testAclCacheTransactionListener</b><br>Test class: org.molgenis.security.acl.AclCacheTransactionListenerTest</td>
<td><div><pre>java.lang.NullPointerException
	at java.util.Objects.requireNonNull(Objects.java:203)
	at org.molgenis.security.acl.AclCacheTransactionListener.&lt;init&gt;(AclCacheTransactionListener.java:15)
	at org.molgenis.security.acl.AclCacheTransactionListenerTest.testAclCacheTransactionListener(AclCacheTransactionListenerTest.java:28)
	at org.apache.maven.surefire.testng.TestNGExecutor.run(TestNGExecutor.java:135)
	at org.apache.maven.surefire.testng.TestNGDirectoryTestSuite.executeMulti(TestNGDirectoryTestSuite.java:193)
	at org.apache.maven.surefire.testng.TestNGDirectoryTestSuite.execute(TestNGDirectoryTestSuite.java:94)
	at org.apache.maven.surefire.testng.TestNGProvider.invoke(TestNGProvider.java:146)
	at org.apache.maven.surefire.booter.ForkedBooter.invokeProviderInSameClassLoader(ForkedBooter.java:379)
	at org.apache.maven.surefire.booter.ForkedBooter.runSuitesInProcess(ForkedBooter.java:340)
	at org.apache.maven.surefire.booter.ForkedBooter.execute(ForkedBooter.java:125)
	at org.apache.maven.surefire.booter.ForkedBooter.main(ForkedBooter.java:413)
... Removed 21 stack frames</pre></div><a href='#' onClick='toggleBox("stack-trace384861822", this, "Click to show all stack frames", "Click to hide stack frames")'>Click to show all stack frames</a>
<div class='stack-trace' id='stack-trace384861822'><pre>java.lang.NullPointerException
	at java.util.Objects.requireNonNull(Objects.java:203)
	at org.molgenis.security.acl.AclCacheTransactionListener.&lt;init&gt;(AclCacheTransactionListener.java:15)
	at org.molgenis.security.acl.AclCacheTransactionListenerTest.testAclCacheTransactionListener(AclCacheTransactionListenerTest.java:28)
	at sun.reflect.NativeMethodAccessorImpl.invoke0(Native Method)
	at sun.reflect.NativeMethodAccessorImpl.invoke(NativeMethodAccessorImpl.java:62)
	at sun.reflect.DelegatingMethodAccessorImpl.invoke(DelegatingMethodAccessorImpl.java:43)
	at java.lang.reflect.Method.invoke(Method.java:498)
	at org.testng.internal.MethodInvocationHelper.invokeMethod(MethodInvocationHelper.java:80)
	at org.testng.internal.Invoker.invokeMethod(Invoker.java:714)
	at org.testng.internal.Invoker.invokeTestMethod(Invoker.java:901)
	at org.testng.internal.Invoker.invokeTestMethods(Invoker.java:1231)
	at org.testng.internal.TestMethodWorker.invokeTestMethods(TestMethodWorker.java:127)
	at org.testng.internal.TestMethodWorker.run(TestMethodWorker.java:111)
	at org.testng.TestRunner.privateRun(TestRunner.java:767)
	at org.testng.TestRunner.run(TestRunner.java:617)
	at org.testng.SuiteRunner.runTest(SuiteRunner.java:334)
	at org.testng.SuiteRunner.runSequentially(SuiteRunner.java:329)
	at org.testng.SuiteRunner.privateRun(SuiteRunner.java:291)
	at org.testng.SuiteRunner.run(SuiteRunner.java:240)
	at org.testng.SuiteRunnerWorker.runSuite(SuiteRunnerWorker.java:52)
	at org.testng.SuiteRunnerWorker.run(SuiteRunnerWorker.java:86)
	at org.testng.TestNG.runSuitesSequentially(TestNG.java:1198)
	at org.testng.TestNG.runSuitesLocally(TestNG.java:1123)
	at org.testng.TestNG.run(TestNG.java:1031)
	at org.apache.maven.surefire.testng.TestNGExecutor.run(TestNGExecutor.java:135)
	at org.apache.maven.surefire.testng.TestNGDirectoryTestSuite.executeMulti(TestNGDirectoryTestSuite.java:193)
	at org.apache.maven.surefire.testng.TestNGDirectoryTestSuite.execute(TestNGDirectoryTestSuite.java:94)
	at org.apache.maven.surefire.testng.TestNGProvider.invoke(TestNGProvider.java:146)
	at org.apache.maven.surefire.booter.ForkedBooter.invokeProviderInSameClassLoader(ForkedBooter.java:379)
	at org.apache.maven.surefire.booter.ForkedBooter.runSuitesInProcess(ForkedBooter.java:340)
	at org.apache.maven.surefire.booter.ForkedBooter.execute(ForkedBooter.java:125)
	at org.apache.maven.surefire.booter.ForkedBooter.main(ForkedBooter.java:413)
</pre></div></td>
<td>0</td>
<td>org.molgenis.security.acl.AclCacheTransactionListenerTest@1181526e</td></tr>
<tr>
<td title='org.molgenis.security.twofactor.auth.RecoveryAuthenticationProviderTest.testAuthenticateInvalidToken()'><b>testAuthenticateInvalidToken</b><br>Test class: org.molgenis.security.twofactor.auth.RecoveryAuthenticationProviderTest</td>
<td><div><pre>java.lang.IllegalArgumentException: Only RecoveryAuthenticationToken is supported
	at org.molgenis.security.twofactor.auth.RecoveryAuthenticationProviderImpl.authenticate(RecoveryAuthenticationProviderImpl.java:30)
	at org.molgenis.security.twofactor.auth.RecoveryAuthenticationProviderTest.testAuthenticateInvalidToken(RecoveryAuthenticationProviderTest.java:37)
	at org.springframework.test.context.testng.AbstractTestNGSpringContextTests.run(AbstractTestNGSpringContextTests.java:180)
	at org.apache.maven.surefire.testng.TestNGExecutor.run(TestNGExecutor.java:135)
	at org.apache.maven.surefire.testng.TestNGDirectoryTestSuite.executeMulti(TestNGDirectoryTestSuite.java:193)
	at org.apache.maven.surefire.testng.TestNGDirectoryTestSuite.execute(TestNGDirectoryTestSuite.java:94)
	at org.apache.maven.surefire.testng.TestNGProvider.invoke(TestNGProvider.java:146)
	at org.apache.maven.surefire.booter.ForkedBooter.invokeProviderInSameClassLoader(ForkedBooter.java:379)
	at org.apache.maven.surefire.booter.ForkedBooter.runSuitesInProcess(ForkedBooter.java:340)
	at org.apache.maven.surefire.booter.ForkedBooter.execute(ForkedBooter.java:125)
	at org.apache.maven.surefire.booter.ForkedBooter.main(ForkedBooter.java:413)
... Removed 26 stack frames</pre></div><a href='#' onClick='toggleBox("stack-trace1308626800", this, "Click to show all stack frames", "Click to hide stack frames")'>Click to show all stack frames</a>
<div class='stack-trace' id='stack-trace1308626800'><pre>java.lang.IllegalArgumentException: Only RecoveryAuthenticationToken is supported
	at org.molgenis.security.twofactor.auth.RecoveryAuthenticationProviderImpl.authenticate(RecoveryAuthenticationProviderImpl.java:30)
	at org.molgenis.security.twofactor.auth.RecoveryAuthenticationProviderTest.testAuthenticateInvalidToken(RecoveryAuthenticationProviderTest.java:37)
	at sun.reflect.NativeMethodAccessorImpl.invoke0(Native Method)
	at sun.reflect.NativeMethodAccessorImpl.invoke(NativeMethodAccessorImpl.java:62)
	at sun.reflect.DelegatingMethodAccessorImpl.invoke(DelegatingMethodAccessorImpl.java:43)
	at java.lang.reflect.Method.invoke(Method.java:498)
	at org.testng.internal.MethodInvocationHelper.invokeMethod(MethodInvocationHelper.java:80)
	at org.testng.internal.MethodInvocationHelper$1.runTestMethod(MethodInvocationHelper.java:182)
	at org.springframework.test.context.testng.AbstractTestNGSpringContextTests.run(AbstractTestNGSpringContextTests.java:180)
	at sun.reflect.GeneratedMethodAccessor87.invoke(Unknown Source)
	at sun.reflect.DelegatingMethodAccessorImpl.invoke(DelegatingMethodAccessorImpl.java:43)
	at java.lang.reflect.Method.invoke(Method.java:498)
	at org.testng.internal.MethodInvocationHelper.invokeHookable(MethodInvocationHelper.java:194)
	at org.testng.internal.Invoker.invokeMethod(Invoker.java:707)
	at org.testng.internal.Invoker.invokeTestMethod(Invoker.java:901)
	at org.testng.internal.Invoker.invokeTestMethods(Invoker.java:1231)
	at org.testng.internal.TestMethodWorker.invokeTestMethods(TestMethodWorker.java:127)
	at org.testng.internal.TestMethodWorker.run(TestMethodWorker.java:111)
	at org.testng.TestRunner.privateRun(TestRunner.java:767)
	at org.testng.TestRunner.run(TestRunner.java:617)
	at org.testng.SuiteRunner.runTest(SuiteRunner.java:334)
	at org.testng.SuiteRunner.runSequentially(SuiteRunner.java:329)
	at org.testng.SuiteRunner.privateRun(SuiteRunner.java:291)
	at org.testng.SuiteRunner.run(SuiteRunner.java:240)
	at org.testng.SuiteRunnerWorker.runSuite(SuiteRunnerWorker.java:52)
	at org.testng.SuiteRunnerWorker.run(SuiteRunnerWorker.java:86)
	at org.testng.TestNG.runSuitesSequentially(TestNG.java:1198)
	at org.testng.TestNG.runSuitesLocally(TestNG.java:1123)
	at org.testng.TestNG.run(TestNG.java:1031)
	at org.apache.maven.surefire.testng.TestNGExecutor.run(TestNGExecutor.java:135)
	at org.apache.maven.surefire.testng.TestNGDirectoryTestSuite.executeMulti(TestNGDirectoryTestSuite.java:193)
	at org.apache.maven.surefire.testng.TestNGDirectoryTestSuite.execute(TestNGDirectoryTestSuite.java:94)
	at org.apache.maven.surefire.testng.TestNGProvider.invoke(TestNGProvider.java:146)
	at org.apache.maven.surefire.booter.ForkedBooter.invokeProviderInSameClassLoader(ForkedBooter.java:379)
	at org.apache.maven.surefire.booter.ForkedBooter.runSuitesInProcess(ForkedBooter.java:340)
	at org.apache.maven.surefire.booter.ForkedBooter.execute(ForkedBooter.java:125)
	at org.apache.maven.surefire.booter.ForkedBooter.main(ForkedBooter.java:413)
</pre></div></td>
<td>0</td>
<td>org.molgenis.security.twofactor.auth.RecoveryAuthenticationProviderTest@5134a7d6</td></tr>
<tr>
<td title='org.molgenis.security.twofactor.auth.TwoFactorAuthenticationProviderTest.testAuthenticateInvalidToken()'><b>testAuthenticateInvalidToken</b><br>Test class: org.molgenis.security.twofactor.auth.TwoFactorAuthenticationProviderTest</td>
<td><div><pre>java.lang.IllegalArgumentException: Only TwoFactorAuthenticationToken is supported
	at org.molgenis.security.twofactor.auth.TwoFactorAuthenticationProviderImpl.authenticate(TwoFactorAuthenticationProviderImpl.java:39)
	at org.molgenis.security.twofactor.auth.TwoFactorAuthenticationProviderTest.testAuthenticateInvalidToken(TwoFactorAuthenticationProviderTest.java:73)
	at org.springframework.test.context.testng.AbstractTestNGSpringContextTests.run(AbstractTestNGSpringContextTests.java:180)
	at org.apache.maven.surefire.testng.TestNGExecutor.run(TestNGExecutor.java:135)
	at org.apache.maven.surefire.testng.TestNGDirectoryTestSuite.executeMulti(TestNGDirectoryTestSuite.java:193)
	at org.apache.maven.surefire.testng.TestNGDirectoryTestSuite.execute(TestNGDirectoryTestSuite.java:94)
	at org.apache.maven.surefire.testng.TestNGProvider.invoke(TestNGProvider.java:146)
	at org.apache.maven.surefire.booter.ForkedBooter.invokeProviderInSameClassLoader(ForkedBooter.java:379)
	at org.apache.maven.surefire.booter.ForkedBooter.runSuitesInProcess(ForkedBooter.java:340)
	at org.apache.maven.surefire.booter.ForkedBooter.execute(ForkedBooter.java:125)
	at org.apache.maven.surefire.booter.ForkedBooter.main(ForkedBooter.java:413)
... Removed 26 stack frames</pre></div><a href='#' onClick='toggleBox("stack-trace422702580", this, "Click to show all stack frames", "Click to hide stack frames")'>Click to show all stack frames</a>
<div class='stack-trace' id='stack-trace422702580'><pre>java.lang.IllegalArgumentException: Only TwoFactorAuthenticationToken is supported
	at org.molgenis.security.twofactor.auth.TwoFactorAuthenticationProviderImpl.authenticate(TwoFactorAuthenticationProviderImpl.java:39)
	at org.molgenis.security.twofactor.auth.TwoFactorAuthenticationProviderTest.testAuthenticateInvalidToken(TwoFactorAuthenticationProviderTest.java:73)
	at sun.reflect.NativeMethodAccessorImpl.invoke0(Native Method)
	at sun.reflect.NativeMethodAccessorImpl.invoke(NativeMethodAccessorImpl.java:62)
	at sun.reflect.DelegatingMethodAccessorImpl.invoke(DelegatingMethodAccessorImpl.java:43)
	at java.lang.reflect.Method.invoke(Method.java:498)
	at org.testng.internal.MethodInvocationHelper.invokeMethod(MethodInvocationHelper.java:80)
	at org.testng.internal.MethodInvocationHelper$1.runTestMethod(MethodInvocationHelper.java:182)
	at org.springframework.test.context.testng.AbstractTestNGSpringContextTests.run(AbstractTestNGSpringContextTests.java:180)
	at sun.reflect.GeneratedMethodAccessor87.invoke(Unknown Source)
	at sun.reflect.DelegatingMethodAccessorImpl.invoke(DelegatingMethodAccessorImpl.java:43)
	at java.lang.reflect.Method.invoke(Method.java:498)
	at org.testng.internal.MethodInvocationHelper.invokeHookable(MethodInvocationHelper.java:194)
	at org.testng.internal.Invoker.invokeMethod(Invoker.java:707)
	at org.testng.internal.Invoker.invokeTestMethod(Invoker.java:901)
	at org.testng.internal.Invoker.invokeTestMethods(Invoker.java:1231)
	at org.testng.internal.TestMethodWorker.invokeTestMethods(TestMethodWorker.java:127)
	at org.testng.internal.TestMethodWorker.run(TestMethodWorker.java:111)
	at org.testng.TestRunner.privateRun(TestRunner.java:767)
	at org.testng.TestRunner.run(TestRunner.java:617)
	at org.testng.SuiteRunner.runTest(SuiteRunner.java:334)
	at org.testng.SuiteRunner.runSequentially(SuiteRunner.java:329)
	at org.testng.SuiteRunner.privateRun(SuiteRunner.java:291)
	at org.testng.SuiteRunner.run(SuiteRunner.java:240)
	at org.testng.SuiteRunnerWorker.runSuite(SuiteRunnerWorker.java:52)
	at org.testng.SuiteRunnerWorker.run(SuiteRunnerWorker.java:86)
	at org.testng.TestNG.runSuitesSequentially(TestNG.java:1198)
	at org.testng.TestNG.runSuitesLocally(TestNG.java:1123)
	at org.testng.TestNG.run(TestNG.java:1031)
	at org.apache.maven.surefire.testng.TestNGExecutor.run(TestNGExecutor.java:135)
	at org.apache.maven.surefire.testng.TestNGDirectoryTestSuite.executeMulti(TestNGDirectoryTestSuite.java:193)
	at org.apache.maven.surefire.testng.TestNGDirectoryTestSuite.execute(TestNGDirectoryTestSuite.java:94)
	at org.apache.maven.surefire.testng.TestNGProvider.invoke(TestNGProvider.java:146)
	at org.apache.maven.surefire.booter.ForkedBooter.invokeProviderInSameClassLoader(ForkedBooter.java:379)
	at org.apache.maven.surefire.booter.ForkedBooter.runSuitesInProcess(ForkedBooter.java:340)
	at org.apache.maven.surefire.booter.ForkedBooter.execute(ForkedBooter.java:125)
	at org.apache.maven.surefire.booter.ForkedBooter.main(ForkedBooter.java:413)
</pre></div></td>
<td>0</td>
<td>org.molgenis.security.twofactor.auth.TwoFactorAuthenticationProviderTest@578781f7</td></tr>
<tr>
<td title='org.molgenis.security.twofactor.auth.RecoveryAuthenticationProviderTest.testAuthentication()'><b>testAuthentication</b><br>Test class: org.molgenis.security.twofactor.auth.RecoveryAuthenticationProviderTest</td>
<td></td>
<td>0</td>
<td>org.molgenis.security.twofactor.auth.RecoveryAuthenticationProviderTest@5134a7d6</td></tr>
<tr>
<td title='org.molgenis.security.twofactor.auth.TwoFactorAuthenticationProviderTest.testAuthentication2fIsNotConfigured()'><b>testAuthentication2fIsNotConfigured</b><br>Test class: org.molgenis.security.twofactor.auth.TwoFactorAuthenticationProviderTest</td>
<td></td>
<td>0</td>
<td>org.molgenis.security.twofactor.auth.TwoFactorAuthenticationProviderTest@578781f7</td></tr>
<tr>
<td title='org.molgenis.security.twofactor.auth.TwoFactorAuthenticationProviderTest.testAuthentication2faIsConfigured()'><b>testAuthentication2faIsConfigured</b><br>Test class: org.molgenis.security.twofactor.auth.TwoFactorAuthenticationProviderTest</td>
<td></td>
<td>0</td>
<td>org.molgenis.security.twofactor.auth.TwoFactorAuthenticationProviderTest@578781f7</td></tr>
<tr>
<td title='org.molgenis.security.AjaxAwareLoginUrlAuthenticationEntryPointTest.testCommenceOther()'><b>testCommenceOther</b><br>Test class: org.molgenis.security.AjaxAwareLoginUrlAuthenticationEntryPointTest</td>
<td></td>
<td>0</td>
<td>org.molgenis.security.AjaxAwareLoginUrlAuthenticationEntryPointTest@72851503</td></tr>
<tr>
<td title='org.molgenis.security.AjaxAwareLoginUrlAuthenticationEntryPointTest.testCommencePreflight()'><b>testCommencePreflight</b><br>Test class: org.molgenis.security.AjaxAwareLoginUrlAuthenticationEntryPointTest</td>
<td></td>
<td>0</td>
<td>org.molgenis.security.AjaxAwareLoginUrlAuthenticationEntryPointTest@72851503</td></tr>
<tr>
<td title='org.molgenis.security.AjaxAwareLoginUrlAuthenticationEntryPointTest.testCommenceRest()'><b>testCommenceRest</b><br>Test class: org.molgenis.security.AjaxAwareLoginUrlAuthenticationEntryPointTest</td>
<td></td>
<td>0</td>
<td>org.molgenis.security.AjaxAwareLoginUrlAuthenticationEntryPointTest@72851503</td></tr>
<tr>
<td title='org.molgenis.security.acl.MutableAclClassServiceImplTest.testCreateAclClass()'><b>testCreateAclClass</b><br>Test class: org.molgenis.security.acl.MutableAclClassServiceImplTest</td>
<td></td>
<td>0</td>
<td>org.molgenis.security.acl.MutableAclClassServiceImplTest@1a22325d</td></tr>
<tr>
<td title='org.molgenis.security.group.GroupRestControllerTest.testCreateGroup()'><b>testCreateGroup</b><br>Test class: org.molgenis.security.group.GroupRestControllerTest</td>
<td></td>
<td>0</td>
<td>org.molgenis.security.group.GroupRestControllerTest@4cddc3d9</td></tr>
<tr>
<td title='org.molgenis.security.acl.MutableAclClassServiceImplTest.testDeleteAclClass()'><b>testDeleteAclClass</b><br>Test class: org.molgenis.security.acl.MutableAclClassServiceImplTest</td>
<td></td>
<td>0</td>
<td>org.molgenis.security.acl.MutableAclClassServiceImplTest@1a22325d</td></tr>
<tr>
<td title='org.molgenis.security.twofactor.service.TwoFactorAuthenticationServiceImplTest.testDisableForUser()'><b>testDisableForUser</b><br>Test class: org.molgenis.security.twofactor.service.TwoFactorAuthenticationServiceImplTest</td>
<td></td>
<td>0</td>
<td>org.molgenis.security.twofactor.service.TwoFactorAuthenticationServiceImplTest@73a88711</td></tr>
<tr>
<td title='org.molgenis.security.MolgenisChangePasswordFilterTest.testDoFilterChangePassword()'><b>testDoFilterChangePassword</b><br>Test class: org.molgenis.security.MolgenisChangePasswordFilterTest</td>
<td></td>
<td>0</td>
<td>org.molgenis.security.MolgenisChangePasswordFilterTest@32182bf8</td></tr>
<tr>
<td title='org.molgenis.security.MolgenisChangePasswordFilterTest.testDoFilterChangePasswordHackyUri()'><b>testDoFilterChangePasswordHackyUri</b><br>Test class: org.molgenis.security.MolgenisChangePasswordFilterTest</td>
<td></td>
<td>0</td>
<td>org.molgenis.security.MolgenisChangePasswordFilterTest@32182bf8</td></tr>
<tr>
<td title='org.molgenis.security.MolgenisChangePasswordFilterTest.testDoFilterIgnoreOwnUri()'><b>testDoFilterIgnoreOwnUri</b><br>Test class: org.molgenis.security.MolgenisChangePasswordFilterTest</td>
<td></td>
<td>0</td>
<td>org.molgenis.security.MolgenisChangePasswordFilterTest@32182bf8</td></tr>
<tr>
<td title='org.molgenis.security.twofactor.auth.TwoFactorAuthenticationFilterTest.testDoFilterInternalIsConfigured()'><b>testDoFilterInternalIsConfigured</b><br>Test class: org.molgenis.security.twofactor.auth.TwoFactorAuthenticationFilterTest</td>
<td></td>
<td>0</td>
<td>org.molgenis.security.twofactor.auth.TwoFactorAuthenticationFilterTest@2c485b3a</td></tr>
<tr>
<td title='org.molgenis.security.twofactor.auth.TwoFactorAuthenticationFilterTest.testDoFilterInternalIsConfiguredChangePassword()'><b>testDoFilterInternalIsConfiguredChangePassword</b><br>Test class: org.molgenis.security.twofactor.auth.TwoFactorAuthenticationFilterTest</td>
<td></td>
<td>0</td>
<td>org.molgenis.security.twofactor.auth.TwoFactorAuthenticationFilterTest@2c485b3a</td></tr>
<tr>
<td title='org.molgenis.security.twofactor.auth.TwoFactorAuthenticationFilterTest.testDoFilterInternalIsNotConfigured()'><b>testDoFilterInternalIsNotConfigured</b><br>Test class: org.molgenis.security.twofactor.auth.TwoFactorAuthenticationFilterTest</td>
<td></td>
<td>0</td>
<td>org.molgenis.security.twofactor.auth.TwoFactorAuthenticationFilterTest@2c485b3a</td></tr>
<tr>
<td title='org.molgenis.security.twofactor.auth.TwoFactorAuthenticationFilterTest.testDoFilterInternalNotAuthenticated()'><b>testDoFilterInternalNotAuthenticated</b><br>Test class: org.molgenis.security.twofactor.auth.TwoFactorAuthenticationFilterTest</td>
<td></td>
<td>0</td>
<td>org.molgenis.security.twofactor.auth.TwoFactorAuthenticationFilterTest@2c485b3a</td></tr>
<tr>
<td title='org.molgenis.security.twofactor.auth.TwoFactorAuthenticationFilterTest.testDoFilterInternalRecoveryAuthenticated()'><b>testDoFilterInternalRecoveryAuthenticated</b><br>Test class: org.molgenis.security.twofactor.auth.TwoFactorAuthenticationFilterTest</td>
<td></td>
<td>0</td>
<td>org.molgenis.security.twofactor.auth.TwoFactorAuthenticationFilterTest@2c485b3a</td></tr>
<tr>
<td title='org.molgenis.security.MolgenisChangePasswordFilterTest.testDoFilterNoChangePassword()'><b>testDoFilterNoChangePassword</b><br>Test class: org.molgenis.security.MolgenisChangePasswordFilterTest</td>
<td></td>
<td>0</td>
<td>org.molgenis.security.MolgenisChangePasswordFilterTest@32182bf8</td></tr>
<tr>
<td title='org.molgenis.security.twofactor.service.RecoveryServiceImplTest.testGenerateRecoveryCodes()'><b>testGenerateRecoveryCodes</b><br>Test class: org.molgenis.security.twofactor.service.RecoveryServiceImplTest</td>
<td></td>
<td>0</td>
<td>org.molgenis.security.twofactor.service.RecoveryServiceImplTest@2a6871ad</td></tr>
<tr>
<td title='org.molgenis.security.acl.MutableAclClassServiceImplTest.testGetAclClassTypes()'><b>testGetAclClassTypes</b><br>Test class: org.molgenis.security.acl.MutableAclClassServiceImplTest</td>
<td></td>
<td>0</td>
<td>org.molgenis.security.acl.MutableAclClassServiceImplTest@1a22325d</td></tr>
<tr>
<td title='org.molgenis.security.twofactor.service.OtpServiceImplTest.testGetAuthenticatorURI()'><b>testGetAuthenticatorURI</b><br>Test class: org.molgenis.security.twofactor.service.OtpServiceImplTest</td>
<td></td>
<td>0</td>
<td>org.molgenis.security.twofactor.service.OtpServiceImplTest@4abb4041</td></tr>
<tr>
<td title='org.molgenis.security.MolgenisRoleHierarchyTest.testGetReachableGrantedAuthoritiesSu()'><b>testGetReachableGrantedAuthoritiesSu</b><br>Test class: org.molgenis.security.MolgenisRoleHierarchyTest</td>
<td></td>
<td>0</td>
<td>org.molgenis.security.MolgenisRoleHierarchyTest@20e9b10b</td></tr>
<tr>
<td title='org.molgenis.security.twofactor.service.RecoveryServiceImplTest.testGetRecoveryCodes()'><b>testGetRecoveryCodes</b><br>Test class: org.molgenis.security.twofactor.service.RecoveryServiceImplTest</td>
<td></td>
<td>0</td>
<td>org.molgenis.security.twofactor.service.RecoveryServiceImplTest@2a6871ad</td></tr>
<tr>
<td title='org.molgenis.security.permission.SecurityContextRegistryImplTest.testGetSecurityContextFromSessionUnexpectedValue()'><b>testGetSecurityContextFromSessionUnexpectedValue</b><br>Test class: org.molgenis.security.permission.SecurityContextRegistryImplTest</td>
<td><div><pre>java.lang.IllegalStateException: Session attribute &apos;SPRING_SECURITY_CONTEXT&apos; is of type &apos;String&apos; instead of &apos;SecurityContext&apos;
	at org.molgenis.security.permission.SecurityContextRegistryImpl.getSecurityContext(SecurityContextRegistryImpl.java:63)
	at org.molgenis.security.permission.SecurityContextRegistryImpl.getSecurityContext(SecurityContextRegistryImpl.java:35)
	at org.molgenis.security.permission.SecurityContextRegistryImplTest.testGetSecurityContextFromSessionUnexpectedValue(SecurityContextRegistryImplTest.java:66)
	at org.apache.maven.surefire.testng.TestNGExecutor.run(TestNGExecutor.java:135)
	at org.apache.maven.surefire.testng.TestNGDirectoryTestSuite.executeMulti(TestNGDirectoryTestSuite.java:193)
	at org.apache.maven.surefire.testng.TestNGDirectoryTestSuite.execute(TestNGDirectoryTestSuite.java:94)
	at org.apache.maven.surefire.testng.TestNGProvider.invoke(TestNGProvider.java:146)
	at org.apache.maven.surefire.booter.ForkedBooter.invokeProviderInSameClassLoader(ForkedBooter.java:379)
	at org.apache.maven.surefire.booter.ForkedBooter.runSuitesInProcess(ForkedBooter.java:340)
	at org.apache.maven.surefire.booter.ForkedBooter.execute(ForkedBooter.java:125)
	at org.apache.maven.surefire.booter.ForkedBooter.main(ForkedBooter.java:413)
... Removed 21 stack frames</pre></div><a href='#' onClick='toggleBox("stack-trace1798837871", this, "Click to show all stack frames", "Click to hide stack frames")'>Click to show all stack frames</a>
<div class='stack-trace' id='stack-trace1798837871'><pre>java.lang.IllegalStateException: Session attribute &apos;SPRING_SECURITY_CONTEXT&apos; is of type &apos;String&apos; instead of &apos;SecurityContext&apos;
	at org.molgenis.security.permission.SecurityContextRegistryImpl.getSecurityContext(SecurityContextRegistryImpl.java:63)
	at org.molgenis.security.permission.SecurityContextRegistryImpl.getSecurityContext(SecurityContextRegistryImpl.java:35)
	at org.molgenis.security.permission.SecurityContextRegistryImplTest.testGetSecurityContextFromSessionUnexpectedValue(SecurityContextRegistryImplTest.java:66)
	at sun.reflect.NativeMethodAccessorImpl.invoke0(Native Method)
	at sun.reflect.NativeMethodAccessorImpl.invoke(NativeMethodAccessorImpl.java:62)
	at sun.reflect.DelegatingMethodAccessorImpl.invoke(DelegatingMethodAccessorImpl.java:43)
	at java.lang.reflect.Method.invoke(Method.java:498)
	at org.testng.internal.MethodInvocationHelper.invokeMethod(MethodInvocationHelper.java:80)
	at org.testng.internal.Invoker.invokeMethod(Invoker.java:714)
	at org.testng.internal.Invoker.invokeTestMethod(Invoker.java:901)
	at org.testng.internal.Invoker.invokeTestMethods(Invoker.java:1231)
	at org.testng.internal.TestMethodWorker.invokeTestMethods(TestMethodWorker.java:127)
	at org.testng.internal.TestMethodWorker.run(TestMethodWorker.java:111)
	at org.testng.TestRunner.privateRun(TestRunner.java:767)
	at org.testng.TestRunner.run(TestRunner.java:617)
	at org.testng.SuiteRunner.runTest(SuiteRunner.java:334)
	at org.testng.SuiteRunner.runSequentially(SuiteRunner.java:329)
	at org.testng.SuiteRunner.privateRun(SuiteRunner.java:291)
	at org.testng.SuiteRunner.run(SuiteRunner.java:240)
	at org.testng.SuiteRunnerWorker.runSuite(SuiteRunnerWorker.java:52)
	at org.testng.SuiteRunnerWorker.run(SuiteRunnerWorker.java:86)
	at org.testng.TestNG.runSuitesSequentially(TestNG.java:1198)
	at org.testng.TestNG.runSuitesLocally(TestNG.java:1123)
	at org.testng.TestNG.run(TestNG.java:1031)
	at org.apache.maven.surefire.testng.TestNGExecutor.run(TestNGExecutor.java:135)
	at org.apache.maven.surefire.testng.TestNGDirectoryTestSuite.executeMulti(TestNGDirectoryTestSuite.java:193)
	at org.apache.maven.surefire.testng.TestNGDirectoryTestSuite.execute(TestNGDirectoryTestSuite.java:94)
	at org.apache.maven.surefire.testng.TestNGProvider.invoke(TestNGProvider.java:146)
	at org.apache.maven.surefire.booter.ForkedBooter.invokeProviderInSameClassLoader(ForkedBooter.java:379)
	at org.apache.maven.surefire.booter.ForkedBooter.runSuitesInProcess(ForkedBooter.java:340)
	at org.apache.maven.surefire.booter.ForkedBooter.execute(ForkedBooter.java:125)
	at org.apache.maven.surefire.booter.ForkedBooter.main(ForkedBooter.java:413)
</pre></div></td>
<td>0</td>
<td>org.molgenis.security.permission.SecurityContextRegistryImplTest@4d1f168</td></tr>
<tr>
<td title='org.molgenis.security.permission.SecurityContextRegistryImplTest.testGetSecurityContextFromSessionWithSecurityContext()'><b>testGetSecurityContextFromSessionWithSecurityContext</b><br>Test class: org.molgenis.security.permission.SecurityContextRegistryImplTest</td>
<td></td>
<td>0</td>
<td>org.molgenis.security.permission.SecurityContextRegistryImplTest@4d1f168</td></tr>
<tr>
<td title='org.molgenis.security.permission.SecurityContextRegistryImplTest.testGetSecurityContextFromSessionWithoutSecurityContext()'><b>testGetSecurityContextFromSessionWithoutSecurityContext</b><br>Test class: org.molgenis.security.permission.SecurityContextRegistryImplTest</td>
<td></td>
<td>0</td>
<td>org.molgenis.security.permission.SecurityContextRegistryImplTest@4d1f168</td></tr>
<tr>
<td title='org.molgenis.security.permission.SecurityContextRegistryImplTest.testGetSecurityContextInvalidatedSession()'><b>testGetSecurityContextInvalidatedSession</b><br>Test class: org.molgenis.security.permission.SecurityContextRegistryImplTest</td>
<td></td>
<td>0</td>
<td>org.molgenis.security.permission.SecurityContextRegistryImplTest@4d1f168</td></tr>
<tr>
<td title='org.molgenis.security.permission.SecurityContextRegistryImplTest.testGetSecurityContextUnknownSessionId()'><b>testGetSecurityContextUnknownSessionId</b><br>Test class: org.molgenis.security.permission.SecurityContextRegistryImplTest</td>
<td></td>
<td>0</td>
<td>org.molgenis.security.permission.SecurityContextRegistryImplTest@4d1f168</td></tr>
<tr>
<td title='org.molgenis.security.permission.SecurityContextRegistryImplTest.testGetSecurityContexts()'><b>testGetSecurityContexts</b><br>Test class: org.molgenis.security.permission.SecurityContextRegistryImplTest</td>
<td></td>
<td>0</td>
<td>org.molgenis.security.permission.SecurityContextRegistryImplTest@4d1f168</td></tr>
<tr>
<td title='org.molgenis.security.permission.PrincipalSecurityContextRegistryImplTest.testGetSecurityContextsNoUserThreadNoUserSessions()'><b>testGetSecurityContextsNoUserThreadNoUserSessions</b><br>Test class: org.molgenis.security.permission.PrincipalSecurityContextRegistryImplTest</td>
<td></td>
<td>0</td>
<td>org.molgenis.security.permission.PrincipalSecurityContextRegistryImplTest@3792fed8</td></tr>
<tr>
<td title='org.molgenis.security.permission.PrincipalSecurityContextRegistryImplTest.testGetSecurityContextsUserThreadNoUserSessions()'><b>testGetSecurityContextsUserThreadNoUserSessions</b><br>Test class: org.molgenis.security.permission.PrincipalSecurityContextRegistryImplTest</td>
<td></td>
<td>0</td>
<td>org.molgenis.security.permission.PrincipalSecurityContextRegistryImplTest@3792fed8</td></tr>
<tr>
<td title='org.molgenis.security.permission.PrincipalSecurityContextRegistryImplTest.testGetSecurityContextsUserThreadSessions()'><b>testGetSecurityContextsUserThreadSessions</b><br>Test class: org.molgenis.security.permission.PrincipalSecurityContextRegistryImplTest</td>
<td></td>
<td>0</td>
<td>org.molgenis.security.permission.PrincipalSecurityContextRegistryImplTest@3792fed8</td></tr>
<tr>
<td title='org.molgenis.security.token.TokenExtractorTest.testGetTokenFromHeader()'><b>testGetTokenFromHeader</b><br>Test class: org.molgenis.security.token.TokenExtractorTest</td>
<td></td>
<td>0</td>
<td>org.molgenis.security.token.TokenExtractorTest@2480acc3</td></tr>
<tr>
<td title='org.molgenis.security.token.TokenExtractorTest.testGetTokenFromParam()'><b>testGetTokenFromParam</b><br>Test class: org.molgenis.security.token.TokenExtractorTest</td>
<td></td>
<td>0</td>
<td>org.molgenis.security.token.TokenExtractorTest@2480acc3</td></tr>
<tr>
<td title='org.molgenis.security.permission.SecurityContextRegistryImplTest.testHandleHttpSessionDestroyedEvent()'><b>testHandleHttpSessionDestroyedEvent</b><br>Test class: org.molgenis.security.permission.SecurityContextRegistryImplTest</td>
<td></td>
<td>0</td>
<td>org.molgenis.security.permission.SecurityContextRegistryImplTest@4d1f168</td></tr>
<tr>
<td title='org.molgenis.security.acl.MutableAclClassServiceImplTest.testHasAclClassFalseCached()'><b>testHasAclClassFalseCached</b><br>Test class: org.molgenis.security.acl.MutableAclClassServiceImplTest</td>
<td></td>
<td>0</td>
<td>org.molgenis.security.acl.MutableAclClassServiceImplTest@1a22325d</td></tr>
<tr>
<td title='org.molgenis.security.acl.MutableAclClassServiceImplTest.testHasAclClassTrueWithAclClassCacheInvalidation()'><b>testHasAclClassTrueWithAclClassCacheInvalidation</b><br>Test class: org.molgenis.security.acl.MutableAclClassServiceImplTest</td>
<td></td>
<td>0</td>
<td>org.molgenis.security.acl.MutableAclClassServiceImplTest@1a22325d</td></tr>
<tr>
<td title='org.molgenis.security.user.UserDetailsServiceTest.testLoadUserByUsernameAnonymous()'><b>testLoadUserByUsernameAnonymous</b><br>Test class: org.molgenis.security.user.UserDetailsServiceTest</td>
<td></td>
<td>0</td>
<td>org.molgenis.security.user.UserDetailsServiceTest@3e574f9c</td></tr>
<tr>
<td title='org.molgenis.security.user.UserDetailsServiceTest.testLoadUserByUsernameNonSuperuser()'><b>testLoadUserByUsernameNonSuperuser</b><br>Test class: org.molgenis.security.user.UserDetailsServiceTest</td>
<td></td>
<td>0</td>
<td>org.molgenis.security.user.UserDetailsServiceTest@3e574f9c</td></tr>
<tr>
<td title='org.molgenis.security.user.UserDetailsServiceTest.testLoadUserByUsernameSuperuser()'><b>testLoadUserByUsernameSuperuser</b><br>Test class: org.molgenis.security.user.UserDetailsServiceTest</td>
<td></td>
<td>0</td>
<td>org.molgenis.security.user.UserDetailsServiceTest@3e574f9c</td></tr>
<tr>
<td title='org.molgenis.security.user.UserDetailsServiceTest.testLoadUserByUsernameUnknownUser()'><b>testLoadUserByUsernameUnknownUser</b><br>Test class: org.molgenis.security.user.UserDetailsServiceTest</td>
<td><div><pre>org.springframework.security.core.userdetails.UsernameNotFoundException: unknown user &apos;unknownUser&apos;
	at org.molgenis.security.user.UserDetailsService.loadUserByUsername(UserDetailsService.java:44)
	at org.molgenis.security.user.UserDetailsServiceTest.testLoadUserByUsernameUnknownUser(UserDetailsServiceTest.java:161)
	at org.apache.maven.surefire.testng.TestNGExecutor.run(TestNGExecutor.java:135)
	at org.apache.maven.surefire.testng.TestNGDirectoryTestSuite.executeMulti(TestNGDirectoryTestSuite.java:193)
	at org.apache.maven.surefire.testng.TestNGDirectoryTestSuite.execute(TestNGDirectoryTestSuite.java:94)
	at org.apache.maven.surefire.testng.TestNGProvider.invoke(TestNGProvider.java:146)
	at org.apache.maven.surefire.booter.ForkedBooter.invokeProviderInSameClassLoader(ForkedBooter.java:379)
	at org.apache.maven.surefire.booter.ForkedBooter.runSuitesInProcess(ForkedBooter.java:340)
	at org.apache.maven.surefire.booter.ForkedBooter.execute(ForkedBooter.java:125)
	at org.apache.maven.surefire.booter.ForkedBooter.main(ForkedBooter.java:413)
... Removed 21 stack frames</pre></div><a href='#' onClick='toggleBox("stack-trace1464990385", this, "Click to show all stack frames", "Click to hide stack frames")'>Click to show all stack frames</a>
<div class='stack-trace' id='stack-trace1464990385'><pre>org.springframework.security.core.userdetails.UsernameNotFoundException: unknown user &apos;unknownUser&apos;
	at org.molgenis.security.user.UserDetailsService.loadUserByUsername(UserDetailsService.java:44)
	at org.molgenis.security.user.UserDetailsServiceTest.testLoadUserByUsernameUnknownUser(UserDetailsServiceTest.java:161)
	at sun.reflect.NativeMethodAccessorImpl.invoke0(Native Method)
	at sun.reflect.NativeMethodAccessorImpl.invoke(NativeMethodAccessorImpl.java:62)
	at sun.reflect.DelegatingMethodAccessorImpl.invoke(DelegatingMethodAccessorImpl.java:43)
	at java.lang.reflect.Method.invoke(Method.java:498)
	at org.testng.internal.MethodInvocationHelper.invokeMethod(MethodInvocationHelper.java:80)
	at org.testng.internal.Invoker.invokeMethod(Invoker.java:714)
	at org.testng.internal.Invoker.invokeTestMethod(Invoker.java:901)
	at org.testng.internal.Invoker.invokeTestMethods(Invoker.java:1231)
	at org.testng.internal.TestMethodWorker.invokeTestMethods(TestMethodWorker.java:127)
	at org.testng.internal.TestMethodWorker.run(TestMethodWorker.java:111)
	at org.testng.TestRunner.privateRun(TestRunner.java:767)
	at org.testng.TestRunner.run(TestRunner.java:617)
	at org.testng.SuiteRunner.runTest(SuiteRunner.java:334)
	at org.testng.SuiteRunner.runSequentially(SuiteRunner.java:329)
	at org.testng.SuiteRunner.privateRun(SuiteRunner.java:291)
	at org.testng.SuiteRunner.run(SuiteRunner.java:240)
	at org.testng.SuiteRunnerWorker.runSuite(SuiteRunnerWorker.java:52)
	at org.testng.SuiteRunnerWorker.run(SuiteRunnerWorker.java:86)
	at org.testng.TestNG.runSuitesSequentially(TestNG.java:1198)
	at org.testng.TestNG.runSuitesLocally(TestNG.java:1123)
	at org.testng.TestNG.run(TestNG.java:1031)
	at org.apache.maven.surefire.testng.TestNGExecutor.run(TestNGExecutor.java:135)
	at org.apache.maven.surefire.testng.TestNGDirectoryTestSuite.executeMulti(TestNGDirectoryTestSuite.java:193)
	at org.apache.maven.surefire.testng.TestNGDirectoryTestSuite.execute(TestNGDirectoryTestSuite.java:94)
	at org.apache.maven.surefire.testng.TestNGProvider.invoke(TestNGProvider.java:146)
	at org.apache.maven.surefire.booter.ForkedBooter.invokeProviderInSameClassLoader(ForkedBooter.java:379)
	at org.apache.maven.surefire.booter.ForkedBooter.runSuitesInProcess(ForkedBooter.java:340)
	at org.apache.maven.surefire.booter.ForkedBooter.execute(ForkedBooter.java:125)
	at org.apache.maven.surefire.booter.ForkedBooter.main(ForkedBooter.java:413)
</pre></div></td>
<td>0</td>
<td>org.molgenis.security.user.UserDetailsServiceTest@3e574f9c</td></tr>
<tr>
<td title='org.molgenis.security.AjaxAwareInvalidSessionStrategyTest.testOnInvalidSessionDetected()'><b>testOnInvalidSessionDetected</b><br>Test class: org.molgenis.security.AjaxAwareInvalidSessionStrategyTest</td>
<td></td>
<td>0</td>
<td>org.molgenis.security.AjaxAwareInvalidSessionStrategyTest@6e757f39</td></tr>
<tr>
<td title='org.molgenis.security.AjaxAwareInvalidSessionStrategyTest.testOnInvalidSessionDetectedXmlHttpRequest()'><b>testOnInvalidSessionDetectedXmlHttpRequest</b><br>Test class: org.molgenis.security.AjaxAwareInvalidSessionStrategyTest</td>
<td></td>
<td>0</td>
<td>org.molgenis.security.AjaxAwareInvalidSessionStrategyTest@6e757f39</td></tr>
<tr>
<td title='org.molgenis.security.permission.PermissionSystemServiceImplTest.testPermissionSystemService()'><b>testPermissionSystemService</b><br>Test class: org.molgenis.security.permission.PermissionSystemServiceImplTest</td>
<td><div><pre>java.lang.NullPointerException
	at java.util.Objects.requireNonNull(Objects.java:203)
	at org.molgenis.security.permission.PermissionSystemServiceImpl.&lt;init&gt;(PermissionSystemServiceImpl.java:31)
	at org.molgenis.security.permission.PermissionSystemServiceImplTest.testPermissionSystemService(PermissionSystemServiceImplTest.java:39)
	at org.springframework.test.context.testng.AbstractTestNGSpringContextTests.run(AbstractTestNGSpringContextTests.java:180)
	at org.apache.maven.surefire.testng.TestNGExecutor.run(TestNGExecutor.java:135)
	at org.apache.maven.surefire.testng.TestNGDirectoryTestSuite.executeMulti(TestNGDirectoryTestSuite.java:193)
	at org.apache.maven.surefire.testng.TestNGDirectoryTestSuite.execute(TestNGDirectoryTestSuite.java:94)
	at org.apache.maven.surefire.testng.TestNGProvider.invoke(TestNGProvider.java:146)
	at org.apache.maven.surefire.booter.ForkedBooter.invokeProviderInSameClassLoader(ForkedBooter.java:379)
	at org.apache.maven.surefire.booter.ForkedBooter.runSuitesInProcess(ForkedBooter.java:340)
	at org.apache.maven.surefire.booter.ForkedBooter.execute(ForkedBooter.java:125)
	at org.apache.maven.surefire.booter.ForkedBooter.main(ForkedBooter.java:413)
... Removed 26 stack frames</pre></div><a href='#' onClick='toggleBox("stack-trace1148995999", this, "Click to show all stack frames", "Click to hide stack frames")'>Click to show all stack frames</a>
<div class='stack-trace' id='stack-trace1148995999'><pre>java.lang.NullPointerException
	at java.util.Objects.requireNonNull(Objects.java:203)
	at org.molgenis.security.permission.PermissionSystemServiceImpl.&lt;init&gt;(PermissionSystemServiceImpl.java:31)
	at org.molgenis.security.permission.PermissionSystemServiceImplTest.testPermissionSystemService(PermissionSystemServiceImplTest.java:39)
	at sun.reflect.NativeMethodAccessorImpl.invoke0(Native Method)
	at sun.reflect.NativeMethodAccessorImpl.invoke(NativeMethodAccessorImpl.java:62)
	at sun.reflect.DelegatingMethodAccessorImpl.invoke(DelegatingMethodAccessorImpl.java:43)
	at java.lang.reflect.Method.invoke(Method.java:498)
	at org.testng.internal.MethodInvocationHelper.invokeMethod(MethodInvocationHelper.java:80)
	at org.testng.internal.MethodInvocationHelper$1.runTestMethod(MethodInvocationHelper.java:182)
	at org.springframework.test.context.testng.AbstractTestNGSpringContextTests.run(AbstractTestNGSpringContextTests.java:180)
	at sun.reflect.GeneratedMethodAccessor87.invoke(Unknown Source)
	at sun.reflect.DelegatingMethodAccessorImpl.invoke(DelegatingMethodAccessorImpl.java:43)
	at java.lang.reflect.Method.invoke(Method.java:498)
	at org.testng.internal.MethodInvocationHelper.invokeHookable(MethodInvocationHelper.java:194)
	at org.testng.internal.Invoker.invokeMethod(Invoker.java:707)
	at org.testng.internal.Invoker.invokeTestMethod(Invoker.java:901)
	at org.testng.internal.Invoker.invokeTestMethods(Invoker.java:1231)
	at org.testng.internal.TestMethodWorker.invokeTestMethods(TestMethodWorker.java:127)
	at org.testng.internal.TestMethodWorker.run(TestMethodWorker.java:111)
	at org.testng.TestRunner.privateRun(TestRunner.java:767)
	at org.testng.TestRunner.run(TestRunner.java:617)
	at org.testng.SuiteRunner.runTest(SuiteRunner.java:334)
	at org.testng.SuiteRunner.runSequentially(SuiteRunner.java:329)
	at org.testng.SuiteRunner.privateRun(SuiteRunner.java:291)
	at org.testng.SuiteRunner.run(SuiteRunner.java:240)
	at org.testng.SuiteRunnerWorker.runSuite(SuiteRunnerWorker.java:52)
	at org.testng.SuiteRunnerWorker.run(SuiteRunnerWorker.java:86)
	at org.testng.TestNG.runSuitesSequentially(TestNG.java:1198)
	at org.testng.TestNG.runSuitesLocally(TestNG.java:1123)
	at org.testng.TestNG.run(TestNG.java:1031)
	at org.apache.maven.surefire.testng.TestNGExecutor.run(TestNGExecutor.java:135)
	at org.apache.maven.surefire.testng.TestNGDirectoryTestSuite.executeMulti(TestNGDirectoryTestSuite.java:193)
	at org.apache.maven.surefire.testng.TestNGDirectoryTestSuite.execute(TestNGDirectoryTestSuite.java:94)
	at org.apache.maven.surefire.testng.TestNGProvider.invoke(TestNGProvider.java:146)
	at org.apache.maven.surefire.booter.ForkedBooter.invokeProviderInSameClassLoader(ForkedBooter.java:379)
	at org.apache.maven.surefire.booter.ForkedBooter.runSuitesInProcess(ForkedBooter.java:340)
	at org.apache.maven.surefire.booter.ForkedBooter.execute(ForkedBooter.java:125)
	at org.apache.maven.surefire.booter.ForkedBooter.main(ForkedBooter.java:413)
</pre></div></td>
<td>0</td>
<td>org.molgenis.security.permission.PermissionSystemServiceImplTest@25c98637</td></tr>
<tr>
<td title='org.molgenis.security.acl.BitMaskPermissionGrantingStrategyTest.testPermissionsDontMatch()'><b>testPermissionsDontMatch</b><br>Test class: org.molgenis.security.acl.BitMaskPermissionGrantingStrategyTest<br>Parameters: PermissionSet[..............................R.=2], PermissionSet[.............................W..=4]</td>
<td></td>
<td>0</td>
<td>org.molgenis.security.acl.BitMaskPermissionGrantingStrategyTest@2835b3d1</td></tr>
<tr>
<td title='org.molgenis.security.acl.BitMaskPermissionGrantingStrategyTest.testPermissionsDontMatch()'><b>testPermissionsDontMatch</b><br>Test class: org.molgenis.security.acl.BitMaskPermissionGrantingStrategyTest<br>Parameters: PermissionSet[...............................C=1], CumulativePermission[............................MWR.=14]</td>
<td></td>
<td>0</td>
<td>org.molgenis.security.acl.BitMaskPermissionGrantingStrategyTest@2835b3d1</td></tr>
<tr>
<td title='org.molgenis.security.acl.BitMaskPermissionGrantingStrategyTest.testPermissionsDontMatch()'><b>testPermissionsDontMatch</b><br>Test class: org.molgenis.security.acl.BitMaskPermissionGrantingStrategyTest<br>Parameters: PermissionSet[.............................W..=4], CumulativePermission[............................M.R.=10]</td>
<td></td>
<td>0</td>
<td>org.molgenis.security.acl.BitMaskPermissionGrantingStrategyTest@2835b3d1</td></tr>
<tr>
<td title='org.molgenis.security.acl.BitMaskPermissionGrantingStrategyTest.testPermissionsMatch()'><b>testPermissionsMatch</b><br>Test class: org.molgenis.security.acl.BitMaskPermissionGrantingStrategyTest<br>Parameters: PermissionSet[..............................R.=2], CumulativePermission[.............................WR.=6]</td>
<td></td>
<td>0</td>
<td>org.molgenis.security.acl.BitMaskPermissionGrantingStrategyTest@2835b3d1</td></tr>
<tr>
<td title='org.molgenis.security.acl.BitMaskPermissionGrantingStrategyTest.testPermissionsMatch()'><b>testPermissionsMatch</b><br>Test class: org.molgenis.security.acl.BitMaskPermissionGrantingStrategyTest<br>Parameters: PermissionSet[..............................R.=2], PermissionSet[..............................R.=2]</td>
<td></td>
<td>0</td>
<td>org.molgenis.security.acl.BitMaskPermissionGrantingStrategyTest@2835b3d1</td></tr>
<tr>
<td title='org.molgenis.security.twofactor.TwoFactorAuthenticationControllerTest.testRecoverAccount()'><b>testRecoverAccount</b><br>Test class: org.molgenis.security.twofactor.TwoFactorAuthenticationControllerTest</td>
<td></td>
<td>0</td>
<td>org.molgenis.security.twofactor.TwoFactorAuthenticationControllerTest@79e28671</td></tr>
<tr>
<td title='org.molgenis.security.token.TokenExtractorTest.testResolveArgumentNoToken()'><b>testResolveArgumentNoToken</b><br>Test class: org.molgenis.security.token.TokenExtractorTest</td>
<td></td>
<td>0</td>
<td>org.molgenis.security.token.TokenExtractorTest@2480acc3</td></tr>
<tr>
<td title='org.molgenis.security.token.TokenExtractorTest.testResolveArgumentNoTokenRequired()'><b>testResolveArgumentNoTokenRequired</b><br>Test class: org.molgenis.security.token.TokenExtractorTest</td>
<td><div><pre>org.springframework.web.bind.ServletRequestBindingException: Missing molgenis token. Token should either be present in the x-molgenis-token request header or the molgenis-token parameter.
	at org.molgenis.security.token.TokenExtractor.getTokenInternal(TokenExtractor.java:50)
	at org.molgenis.security.token.TokenExtractor.resolveArgument(TokenExtractor.java:34)
	at org.molgenis.security.token.TokenExtractorTest.testResolveArgumentNoTokenRequired(TokenExtractorTest.java:77)
	at org.apache.maven.surefire.testng.TestNGExecutor.run(TestNGExecutor.java:135)
	at org.apache.maven.surefire.testng.TestNGDirectoryTestSuite.executeMulti(TestNGDirectoryTestSuite.java:193)
	at org.apache.maven.surefire.testng.TestNGDirectoryTestSuite.execute(TestNGDirectoryTestSuite.java:94)
	at org.apache.maven.surefire.testng.TestNGProvider.invoke(TestNGProvider.java:146)
	at org.apache.maven.surefire.booter.ForkedBooter.invokeProviderInSameClassLoader(ForkedBooter.java:379)
	at org.apache.maven.surefire.booter.ForkedBooter.runSuitesInProcess(ForkedBooter.java:340)
	at org.apache.maven.surefire.booter.ForkedBooter.execute(ForkedBooter.java:125)
	at org.apache.maven.surefire.booter.ForkedBooter.main(ForkedBooter.java:413)
... Removed 21 stack frames</pre></div><a href='#' onClick='toggleBox("stack-trace1606672321", this, "Click to show all stack frames", "Click to hide stack frames")'>Click to show all stack frames</a>
<div class='stack-trace' id='stack-trace1606672321'><pre>org.springframework.web.bind.ServletRequestBindingException: Missing molgenis token. Token should either be present in the x-molgenis-token request header or the molgenis-token parameter.
	at org.molgenis.security.token.TokenExtractor.getTokenInternal(TokenExtractor.java:50)
	at org.molgenis.security.token.TokenExtractor.resolveArgument(TokenExtractor.java:34)
	at org.molgenis.security.token.TokenExtractorTest.testResolveArgumentNoTokenRequired(TokenExtractorTest.java:77)
	at sun.reflect.NativeMethodAccessorImpl.invoke0(Native Method)
	at sun.reflect.NativeMethodAccessorImpl.invoke(NativeMethodAccessorImpl.java:62)
	at sun.reflect.DelegatingMethodAccessorImpl.invoke(DelegatingMethodAccessorImpl.java:43)
	at java.lang.reflect.Method.invoke(Method.java:498)
	at org.testng.internal.MethodInvocationHelper.invokeMethod(MethodInvocationHelper.java:80)
	at org.testng.internal.Invoker.invokeMethod(Invoker.java:714)
	at org.testng.internal.Invoker.invokeTestMethod(Invoker.java:901)
	at org.testng.internal.Invoker.invokeTestMethods(Invoker.java:1231)
	at org.testng.internal.TestMethodWorker.invokeTestMethods(TestMethodWorker.java:127)
	at org.testng.internal.TestMethodWorker.run(TestMethodWorker.java:111)
	at org.testng.TestRunner.privateRun(TestRunner.java:767)
	at org.testng.TestRunner.run(TestRunner.java:617)
	at org.testng.SuiteRunner.runTest(SuiteRunner.java:334)
	at org.testng.SuiteRunner.runSequentially(SuiteRunner.java:329)
	at org.testng.SuiteRunner.privateRun(SuiteRunner.java:291)
	at org.testng.SuiteRunner.run(SuiteRunner.java:240)
	at org.testng.SuiteRunnerWorker.runSuite(SuiteRunnerWorker.java:52)
	at org.testng.SuiteRunnerWorker.run(SuiteRunnerWorker.java:86)
	at org.testng.TestNG.runSuitesSequentially(TestNG.java:1198)
	at org.testng.TestNG.runSuitesLocally(TestNG.java:1123)
	at org.testng.TestNG.run(TestNG.java:1031)
	at org.apache.maven.surefire.testng.TestNGExecutor.run(TestNGExecutor.java:135)
	at org.apache.maven.surefire.testng.TestNGDirectoryTestSuite.executeMulti(TestNGDirectoryTestSuite.java:193)
	at org.apache.maven.surefire.testng.TestNGDirectoryTestSuite.execute(TestNGDirectoryTestSuite.java:94)
	at org.apache.maven.surefire.testng.TestNGProvider.invoke(TestNGProvider.java:146)
	at org.apache.maven.surefire.booter.ForkedBooter.invokeProviderInSameClassLoader(ForkedBooter.java:379)
	at org.apache.maven.surefire.booter.ForkedBooter.runSuitesInProcess(ForkedBooter.java:340)
	at org.apache.maven.surefire.booter.ForkedBooter.execute(ForkedBooter.java:125)
	at org.apache.maven.surefire.booter.ForkedBooter.main(ForkedBooter.java:413)
</pre></div></td>
<td>0</td>
<td>org.molgenis.security.token.TokenExtractorTest@2480acc3</td></tr>
<tr>
<td title='org.molgenis.security.token.TokenExtractorTest.testResolveArgumentTokenInHeader()'><b>testResolveArgumentTokenInHeader</b><br>Test class: org.molgenis.security.token.TokenExtractorTest</td>
<td></td>
<td>0</td>
<td>org.molgenis.security.token.TokenExtractorTest@2480acc3</td></tr>
<tr>
<td title='org.molgenis.security.token.TokenExtractorTest.testResolveArgumentTokenInParam()'><b>testResolveArgumentTokenInParam</b><br>Test class: org.molgenis.security.token.TokenExtractorTest</td>
<td></td>
<td>0</td>
<td>org.molgenis.security.token.TokenExtractorTest@2480acc3</td></tr>
<tr>
<td title='org.molgenis.security.acl.AclCacheTransactionListenerTest.testRollbackTransaction()'><b>testRollbackTransaction</b><br>Test class: org.molgenis.security.acl.AclCacheTransactionListenerTest</td>
<td></td>
<td>0</td>
<td>org.molgenis.security.acl.AclCacheTransactionListenerTest@1181526e</td></tr>
<tr>
<td title='org.molgenis.security.token.RunAsUserTokenFactoryTest.testTokenForDisabledUser()'><b>testTokenForDisabledUser</b><br>Test class: org.molgenis.security.token.RunAsUserTokenFactoryTest</td>
<td><div><pre>org.springframework.security.authentication.DisabledException: User is disabled.
	at org.molgenis.security.token.RunAsUserTokenFactory.create(RunAsUserTokenFactory.java:24)
	at org.molgenis.security.token.RunAsUserTokenFactoryTest.testTokenForDisabledUser(RunAsUserTokenFactoryTest.java:36)
	at org.apache.maven.surefire.testng.TestNGExecutor.run(TestNGExecutor.java:135)
	at org.apache.maven.surefire.testng.TestNGDirectoryTestSuite.executeMulti(TestNGDirectoryTestSuite.java:193)
	at org.apache.maven.surefire.testng.TestNGDirectoryTestSuite.execute(TestNGDirectoryTestSuite.java:94)
	at org.apache.maven.surefire.testng.TestNGProvider.invoke(TestNGProvider.java:146)
	at org.apache.maven.surefire.booter.ForkedBooter.invokeProviderInSameClassLoader(ForkedBooter.java:379)
	at org.apache.maven.surefire.booter.ForkedBooter.runSuitesInProcess(ForkedBooter.java:340)
	at org.apache.maven.surefire.booter.ForkedBooter.execute(ForkedBooter.java:125)
	at org.apache.maven.surefire.booter.ForkedBooter.main(ForkedBooter.java:413)
... Removed 21 stack frames</pre></div><a href='#' onClick='toggleBox("stack-trace1373114222", this, "Click to show all stack frames", "Click to hide stack frames")'>Click to show all stack frames</a>
<div class='stack-trace' id='stack-trace1373114222'><pre>org.springframework.security.authentication.DisabledException: User is disabled.
	at org.molgenis.security.token.RunAsUserTokenFactory.create(RunAsUserTokenFactory.java:24)
	at org.molgenis.security.token.RunAsUserTokenFactoryTest.testTokenForDisabledUser(RunAsUserTokenFactoryTest.java:36)
	at sun.reflect.NativeMethodAccessorImpl.invoke0(Native Method)
	at sun.reflect.NativeMethodAccessorImpl.invoke(NativeMethodAccessorImpl.java:62)
	at sun.reflect.DelegatingMethodAccessorImpl.invoke(DelegatingMethodAccessorImpl.java:43)
	at java.lang.reflect.Method.invoke(Method.java:498)
	at org.testng.internal.MethodInvocationHelper.invokeMethod(MethodInvocationHelper.java:80)
	at org.testng.internal.Invoker.invokeMethod(Invoker.java:714)
	at org.testng.internal.Invoker.invokeTestMethod(Invoker.java:901)
	at org.testng.internal.Invoker.invokeTestMethods(Invoker.java:1231)
	at org.testng.internal.TestMethodWorker.invokeTestMethods(TestMethodWorker.java:127)
	at org.testng.internal.TestMethodWorker.run(TestMethodWorker.java:111)
	at org.testng.TestRunner.privateRun(TestRunner.java:767)
	at org.testng.TestRunner.run(TestRunner.java:617)
	at org.testng.SuiteRunner.runTest(SuiteRunner.java:334)
	at org.testng.SuiteRunner.runSequentially(SuiteRunner.java:329)
	at org.testng.SuiteRunner.privateRun(SuiteRunner.java:291)
	at org.testng.SuiteRunner.run(SuiteRunner.java:240)
	at org.testng.SuiteRunnerWorker.runSuite(SuiteRunnerWorker.java:52)
	at org.testng.SuiteRunnerWorker.run(SuiteRunnerWorker.java:86)
	at org.testng.TestNG.runSuitesSequentially(TestNG.java:1198)
	at org.testng.TestNG.runSuitesLocally(TestNG.java:1123)
	at org.testng.TestNG.run(TestNG.java:1031)
	at org.apache.maven.surefire.testng.TestNGExecutor.run(TestNGExecutor.java:135)
	at org.apache.maven.surefire.testng.TestNGDirectoryTestSuite.executeMulti(TestNGDirectoryTestSuite.java:193)
	at org.apache.maven.surefire.testng.TestNGDirectoryTestSuite.execute(TestNGDirectoryTestSuite.java:94)
	at org.apache.maven.surefire.testng.TestNGProvider.invoke(TestNGProvider.java:146)
	at org.apache.maven.surefire.booter.ForkedBooter.invokeProviderInSameClassLoader(ForkedBooter.java:379)
	at org.apache.maven.surefire.booter.ForkedBooter.runSuitesInProcess(ForkedBooter.java:340)
	at org.apache.maven.surefire.booter.ForkedBooter.execute(ForkedBooter.java:125)
	at org.apache.maven.surefire.booter.ForkedBooter.main(ForkedBooter.java:413)
</pre></div></td>
<td>0</td>
<td>org.molgenis.security.token.RunAsUserTokenFactoryTest@43735ea0</td></tr>
<tr>
<td title='org.molgenis.security.token.RunAsUserTokenFactoryTest.testTokenForEnabledUser()'><b>testTokenForEnabledUser</b><br>Test class: org.molgenis.security.token.RunAsUserTokenFactoryTest</td>
<td></td>
<td>0</td>
<td>org.molgenis.security.token.RunAsUserTokenFactoryTest@43735ea0</td></tr>
<tr>
<td title='org.molgenis.security.twofactor.service.OtpServiceImplTest.testTryVerificationKeyFailed()'><b>testTryVerificationKeyFailed</b><br>Test class: org.molgenis.security.twofactor.service.OtpServiceImplTest</td>
<td><div><pre>org.molgenis.security.twofactor.exceptions.InvalidVerificationCodeException: Invalid verification code entered
	at org.molgenis.security.twofactor.service.OtpServiceImpl.tryVerificationCode(OtpServiceImpl.java:47)
	at org.molgenis.security.twofactor.service.OtpServiceImplTest.testTryVerificationKeyFailed(OtpServiceImplTest.java:35)
	at org.springframework.test.context.testng.AbstractTestNGSpringContextTests.run(AbstractTestNGSpringContextTests.java:180)
	at org.apache.maven.surefire.testng.TestNGExecutor.run(TestNGExecutor.java:135)
	at org.apache.maven.surefire.testng.TestNGDirectoryTestSuite.executeMulti(TestNGDirectoryTestSuite.java:193)
	at org.apache.maven.surefire.testng.TestNGDirectoryTestSuite.execute(TestNGDirectoryTestSuite.java:94)
	at org.apache.maven.surefire.testng.TestNGProvider.invoke(TestNGProvider.java:146)
	at org.apache.maven.surefire.booter.ForkedBooter.invokeProviderInSameClassLoader(ForkedBooter.java:379)
	at org.apache.maven.surefire.booter.ForkedBooter.runSuitesInProcess(ForkedBooter.java:340)
	at org.apache.maven.surefire.booter.ForkedBooter.execute(ForkedBooter.java:125)
	at org.apache.maven.surefire.booter.ForkedBooter.main(ForkedBooter.java:413)
... Removed 26 stack frames</pre></div><a href='#' onClick='toggleBox("stack-trace203477054", this, "Click to show all stack frames", "Click to hide stack frames")'>Click to show all stack frames</a>
<div class='stack-trace' id='stack-trace203477054'><pre>org.molgenis.security.twofactor.exceptions.InvalidVerificationCodeException: Invalid verification code entered
	at org.molgenis.security.twofactor.service.OtpServiceImpl.tryVerificationCode(OtpServiceImpl.java:47)
	at org.molgenis.security.twofactor.service.OtpServiceImplTest.testTryVerificationKeyFailed(OtpServiceImplTest.java:35)
	at sun.reflect.NativeMethodAccessorImpl.invoke0(Native Method)
	at sun.reflect.NativeMethodAccessorImpl.invoke(NativeMethodAccessorImpl.java:62)
	at sun.reflect.DelegatingMethodAccessorImpl.invoke(DelegatingMethodAccessorImpl.java:43)
	at java.lang.reflect.Method.invoke(Method.java:498)
	at org.testng.internal.MethodInvocationHelper.invokeMethod(MethodInvocationHelper.java:80)
	at org.testng.internal.MethodInvocationHelper$1.runTestMethod(MethodInvocationHelper.java:182)
	at org.springframework.test.context.testng.AbstractTestNGSpringContextTests.run(AbstractTestNGSpringContextTests.java:180)
	at sun.reflect.GeneratedMethodAccessor87.invoke(Unknown Source)
	at sun.reflect.DelegatingMethodAccessorImpl.invoke(DelegatingMethodAccessorImpl.java:43)
	at java.lang.reflect.Method.invoke(Method.java:498)
	at org.testng.internal.MethodInvocationHelper.invokeHookable(MethodInvocationHelper.java:194)
	at org.testng.internal.Invoker.invokeMethod(Invoker.java:707)
	at org.testng.internal.Invoker.invokeTestMethod(Invoker.java:901)
	at org.testng.internal.Invoker.invokeTestMethods(Invoker.java:1231)
	at org.testng.internal.TestMethodWorker.invokeTestMethods(TestMethodWorker.java:127)
	at org.testng.internal.TestMethodWorker.run(TestMethodWorker.java:111)
	at org.testng.TestRunner.privateRun(TestRunner.java:767)
	at org.testng.TestRunner.run(TestRunner.java:617)
	at org.testng.SuiteRunner.runTest(SuiteRunner.java:334)
	at org.testng.SuiteRunner.runSequentially(SuiteRunner.java:329)
	at org.testng.SuiteRunner.privateRun(SuiteRunner.java:291)
	at org.testng.SuiteRunner.run(SuiteRunner.java:240)
	at org.testng.SuiteRunnerWorker.runSuite(SuiteRunnerWorker.java:52)
	at org.testng.SuiteRunnerWorker.run(SuiteRunnerWorker.java:86)
	at org.testng.TestNG.runSuitesSequentially(TestNG.java:1198)
	at org.testng.TestNG.runSuitesLocally(TestNG.java:1123)
	at org.testng.TestNG.run(TestNG.java:1031)
	at org.apache.maven.surefire.testng.TestNGExecutor.run(TestNGExecutor.java:135)
	at org.apache.maven.surefire.testng.TestNGDirectoryTestSuite.executeMulti(TestNGDirectoryTestSuite.java:193)
	at org.apache.maven.surefire.testng.TestNGDirectoryTestSuite.execute(TestNGDirectoryTestSuite.java:94)
	at org.apache.maven.surefire.testng.TestNGProvider.invoke(TestNGProvider.java:146)
	at org.apache.maven.surefire.booter.ForkedBooter.invokeProviderInSameClassLoader(ForkedBooter.java:379)
	at org.apache.maven.surefire.booter.ForkedBooter.runSuitesInProcess(ForkedBooter.java:340)
	at org.apache.maven.surefire.booter.ForkedBooter.execute(ForkedBooter.java:125)
	at org.apache.maven.surefire.booter.ForkedBooter.main(ForkedBooter.java:413)
</pre></div></td>
<td>0</td>
<td>org.molgenis.security.twofactor.service.OtpServiceImplTest@4abb4041</td></tr>
<tr>
<td title='org.molgenis.security.permission.AuthenticationAuthoritiesUpdaterImplTest.testUpdateAuthenticationAnonymousAuthenticationToken()'><b>testUpdateAuthenticationAnonymousAuthenticationToken</b><br>Test class: org.molgenis.security.permission.AuthenticationAuthoritiesUpdaterImplTest</td>
<td></td>
<td>0</td>
<td>org.molgenis.security.permission.AuthenticationAuthoritiesUpdaterImplTest@5f32de90</td></tr>
<tr>
<td title='org.molgenis.security.permission.AuthenticationAuthoritiesUpdaterImplTest.testUpdateAuthenticationRecoveryAuthenticationToken()'><b>testUpdateAuthenticationRecoveryAuthenticationToken</b><br>Test class: org.molgenis.security.permission.AuthenticationAuthoritiesUpdaterImplTest</td>
<td></td>
<td>0</td>
<td>org.molgenis.security.permission.AuthenticationAuthoritiesUpdaterImplTest@5f32de90</td></tr>
<tr>
<td title='org.molgenis.security.permission.AuthenticationAuthoritiesUpdaterImplTest.testUpdateAuthenticationRestAuthenticationToken()'><b>testUpdateAuthenticationRestAuthenticationToken</b><br>Test class: org.molgenis.security.permission.AuthenticationAuthoritiesUpdaterImplTest</td>
<td></td>
<td>0</td>
<td>org.molgenis.security.permission.AuthenticationAuthoritiesUpdaterImplTest@5f32de90</td></tr>
<tr>
<td title='org.molgenis.security.permission.AuthenticationAuthoritiesUpdaterImplTest.testUpdateAuthenticationRunAsUserToken()'><b>testUpdateAuthenticationRunAsUserToken</b><br>Test class: org.molgenis.security.permission.AuthenticationAuthoritiesUpdaterImplTest</td>
<td></td>
<td>0</td>
<td>org.molgenis.security.permission.AuthenticationAuthoritiesUpdaterImplTest@5f32de90</td></tr>
<tr>
<td title='org.molgenis.security.permission.AuthenticationAuthoritiesUpdaterImplTest.testUpdateAuthenticationSystemSecurityToken()'><b>testUpdateAuthenticationSystemSecurityToken</b><br>Test class: org.molgenis.security.permission.AuthenticationAuthoritiesUpdaterImplTest</td>
<td></td>
<td>0</td>
<td>org.molgenis.security.permission.AuthenticationAuthoritiesUpdaterImplTest@5f32de90</td></tr>
<tr>
<td title='org.molgenis.security.permission.AuthenticationAuthoritiesUpdaterImplTest.testUpdateAuthenticationTwoFactorAuthenticationToken()'><b>testUpdateAuthenticationTwoFactorAuthenticationToken</b><br>Test class: org.molgenis.security.permission.AuthenticationAuthoritiesUpdaterImplTest</td>
<td></td>
<td>0</td>
<td>org.molgenis.security.permission.AuthenticationAuthoritiesUpdaterImplTest@5f32de90</td></tr>
<tr>
<td title='org.molgenis.security.permission.AuthenticationAuthoritiesUpdaterImplTest.testUpdateAuthenticationUnknownToken()'><b>testUpdateAuthenticationUnknownToken</b><br>Test class: org.molgenis.security.permission.AuthenticationAuthoritiesUpdaterImplTest</td>
<td><div><pre>org.springframework.security.web.authentication.session.SessionAuthenticationException: Unknown authentication type &apos;Authentication$MockitoMock$894474850&apos;
	at org.molgenis.security.permission.AuthenticationAuthoritiesUpdaterImpl.updateAuthentication(AuthenticationAuthoritiesUpdaterImpl.java:68)
	at org.molgenis.security.permission.AuthenticationAuthoritiesUpdaterImplTest.testUpdateAuthenticationUnknownToken(AuthenticationAuthoritiesUpdaterImplTest.java:139)
	at org.apache.maven.surefire.testng.TestNGExecutor.run(TestNGExecutor.java:135)
	at org.apache.maven.surefire.testng.TestNGDirectoryTestSuite.executeMulti(TestNGDirectoryTestSuite.java:193)
	at org.apache.maven.surefire.testng.TestNGDirectoryTestSuite.execute(TestNGDirectoryTestSuite.java:94)
	at org.apache.maven.surefire.testng.TestNGProvider.invoke(TestNGProvider.java:146)
	at org.apache.maven.surefire.booter.ForkedBooter.invokeProviderInSameClassLoader(ForkedBooter.java:379)
	at org.apache.maven.surefire.booter.ForkedBooter.runSuitesInProcess(ForkedBooter.java:340)
	at org.apache.maven.surefire.booter.ForkedBooter.execute(ForkedBooter.java:125)
	at org.apache.maven.surefire.booter.ForkedBooter.main(ForkedBooter.java:413)
... Removed 21 stack frames</pre></div><a href='#' onClick='toggleBox("stack-trace1539411657", this, "Click to show all stack frames", "Click to hide stack frames")'>Click to show all stack frames</a>
<div class='stack-trace' id='stack-trace1539411657'><pre>org.springframework.security.web.authentication.session.SessionAuthenticationException: Unknown authentication type &apos;Authentication$MockitoMock$894474850&apos;
	at org.molgenis.security.permission.AuthenticationAuthoritiesUpdaterImpl.updateAuthentication(AuthenticationAuthoritiesUpdaterImpl.java:68)
	at org.molgenis.security.permission.AuthenticationAuthoritiesUpdaterImplTest.testUpdateAuthenticationUnknownToken(AuthenticationAuthoritiesUpdaterImplTest.java:139)
	at sun.reflect.NativeMethodAccessorImpl.invoke0(Native Method)
	at sun.reflect.NativeMethodAccessorImpl.invoke(NativeMethodAccessorImpl.java:62)
	at sun.reflect.DelegatingMethodAccessorImpl.invoke(DelegatingMethodAccessorImpl.java:43)
	at java.lang.reflect.Method.invoke(Method.java:498)
	at org.testng.internal.MethodInvocationHelper.invokeMethod(MethodInvocationHelper.java:80)
	at org.testng.internal.Invoker.invokeMethod(Invoker.java:714)
	at org.testng.internal.Invoker.invokeTestMethod(Invoker.java:901)
	at org.testng.internal.Invoker.invokeTestMethods(Invoker.java:1231)
	at org.testng.internal.TestMethodWorker.invokeTestMethods(TestMethodWorker.java:127)
	at org.testng.internal.TestMethodWorker.run(TestMethodWorker.java:111)
	at org.testng.TestRunner.privateRun(TestRunner.java:767)
	at org.testng.TestRunner.run(TestRunner.java:617)
	at org.testng.SuiteRunner.runTest(SuiteRunner.java:334)
	at org.testng.SuiteRunner.runSequentially(SuiteRunner.java:329)
	at org.testng.SuiteRunner.privateRun(SuiteRunner.java:291)
	at org.testng.SuiteRunner.run(SuiteRunner.java:240)
	at org.testng.SuiteRunnerWorker.runSuite(SuiteRunnerWorker.java:52)
	at org.testng.SuiteRunnerWorker.run(SuiteRunnerWorker.java:86)
	at org.testng.TestNG.runSuitesSequentially(TestNG.java:1198)
	at org.testng.TestNG.runSuitesLocally(TestNG.java:1123)
	at org.testng.TestNG.run(TestNG.java:1031)
	at org.apache.maven.surefire.testng.TestNGExecutor.run(TestNGExecutor.java:135)
	at org.apache.maven.surefire.testng.TestNGDirectoryTestSuite.executeMulti(TestNGDirectoryTestSuite.java:193)
	at org.apache.maven.surefire.testng.TestNGDirectoryTestSuite.execute(TestNGDirectoryTestSuite.java:94)
	at org.apache.maven.surefire.testng.TestNGProvider.invoke(TestNGProvider.java:146)
	at org.apache.maven.surefire.booter.ForkedBooter.invokeProviderInSameClassLoader(ForkedBooter.java:379)
	at org.apache.maven.surefire.booter.ForkedBooter.runSuitesInProcess(ForkedBooter.java:340)
	at org.apache.maven.surefire.booter.ForkedBooter.execute(ForkedBooter.java:125)
	at org.apache.maven.surefire.booter.ForkedBooter.main(ForkedBooter.java:413)
</pre></div></td>
<td>0</td>
<td>org.molgenis.security.permission.AuthenticationAuthoritiesUpdaterImplTest@5f32de90</td></tr>
<tr>
<td title='org.molgenis.security.permission.AuthenticationAuthoritiesUpdaterImplTest.testUpdateAuthenticationUsernamePasswordAuthenticationToken()'><b>testUpdateAuthenticationUsernamePasswordAuthenticationToken</b><br>Test class: org.molgenis.security.permission.AuthenticationAuthoritiesUpdaterImplTest</td>
<td></td>
<td>0</td>
<td>org.molgenis.security.permission.AuthenticationAuthoritiesUpdaterImplTest@5f32de90</td></tr>
<tr>
<td title='org.molgenis.security.twofactor.service.RecoveryServiceImplTest.testUseRecoveryCode()'><b>testUseRecoveryCode</b><br>Test class: org.molgenis.security.twofactor.service.RecoveryServiceImplTest</td>
<td></td>
<td>0</td>
<td>org.molgenis.security.twofactor.service.RecoveryServiceImplTest@2a6871ad</td></tr>
<tr>
<td title='org.molgenis.security.user.UserDetailsServiceTest.testUserDetailsService()'><b>testUserDetailsService</b><br>Test class: org.molgenis.security.user.UserDetailsServiceTest</td>
<td><div><pre>java.lang.NullPointerException
	at java.util.Objects.requireNonNull(Objects.java:203)
	at org.molgenis.security.user.UserDetailsService.&lt;init&gt;(UserDetailsService.java:33)
	at org.molgenis.security.user.UserDetailsServiceTest.testUserDetailsService(UserDetailsServiceTest.java:63)
	at org.apache.maven.surefire.testng.TestNGExecutor.run(TestNGExecutor.java:135)
	at org.apache.maven.surefire.testng.TestNGDirectoryTestSuite.executeMulti(TestNGDirectoryTestSuite.java:193)
	at org.apache.maven.surefire.testng.TestNGDirectoryTestSuite.execute(TestNGDirectoryTestSuite.java:94)
	at org.apache.maven.surefire.testng.TestNGProvider.invoke(TestNGProvider.java:146)
	at org.apache.maven.surefire.booter.ForkedBooter.invokeProviderInSameClassLoader(ForkedBooter.java:379)
	at org.apache.maven.surefire.booter.ForkedBooter.runSuitesInProcess(ForkedBooter.java:340)
	at org.apache.maven.surefire.booter.ForkedBooter.execute(ForkedBooter.java:125)
	at org.apache.maven.surefire.booter.ForkedBooter.main(ForkedBooter.java:413)
... Removed 21 stack frames</pre></div><a href='#' onClick='toggleBox("stack-trace856935645", this, "Click to show all stack frames", "Click to hide stack frames")'>Click to show all stack frames</a>
<div class='stack-trace' id='stack-trace856935645'><pre>java.lang.NullPointerException
	at java.util.Objects.requireNonNull(Objects.java:203)
	at org.molgenis.security.user.UserDetailsService.&lt;init&gt;(UserDetailsService.java:33)
	at org.molgenis.security.user.UserDetailsServiceTest.testUserDetailsService(UserDetailsServiceTest.java:63)
	at sun.reflect.NativeMethodAccessorImpl.invoke0(Native Method)
	at sun.reflect.NativeMethodAccessorImpl.invoke(NativeMethodAccessorImpl.java:62)
	at sun.reflect.DelegatingMethodAccessorImpl.invoke(DelegatingMethodAccessorImpl.java:43)
	at java.lang.reflect.Method.invoke(Method.java:498)
	at org.testng.internal.MethodInvocationHelper.invokeMethod(MethodInvocationHelper.java:80)
	at org.testng.internal.Invoker.invokeMethod(Invoker.java:714)
	at org.testng.internal.Invoker.invokeTestMethod(Invoker.java:901)
	at org.testng.internal.Invoker.invokeTestMethods(Invoker.java:1231)
	at org.testng.internal.TestMethodWorker.invokeTestMethods(TestMethodWorker.java:127)
	at org.testng.internal.TestMethodWorker.run(TestMethodWorker.java:111)
	at org.testng.TestRunner.privateRun(TestRunner.java:767)
	at org.testng.TestRunner.run(TestRunner.java:617)
	at org.testng.SuiteRunner.runTest(SuiteRunner.java:334)
	at org.testng.SuiteRunner.runSequentially(SuiteRunner.java:329)
	at org.testng.SuiteRunner.privateRun(SuiteRunner.java:291)
	at org.testng.SuiteRunner.run(SuiteRunner.java:240)
	at org.testng.SuiteRunnerWorker.runSuite(SuiteRunnerWorker.java:52)
	at org.testng.SuiteRunnerWorker.run(SuiteRunnerWorker.java:86)
	at org.testng.TestNG.runSuitesSequentially(TestNG.java:1198)
	at org.testng.TestNG.runSuitesLocally(TestNG.java:1123)
	at org.testng.TestNG.run(TestNG.java:1031)
	at org.apache.maven.surefire.testng.TestNGExecutor.run(TestNGExecutor.java:135)
	at org.apache.maven.surefire.testng.TestNGDirectoryTestSuite.executeMulti(TestNGDirectoryTestSuite.java:193)
	at org.apache.maven.surefire.testng.TestNGDirectoryTestSuite.execute(TestNGDirectoryTestSuite.java:94)
	at org.apache.maven.surefire.testng.TestNGProvider.invoke(TestNGProvider.java:146)
	at org.apache.maven.surefire.booter.ForkedBooter.invokeProviderInSameClassLoader(ForkedBooter.java:379)
	at org.apache.maven.surefire.booter.ForkedBooter.runSuitesInProcess(ForkedBooter.java:340)
	at org.apache.maven.surefire.booter.ForkedBooter.execute(ForkedBooter.java:125)
	at org.apache.maven.surefire.booter.ForkedBooter.main(ForkedBooter.java:413)
</pre></div></td>
<td>0</td>
<td>org.molgenis.security.user.UserDetailsServiceTest@3e574f9c</td></tr>
<tr>
<td title='org.molgenis.security.twofactor.service.TwoFactorAuthenticationServiceImplTest.testUserIsBlocked()'><b>testUserIsBlocked</b><br>Test class: org.molgenis.security.twofactor.service.TwoFactorAuthenticationServiceImplTest</td>
<td><div><pre>org.molgenis.security.twofactor.exceptions.TooManyLoginAttemptsException: You entered the wrong verification code 3 times, please wait for 30 seconds before you try again
	at org.molgenis.security.twofactor.service.TwoFactorAuthenticationServiceImpl.userIsBlocked(TwoFactorAuthenticationServiceImpl.java:97)
	at org.molgenis.security.twofactor.service.TwoFactorAuthenticationServiceImplTest.testUserIsBlocked(TwoFactorAuthenticationServiceImplTest.java:100)
	at org.springframework.test.context.testng.AbstractTestNGSpringContextTests.run(AbstractTestNGSpringContextTests.java:180)
	at org.apache.maven.surefire.testng.TestNGExecutor.run(TestNGExecutor.java:135)
	at org.apache.maven.surefire.testng.TestNGDirectoryTestSuite.executeMulti(TestNGDirectoryTestSuite.java:193)
	at org.apache.maven.surefire.testng.TestNGDirectoryTestSuite.execute(TestNGDirectoryTestSuite.java:94)
	at org.apache.maven.surefire.testng.TestNGProvider.invoke(TestNGProvider.java:146)
	at org.apache.maven.surefire.booter.ForkedBooter.invokeProviderInSameClassLoader(ForkedBooter.java:379)
	at org.apache.maven.surefire.booter.ForkedBooter.runSuitesInProcess(ForkedBooter.java:340)
	at org.apache.maven.surefire.booter.ForkedBooter.execute(ForkedBooter.java:125)
	at org.apache.maven.surefire.booter.ForkedBooter.main(ForkedBooter.java:413)
... Removed 26 stack frames</pre></div><a href='#' onClick='toggleBox("stack-trace590877042", this, "Click to show all stack frames", "Click to hide stack frames")'>Click to show all stack frames</a>
<div class='stack-trace' id='stack-trace590877042'><pre>org.molgenis.security.twofactor.exceptions.TooManyLoginAttemptsException: You entered the wrong verification code 3 times, please wait for 30 seconds before you try again
	at org.molgenis.security.twofactor.service.TwoFactorAuthenticationServiceImpl.userIsBlocked(TwoFactorAuthenticationServiceImpl.java:97)
	at org.molgenis.security.twofactor.service.TwoFactorAuthenticationServiceImplTest.testUserIsBlocked(TwoFactorAuthenticationServiceImplTest.java:100)
	at sun.reflect.NativeMethodAccessorImpl.invoke0(Native Method)
	at sun.reflect.NativeMethodAccessorImpl.invoke(NativeMethodAccessorImpl.java:62)
	at sun.reflect.DelegatingMethodAccessorImpl.invoke(DelegatingMethodAccessorImpl.java:43)
	at java.lang.reflect.Method.invoke(Method.java:498)
	at org.testng.internal.MethodInvocationHelper.invokeMethod(MethodInvocationHelper.java:80)
	at org.testng.internal.MethodInvocationHelper$1.runTestMethod(MethodInvocationHelper.java:182)
	at org.springframework.test.context.testng.AbstractTestNGSpringContextTests.run(AbstractTestNGSpringContextTests.java:180)
	at sun.reflect.GeneratedMethodAccessor87.invoke(Unknown Source)
	at sun.reflect.DelegatingMethodAccessorImpl.invoke(DelegatingMethodAccessorImpl.java:43)
	at java.lang.reflect.Method.invoke(Method.java:498)
	at org.testng.internal.MethodInvocationHelper.invokeHookable(MethodInvocationHelper.java:194)
	at org.testng.internal.Invoker.invokeMethod(Invoker.java:707)
	at org.testng.internal.Invoker.invokeTestMethod(Invoker.java:901)
	at org.testng.internal.Invoker.invokeTestMethods(Invoker.java:1231)
	at org.testng.internal.TestMethodWorker.invokeTestMethods(TestMethodWorker.java:127)
	at org.testng.internal.TestMethodWorker.run(TestMethodWorker.java:111)
	at org.testng.TestRunner.privateRun(TestRunner.java:767)
	at org.testng.TestRunner.run(TestRunner.java:617)
	at org.testng.SuiteRunner.runTest(SuiteRunner.java:334)
	at org.testng.SuiteRunner.runSequentially(SuiteRunner.java:329)
	at org.testng.SuiteRunner.privateRun(SuiteRunner.java:291)
	at org.testng.SuiteRunner.run(SuiteRunner.java:240)
	at org.testng.SuiteRunnerWorker.runSuite(SuiteRunnerWorker.java:52)
	at org.testng.SuiteRunnerWorker.run(SuiteRunnerWorker.java:86)
	at org.testng.TestNG.runSuitesSequentially(TestNG.java:1198)
	at org.testng.TestNG.runSuitesLocally(TestNG.java:1123)
	at org.testng.TestNG.run(TestNG.java:1031)
	at org.apache.maven.surefire.testng.TestNGExecutor.run(TestNGExecutor.java:135)
	at org.apache.maven.surefire.testng.TestNGDirectoryTestSuite.executeMulti(TestNGDirectoryTestSuite.java:193)
	at org.apache.maven.surefire.testng.TestNGDirectoryTestSuite.execute(TestNGDirectoryTestSuite.java:94)
	at org.apache.maven.surefire.testng.TestNGProvider.invoke(TestNGProvider.java:146)
	at org.apache.maven.surefire.booter.ForkedBooter.invokeProviderInSameClassLoader(ForkedBooter.java:379)
	at org.apache.maven.surefire.booter.ForkedBooter.runSuitesInProcess(ForkedBooter.java:340)
	at org.apache.maven.surefire.booter.ForkedBooter.execute(ForkedBooter.java:125)
	at org.apache.maven.surefire.booter.ForkedBooter.main(ForkedBooter.java:413)
</pre></div></td>
<td>0</td>
<td>org.molgenis.security.twofactor.service.TwoFactorAuthenticationServiceImplTest@73a88711</td></tr>
<tr>
<td title='org.molgenis.security.user.UserAccountServiceImplTest.updateCurrentUser()'><b>updateCurrentUser</b><br>Test class: org.molgenis.security.user.UserAccountServiceImplTest</td>
<td></td>
<td>0</td>
<td>org.molgenis.security.user.UserAccountServiceImplTest@4960b819</td></tr>
<tr>
<td title='org.molgenis.security.user.UserAccountServiceImplTest.updateCurrentUser_changePassword()'><b>updateCurrentUser_changePassword</b><br>Test class: org.molgenis.security.user.UserAccountServiceImplTest</td>
<td></td>
<td>0</td>
<td>org.molgenis.security.user.UserAccountServiceImplTest@4960b819</td></tr>
<tr>
<td title='org.molgenis.security.user.UserAccountServiceImplTest.updateCurrentUser_wrongUser()'><b>updateCurrentUser_wrongUser</b><br>Test class: org.molgenis.security.user.UserAccountServiceImplTest</td>
<td><div><pre>java.lang.RuntimeException: Updated user differs from the current user
	at org.molgenis.security.user.UserAccountServiceImpl.updateCurrentUser(UserAccountServiceImpl.java:36)
	at org.molgenis.security.user.UserAccountServiceImplTest.updateCurrentUser_wrongUser(UserAccountServiceImplTest.java:92)
	at org.springframework.test.context.testng.AbstractTestNGSpringContextTests.run(AbstractTestNGSpringContextTests.java:180)
	at org.apache.maven.surefire.testng.TestNGExecutor.run(TestNGExecutor.java:135)
	at org.apache.maven.surefire.testng.TestNGDirectoryTestSuite.executeMulti(TestNGDirectoryTestSuite.java:193)
	at org.apache.maven.surefire.testng.TestNGDirectoryTestSuite.execute(TestNGDirectoryTestSuite.java:94)
	at org.apache.maven.surefire.testng.TestNGProvider.invoke(TestNGProvider.java:146)
	at org.apache.maven.surefire.booter.ForkedBooter.invokeProviderInSameClassLoader(ForkedBooter.java:379)
	at org.apache.maven.surefire.booter.ForkedBooter.runSuitesInProcess(ForkedBooter.java:340)
	at org.apache.maven.surefire.booter.ForkedBooter.execute(ForkedBooter.java:125)
	at org.apache.maven.surefire.booter.ForkedBooter.main(ForkedBooter.java:413)
... Removed 26 stack frames</pre></div><a href='#' onClick='toggleBox("stack-trace1871212187", this, "Click to show all stack frames", "Click to hide stack frames")'>Click to show all stack frames</a>
<div class='stack-trace' id='stack-trace1871212187'><pre>java.lang.RuntimeException: Updated user differs from the current user
	at org.molgenis.security.user.UserAccountServiceImpl.updateCurrentUser(UserAccountServiceImpl.java:36)
	at org.molgenis.security.user.UserAccountServiceImplTest.updateCurrentUser_wrongUser(UserAccountServiceImplTest.java:92)
	at sun.reflect.NativeMethodAccessorImpl.invoke0(Native Method)
	at sun.reflect.NativeMethodAccessorImpl.invoke(NativeMethodAccessorImpl.java:62)
	at sun.reflect.DelegatingMethodAccessorImpl.invoke(DelegatingMethodAccessorImpl.java:43)
	at java.lang.reflect.Method.invoke(Method.java:498)
	at org.testng.internal.MethodInvocationHelper.invokeMethod(MethodInvocationHelper.java:80)
	at org.testng.internal.MethodInvocationHelper$1.runTestMethod(MethodInvocationHelper.java:182)
	at org.springframework.test.context.testng.AbstractTestNGSpringContextTests.run(AbstractTestNGSpringContextTests.java:180)
	at sun.reflect.GeneratedMethodAccessor87.invoke(Unknown Source)
	at sun.reflect.DelegatingMethodAccessorImpl.invoke(DelegatingMethodAccessorImpl.java:43)
	at java.lang.reflect.Method.invoke(Method.java:498)
	at org.testng.internal.MethodInvocationHelper.invokeHookable(MethodInvocationHelper.java:194)
	at org.testng.internal.Invoker.invokeMethod(Invoker.java:707)
	at org.testng.internal.Invoker.invokeTestMethod(Invoker.java:901)
	at org.testng.internal.Invoker.invokeTestMethods(Invoker.java:1231)
	at org.testng.internal.TestMethodWorker.invokeTestMethods(TestMethodWorker.java:127)
	at org.testng.internal.TestMethodWorker.run(TestMethodWorker.java:111)
	at org.testng.TestRunner.privateRun(TestRunner.java:767)
	at org.testng.TestRunner.run(TestRunner.java:617)
	at org.testng.SuiteRunner.runTest(SuiteRunner.java:334)
	at org.testng.SuiteRunner.runSequentially(SuiteRunner.java:329)
	at org.testng.SuiteRunner.privateRun(SuiteRunner.java:291)
	at org.testng.SuiteRunner.run(SuiteRunner.java:240)
	at org.testng.SuiteRunnerWorker.runSuite(SuiteRunnerWorker.java:52)
	at org.testng.SuiteRunnerWorker.run(SuiteRunnerWorker.java:86)
	at org.testng.TestNG.runSuitesSequentially(TestNG.java:1198)
	at org.testng.TestNG.runSuitesLocally(TestNG.java:1123)
	at org.testng.TestNG.run(TestNG.java:1031)
	at org.apache.maven.surefire.testng.TestNGExecutor.run(TestNGExecutor.java:135)
	at org.apache.maven.surefire.testng.TestNGDirectoryTestSuite.executeMulti(TestNGDirectoryTestSuite.java:193)
	at org.apache.maven.surefire.testng.TestNGDirectoryTestSuite.execute(TestNGDirectoryTestSuite.java:94)
	at org.apache.maven.surefire.testng.TestNGProvider.invoke(TestNGProvider.java:146)
	at org.apache.maven.surefire.booter.ForkedBooter.invokeProviderInSameClassLoader(ForkedBooter.java:379)
	at org.apache.maven.surefire.booter.ForkedBooter.runSuitesInProcess(ForkedBooter.java:340)
	at org.apache.maven.surefire.booter.ForkedBooter.execute(ForkedBooter.java:125)
	at org.apache.maven.surefire.booter.ForkedBooter.main(ForkedBooter.java:413)
</pre></div></td>
<td>0</td>
<td>org.molgenis.security.user.UserAccountServiceImplTest@4960b819</td></tr>
<tr>
<td title='org.molgenis.security.captcha.CaptchaServiceTest.validateCaptcha()'><b>validateCaptcha</b><br>Test class: org.molgenis.security.captcha.CaptchaServiceTest</td>
<td></td>
<td>0</td>
<td>org.molgenis.security.captcha.CaptchaServiceTest@28532753</td></tr>
<tr>
<td title='org.molgenis.security.captcha.CaptchaControllerTest.validateCaptchaFromForm_invalid()'><b>validateCaptchaFromForm_invalid</b><br>Test class: org.molgenis.security.captcha.CaptchaControllerTest</td>
<td></td>
<td>0</td>
<td>org.molgenis.security.captcha.CaptchaControllerTest@40ed4674</td></tr>
<tr>
<td title='org.molgenis.security.captcha.CaptchaControllerTest.validateCaptchaFromForm_valid()'><b>validateCaptchaFromForm_valid</b><br>Test class: org.molgenis.security.captcha.CaptchaControllerTest</td>
<td></td>
<td>0</td>
<td>org.molgenis.security.captcha.CaptchaControllerTest@40ed4674</td></tr>
<tr>
<td title='org.molgenis.security.captcha.CaptchaControllerTest.validateCaptcha_invalid()'><b>validateCaptcha_invalid</b><br>Test class: org.molgenis.security.captcha.CaptchaControllerTest</td>
<td></td>
<td>0</td>
<td>org.molgenis.security.captcha.CaptchaControllerTest@40ed4674</td></tr>
<tr>
<td title='org.molgenis.security.captcha.CaptchaServiceTest.validateCaptcha_noCaptcha()'><b>validateCaptcha_noCaptcha</b><br>Test class: org.molgenis.security.captcha.CaptchaServiceTest</td>
<td><div><pre>org.molgenis.security.captcha.CaptchaException: no captcha to validate
	at org.molgenis.security.captcha.CaptchaService.validateCaptcha(CaptchaService.java:50)
	at org.molgenis.security.captcha.CaptchaServiceTest.validateCaptcha_noCaptcha(CaptchaServiceTest.java:74)
	at org.springframework.test.context.testng.AbstractTestNGSpringContextTests.run(AbstractTestNGSpringContextTests.java:180)
	at org.apache.maven.surefire.testng.TestNGExecutor.run(TestNGExecutor.java:135)
	at org.apache.maven.surefire.testng.TestNGDirectoryTestSuite.executeMulti(TestNGDirectoryTestSuite.java:193)
	at org.apache.maven.surefire.testng.TestNGDirectoryTestSuite.execute(TestNGDirectoryTestSuite.java:94)
	at org.apache.maven.surefire.testng.TestNGProvider.invoke(TestNGProvider.java:146)
	at org.apache.maven.surefire.booter.ForkedBooter.invokeProviderInSameClassLoader(ForkedBooter.java:379)
	at org.apache.maven.surefire.booter.ForkedBooter.runSuitesInProcess(ForkedBooter.java:340)
	at org.apache.maven.surefire.booter.ForkedBooter.execute(ForkedBooter.java:125)
	at org.apache.maven.surefire.booter.ForkedBooter.main(ForkedBooter.java:413)
... Removed 27 stack frames</pre></div><a href='#' onClick='toggleBox("stack-trace1356069888", this, "Click to show all stack frames", "Click to hide stack frames")'>Click to show all stack frames</a>
<div class='stack-trace' id='stack-trace1356069888'><pre>org.molgenis.security.captcha.CaptchaException: no captcha to validate
	at org.molgenis.security.captcha.CaptchaService.validateCaptcha(CaptchaService.java:50)
	at org.molgenis.security.captcha.CaptchaServiceTest.validateCaptcha_noCaptcha(CaptchaServiceTest.java:74)
	at sun.reflect.NativeMethodAccessorImpl.invoke0(Native Method)
	at sun.reflect.NativeMethodAccessorImpl.invoke(NativeMethodAccessorImpl.java:62)
	at sun.reflect.DelegatingMethodAccessorImpl.invoke(DelegatingMethodAccessorImpl.java:43)
	at java.lang.reflect.Method.invoke(Method.java:498)
	at org.testng.internal.MethodInvocationHelper.invokeMethod(MethodInvocationHelper.java:80)
	at org.testng.internal.MethodInvocationHelper$1.runTestMethod(MethodInvocationHelper.java:182)
	at org.springframework.test.context.testng.AbstractTestNGSpringContextTests.run(AbstractTestNGSpringContextTests.java:180)
	at sun.reflect.NativeMethodAccessorImpl.invoke0(Native Method)
	at sun.reflect.NativeMethodAccessorImpl.invoke(NativeMethodAccessorImpl.java:62)
	at sun.reflect.DelegatingMethodAccessorImpl.invoke(DelegatingMethodAccessorImpl.java:43)
	at java.lang.reflect.Method.invoke(Method.java:498)
	at org.testng.internal.MethodInvocationHelper.invokeHookable(MethodInvocationHelper.java:194)
	at org.testng.internal.Invoker.invokeMethod(Invoker.java:707)
	at org.testng.internal.Invoker.invokeTestMethod(Invoker.java:901)
	at org.testng.internal.Invoker.invokeTestMethods(Invoker.java:1231)
	at org.testng.internal.TestMethodWorker.invokeTestMethods(TestMethodWorker.java:127)
	at org.testng.internal.TestMethodWorker.run(TestMethodWorker.java:111)
	at org.testng.TestRunner.privateRun(TestRunner.java:767)
	at org.testng.TestRunner.run(TestRunner.java:617)
	at org.testng.SuiteRunner.runTest(SuiteRunner.java:334)
	at org.testng.SuiteRunner.runSequentially(SuiteRunner.java:329)
	at org.testng.SuiteRunner.privateRun(SuiteRunner.java:291)
	at org.testng.SuiteRunner.run(SuiteRunner.java:240)
	at org.testng.SuiteRunnerWorker.runSuite(SuiteRunnerWorker.java:52)
	at org.testng.SuiteRunnerWorker.run(SuiteRunnerWorker.java:86)
	at org.testng.TestNG.runSuitesSequentially(TestNG.java:1198)
	at org.testng.TestNG.runSuitesLocally(TestNG.java:1123)
	at org.testng.TestNG.run(TestNG.java:1031)
	at org.apache.maven.surefire.testng.TestNGExecutor.run(TestNGExecutor.java:135)
	at org.apache.maven.surefire.testng.TestNGDirectoryTestSuite.executeMulti(TestNGDirectoryTestSuite.java:193)
	at org.apache.maven.surefire.testng.TestNGDirectoryTestSuite.execute(TestNGDirectoryTestSuite.java:94)
	at org.apache.maven.surefire.testng.TestNGProvider.invoke(TestNGProvider.java:146)
	at org.apache.maven.surefire.booter.ForkedBooter.invokeProviderInSameClassLoader(ForkedBooter.java:379)
	at org.apache.maven.surefire.booter.ForkedBooter.runSuitesInProcess(ForkedBooter.java:340)
	at org.apache.maven.surefire.booter.ForkedBooter.execute(ForkedBooter.java:125)
	at org.apache.maven.surefire.booter.ForkedBooter.main(ForkedBooter.java:413)
</pre></div></td>
<td>0</td>
<td>org.molgenis.security.captcha.CaptchaServiceTest@28532753</td></tr>
<tr>
<td title='org.molgenis.security.captcha.CaptchaControllerTest.validateCaptcha_valid()'><b>validateCaptcha_valid</b><br>Test class: org.molgenis.security.captcha.CaptchaControllerTest</td>
<td></td>
<td>0</td>
<td>org.molgenis.security.captcha.CaptchaControllerTest@40ed4674</td></tr>
<tr>
<td title='org.molgenis.security.user.UserAccountServiceImplTest.validateCurrentUserPassword()'><b>validateCurrentUserPassword</b><br>Test class: org.molgenis.security.user.UserAccountServiceImplTest</td>
<td></td>
<td>0</td>
<td>org.molgenis.security.user.UserAccountServiceImplTest@4960b819</td></tr>
<tr>
<td title='org.molgenis.security.twofactor.TwoFactorAuthenticationControllerTest.validateVerificationCodeAndAuthenticateExceptionTest()'><b>validateVerificationCodeAndAuthenticateExceptionTest</b><br>Test class: org.molgenis.security.twofactor.TwoFactorAuthenticationControllerTest</td>
<td></td>
<td>0</td>
<td>org.molgenis.security.twofactor.TwoFactorAuthenticationControllerTest@79e28671</td></tr>
</table><p>
</body>
</html>