<?xml version="1.0" encoding="UTF-8"?>
<testng-results skipped="0" failed="0" total="36" passed="36">
  <reporter-output>
  </reporter-output>
  <suite name="Surefire suite" duration-ms="3303" started-at="2018-06-06T21:42:30Z" finished-at="2018-06-06T21:42:33Z">
    <groups>
    </groups>
    <test name="Surefire test" duration-ms="3303" started-at="2018-06-06T21:42:30Z" finished-at="2018-06-06T21:42:33Z">
      <class name="org.molgenis.data.file.processor.AbstractCellProcessorTest">
        <test-method status="PASS" signature="setUp()[pri:0, instance:org.molgenis.data.file.processor.AbstractCellProcessorTest@7e2f86e6]" name="setUp" is-config="true" duration-ms="1145" started-at="2018-06-06T23:42:30Z" finished-at="2018-06-06T23:42:31Z">
          <reporter-output>
          </reporter-output>
        </test-method> <!-- setUp -->
        <test-method status="PASS" signature="processCell_data()[pri:0, instance:org.molgenis.data.file.processor.AbstractCellProcessorTest@7e2f86e6]" name="processCell_data" duration-ms="8" started-at="2018-06-06T23:42:31Z" finished-at="2018-06-06T23:42:31Z">
          <reporter-output>
          </reporter-output>
        </test-method> <!-- processCell_data -->
        <test-method status="PASS" signature="setUp()[pri:0, instance:org.molgenis.data.file.processor.AbstractCellProcessorTest@7e2f86e6]" name="setUp" is-config="true" duration-ms="1" started-at="2018-06-06T23:42:31Z" finished-at="2018-06-06T23:42:31Z">
          <reporter-output>
          </reporter-output>
        </test-method> <!-- setUp -->
        <test-method status="PASS" signature="processCell_header()[pri:0, instance:org.molgenis.data.file.processor.AbstractCellProcessorTest@7e2f86e6]" name="processCell_header" duration-ms="1" started-at="2018-06-06T23:42:31Z" finished-at="2018-06-06T23:42:31Z">
          <reporter-output>
          </reporter-output>
        </test-method> <!-- processCell_header -->
        <test-method status="PASS" signature="setUp()[pri:0, instance:org.molgenis.data.file.processor.AbstractCellProcessorTest@7e2f86e6]" name="setUp" is-config="true" duration-ms="1" started-at="2018-06-06T23:42:31Z" finished-at="2018-06-06T23:42:31Z">
          <reporter-output>
          </reporter-output>
        </test-method> <!-- setUp -->
        <test-method status="PASS" signature="processCell_null()[pri:0, instance:org.molgenis.data.file.processor.AbstractCellProcessorTest@7e2f86e6]" name="processCell_null" duration-ms="0" started-at="2018-06-06T23:42:31Z" finished-at="2018-06-06T23:42:31Z">
          <reporter-output>
          </reporter-output>
        </test-method> <!-- processCell_null -->
      </class> <!-- org.molgenis.data.file.processor.AbstractCellProcessorTest -->
      <class name="org.molgenis.data.file.processor.LowerCaseProcessorTest">
        <test-method status="PASS" signature="process()[pri:0, instance:org.molgenis.data.file.processor.LowerCaseProcessorTest@7123be6c]" name="process" duration-ms="1" started-at="2018-06-06T23:42:31Z" finished-at="2018-06-06T23:42:31Z">
          <reporter-output>
          </reporter-output>
        </test-method> <!-- process -->
        <test-method status="PASS" signature="processNull()[pri:0, instance:org.molgenis.data.file.processor.LowerCaseProcessorTest@7123be6c]" name="processNull" duration-ms="0" started-at="2018-06-06T23:42:31Z" finished-at="2018-06-06T23:42:31Z">
          <reporter-output>
          </reporter-output>
        </test-method> <!-- processNull -->
      </class> <!-- org.molgenis.data.file.processor.LowerCaseProcessorTest -->
      <class name="org.molgenis.data.file.processor.MissingValueProcessorTest">
        <test-method status="PASS" signature="equals()[pri:0, instance:org.molgenis.data.file.processor.MissingValueProcessorTest@65eabaab]" name="equals" duration-ms="21" started-at="2018-06-06T23:42:30Z" finished-at="2018-06-06T23:42:30Z">
          <reporter-output>
          </reporter-output>
        </test-method> <!-- equals -->
        <test-method status="PASS" signature="processEmpty()[pri:0, instance:org.molgenis.data.file.processor.MissingValueProcessorTest@65eabaab]" name="processEmpty" duration-ms="0" started-at="2018-06-06T23:42:30Z" finished-at="2018-06-06T23:42:30Z">
          <reporter-output>
          </reporter-output>
        </test-method> <!-- processEmpty -->
        <test-method status="PASS" signature="process()[pri:0, instance:org.molgenis.data.file.processor.MissingValueProcessorTest@65eabaab]" name="process" duration-ms="0" started-at="2018-06-06T23:42:30Z" finished-at="2018-06-06T23:42:30Z">
          <reporter-output>
          </reporter-output>
        </test-method> <!-- process -->
        <test-method status="PASS" signature="processNull()[pri:0, instance:org.molgenis.data.file.processor.MissingValueProcessorTest@65eabaab]" name="processNull" duration-ms="0" started-at="2018-06-06T23:42:30Z" finished-at="2018-06-06T23:42:30Z">
          <reporter-output>
          </reporter-output>
        </test-method> <!-- processNull -->
        <test-method status="PASS" signature="processEmpty_processEmpty()[pri:0, instance:org.molgenis.data.file.processor.MissingValueProcessorTest@65eabaab]" name="processEmpty_processEmpty" duration-ms="0" started-at="2018-06-06T23:42:30Z" finished-at="2018-06-06T23:42:30Z">
          <reporter-output>
          </reporter-output>
        </test-method> <!-- processEmpty_processEmpty -->
        <test-method status="PASS" signature="processNull_processEmpty()[pri:0, instance:org.molgenis.data.file.processor.MissingValueProcessorTest@65eabaab]" name="processNull_processEmpty" duration-ms="1" started-at="2018-06-06T23:42:30Z" finished-at="2018-06-06T23:42:30Z">
          <reporter-output>
          </reporter-output>
        </test-method> <!-- processNull_processEmpty -->
        <test-method status="PASS" signature="process_processEmpty()[pri:0, instance:org.molgenis.data.file.processor.MissingValueProcessorTest@65eabaab]" name="process_processEmpty" duration-ms="0" started-at="2018-06-06T23:42:30Z" finished-at="2018-06-06T23:42:30Z">
          <reporter-output>
          </reporter-output>
        </test-method> <!-- process_processEmpty -->
      </class> <!-- org.molgenis.data.file.processor.MissingValueProcessorTest -->
      <class name="org.molgenis.data.file.processor.TrimProcessorTest">
        <test-method status="PASS" signature="process()[pri:0, instance:org.molgenis.data.file.processor.TrimProcessorTest@2b917fb0]" name="process" duration-ms="1" started-at="2018-06-06T23:42:31Z" finished-at="2018-06-06T23:42:31Z">
          <reporter-output>
          </reporter-output>
        </test-method> <!-- process -->
        <test-method status="PASS" signature="processNull()[pri:0, instance:org.molgenis.data.file.processor.TrimProcessorTest@2b917fb0]" name="processNull" duration-ms="0" started-at="2018-06-06T23:42:31Z" finished-at="2018-06-06T23:42:31Z">
          <reporter-output>
          </reporter-output>
        </test-method> <!-- processNull -->
      </class> <!-- org.molgenis.data.file.processor.TrimProcessorTest -->
      <class name="org.molgenis.data.file.UnzipExceptionTest">
        <test-method status="PASS" signature="initMocks()[pri:0, instance:org.molgenis.data.file.UnzipExceptionTest@5e5073ab]" name="initMocks" is-config="true" duration-ms="25" started-at="2018-06-06T23:42:32Z" finished-at="2018-06-06T23:42:32Z">
          <reporter-output>
          </reporter-output>
        </test-method> <!-- initMocks -->
        <test-method status="PASS" signature="exceptionMessageTestBeforeMethod()[pri:0, instance:org.molgenis.data.file.UnzipExceptionTest@5e5073ab]" name="exceptionMessageTestBeforeMethod" is-config="true" duration-ms="125" started-at="2018-06-06T23:42:32Z" finished-at="2018-06-06T23:42:32Z">
          <reporter-output>
          </reporter-output>
        </test-method> <!-- exceptionMessageTestBeforeMethod -->
        <test-method status="PASS" signature="setUp()[pri:0, instance:org.molgenis.data.file.UnzipExceptionTest@5e5073ab]" name="setUp" is-config="true" duration-ms="22" started-at="2018-06-06T23:42:32Z" finished-at="2018-06-06T23:42:32Z">
          <reporter-output>
          </reporter-output>
        </test-method> <!-- setUp -->
        <test-method status="PASS" signature="testGetLocalizedMessage(java.lang.String, java.lang.String)[pri:0, instance:org.molgenis.data.file.UnzipExceptionTest@5e5073ab]" name="testGetLocalizedMessage" duration-ms="19" started-at="2018-06-06T23:42:32Z" data-provider="languageMessageProvider" finished-at="2018-06-06T23:42:32Z">
          <params>
            <param index="0">
              <value>
                <![CDATA[en]]>
              </value>
            </param>
            <param index="1">
              <value>
                <![CDATA[Error unzipping file 'name'.]]>
              </value>
            </param>
          </params>
          <reporter-output>
          </reporter-output>
        </test-method> <!-- testGetLocalizedMessage -->
        <test-method status="PASS" signature="tearDownAfterMethod()[pri:0, instance:org.molgenis.data.file.UnzipExceptionTest@5e5073ab]" name="tearDownAfterMethod" is-config="true" duration-ms="9" started-at="2018-06-06T23:42:32Z" finished-at="2018-06-06T23:42:32Z">
          <reporter-output>
          </reporter-output>
        </test-method> <!-- tearDownAfterMethod -->
        <test-method status="PASS" signature="exceptionMessageTestAfterMethod()[pri:0, instance:org.molgenis.data.file.UnzipExceptionTest@5e5073ab]" name="exceptionMessageTestAfterMethod" is-config="true" duration-ms="0" started-at="2018-06-06T23:42:32Z" finished-at="2018-06-06T23:42:32Z">
          <reporter-output>
          </reporter-output>
        </test-method> <!-- exceptionMessageTestAfterMethod -->
      </class> <!-- org.molgenis.data.file.UnzipExceptionTest -->
      <class name="org.molgenis.data.file.FileMetaRepositoryDecoratorTest">
        <test-method status="PASS" signature="initMocks()[pri:0, instance:org.molgenis.data.file.FileMetaRepositoryDecoratorTest@70331432]" name="initMocks" is-config="true" duration-ms="372" started-at="2018-06-06T23:42:32Z" finished-at="2018-06-06T23:42:32Z">
          <reporter-output>
          </reporter-output>
        </test-method> <!-- initMocks -->
        <test-method status="PASS" signature="setUpBeforeMethod()[pri:0, instance:org.molgenis.data.file.FileMetaRepositoryDecoratorTest@70331432]" name="setUpBeforeMethod" is-config="true" duration-ms="1" started-at="2018-06-06T23:42:32Z" finished-at="2018-06-06T23:42:32Z">
          <reporter-output>
          </reporter-output>
        </test-method> <!-- setUpBeforeMethod -->
        <test-method status="PASS" signature="testAppRepositoryDecorator()[pri:0, instance:org.molgenis.data.file.FileMetaRepositoryDecoratorTest@70331432]" name="testAppRepositoryDecorator" duration-ms="0" started-at="2018-06-06T23:42:32Z" finished-at="2018-06-06T23:42:32Z">
          <exception class="java.lang.NullPointerException">
            <full-stacktrace>
              <![CDATA[java.lang.NullPointerException
	at java.util.Objects.requireNonNull(Objects.java:203)
	at org.molgenis.data.AbstractRepositoryDecorator.<init>(AbstractRepositoryDecorator.java:28)
	at org.molgenis.data.file.FileMetaRepositoryDecorator.<init>(FileMetaRepositoryDecorator.java:25)
	at org.molgenis.data.file.FileMetaRepositoryDecoratorTest.testAppRepositoryDecorator(FileMetaRepositoryDecoratorTest.java:41)
	at sun.reflect.NativeMethodAccessorImpl.invoke0(Native Method)
	at sun.reflect.NativeMethodAccessorImpl.invoke(NativeMethodAccessorImpl.java:62)
	at sun.reflect.DelegatingMethodAccessorImpl.invoke(DelegatingMethodAccessorImpl.java:43)
	at java.lang.reflect.Method.invoke(Method.java:498)
	at org.testng.internal.MethodInvocationHelper.invokeMethod(MethodInvocationHelper.java:80)
	at org.testng.internal.Invoker.invokeMethod(Invoker.java:714)
	at org.testng.internal.Invoker.invokeTestMethod(Invoker.java:901)
	at org.testng.internal.Invoker.invokeTestMethods(Invoker.java:1231)
	at org.testng.internal.TestMethodWorker.invokeTestMethods(TestMethodWorker.java:127)
	at org.testng.internal.TestMethodWorker.run(TestMethodWorker.java:111)
	at org.testng.TestRunner.privateRun(TestRunner.java:767)
	at org.testng.TestRunner.run(TestRunner.java:617)
	at org.testng.SuiteRunner.runTest(SuiteRunner.java:334)
	at org.testng.SuiteRunner.runSequentially(SuiteRunner.java:329)
	at org.testng.SuiteRunner.privateRun(SuiteRunner.java:291)
	at org.testng.SuiteRunner.run(SuiteRunner.java:240)
	at org.testng.SuiteRunnerWorker.runSuite(SuiteRunnerWorker.java:52)
	at org.testng.SuiteRunnerWorker.run(SuiteRunnerWorker.java:86)
	at org.testng.TestNG.runSuitesSequentially(TestNG.java:1198)
	at org.testng.TestNG.runSuitesLocally(TestNG.java:1123)
	at org.testng.TestNG.run(TestNG.java:1031)
	at org.apache.maven.surefire.testng.TestNGExecutor.run(TestNGExecutor.java:135)
	at org.apache.maven.surefire.testng.TestNGDirectoryTestSuite.executeMulti(TestNGDirectoryTestSuite.java:193)
	at org.apache.maven.surefire.testng.TestNGDirectoryTestSuite.execute(TestNGDirectoryTestSuite.java:94)
	at org.apache.maven.surefire.testng.TestNGProvider.invoke(TestNGProvider.java:146)
	at org.apache.maven.surefire.booter.ForkedBooter.invokeProviderInSameClassLoader(ForkedBooter.java:379)
	at org.apache.maven.surefire.booter.ForkedBooter.runSuitesInProcess(ForkedBooter.java:340)
	at org.apache.maven.surefire.booter.ForkedBooter.execute(ForkedBooter.java:125)
	at org.apache.maven.surefire.booter.ForkedBooter.main(ForkedBooter.java:413)
]]>
            </full-stacktrace>
          </exception> <!-- java.lang.NullPointerException -->
          <reporter-output>
          </reporter-output>
        </test-method> <!-- testAppRepositoryDecorator -->
        <test-method status="PASS" signature="tearDownAfterMethod()[pri:0, instance:org.molgenis.data.file.FileMetaRepositoryDecoratorTest@70331432]" name="tearDownAfterMethod" is-config="true" duration-ms="1" started-at="2018-06-06T23:42:32Z" finished-at="2018-06-06T23:42:32Z">
          <reporter-output>
          </reporter-output>
        </test-method> <!-- tearDownAfterMethod -->
        <test-method status="PASS" signature="initMocks()[pri:0, instance:org.molgenis.data.file.FileMetaRepositoryDecoratorTest@70331432]" name="initMocks" is-config="true" duration-ms="1" started-at="2018-06-06T23:42:32Z" finished-at="2018-06-06T23:42:32Z">
          <reporter-output>
          </reporter-output>
        </test-method> <!-- initMocks -->
        <test-method status="PASS" signature="setUpBeforeMethod()[pri:0, instance:org.molgenis.data.file.FileMetaRepositoryDecoratorTest@70331432]" name="setUpBeforeMethod" is-config="true" duration-ms="0" started-at="2018-06-06T23:42:32Z" finished-at="2018-06-06T23:42:32Z">
          <reporter-output>
          </reporter-output>
        </test-method> <!-- setUpBeforeMethod -->
        <test-method status="PASS" signature="testDelete()[pri:0, instance:org.molgenis.data.file.FileMetaRepositoryDecoratorTest@70331432]" name="testDelete" duration-ms="239" started-at="2018-06-06T23:42:32Z" finished-at="2018-06-06T23:42:33Z">
          <reporter-output>
          </reporter-output>
        </test-method> <!-- testDelete -->
        <test-method status="PASS" signature="tearDownAfterMethod()[pri:0, instance:org.molgenis.data.file.FileMetaRepositoryDecoratorTest@70331432]" name="tearDownAfterMethod" is-config="true" duration-ms="0" started-at="2018-06-06T23:42:33Z" finished-at="2018-06-06T23:42:33Z">
          <reporter-output>
          </reporter-output>
        </test-method> <!-- tearDownAfterMethod -->
        <test-method status="PASS" signature="initMocks()[pri:0, instance:org.molgenis.data.file.FileMetaRepositoryDecoratorTest@70331432]" name="initMocks" is-config="true" duration-ms="1" started-at="2018-06-06T23:42:33Z" finished-at="2018-06-06T23:42:33Z">
          <reporter-output>
          </reporter-output>
        </test-method> <!-- initMocks -->
        <test-method status="PASS" signature="setUpBeforeMethod()[pri:0, instance:org.molgenis.data.file.FileMetaRepositoryDecoratorTest@70331432]" name="setUpBeforeMethod" is-config="true" duration-ms="0" started-at="2018-06-06T23:42:33Z" finished-at="2018-06-06T23:42:33Z">
          <reporter-output>
          </reporter-output>
        </test-method> <!-- setUpBeforeMethod -->
        <test-method status="PASS" signature="testDeleteAll()[pri:0, instance:org.molgenis.data.file.FileMetaRepositoryDecoratorTest@70331432]" name="testDeleteAll" duration-ms="15" started-at="2018-06-06T23:42:33Z" finished-at="2018-06-06T23:42:33Z">
          <reporter-output>
          </reporter-output>
        </test-method> <!-- testDeleteAll -->
        <test-method status="PASS" signature="tearDownAfterMethod()[pri:0, instance:org.molgenis.data.file.FileMetaRepositoryDecoratorTest@70331432]" name="tearDownAfterMethod" is-config="true" duration-ms="0" started-at="2018-06-06T23:42:33Z" finished-at="2018-06-06T23:42:33Z">
          <reporter-output>
          </reporter-output>
        </test-method> <!-- tearDownAfterMethod -->
        <test-method status="PASS" signature="initMocks()[pri:0, instance:org.molgenis.data.file.FileMetaRepositoryDecoratorTest@70331432]" name="initMocks" is-config="true" duration-ms="1" started-at="2018-06-06T23:42:33Z" finished-at="2018-06-06T23:42:33Z">
          <reporter-output>
          </reporter-output>
        </test-method> <!-- initMocks -->
        <test-method status="PASS" signature="testDeleteAllStream()[pri:0, instance:org.molgenis.data.file.FileMetaRepositoryDecoratorTest@70331432]" name="testDeleteAllStream" duration-ms="18" started-at="2018-06-06T23:42:33Z" finished-at="2018-06-06T23:42:33Z">
          <reporter-output>
          </reporter-output>
        </test-method> <!-- testDeleteAllStream -->
        <test-method status="PASS" signature="setUpBeforeMethod()[pri:0, instance:org.molgenis.data.file.FileMetaRepositoryDecoratorTest@70331432]" name="setUpBeforeMethod" is-config="true" duration-ms="0" started-at="2018-06-06T23:42:33Z" finished-at="2018-06-06T23:42:33Z">
          <reporter-output>
          </reporter-output>
        </test-method> <!-- setUpBeforeMethod -->
        <test-method status="PASS" signature="tearDownAfterMethod()[pri:0, instance:org.molgenis.data.file.FileMetaRepositoryDecoratorTest@70331432]" name="tearDownAfterMethod" is-config="true" duration-ms="0" started-at="2018-06-06T23:42:33Z" finished-at="2018-06-06T23:42:33Z">
          <reporter-output>
          </reporter-output>
        </test-method> <!-- tearDownAfterMethod -->
        <test-method status="PASS" signature="initMocks()[pri:0, instance:org.molgenis.data.file.FileMetaRepositoryDecoratorTest@70331432]" name="initMocks" is-config="true" duration-ms="1" started-at="2018-06-06T23:42:33Z" finished-at="2018-06-06T23:42:33Z">
          <reporter-output>
          </reporter-output>
        </test-method> <!-- initMocks -->
        <test-method status="PASS" signature="testDeleteById()[pri:0, instance:org.molgenis.data.file.FileMetaRepositoryDecoratorTest@70331432]" name="testDeleteById" duration-ms="2" started-at="2018-06-06T23:42:33Z" finished-at="2018-06-06T23:42:33Z">
          <reporter-output>
          </reporter-output>
        </test-method> <!-- testDeleteById -->
        <test-method status="PASS" signature="setUpBeforeMethod()[pri:0, instance:org.molgenis.data.file.FileMetaRepositoryDecoratorTest@70331432]" name="setUpBeforeMethod" is-config="true" duration-ms="0" started-at="2018-06-06T23:42:33Z" finished-at="2018-06-06T23:42:33Z">
          <reporter-output>
          </reporter-output>
        </test-method> <!-- setUpBeforeMethod -->
        <test-method status="PASS" signature="tearDownAfterMethod()[pri:0, instance:org.molgenis.data.file.FileMetaRepositoryDecoratorTest@70331432]" name="tearDownAfterMethod" is-config="true" duration-ms="0" started-at="2018-06-06T23:42:33Z" finished-at="2018-06-06T23:42:33Z">
          <reporter-output>
          </reporter-output>
        </test-method> <!-- tearDownAfterMethod -->
        <test-method status="PASS" signature="initMocks()[pri:0, instance:org.molgenis.data.file.FileMetaRepositoryDecoratorTest@70331432]" name="initMocks" is-config="true" duration-ms="1" started-at="2018-06-06T23:42:33Z" finished-at="2018-06-06T23:42:33Z">
          <reporter-output>
          </reporter-output>
        </test-method> <!-- initMocks -->
        <test-method status="PASS" signature="setUpBeforeMethod()[pri:0, instance:org.molgenis.data.file.FileMetaRepositoryDecoratorTest@70331432]" name="setUpBeforeMethod" is-config="true" duration-ms="0" started-at="2018-06-06T23:42:33Z" finished-at="2018-06-06T23:42:33Z">
          <reporter-output>
          </reporter-output>
        </test-method> <!-- setUpBeforeMethod -->
        <test-method status="PASS" signature="testDeleteByIdUnknownId()[pri:0, instance:org.molgenis.data.file.FileMetaRepositoryDecoratorTest@70331432]" name="testDeleteByIdUnknownId" duration-ms="743" started-at="2018-06-06T23:42:33Z" finished-at="2018-06-06T23:42:33Z">
          <exception class="org.molgenis.data.UnknownEntityException">
            <message>
              <![CDATA[type:sys_file_FileMeta id:id attribute:idAttribute]]>
            </message>
            <full-stacktrace>
              <![CDATA[org.molgenis.data.UnknownEntityException: FAILED TO FORMAT LOCALIZED MESSAGE FOR ERROR CODE D02.%nFallback message: type:sys_file_FileMeta id:id attribute:idAttribute
	at org.molgenis.data.file.FileMetaRepositoryDecorator.getFileMeta(FileMetaRepositoryDecorator.java:84)
	at org.molgenis.data.file.FileMetaRepositoryDecorator.deleteById(FileMetaRepositoryDecorator.java:39)
	at org.molgenis.data.file.FileMetaRepositoryDecoratorTest.testDeleteByIdUnknownId(FileMetaRepositoryDecoratorTest.java:85)
	at sun.reflect.NativeMethodAccessorImpl.invoke0(Native Method)
	at sun.reflect.NativeMethodAccessorImpl.invoke(NativeMethodAccessorImpl.java:62)
	at sun.reflect.DelegatingMethodAccessorImpl.invoke(DelegatingMethodAccessorImpl.java:43)
	at java.lang.reflect.Method.invoke(Method.java:498)
	at org.testng.internal.MethodInvocationHelper.invokeMethod(MethodInvocationHelper.java:80)
	at org.testng.internal.Invoker.invokeMethod(Invoker.java:714)
	at org.testng.internal.Invoker.invokeTestMethod(Invoker.java:901)
	at org.testng.internal.Invoker.invokeTestMethods(Invoker.java:1231)
	at org.testng.internal.TestMethodWorker.invokeTestMethods(TestMethodWorker.java:127)
	at org.testng.internal.TestMethodWorker.run(TestMethodWorker.java:111)
	at org.testng.TestRunner.privateRun(TestRunner.java:767)
	at org.testng.TestRunner.run(TestRunner.java:617)
	at org.testng.SuiteRunner.runTest(SuiteRunner.java:334)
	at org.testng.SuiteRunner.runSequentially(SuiteRunner.java:329)
	at org.testng.SuiteRunner.privateRun(SuiteRunner.java:291)
	at org.testng.SuiteRunner.run(SuiteRunner.java:240)
	at org.testng.SuiteRunnerWorker.runSuite(SuiteRunnerWorker.java:52)
	at org.testng.SuiteRunnerWorker.run(SuiteRunnerWorker.java:86)
	at org.testng.TestNG.runSuitesSequentially(TestNG.java:1198)
	at org.testng.TestNG.runSuitesLocally(TestNG.java:1123)
	at org.testng.TestNG.run(TestNG.java:1031)
	at org.apache.maven.surefire.testng.TestNGExecutor.run(TestNGExecutor.java:135)
	at org.apache.maven.surefire.testng.TestNGDirectoryTestSuite.executeMulti(TestNGDirectoryTestSuite.java:193)
	at org.apache.maven.surefire.testng.TestNGDirectoryTestSuite.execute(TestNGDirectoryTestSuite.java:94)
	at org.apache.maven.surefire.testng.TestNGProvider.invoke(TestNGProvider.java:146)
	at org.apache.maven.surefire.booter.ForkedBooter.invokeProviderInSameClassLoader(ForkedBooter.java:379)
	at org.apache.maven.surefire.booter.ForkedBooter.runSuitesInProcess(ForkedBooter.java:340)
	at org.apache.maven.surefire.booter.ForkedBooter.execute(ForkedBooter.java:125)
	at org.apache.maven.surefire.booter.ForkedBooter.main(ForkedBooter.java:413)
]]>
            </full-stacktrace>
          </exception> <!-- org.molgenis.data.UnknownEntityException -->
          <reporter-output>
          </reporter-output>
        </test-method> <!-- testDeleteByIdUnknownId -->
        <test-method status="PASS" signature="tearDownAfterMethod()[pri:0, instance:org.molgenis.data.file.FileMetaRepositoryDecoratorTest@70331432]" name="tearDownAfterMethod" is-config="true" duration-ms="0" started-at="2018-06-06T23:42:33Z" finished-at="2018-06-06T23:42:33Z">
          <reporter-output>
          </reporter-output>
        </test-method> <!-- tearDownAfterMethod -->
        <test-method status="PASS" signature="initMocks()[pri:0, instance:org.molgenis.data.file.FileMetaRepositoryDecoratorTest@70331432]" name="initMocks" is-config="true" duration-ms="1" started-at="2018-06-06T23:42:33Z" finished-at="2018-06-06T23:42:33Z">
          <reporter-output>
          </reporter-output>
        </test-method> <!-- initMocks -->
        <test-method status="PASS" signature="setUpBeforeMethod()[pri:0, instance:org.molgenis.data.file.FileMetaRepositoryDecoratorTest@70331432]" name="setUpBeforeMethod" is-config="true" duration-ms="0" started-at="2018-06-06T23:42:33Z" finished-at="2018-06-06T23:42:33Z">
          <reporter-output>
          </reporter-output>
        </test-method> <!-- setUpBeforeMethod -->
        <test-method status="PASS" signature="testDeleteStream()[pri:0, instance:org.molgenis.data.file.FileMetaRepositoryDecoratorTest@70331432]" name="testDeleteStream" duration-ms="3" started-at="2018-06-06T23:42:33Z" finished-at="2018-06-06T23:42:33Z">
          <reporter-output>
          </reporter-output>
        </test-method> <!-- testDeleteStream -->
        <test-method status="PASS" signature="tearDownAfterMethod()[pri:0, instance:org.molgenis.data.file.FileMetaRepositoryDecoratorTest@70331432]" name="tearDownAfterMethod" is-config="true" duration-ms="0" started-at="2018-06-06T23:42:33Z" finished-at="2018-06-06T23:42:33Z">
          <reporter-output>
          </reporter-output>
        </test-method> <!-- tearDownAfterMethod -->
      </class> <!-- org.molgenis.data.file.FileMetaRepositoryDecoratorTest -->
      <class name="org.molgenis.data.file.FileStoreTest">
        <test-method status="PASS" signature="beforeMethod()[pri:0, instance:org.molgenis.data.file.FileStoreTest@47ad69f7]" name="beforeMethod" is-config="true" duration-ms="26" started-at="2018-06-06T23:42:31Z" finished-at="2018-06-06T23:42:31Z">
          <reporter-output>
          </reporter-output>
        </test-method> <!-- beforeMethod -->
        <test-method status="PASS" signature="testConstructor()[pri:0, instance:org.molgenis.data.file.FileStoreTest@47ad69f7]" name="testConstructor" duration-ms="1" started-at="2018-06-06T23:42:31Z" finished-at="2018-06-06T23:42:31Z">
          <exception class="java.lang.NullPointerException">
            <full-stacktrace>
              <![CDATA[java.lang.NullPointerException
	at java.util.Objects.requireNonNull(Objects.java:203)
	at org.molgenis.data.file.FileStore.<init>(FileStore.java:25)
	at org.molgenis.data.file.FileStoreTest.testConstructor(FileStoreTest.java:39)
	at sun.reflect.NativeMethodAccessorImpl.invoke0(Native Method)
	at sun.reflect.NativeMethodAccessorImpl.invoke(NativeMethodAccessorImpl.java:62)
	at sun.reflect.DelegatingMethodAccessorImpl.invoke(DelegatingMethodAccessorImpl.java:43)
	at java.lang.reflect.Method.invoke(Method.java:498)
	at org.testng.internal.MethodInvocationHelper.invokeMethod(MethodInvocationHelper.java:80)
	at org.testng.internal.Invoker.invokeMethod(Invoker.java:714)
	at org.testng.internal.Invoker.invokeTestMethod(Invoker.java:901)
	at org.testng.internal.Invoker.invokeTestMethods(Invoker.java:1231)
	at org.testng.internal.TestMethodWorker.invokeTestMethods(TestMethodWorker.java:127)
	at org.testng.internal.TestMethodWorker.run(TestMethodWorker.java:111)
	at org.testng.TestRunner.privateRun(TestRunner.java:767)
	at org.testng.TestRunner.run(TestRunner.java:617)
	at org.testng.SuiteRunner.runTest(SuiteRunner.java:334)
	at org.testng.SuiteRunner.runSequentially(SuiteRunner.java:329)
	at org.testng.SuiteRunner.privateRun(SuiteRunner.java:291)
	at org.testng.SuiteRunner.run(SuiteRunner.java:240)
	at org.testng.SuiteRunnerWorker.runSuite(SuiteRunnerWorker.java:52)
	at org.testng.SuiteRunnerWorker.run(SuiteRunnerWorker.java:86)
	at org.testng.TestNG.runSuitesSequentially(TestNG.java:1198)
	at org.testng.TestNG.runSuitesLocally(TestNG.java:1123)
	at org.testng.TestNG.run(TestNG.java:1031)
	at org.apache.maven.surefire.testng.TestNGExecutor.run(TestNGExecutor.java:135)
	at org.apache.maven.surefire.testng.TestNGDirectoryTestSuite.executeMulti(TestNGDirectoryTestSuite.java:193)
	at org.apache.maven.surefire.testng.TestNGDirectoryTestSuite.execute(TestNGDirectoryTestSuite.java:94)
	at org.apache.maven.surefire.testng.TestNGProvider.invoke(TestNGProvider.java:146)
	at org.apache.maven.surefire.booter.ForkedBooter.invokeProviderInSameClassLoader(ForkedBooter.java:379)
	at org.apache.maven.surefire.booter.ForkedBooter.runSuitesInProcess(ForkedBooter.java:340)
	at org.apache.maven.surefire.booter.ForkedBooter.execute(ForkedBooter.java:125)
	at org.apache.maven.surefire.booter.ForkedBooter.main(ForkedBooter.java:413)
]]>
            </full-stacktrace>
          </exception> <!-- java.lang.NullPointerException -->
          <reporter-output>
          </reporter-output>
        </test-method> <!-- testConstructor -->
        <test-method status="PASS" signature="afterMethod()[pri:0, instance:org.molgenis.data.file.FileStoreTest@47ad69f7]" name="afterMethod" is-config="true" duration-ms="31" started-at="2018-06-06T23:42:31Z" finished-at="2018-06-06T23:42:31Z">
          <reporter-output>
          </reporter-output>
        </test-method> <!-- afterMethod -->
        <test-method status="PASS" signature="testCreateDirectory()[pri:0, instance:org.molgenis.data.file.FileStoreTest@47ad69f7]" name="testCreateDirectory" duration-ms="1" started-at="2018-06-06T23:42:31Z" finished-at="2018-06-06T23:42:31Z">
          <reporter-output>
          </reporter-output>
        </test-method> <!-- testCreateDirectory -->
        <test-method status="PASS" signature="beforeMethod()[pri:0, instance:org.molgenis.data.file.FileStoreTest@47ad69f7]" name="beforeMethod" is-config="true" duration-ms="0" started-at="2018-06-06T23:42:31Z" finished-at="2018-06-06T23:42:31Z">
          <reporter-output>
          </reporter-output>
        </test-method> <!-- beforeMethod -->
        <test-method status="PASS" signature="afterMethod()[pri:0, instance:org.molgenis.data.file.FileStoreTest@47ad69f7]" name="afterMethod" is-config="true" duration-ms="0" started-at="2018-06-06T23:42:31Z" finished-at="2018-06-06T23:42:31Z">
          <reporter-output>
          </reporter-output>
        </test-method> <!-- afterMethod -->
        <test-method status="PASS" signature="testDeleteDirectoryPath()[pri:0, instance:org.molgenis.data.file.FileStoreTest@47ad69f7]" name="testDeleteDirectoryPath" duration-ms="18" started-at="2018-06-06T23:42:31Z" finished-at="2018-06-06T23:42:31Z">
          <reporter-output>
          </reporter-output>
        </test-method> <!-- testDeleteDirectoryPath -->
        <test-method status="PASS" signature="beforeMethod()[pri:0, instance:org.molgenis.data.file.FileStoreTest@47ad69f7]" name="beforeMethod" is-config="true" duration-ms="0" started-at="2018-06-06T23:42:31Z" finished-at="2018-06-06T23:42:31Z">
          <reporter-output>
          </reporter-output>
        </test-method> <!-- beforeMethod -->
        <test-method status="PASS" signature="afterMethod()[pri:0, instance:org.molgenis.data.file.FileStoreTest@47ad69f7]" name="afterMethod" is-config="true" duration-ms="1" started-at="2018-06-06T23:42:31Z" finished-at="2018-06-06T23:42:31Z">
          <reporter-output>
          </reporter-output>
        </test-method> <!-- afterMethod -->
        <test-method status="PASS" signature="beforeMethod()[pri:0, instance:org.molgenis.data.file.FileStoreTest@47ad69f7]" name="beforeMethod" is-config="true" duration-ms="1" started-at="2018-06-06T23:42:31Z" finished-at="2018-06-06T23:42:31Z">
          <reporter-output>
          </reporter-output>
        </test-method> <!-- beforeMethod -->
        <test-method status="PASS" signature="testDeletePath()[pri:0, instance:org.molgenis.data.file.FileStoreTest@47ad69f7]" name="testDeletePath" duration-ms="13" started-at="2018-06-06T23:42:31Z" finished-at="2018-06-06T23:42:31Z">
          <reporter-output>
          </reporter-output>
        </test-method> <!-- testDeletePath -->
        <test-method status="PASS" signature="afterMethod()[pri:0, instance:org.molgenis.data.file.FileStoreTest@47ad69f7]" name="afterMethod" is-config="true" duration-ms="0" started-at="2018-06-06T23:42:31Z" finished-at="2018-06-06T23:42:31Z">
          <reporter-output>
          </reporter-output>
        </test-method> <!-- afterMethod -->
        <test-method status="PASS" signature="beforeMethod()[pri:0, instance:org.molgenis.data.file.FileStoreTest@47ad69f7]" name="beforeMethod" is-config="true" duration-ms="0" started-at="2018-06-06T23:42:31Z" finished-at="2018-06-06T23:42:31Z">
          <reporter-output>
          </reporter-output>
        </test-method> <!-- beforeMethod -->
        <test-method status="PASS" signature="testGetFile()[pri:0, instance:org.molgenis.data.file.FileStoreTest@47ad69f7]" name="testGetFile" duration-ms="0" started-at="2018-06-06T23:42:31Z" finished-at="2018-06-06T23:42:31Z">
          <reporter-output>
          </reporter-output>
        </test-method> <!-- testGetFile -->
        <test-method status="PASS" signature="afterMethod()[pri:0, instance:org.molgenis.data.file.FileStoreTest@47ad69f7]" name="afterMethod" is-config="true" duration-ms="1" started-at="2018-06-06T23:42:31Z" finished-at="2018-06-06T23:42:32Z">
          <reporter-output>
          </reporter-output>
        </test-method> <!-- afterMethod -->
        <test-method status="PASS" signature="beforeMethod()[pri:0, instance:org.molgenis.data.file.FileStoreTest@47ad69f7]" name="beforeMethod" is-config="true" duration-ms="1" started-at="2018-06-06T23:42:32Z" finished-at="2018-06-06T23:42:32Z">
          <reporter-output>
          </reporter-output>
        </test-method> <!-- beforeMethod -->
        <test-method status="PASS" signature="testMove()[pri:0, instance:org.molgenis.data.file.FileStoreTest@47ad69f7]" name="testMove" duration-ms="12" started-at="2018-06-06T23:42:32Z" finished-at="2018-06-06T23:42:32Z">
          <reporter-output>
          </reporter-output>
        </test-method> <!-- testMove -->
        <test-method status="PASS" signature="afterMethod()[pri:0, instance:org.molgenis.data.file.FileStoreTest@47ad69f7]" name="afterMethod" is-config="true" duration-ms="1" started-at="2018-06-06T23:42:32Z" finished-at="2018-06-06T23:42:32Z">
          <reporter-output>
          </reporter-output>
        </test-method> <!-- afterMethod -->
        <test-method status="PASS" signature="beforeMethod()[pri:0, instance:org.molgenis.data.file.FileStoreTest@47ad69f7]" name="beforeMethod" is-config="true" duration-ms="1" started-at="2018-06-06T23:42:32Z" finished-at="2018-06-06T23:42:32Z">
          <reporter-output>
          </reporter-output>
        </test-method> <!-- beforeMethod -->
        <test-method status="PASS" signature="testMoveSubLevelDir()[pri:0, instance:org.molgenis.data.file.FileStoreTest@47ad69f7]" name="testMoveSubLevelDir" duration-ms="1" started-at="2018-06-06T23:42:32Z" finished-at="2018-06-06T23:42:32Z">
          <reporter-output>
          </reporter-output>
        </test-method> <!-- testMoveSubLevelDir -->
        <test-method status="PASS" signature="afterMethod()[pri:0, instance:org.molgenis.data.file.FileStoreTest@47ad69f7]" name="afterMethod" is-config="true" duration-ms="1" started-at="2018-06-06T23:42:32Z" finished-at="2018-06-06T23:42:32Z">
          <reporter-output>
          </reporter-output>
        </test-method> <!-- afterMethod -->
        <test-method status="PASS" signature="beforeMethod()[pri:0, instance:org.molgenis.data.file.FileStoreTest@47ad69f7]" name="beforeMethod" is-config="true" duration-ms="0" started-at="2018-06-06T23:42:32Z" finished-at="2018-06-06T23:42:32Z">
          <reporter-output>
          </reporter-output>
        </test-method> <!-- beforeMethod -->
        <test-method status="PASS" signature="testMoveTopLevelDir()[pri:0, instance:org.molgenis.data.file.FileStoreTest@47ad69f7]" name="testMoveTopLevelDir" duration-ms="1" started-at="2018-06-06T23:42:32Z" finished-at="2018-06-06T23:42:32Z">
          <reporter-output>
          </reporter-output>
        </test-method> <!-- testMoveTopLevelDir -->
        <test-method status="PASS" signature="afterMethod()[pri:0, instance:org.molgenis.data.file.FileStoreTest@47ad69f7]" name="afterMethod" is-config="true" duration-ms="1" started-at="2018-06-06T23:42:32Z" finished-at="2018-06-06T23:42:32Z">
          <reporter-output>
          </reporter-output>
        </test-method> <!-- afterMethod -->
        <test-method status="PASS" signature="testResolveAbsolute()[pri:0, instance:org.molgenis.data.file.FileStoreTest@47ad69f7]" name="testResolveAbsolute" duration-ms="1" started-at="2018-06-06T23:42:32Z" finished-at="2018-06-06T23:42:32Z">
          <exception class="java.lang.IllegalArgumentException">
            <message>
              <![CDATA[Path should be relative: /blah]]>
            </message>
            <full-stacktrace>
              <![CDATA[java.lang.IllegalArgumentException: Path should be relative: /blah
	at org.molgenis.data.file.FileStore.resolve(FileStore.java:191)
	at org.molgenis.data.file.FileStore.streamFileContent(FileStore.java:184)
	at org.molgenis.data.file.FileStoreTest.testResolveAbsolute(FileStoreTest.java:148)
	at sun.reflect.NativeMethodAccessorImpl.invoke0(Native Method)
	at sun.reflect.NativeMethodAccessorImpl.invoke(NativeMethodAccessorImpl.java:62)
	at sun.reflect.DelegatingMethodAccessorImpl.invoke(DelegatingMethodAccessorImpl.java:43)
	at java.lang.reflect.Method.invoke(Method.java:498)
	at org.testng.internal.MethodInvocationHelper.invokeMethod(MethodInvocationHelper.java:80)
	at org.testng.internal.Invoker.invokeMethod(Invoker.java:714)
	at org.testng.internal.Invoker.invokeTestMethod(Invoker.java:901)
	at org.testng.internal.Invoker.invokeTestMethods(Invoker.java:1231)
	at org.testng.internal.TestMethodWorker.invokeTestMethods(TestMethodWorker.java:127)
	at org.testng.internal.TestMethodWorker.run(TestMethodWorker.java:111)
	at org.testng.TestRunner.privateRun(TestRunner.java:767)
	at org.testng.TestRunner.run(TestRunner.java:617)
	at org.testng.SuiteRunner.runTest(SuiteRunner.java:334)
	at org.testng.SuiteRunner.runSequentially(SuiteRunner.java:329)
	at org.testng.SuiteRunner.privateRun(SuiteRunner.java:291)
	at org.testng.SuiteRunner.run(SuiteRunner.java:240)
	at org.testng.SuiteRunnerWorker.runSuite(SuiteRunnerWorker.java:52)
	at org.testng.SuiteRunnerWorker.run(SuiteRunnerWorker.java:86)
	at org.testng.TestNG.runSuitesSequentially(TestNG.java:1198)
	at org.testng.TestNG.runSuitesLocally(TestNG.java:1123)
	at org.testng.TestNG.run(TestNG.java:1031)
	at org.apache.maven.surefire.testng.TestNGExecutor.run(TestNGExecutor.java:135)
	at org.apache.maven.surefire.testng.TestNGDirectoryTestSuite.executeMulti(TestNGDirectoryTestSuite.java:193)
	at org.apache.maven.surefire.testng.TestNGDirectoryTestSuite.execute(TestNGDirectoryTestSuite.java:94)
	at org.apache.maven.surefire.testng.TestNGProvider.invoke(TestNGProvider.java:146)
	at org.apache.maven.surefire.booter.ForkedBooter.invokeProviderInSameClassLoader(ForkedBooter.java:379)
	at org.apache.maven.surefire.booter.ForkedBooter.runSuitesInProcess(ForkedBooter.java:340)
	at org.apache.maven.surefire.booter.ForkedBooter.execute(ForkedBooter.java:125)
	at org.apache.maven.surefire.booter.ForkedBooter.main(ForkedBooter.java:413)
]]>
            </full-stacktrace>
          </exception> <!-- java.lang.IllegalArgumentException -->
          <reporter-output>
          </reporter-output>
        </test-method> <!-- testResolveAbsolute -->
        <test-method status="PASS" signature="beforeMethod()[pri:0, instance:org.molgenis.data.file.FileStoreTest@47ad69f7]" name="beforeMethod" is-config="true" duration-ms="0" started-at="2018-06-06T23:42:32Z" finished-at="2018-06-06T23:42:32Z">
          <reporter-output>
          </reporter-output>
        </test-method> <!-- beforeMethod -->
        <test-method status="PASS" signature="afterMethod()[pri:0, instance:org.molgenis.data.file.FileStoreTest@47ad69f7]" name="afterMethod" is-config="true" duration-ms="0" started-at="2018-06-06T23:42:32Z" finished-at="2018-06-06T23:42:32Z">
          <reporter-output>
          </reporter-output>
        </test-method> <!-- afterMethod -->
        <test-method status="PASS" signature="beforeMethod()[pri:0, instance:org.molgenis.data.file.FileStoreTest@47ad69f7]" name="beforeMethod" is-config="true" duration-ms="0" started-at="2018-06-06T23:42:32Z" finished-at="2018-06-06T23:42:32Z">
          <reporter-output>
          </reporter-output>
        </test-method> <!-- beforeMethod -->
        <test-method status="PASS" signature="testResolveOutside()[pri:0, instance:org.molgenis.data.file.FileStoreTest@47ad69f7]" name="testResolveOutside" duration-ms="0" started-at="2018-06-06T23:42:32Z" finished-at="2018-06-06T23:42:32Z">
          <exception class="java.lang.IllegalArgumentException">
            <message>
              <![CDATA[Path should be inside storage dir: ../blah]]>
            </message>
            <full-stacktrace>
              <![CDATA[java.lang.IllegalArgumentException: Path should be inside storage dir: ../blah
	at org.molgenis.data.file.FileStore.resolve(FileStore.java:196)
	at org.molgenis.data.file.FileStore.streamFileContent(FileStore.java:184)
	at org.molgenis.data.file.FileStoreTest.testResolveOutside(FileStoreTest.java:154)
	at sun.reflect.NativeMethodAccessorImpl.invoke0(Native Method)
	at sun.reflect.NativeMethodAccessorImpl.invoke(NativeMethodAccessorImpl.java:62)
	at sun.reflect.DelegatingMethodAccessorImpl.invoke(DelegatingMethodAccessorImpl.java:43)
	at java.lang.reflect.Method.invoke(Method.java:498)
	at org.testng.internal.MethodInvocationHelper.invokeMethod(MethodInvocationHelper.java:80)
	at org.testng.internal.Invoker.invokeMethod(Invoker.java:714)
	at org.testng.internal.Invoker.invokeTestMethod(Invoker.java:901)
	at org.testng.internal.Invoker.invokeTestMethods(Invoker.java:1231)
	at org.testng.internal.TestMethodWorker.invokeTestMethods(TestMethodWorker.java:127)
	at org.testng.internal.TestMethodWorker.run(TestMethodWorker.java:111)
	at org.testng.TestRunner.privateRun(TestRunner.java:767)
	at org.testng.TestRunner.run(TestRunner.java:617)
	at org.testng.SuiteRunner.runTest(SuiteRunner.java:334)
	at org.testng.SuiteRunner.runSequentially(SuiteRunner.java:329)
	at org.testng.SuiteRunner.privateRun(SuiteRunner.java:291)
	at org.testng.SuiteRunner.run(SuiteRunner.java:240)
	at org.testng.SuiteRunnerWorker.runSuite(SuiteRunnerWorker.java:52)
	at org.testng.SuiteRunnerWorker.run(SuiteRunnerWorker.java:86)
	at org.testng.TestNG.runSuitesSequentially(TestNG.java:1198)
	at org.testng.TestNG.runSuitesLocally(TestNG.java:1123)
	at org.testng.TestNG.run(TestNG.java:1031)
	at org.apache.maven.surefire.testng.TestNGExecutor.run(TestNGExecutor.java:135)
	at org.apache.maven.surefire.testng.TestNGDirectoryTestSuite.executeMulti(TestNGDirectoryTestSuite.java:193)
	at org.apache.maven.surefire.testng.TestNGDirectoryTestSuite.execute(TestNGDirectoryTestSuite.java:94)
	at org.apache.maven.surefire.testng.TestNGProvider.invoke(TestNGProvider.java:146)
	at org.apache.maven.surefire.booter.ForkedBooter.invokeProviderInSameClassLoader(ForkedBooter.java:379)
	at org.apache.maven.surefire.booter.ForkedBooter.runSuitesInProcess(ForkedBooter.java:340)
	at org.apache.maven.surefire.booter.ForkedBooter.execute(ForkedBooter.java:125)
	at org.apache.maven.surefire.booter.ForkedBooter.main(ForkedBooter.java:413)
]]>
            </full-stacktrace>
          </exception> <!-- java.lang.IllegalArgumentException -->
          <reporter-output>
          </reporter-output>
        </test-method> <!-- testResolveOutside -->
        <test-method status="PASS" signature="afterMethod()[pri:0, instance:org.molgenis.data.file.FileStoreTest@47ad69f7]" name="afterMethod" is-config="true" duration-ms="0" started-at="2018-06-06T23:42:32Z" finished-at="2018-06-06T23:42:32Z">
          <reporter-output>
          </reporter-output>
        </test-method> <!-- afterMethod -->
        <test-method status="PASS" signature="beforeMethod()[pri:0, instance:org.molgenis.data.file.FileStoreTest@47ad69f7]" name="beforeMethod" is-config="true" duration-ms="1" started-at="2018-06-06T23:42:32Z" finished-at="2018-06-06T23:42:32Z">
          <reporter-output>
          </reporter-output>
        </test-method> <!-- beforeMethod -->
        <test-method status="PASS" signature="afterMethod()[pri:0, instance:org.molgenis.data.file.FileStoreTest@47ad69f7]" name="afterMethod" is-config="true" duration-ms="1" started-at="2018-06-06T23:42:32Z" finished-at="2018-06-06T23:42:32Z">
          <reporter-output>
          </reporter-output>
        </test-method> <!-- afterMethod -->
        <test-method status="PASS" signature="testStore()[pri:0, instance:org.molgenis.data.file.FileStoreTest@47ad69f7]" name="testStore" duration-ms="0" started-at="2018-06-06T23:42:32Z" finished-at="2018-06-06T23:42:32Z">
          <reporter-output>
          </reporter-output>
        </test-method> <!-- testStore -->
        <test-method status="PASS" signature="testStreamFileContent()[pri:0, instance:org.molgenis.data.file.FileStoreTest@47ad69f7]" name="testStreamFileContent" duration-ms="13" started-at="2018-06-06T23:42:32Z" finished-at="2018-06-06T23:42:32Z">
          <reporter-output>
          </reporter-output>
        </test-method> <!-- testStreamFileContent -->
        <test-method status="PASS" signature="beforeMethod()[pri:0, instance:org.molgenis.data.file.FileStoreTest@47ad69f7]" name="beforeMethod" is-config="true" duration-ms="0" started-at="2018-06-06T23:42:32Z" finished-at="2018-06-06T23:42:32Z">
          <reporter-output>
          </reporter-output>
        </test-method> <!-- beforeMethod -->
        <test-method status="PASS" signature="afterMethod()[pri:0, instance:org.molgenis.data.file.FileStoreTest@47ad69f7]" name="afterMethod" is-config="true" duration-ms="0" started-at="2018-06-06T23:42:32Z" finished-at="2018-06-06T23:42:32Z">
          <reporter-output>
          </reporter-output>
        </test-method> <!-- afterMethod -->
        <test-method status="PASS" signature="beforeMethod()[pri:0, instance:org.molgenis.data.file.FileStoreTest@47ad69f7]" name="beforeMethod" is-config="true" duration-ms="1" started-at="2018-06-06T23:42:32Z" finished-at="2018-06-06T23:42:32Z">
          <reporter-output>
          </reporter-output>
        </test-method> <!-- beforeMethod -->
        <test-method status="PASS" signature="testUnpack()[pri:0, instance:org.molgenis.data.file.FileStoreTest@47ad69f7]" name="testUnpack" duration-ms="339" started-at="2018-06-06T23:42:32Z" finished-at="2018-06-06T23:42:32Z">
          <reporter-output>
          </reporter-output>
        </test-method> <!-- testUnpack -->
        <test-method status="PASS" signature="afterMethod()[pri:0, instance:org.molgenis.data.file.FileStoreTest@47ad69f7]" name="afterMethod" is-config="true" duration-ms="1" started-at="2018-06-06T23:42:32Z" finished-at="2018-06-06T23:42:32Z">
          <reporter-output>
          </reporter-output>
        </test-method> <!-- afterMethod -->
        <test-method status="PASS" signature="beforeMethod()[pri:0, instance:org.molgenis.data.file.FileStoreTest@47ad69f7]" name="beforeMethod" is-config="true" duration-ms="0" started-at="2018-06-06T23:42:32Z" finished-at="2018-06-06T23:42:32Z">
          <reporter-output>
          </reporter-output>
        </test-method> <!-- beforeMethod -->
        <test-method status="PASS" signature="testUnpackInvalidZip()[pri:0, instance:org.molgenis.data.file.FileStoreTest@47ad69f7]" name="testUnpackInvalidZip" duration-ms="2" started-at="2018-06-06T23:42:32Z" finished-at="2018-06-06T23:42:32Z">
          <exception class="org.molgenis.util.file.UnzipException">
            <message>
              <![CDATA[org.zeroturnaround.zip.ZipException: The file tmp/../../test.txt is trying to leave the target output directory of /tmp/1528321352380-0/testUnpackInvalidZip. Ignoring this file.]]>
            </message>
            <full-stacktrace>
              <![CDATA[org.molgenis.util.file.UnzipException: org.zeroturnaround.zip.ZipException: The file tmp/../../test.txt is trying to leave the target output directory of /tmp/1528321352380-0/testUnpackInvalidZip. Ignoring this file.
	at org.molgenis.util.file.ZipFileUtil.unzip(ZipFileUtil.java:26)
	at org.molgenis.data.file.FileStore.unpack(FileStore.java:148)
	at org.molgenis.data.file.FileStoreTest.testUnpackInvalidZip(FileStoreTest.java:130)
	at sun.reflect.NativeMethodAccessorImpl.invoke0(Native Method)
	at sun.reflect.NativeMethodAccessorImpl.invoke(NativeMethodAccessorImpl.java:62)
	at sun.reflect.DelegatingMethodAccessorImpl.invoke(DelegatingMethodAccessorImpl.java:43)
	at java.lang.reflect.Method.invoke(Method.java:498)
	at org.testng.internal.MethodInvocationHelper.invokeMethod(MethodInvocationHelper.java:80)
	at org.testng.internal.Invoker.invokeMethod(Invoker.java:714)
	at org.testng.internal.Invoker.invokeTestMethod(Invoker.java:901)
	at org.testng.internal.Invoker.invokeTestMethods(Invoker.java:1231)
	at org.testng.internal.TestMethodWorker.invokeTestMethods(TestMethodWorker.java:127)
	at org.testng.internal.TestMethodWorker.run(TestMethodWorker.java:111)
	at org.testng.TestRunner.privateRun(TestRunner.java:767)
	at org.testng.TestRunner.run(TestRunner.java:617)
	at org.testng.SuiteRunner.runTest(SuiteRunner.java:334)
	at org.testng.SuiteRunner.runSequentially(SuiteRunner.java:329)
	at org.testng.SuiteRunner.privateRun(SuiteRunner.java:291)
	at org.testng.SuiteRunner.run(SuiteRunner.java:240)
	at org.testng.SuiteRunnerWorker.runSuite(SuiteRunnerWorker.java:52)
	at org.testng.SuiteRunnerWorker.run(SuiteRunnerWorker.java:86)
	at org.testng.TestNG.runSuitesSequentially(TestNG.java:1198)
	at org.testng.TestNG.runSuitesLocally(TestNG.java:1123)
	at org.testng.TestNG.run(TestNG.java:1031)
	at org.apache.maven.surefire.testng.TestNGExecutor.run(TestNGExecutor.java:135)
	at org.apache.maven.surefire.testng.TestNGDirectoryTestSuite.executeMulti(TestNGDirectoryTestSuite.java:193)
	at org.apache.maven.surefire.testng.TestNGDirectoryTestSuite.execute(TestNGDirectoryTestSuite.java:94)
	at org.apache.maven.surefire.testng.TestNGProvider.invoke(TestNGProvider.java:146)
	at org.apache.maven.surefire.booter.ForkedBooter.invokeProviderInSameClassLoader(ForkedBooter.java:379)
	at org.apache.maven.surefire.booter.ForkedBooter.runSuitesInProcess(ForkedBooter.java:340)
	at org.apache.maven.surefire.booter.ForkedBooter.execute(ForkedBooter.java:125)
	at org.apache.maven.surefire.booter.ForkedBooter.main(ForkedBooter.java:413)
Caused by: org.zeroturnaround.zip.ZipException: The file tmp/../../test.txt is trying to leave the target output directory of /tmp/1528321352380-0/testUnpackInvalidZip. Ignoring this file.
	at org.zeroturnaround.zip.ZipUtil$Unpacker.process(ZipUtil.java:1159)
	at org.zeroturnaround.zip.ZipUtil.iterate(ZipUtil.java:712)
	at org.zeroturnaround.zip.ZipUtil.unpack(ZipUtil.java:1096)
	at org.zeroturnaround.zip.ZipUtil.unpack(ZipUtil.java:1045)
	at org.molgenis.util.file.ZipFileUtil.unzip(ZipFileUtil.java:22)
	... 31 more
]]>
            </full-stacktrace>
          </exception> <!-- org.molgenis.util.file.UnzipException -->
          <reporter-output>
          </reporter-output>
        </test-method> <!-- testUnpackInvalidZip -->
        <test-method status="PASS" signature="afterMethod()[pri:0, instance:org.molgenis.data.file.FileStoreTest@47ad69f7]" name="afterMethod" is-config="true" duration-ms="0" started-at="2018-06-06T23:42:32Z" finished-at="2018-06-06T23:42:32Z">
          <reporter-output>
          </reporter-output>
        </test-method> <!-- afterMethod -->
      </class> <!-- org.molgenis.data.file.FileStoreTest -->
    </test> <!-- Surefire test -->
  </suite> <!-- Surefire suite -->
</testng-results>
