<?xml version="1.0" encoding="UTF-8"?>
<!-- Generated by org.testng.reporters.JUnitReportReporter -->
<testsuite hostname="cyclone1" name="org.molgenis.data.annotation.core.entity.impl.gavin.GavinAnnotatorTest" tests="6" failures="6" timestamp="6 Jun 2018 08:49:40 GMT" time="8.374" errors="0">
  <testcase name="testAnnotateLowVariantCaddBenign" time="1.037" classname="org.molgenis.data.annotation.core.entity.impl.gavin.GavinAnnotatorTest">
    <failure type="org.molgenis.data.annotation.core.exception.AnnotationException" message="java.lang.NullPointerException">
      <![CDATA[org.molgenis.data.annotation.core.exception.AnnotationException: java.lang.NullPointerException
	at org.molgenis.data.annotation.core.AbstractRepositoryEntityAnnotator$1.next(AbstractRepositoryEntityAnnotator.java:56)
	at org.molgenis.data.annotation.core.AbstractRepositoryEntityAnnotator$1.next(AbstractRepositoryEntityAnnotator.java:28)
	at org.molgenis.data.annotation.core.entity.impl.gavin.GavinAnnotatorTest.testAnnotateLowVariantCaddBenign(GavinAnnotatorTest.java:206)
	at sun.reflect.NativeMethodAccessorImpl.invoke0(Native Method)
	at sun.reflect.NativeMethodAccessorImpl.invoke(NativeMethodAccessorImpl.java:62)
	at sun.reflect.DelegatingMethodAccessorImpl.invoke(DelegatingMethodAccessorImpl.java:43)
	at java.lang.reflect.Method.invoke(Method.java:498)
	at org.testng.internal.MethodInvocationHelper.invokeMethod(MethodInvocationHelper.java:80)
	at org.testng.internal.MethodInvocationHelper$1.runTestMethod(MethodInvocationHelper.java:182)
	at org.springframework.test.context.testng.AbstractTestNGSpringContextTests.run(AbstractTestNGSpringContextTests.java:180)
	at sun.reflect.GeneratedMethodAccessor51.invoke(Unknown Source)
	at sun.reflect.DelegatingMethodAccessorImpl.invoke(DelegatingMethodAccessorImpl.java:43)
	at java.lang.reflect.Method.invoke(Method.java:498)
	at org.testng.internal.MethodInvocationHelper.invokeHookable(MethodInvocationHelper.java:194)
	at org.testng.internal.Invoker.invokeMethod(Invoker.java:707)
	at org.testng.internal.Invoker.invokeTestMethod(Invoker.java:901)
	at org.testng.internal.Invoker.invokeTestMethods(Invoker.java:1231)
	at org.testng.internal.TestMethodWorker.invokeTestMethods(TestMethodWorker.java:127)
	at org.testng.internal.TestMethodWorker.run(TestMethodWorker.java:111)
	at org.testng.TestRunner.privateRun(TestRunner.java:767)
	at org.testng.TestRunner.run(TestRunner.java:617)
	at org.testng.SuiteRunner.runTest(SuiteRunner.java:334)
	at org.testng.SuiteRunner.runSequentially(SuiteRunner.java:329)
	at org.testng.SuiteRunner.privateRun(SuiteRunner.java:291)
	at org.testng.SuiteRunner.run(SuiteRunner.java:240)
	at org.testng.SuiteRunnerWorker.runSuite(SuiteRunnerWorker.java:52)
	at org.testng.SuiteRunnerWorker.run(SuiteRunnerWorker.java:86)
	at org.testng.TestNG.runSuitesSequentially(TestNG.java:1198)
	at org.testng.TestNG.runSuitesLocally(TestNG.java:1123)
	at org.testng.TestNG.run(TestNG.java:1031)
	at org.apache.maven.surefire.testng.TestNGExecutor.run(TestNGExecutor.java:135)
	at org.apache.maven.surefire.testng.TestNGDirectoryTestSuite.executeMulti(TestNGDirectoryTestSuite.java:193)
	at org.apache.maven.surefire.testng.TestNGDirectoryTestSuite.execute(TestNGDirectoryTestSuite.java:94)
	at org.apache.maven.surefire.testng.TestNGProvider.invoke(TestNGProvider.java:146)
	at org.apache.maven.surefire.booter.ForkedBooter.invokeProviderInSameClassLoader(ForkedBooter.java:379)
	at org.apache.maven.surefire.booter.ForkedBooter.runSuitesInProcess(ForkedBooter.java:340)
	at org.apache.maven.surefire.booter.ForkedBooter.execute(ForkedBooter.java:125)
	at org.apache.maven.surefire.booter.ForkedBooter.main(ForkedBooter.java:413)
Caused by: java.lang.NullPointerException
	at org.molgenis.data.annotation.core.resources.impl.ResourceImpl.lambda$findAll$0(ResourceImpl.java:67)
	at com.google.common.collect.Iterables.size(Iterables.java:126)
	at org.molgenis.data.annotation.core.entity.impl.gavin.GavinAnnotator$2.processQueryResults(GavinAnnotator.java:178)
	at org.molgenis.data.annotation.core.entity.impl.framework.QueryAnnotatorImpl.annotateEntity(QueryAnnotatorImpl.java:87)
	at org.molgenis.data.annotation.core.entity.impl.framework.QueryAnnotatorImpl.annotateEntity(QueryAnnotatorImpl.java:27)
	at org.molgenis.data.annotation.core.entity.impl.framework.RepositoryAnnotatorImpl.annotateEntity(RepositoryAnnotatorImpl.java:58)
	at org.molgenis.data.annotation.core.AbstractRepositoryEntityAnnotator$1.next(AbstractRepositoryEntityAnnotator.java:51)
	... 37 more
]]>
    </failure>
  </testcase> <!-- testAnnotateLowVariantCaddBenign -->
  <testcase name="testAnnotateHighMafBenign" time="1.098" classname="org.molgenis.data.annotation.core.entity.impl.gavin.GavinAnnotatorTest">
    <failure type="org.molgenis.data.annotation.core.exception.AnnotationException" message="java.lang.NullPointerException">
      <![CDATA[org.molgenis.data.annotation.core.exception.AnnotationException: java.lang.NullPointerException
	at org.molgenis.data.annotation.core.AbstractRepositoryEntityAnnotator$1.next(AbstractRepositoryEntityAnnotator.java:56)
	at org.molgenis.data.annotation.core.AbstractRepositoryEntityAnnotator$1.next(AbstractRepositoryEntityAnnotator.java:28)
	at org.molgenis.data.annotation.core.entity.impl.gavin.GavinAnnotatorTest.testAnnotateHighMafBenign(GavinAnnotatorTest.java:154)
	at sun.reflect.NativeMethodAccessorImpl.invoke0(Native Method)
	at sun.reflect.NativeMethodAccessorImpl.invoke(NativeMethodAccessorImpl.java:62)
	at sun.reflect.DelegatingMethodAccessorImpl.invoke(DelegatingMethodAccessorImpl.java:43)
	at java.lang.reflect.Method.invoke(Method.java:498)
	at org.testng.internal.MethodInvocationHelper.invokeMethod(MethodInvocationHelper.java:80)
	at org.testng.internal.MethodInvocationHelper$1.runTestMethod(MethodInvocationHelper.java:182)
	at org.springframework.test.context.testng.AbstractTestNGSpringContextTests.run(AbstractTestNGSpringContextTests.java:180)
	at sun.reflect.GeneratedMethodAccessor51.invoke(Unknown Source)
	at sun.reflect.DelegatingMethodAccessorImpl.invoke(DelegatingMethodAccessorImpl.java:43)
	at java.lang.reflect.Method.invoke(Method.java:498)
	at org.testng.internal.MethodInvocationHelper.invokeHookable(MethodInvocationHelper.java:194)
	at org.testng.internal.Invoker.invokeMethod(Invoker.java:707)
	at org.testng.internal.Invoker.invokeTestMethod(Invoker.java:901)
	at org.testng.internal.Invoker.invokeTestMethods(Invoker.java:1231)
	at org.testng.internal.TestMethodWorker.invokeTestMethods(TestMethodWorker.java:127)
	at org.testng.internal.TestMethodWorker.run(TestMethodWorker.java:111)
	at org.testng.TestRunner.privateRun(TestRunner.java:767)
	at org.testng.TestRunner.run(TestRunner.java:617)
	at org.testng.SuiteRunner.runTest(SuiteRunner.java:334)
	at org.testng.SuiteRunner.runSequentially(SuiteRunner.java:329)
	at org.testng.SuiteRunner.privateRun(SuiteRunner.java:291)
	at org.testng.SuiteRunner.run(SuiteRunner.java:240)
	at org.testng.SuiteRunnerWorker.runSuite(SuiteRunnerWorker.java:52)
	at org.testng.SuiteRunnerWorker.run(SuiteRunnerWorker.java:86)
	at org.testng.TestNG.runSuitesSequentially(TestNG.java:1198)
	at org.testng.TestNG.runSuitesLocally(TestNG.java:1123)
	at org.testng.TestNG.run(TestNG.java:1031)
	at org.apache.maven.surefire.testng.TestNGExecutor.run(TestNGExecutor.java:135)
	at org.apache.maven.surefire.testng.TestNGDirectoryTestSuite.executeMulti(TestNGDirectoryTestSuite.java:193)
	at org.apache.maven.surefire.testng.TestNGDirectoryTestSuite.execute(TestNGDirectoryTestSuite.java:94)
	at org.apache.maven.surefire.testng.TestNGProvider.invoke(TestNGProvider.java:146)
	at org.apache.maven.surefire.booter.ForkedBooter.invokeProviderInSameClassLoader(ForkedBooter.java:379)
	at org.apache.maven.surefire.booter.ForkedBooter.runSuitesInProcess(ForkedBooter.java:340)
	at org.apache.maven.surefire.booter.ForkedBooter.execute(ForkedBooter.java:125)
	at org.apache.maven.surefire.booter.ForkedBooter.main(ForkedBooter.java:413)
Caused by: java.lang.NullPointerException
	at org.molgenis.data.annotation.core.resources.impl.ResourceImpl.lambda$findAll$0(ResourceImpl.java:67)
	at com.google.common.collect.Iterables.size(Iterables.java:126)
	at org.molgenis.data.annotation.core.entity.impl.gavin.GavinAnnotator$2.processQueryResults(GavinAnnotator.java:178)
	at org.molgenis.data.annotation.core.entity.impl.framework.QueryAnnotatorImpl.annotateEntity(QueryAnnotatorImpl.java:87)
	at org.molgenis.data.annotation.core.entity.impl.framework.QueryAnnotatorImpl.annotateEntity(QueryAnnotatorImpl.java:27)
	at org.molgenis.data.annotation.core.entity.impl.framework.RepositoryAnnotatorImpl.annotateEntity(RepositoryAnnotatorImpl.java:58)
	at org.molgenis.data.annotation.core.AbstractRepositoryEntityAnnotator$1.next(AbstractRepositoryEntityAnnotator.java:51)
	... 37 more
]]>
    </failure>
  </testcase> <!-- testAnnotateHighMafBenign -->
  <testcase name="testGeneWithNullFields" time="0.844" classname="org.molgenis.data.annotation.core.entity.impl.gavin.GavinAnnotatorTest">
    <failure type="org.molgenis.data.annotation.core.exception.AnnotationException" message="java.lang.NullPointerException">
      <![CDATA[org.molgenis.data.annotation.core.exception.AnnotationException: java.lang.NullPointerException
	at org.molgenis.data.annotation.core.AbstractRepositoryEntityAnnotator$1.next(AbstractRepositoryEntityAnnotator.java:56)
	at org.molgenis.data.annotation.core.AbstractRepositoryEntityAnnotator$1.next(AbstractRepositoryEntityAnnotator.java:28)
	at org.molgenis.data.annotation.core.entity.impl.gavin.GavinAnnotatorTest.testGeneWithNullFields(GavinAnnotatorTest.java:138)
	at sun.reflect.NativeMethodAccessorImpl.invoke0(Native Method)
	at sun.reflect.NativeMethodAccessorImpl.invoke(NativeMethodAccessorImpl.java:62)
	at sun.reflect.DelegatingMethodAccessorImpl.invoke(DelegatingMethodAccessorImpl.java:43)
	at java.lang.reflect.Method.invoke(Method.java:498)
	at org.testng.internal.MethodInvocationHelper.invokeMethod(MethodInvocationHelper.java:80)
	at org.testng.internal.MethodInvocationHelper$1.runTestMethod(MethodInvocationHelper.java:182)
	at org.springframework.test.context.testng.AbstractTestNGSpringContextTests.run(AbstractTestNGSpringContextTests.java:180)
	at sun.reflect.GeneratedMethodAccessor51.invoke(Unknown Source)
	at sun.reflect.DelegatingMethodAccessorImpl.invoke(DelegatingMethodAccessorImpl.java:43)
	at java.lang.reflect.Method.invoke(Method.java:498)
	at org.testng.internal.MethodInvocationHelper.invokeHookable(MethodInvocationHelper.java:194)
	at org.testng.internal.Invoker.invokeMethod(Invoker.java:707)
	at org.testng.internal.Invoker.invokeTestMethod(Invoker.java:901)
	at org.testng.internal.Invoker.invokeTestMethods(Invoker.java:1231)
	at org.testng.internal.TestMethodWorker.invokeTestMethods(TestMethodWorker.java:127)
	at org.testng.internal.TestMethodWorker.run(TestMethodWorker.java:111)
	at org.testng.TestRunner.privateRun(TestRunner.java:767)
	at org.testng.TestRunner.run(TestRunner.java:617)
	at org.testng.SuiteRunner.runTest(SuiteRunner.java:334)
	at org.testng.SuiteRunner.runSequentially(SuiteRunner.java:329)
	at org.testng.SuiteRunner.privateRun(SuiteRunner.java:291)
	at org.testng.SuiteRunner.run(SuiteRunner.java:240)
	at org.testng.SuiteRunnerWorker.runSuite(SuiteRunnerWorker.java:52)
	at org.testng.SuiteRunnerWorker.run(SuiteRunnerWorker.java:86)
	at org.testng.TestNG.runSuitesSequentially(TestNG.java:1198)
	at org.testng.TestNG.runSuitesLocally(TestNG.java:1123)
	at org.testng.TestNG.run(TestNG.java:1031)
	at org.apache.maven.surefire.testng.TestNGExecutor.run(TestNGExecutor.java:135)
	at org.apache.maven.surefire.testng.TestNGDirectoryTestSuite.executeMulti(TestNGDirectoryTestSuite.java:193)
	at org.apache.maven.surefire.testng.TestNGDirectoryTestSuite.execute(TestNGDirectoryTestSuite.java:94)
	at org.apache.maven.surefire.testng.TestNGProvider.invoke(TestNGProvider.java:146)
	at org.apache.maven.surefire.booter.ForkedBooter.invokeProviderInSameClassLoader(ForkedBooter.java:379)
	at org.apache.maven.surefire.booter.ForkedBooter.runSuitesInProcess(ForkedBooter.java:340)
	at org.apache.maven.surefire.booter.ForkedBooter.execute(ForkedBooter.java:125)
	at org.apache.maven.surefire.booter.ForkedBooter.main(ForkedBooter.java:413)
Caused by: java.lang.NullPointerException
	at org.molgenis.data.annotation.core.resources.impl.ResourceImpl.lambda$findAll$0(ResourceImpl.java:67)
	at com.google.common.collect.Iterables.size(Iterables.java:126)
	at org.molgenis.data.annotation.core.entity.impl.gavin.GavinAnnotator$2.processQueryResults(GavinAnnotator.java:178)
	at org.molgenis.data.annotation.core.entity.impl.framework.QueryAnnotatorImpl.annotateEntity(QueryAnnotatorImpl.java:87)
	at org.molgenis.data.annotation.core.entity.impl.framework.QueryAnnotatorImpl.annotateEntity(QueryAnnotatorImpl.java:27)
	at org.molgenis.data.annotation.core.entity.impl.framework.RepositoryAnnotatorImpl.annotateEntity(RepositoryAnnotatorImpl.java:58)
	at org.molgenis.data.annotation.core.AbstractRepositoryEntityAnnotator$1.next(AbstractRepositoryEntityAnnotator.java:51)
	... 37 more
]]>
    </failure>
  </testcase> <!-- testGeneWithNullFields -->
  <testcase name="testAnnotateNoCaddVOUS" time="0.851" classname="org.molgenis.data.annotation.core.entity.impl.gavin.GavinAnnotatorTest">
    <failure type="org.molgenis.data.annotation.core.exception.AnnotationException" message="java.lang.NullPointerException">
      <![CDATA[org.molgenis.data.annotation.core.exception.AnnotationException: java.lang.NullPointerException
	at org.molgenis.data.annotation.core.AbstractRepositoryEntityAnnotator$1.next(AbstractRepositoryEntityAnnotator.java:56)
	at org.molgenis.data.annotation.core.AbstractRepositoryEntityAnnotator$1.next(AbstractRepositoryEntityAnnotator.java:28)
	at org.molgenis.data.annotation.core.entity.impl.gavin.GavinAnnotatorTest.testAnnotateNoCaddVOUS(GavinAnnotatorTest.java:188)
	at sun.reflect.NativeMethodAccessorImpl.invoke0(Native Method)
	at sun.reflect.NativeMethodAccessorImpl.invoke(NativeMethodAccessorImpl.java:62)
	at sun.reflect.DelegatingMethodAccessorImpl.invoke(DelegatingMethodAccessorImpl.java:43)
	at java.lang.reflect.Method.invoke(Method.java:498)
	at org.testng.internal.MethodInvocationHelper.invokeMethod(MethodInvocationHelper.java:80)
	at org.testng.internal.MethodInvocationHelper$1.runTestMethod(MethodInvocationHelper.java:182)
	at org.springframework.test.context.testng.AbstractTestNGSpringContextTests.run(AbstractTestNGSpringContextTests.java:180)
	at sun.reflect.GeneratedMethodAccessor51.invoke(Unknown Source)
	at sun.reflect.DelegatingMethodAccessorImpl.invoke(DelegatingMethodAccessorImpl.java:43)
	at java.lang.reflect.Method.invoke(Method.java:498)
	at org.testng.internal.MethodInvocationHelper.invokeHookable(MethodInvocationHelper.java:194)
	at org.testng.internal.Invoker.invokeMethod(Invoker.java:707)
	at org.testng.internal.Invoker.invokeTestMethod(Invoker.java:901)
	at org.testng.internal.Invoker.invokeTestMethods(Invoker.java:1231)
	at org.testng.internal.TestMethodWorker.invokeTestMethods(TestMethodWorker.java:127)
	at org.testng.internal.TestMethodWorker.run(TestMethodWorker.java:111)
	at org.testng.TestRunner.privateRun(TestRunner.java:767)
	at org.testng.TestRunner.run(TestRunner.java:617)
	at org.testng.SuiteRunner.runTest(SuiteRunner.java:334)
	at org.testng.SuiteRunner.runSequentially(SuiteRunner.java:329)
	at org.testng.SuiteRunner.privateRun(SuiteRunner.java:291)
	at org.testng.SuiteRunner.run(SuiteRunner.java:240)
	at org.testng.SuiteRunnerWorker.runSuite(SuiteRunnerWorker.java:52)
	at org.testng.SuiteRunnerWorker.run(SuiteRunnerWorker.java:86)
	at org.testng.TestNG.runSuitesSequentially(TestNG.java:1198)
	at org.testng.TestNG.runSuitesLocally(TestNG.java:1123)
	at org.testng.TestNG.run(TestNG.java:1031)
	at org.apache.maven.surefire.testng.TestNGExecutor.run(TestNGExecutor.java:135)
	at org.apache.maven.surefire.testng.TestNGDirectoryTestSuite.executeMulti(TestNGDirectoryTestSuite.java:193)
	at org.apache.maven.surefire.testng.TestNGDirectoryTestSuite.execute(TestNGDirectoryTestSuite.java:94)
	at org.apache.maven.surefire.testng.TestNGProvider.invoke(TestNGProvider.java:146)
	at org.apache.maven.surefire.booter.ForkedBooter.invokeProviderInSameClassLoader(ForkedBooter.java:379)
	at org.apache.maven.surefire.booter.ForkedBooter.runSuitesInProcess(ForkedBooter.java:340)
	at org.apache.maven.surefire.booter.ForkedBooter.execute(ForkedBooter.java:125)
	at org.apache.maven.surefire.booter.ForkedBooter.main(ForkedBooter.java:413)
Caused by: java.lang.NullPointerException
	at org.molgenis.data.annotation.core.resources.impl.ResourceImpl.lambda$findAll$0(ResourceImpl.java:67)
	at com.google.common.collect.Iterables.size(Iterables.java:126)
	at org.molgenis.data.annotation.core.entity.impl.gavin.GavinAnnotator$2.processQueryResults(GavinAnnotator.java:178)
	at org.molgenis.data.annotation.core.entity.impl.framework.QueryAnnotatorImpl.annotateEntity(QueryAnnotatorImpl.java:87)
	at org.molgenis.data.annotation.core.entity.impl.framework.QueryAnnotatorImpl.annotateEntity(QueryAnnotatorImpl.java:27)
	at org.molgenis.data.annotation.core.entity.impl.framework.RepositoryAnnotatorImpl.annotateEntity(RepositoryAnnotatorImpl.java:58)
	at org.molgenis.data.annotation.core.AbstractRepositoryEntityAnnotator$1.next(AbstractRepositoryEntityAnnotator.java:51)
	... 37 more
]]>
    </failure>
  </testcase> <!-- testAnnotateNoCaddVOUS -->
  <testcase name="testAnnotateLowCaddBenign" time="1.000" classname="org.molgenis.data.annotation.core.entity.impl.gavin.GavinAnnotatorTest">
    <failure type="org.molgenis.data.annotation.core.exception.AnnotationException" message="java.lang.NullPointerException">
      <![CDATA[org.molgenis.data.annotation.core.exception.AnnotationException: java.lang.NullPointerException
	at org.molgenis.data.annotation.core.AbstractRepositoryEntityAnnotator$1.next(AbstractRepositoryEntityAnnotator.java:56)
	at org.molgenis.data.annotation.core.AbstractRepositoryEntityAnnotator$1.next(AbstractRepositoryEntityAnnotator.java:28)
	at org.molgenis.data.annotation.core.entity.impl.gavin.GavinAnnotatorTest.testAnnotateLowCaddBenign(GavinAnnotatorTest.java:171)
	at sun.reflect.NativeMethodAccessorImpl.invoke0(Native Method)
	at sun.reflect.NativeMethodAccessorImpl.invoke(NativeMethodAccessorImpl.java:62)
	at sun.reflect.DelegatingMethodAccessorImpl.invoke(DelegatingMethodAccessorImpl.java:43)
	at java.lang.reflect.Method.invoke(Method.java:498)
	at org.testng.internal.MethodInvocationHelper.invokeMethod(MethodInvocationHelper.java:80)
	at org.testng.internal.MethodInvocationHelper$1.runTestMethod(MethodInvocationHelper.java:182)
	at org.springframework.test.context.testng.AbstractTestNGSpringContextTests.run(AbstractTestNGSpringContextTests.java:180)
	at sun.reflect.GeneratedMethodAccessor51.invoke(Unknown Source)
	at sun.reflect.DelegatingMethodAccessorImpl.invoke(DelegatingMethodAccessorImpl.java:43)
	at java.lang.reflect.Method.invoke(Method.java:498)
	at org.testng.internal.MethodInvocationHelper.invokeHookable(MethodInvocationHelper.java:194)
	at org.testng.internal.Invoker.invokeMethod(Invoker.java:707)
	at org.testng.internal.Invoker.invokeTestMethod(Invoker.java:901)
	at org.testng.internal.Invoker.invokeTestMethods(Invoker.java:1231)
	at org.testng.internal.TestMethodWorker.invokeTestMethods(TestMethodWorker.java:127)
	at org.testng.internal.TestMethodWorker.run(TestMethodWorker.java:111)
	at org.testng.TestRunner.privateRun(TestRunner.java:767)
	at org.testng.TestRunner.run(TestRunner.java:617)
	at org.testng.SuiteRunner.runTest(SuiteRunner.java:334)
	at org.testng.SuiteRunner.runSequentially(SuiteRunner.java:329)
	at org.testng.SuiteRunner.privateRun(SuiteRunner.java:291)
	at org.testng.SuiteRunner.run(SuiteRunner.java:240)
	at org.testng.SuiteRunnerWorker.runSuite(SuiteRunnerWorker.java:52)
	at org.testng.SuiteRunnerWorker.run(SuiteRunnerWorker.java:86)
	at org.testng.TestNG.runSuitesSequentially(TestNG.java:1198)
	at org.testng.TestNG.runSuitesLocally(TestNG.java:1123)
	at org.testng.TestNG.run(TestNG.java:1031)
	at org.apache.maven.surefire.testng.TestNGExecutor.run(TestNGExecutor.java:135)
	at org.apache.maven.surefire.testng.TestNGDirectoryTestSuite.executeMulti(TestNGDirectoryTestSuite.java:193)
	at org.apache.maven.surefire.testng.TestNGDirectoryTestSuite.execute(TestNGDirectoryTestSuite.java:94)
	at org.apache.maven.surefire.testng.TestNGProvider.invoke(TestNGProvider.java:146)
	at org.apache.maven.surefire.booter.ForkedBooter.invokeProviderInSameClassLoader(ForkedBooter.java:379)
	at org.apache.maven.surefire.booter.ForkedBooter.runSuitesInProcess(ForkedBooter.java:340)
	at org.apache.maven.surefire.booter.ForkedBooter.execute(ForkedBooter.java:125)
	at org.apache.maven.surefire.booter.ForkedBooter.main(ForkedBooter.java:413)
Caused by: java.lang.NullPointerException
	at org.molgenis.data.annotation.core.resources.impl.ResourceImpl.lambda$findAll$0(ResourceImpl.java:67)
	at com.google.common.collect.Iterables.size(Iterables.java:126)
	at org.molgenis.data.annotation.core.entity.impl.gavin.GavinAnnotator$2.processQueryResults(GavinAnnotator.java:178)
	at org.molgenis.data.annotation.core.entity.impl.framework.QueryAnnotatorImpl.annotateEntity(QueryAnnotatorImpl.java:87)
	at org.molgenis.data.annotation.core.entity.impl.framework.QueryAnnotatorImpl.annotateEntity(QueryAnnotatorImpl.java:27)
	at org.molgenis.data.annotation.core.entity.impl.framework.RepositoryAnnotatorImpl.annotateEntity(RepositoryAnnotatorImpl.java:58)
	at org.molgenis.data.annotation.core.AbstractRepositoryEntityAnnotator$1.next(AbstractRepositoryEntityAnnotator.java:51)
	... 37 more
]]>
    </failure>
  </testcase> <!-- testAnnotateLowCaddBenign -->
  <testcase name="testAnnotateHighCaddPathogenic" time="3.544" classname="org.molgenis.data.annotation.core.entity.impl.gavin.GavinAnnotatorTest">
    <failure type="org.molgenis.data.annotation.core.exception.AnnotationException" message="java.lang.NullPointerException">
      <![CDATA[org.molgenis.data.annotation.core.exception.AnnotationException: java.lang.NullPointerException
	at org.molgenis.data.annotation.core.AbstractRepositoryEntityAnnotator$1.next(AbstractRepositoryEntityAnnotator.java:56)
	at org.molgenis.data.annotation.core.AbstractRepositoryEntityAnnotator$1.next(AbstractRepositoryEntityAnnotator.java:28)
	at org.molgenis.data.annotation.core.entity.impl.gavin.GavinAnnotatorTest.testAnnotateHighCaddPathogenic(GavinAnnotatorTest.java:223)
	at sun.reflect.NativeMethodAccessorImpl.invoke0(Native Method)
	at sun.reflect.NativeMethodAccessorImpl.invoke(NativeMethodAccessorImpl.java:62)
	at sun.reflect.DelegatingMethodAccessorImpl.invoke(DelegatingMethodAccessorImpl.java:43)
	at java.lang.reflect.Method.invoke(Method.java:498)
	at org.testng.internal.MethodInvocationHelper.invokeMethod(MethodInvocationHelper.java:80)
	at org.testng.internal.MethodInvocationHelper$1.runTestMethod(MethodInvocationHelper.java:182)
	at org.springframework.test.context.testng.AbstractTestNGSpringContextTests.run(AbstractTestNGSpringContextTests.java:180)
	at sun.reflect.GeneratedMethodAccessor51.invoke(Unknown Source)
	at sun.reflect.DelegatingMethodAccessorImpl.invoke(DelegatingMethodAccessorImpl.java:43)
	at java.lang.reflect.Method.invoke(Method.java:498)
	at org.testng.internal.MethodInvocationHelper.invokeHookable(MethodInvocationHelper.java:194)
	at org.testng.internal.Invoker.invokeMethod(Invoker.java:707)
	at org.testng.internal.Invoker.invokeTestMethod(Invoker.java:901)
	at org.testng.internal.Invoker.invokeTestMethods(Invoker.java:1231)
	at org.testng.internal.TestMethodWorker.invokeTestMethods(TestMethodWorker.java:127)
	at org.testng.internal.TestMethodWorker.run(TestMethodWorker.java:111)
	at org.testng.TestRunner.privateRun(TestRunner.java:767)
	at org.testng.TestRunner.run(TestRunner.java:617)
	at org.testng.SuiteRunner.runTest(SuiteRunner.java:334)
	at org.testng.SuiteRunner.runSequentially(SuiteRunner.java:329)
	at org.testng.SuiteRunner.privateRun(SuiteRunner.java:291)
	at org.testng.SuiteRunner.run(SuiteRunner.java:240)
	at org.testng.SuiteRunnerWorker.runSuite(SuiteRunnerWorker.java:52)
	at org.testng.SuiteRunnerWorker.run(SuiteRunnerWorker.java:86)
	at org.testng.TestNG.runSuitesSequentially(TestNG.java:1198)
	at org.testng.TestNG.runSuitesLocally(TestNG.java:1123)
	at org.testng.TestNG.run(TestNG.java:1031)
	at org.apache.maven.surefire.testng.TestNGExecutor.run(TestNGExecutor.java:135)
	at org.apache.maven.surefire.testng.TestNGDirectoryTestSuite.executeMulti(TestNGDirectoryTestSuite.java:193)
	at org.apache.maven.surefire.testng.TestNGDirectoryTestSuite.execute(TestNGDirectoryTestSuite.java:94)
	at org.apache.maven.surefire.testng.TestNGProvider.invoke(TestNGProvider.java:146)
	at org.apache.maven.surefire.booter.ForkedBooter.invokeProviderInSameClassLoader(ForkedBooter.java:379)
	at org.apache.maven.surefire.booter.ForkedBooter.runSuitesInProcess(ForkedBooter.java:340)
	at org.apache.maven.surefire.booter.ForkedBooter.execute(ForkedBooter.java:125)
	at org.apache.maven.surefire.booter.ForkedBooter.main(ForkedBooter.java:413)
Caused by: java.lang.NullPointerException
	at org.molgenis.data.annotation.core.resources.impl.ResourceImpl.lambda$findAll$0(ResourceImpl.java:67)
	at com.google.common.collect.Iterables.size(Iterables.java:126)
	at org.molgenis.data.annotation.core.entity.impl.gavin.GavinAnnotator$2.processQueryResults(GavinAnnotator.java:178)
	at org.molgenis.data.annotation.core.entity.impl.framework.QueryAnnotatorImpl.annotateEntity(QueryAnnotatorImpl.java:87)
	at org.molgenis.data.annotation.core.entity.impl.framework.QueryAnnotatorImpl.annotateEntity(QueryAnnotatorImpl.java:27)
	at org.molgenis.data.annotation.core.entity.impl.framework.RepositoryAnnotatorImpl.annotateEntity(RepositoryAnnotatorImpl.java:58)
	at org.molgenis.data.annotation.core.AbstractRepositoryEntityAnnotator$1.next(AbstractRepositoryEntityAnnotator.java:51)
	... 37 more
]]>
    </failure>
  </testcase> <!-- testAnnotateHighCaddPathogenic -->
</testsuite> <!-- org.molgenis.data.annotation.core.entity.impl.gavin.GavinAnnotatorTest -->
