<?xml version="1.0" encoding="UTF-8"?>
<testng-results skipped="0" failed="0" total="29" passed="29">
  <reporter-output>
  </reporter-output>
  <suite name="Surefire suite" duration-ms="8599" started-at="2018-06-06T14:21:50Z" finished-at="2018-06-06T14:21:59Z">
    <groups>
    </groups>
    <test name="Surefire test" duration-ms="8599" started-at="2018-06-06T14:21:50Z" finished-at="2018-06-06T14:21:59Z">
      <class name="org.molgenis.app.manager.service.AppManagerServiceTest">
        <test-method status="PASS" signature="beforeClass()[pri:0, instance:org.molgenis.app.manager.service.AppManagerServiceTest@3181d4de]" name="beforeClass" is-config="true" duration-ms="168" started-at="2018-06-06T16:21:50Z" finished-at="2018-06-06T16:21:50Z">
          <reporter-output>
          </reporter-output>
        </test-method> <!-- beforeClass -->
        <test-method status="PASS" signature="beforeMethod()[pri:0, instance:org.molgenis.app.manager.service.AppManagerServiceTest@3181d4de]" name="beforeMethod" is-config="true" duration-ms="2364" started-at="2018-06-06T16:21:50Z" finished-at="2018-06-06T16:21:53Z">
          <reporter-output>
          </reporter-output>
        </test-method> <!-- beforeMethod -->
        <test-method status="PASS" signature="testActivateApp()[pri:0, instance:org.molgenis.app.manager.service.AppManagerServiceTest@3181d4de]" name="testActivateApp" duration-ms="193" started-at="2018-06-06T16:21:53Z" finished-at="2018-06-06T16:21:53Z">
          <reporter-output>
          </reporter-output>
        </test-method> <!-- testActivateApp -->
        <test-method status="PASS" signature="beforeMethod()[pri:0, instance:org.molgenis.app.manager.service.AppManagerServiceTest@3181d4de]" name="beforeMethod" is-config="true" duration-ms="2" started-at="2018-06-06T16:21:53Z" finished-at="2018-06-06T16:21:53Z">
          <reporter-output>
          </reporter-output>
        </test-method> <!-- beforeMethod -->
        <test-method status="PASS" signature="testAppIdDoesNotExist()[pri:0, instance:org.molgenis.app.manager.service.AppManagerServiceTest@3181d4de]" name="testAppIdDoesNotExist" duration-ms="6" started-at="2018-06-06T16:21:53Z" finished-at="2018-06-06T16:21:53Z">
          <reporter-output>
          </reporter-output>
        </test-method> <!-- testAppIdDoesNotExist -->
        <test-method status="PASS" signature="beforeMethod()[pri:0, instance:org.molgenis.app.manager.service.AppManagerServiceTest@3181d4de]" name="beforeMethod" is-config="true" duration-ms="3" started-at="2018-06-06T16:21:53Z" finished-at="2018-06-06T16:21:53Z">
          <reporter-output>
          </reporter-output>
        </test-method> <!-- beforeMethod -->
        <test-method status="PASS" signature="testAppUriDoesNotExist()[pri:0, instance:org.molgenis.app.manager.service.AppManagerServiceTest@3181d4de]" name="testAppUriDoesNotExist" duration-ms="12" started-at="2018-06-06T16:21:53Z" finished-at="2018-06-06T16:21:53Z">
          <reporter-output>
          </reporter-output>
        </test-method> <!-- testAppUriDoesNotExist -->
        <test-method status="PASS" signature="beforeMethod()[pri:0, instance:org.molgenis.app.manager.service.AppManagerServiceTest@3181d4de]" name="beforeMethod" is-config="true" duration-ms="3" started-at="2018-06-06T16:21:53Z" finished-at="2018-06-06T16:21:53Z">
          <reporter-output>
          </reporter-output>
        </test-method> <!-- beforeMethod -->
        <test-method status="PASS" signature="testCheckAndObtainConfig()[pri:0, instance:org.molgenis.app.manager.service.AppManagerServiceTest@3181d4de]" name="testCheckAndObtainConfig" duration-ms="52" started-at="2018-06-06T16:21:53Z" finished-at="2018-06-06T16:21:53Z">
          <reporter-output>
          </reporter-output>
        </test-method> <!-- testCheckAndObtainConfig -->
        <test-method status="PASS" signature="beforeMethod()[pri:0, instance:org.molgenis.app.manager.service.AppManagerServiceTest@3181d4de]" name="beforeMethod" is-config="true" duration-ms="9" started-at="2018-06-06T16:21:53Z" finished-at="2018-06-06T16:21:53Z">
          <reporter-output>
          </reporter-output>
        </test-method> <!-- beforeMethod -->
        <test-method status="PASS" signature="testCheckAndObtainConfigAppAlreadyExists()[pri:0, instance:org.molgenis.app.manager.service.AppManagerServiceTest@3181d4de]" name="testCheckAndObtainConfigAppAlreadyExists" duration-ms="7" started-at="2018-06-06T16:21:53Z" finished-at="2018-06-06T16:21:53Z">
          <exception class="org.molgenis.app.manager.exception.AppAlreadyExistsException">
            <message>
              <![CDATA[example2]]>
            </message>
            <full-stacktrace>
              <![CDATA[org.molgenis.app.manager.exception.AppAlreadyExistsException: FAILED TO FORMAT LOCALIZED MESSAGE FOR ERROR CODE AM08.%nFallback message: example2
	at org.molgenis.app.manager.service.impl.AppManagerServiceImpl.checkAndObtainConfig(AppManagerServiceImpl.java:183)
	at org.molgenis.app.manager.service.AppManagerServiceTest.testCheckAndObtainConfigAppAlreadyExists(AppManagerServiceTest.java:320)
	at sun.reflect.NativeMethodAccessorImpl.invoke0(Native Method)
	at sun.reflect.NativeMethodAccessorImpl.invoke(NativeMethodAccessorImpl.java:62)
	at sun.reflect.DelegatingMethodAccessorImpl.invoke(DelegatingMethodAccessorImpl.java:43)
	at java.lang.reflect.Method.invoke(Method.java:498)
	at org.testng.internal.MethodInvocationHelper.invokeMethod(MethodInvocationHelper.java:80)
	at org.testng.internal.Invoker.invokeMethod(Invoker.java:714)
	at org.testng.internal.Invoker.invokeTestMethod(Invoker.java:901)
	at org.testng.internal.Invoker.invokeTestMethods(Invoker.java:1231)
	at org.testng.internal.TestMethodWorker.invokeTestMethods(TestMethodWorker.java:127)
	at org.testng.internal.TestMethodWorker.run(TestMethodWorker.java:111)
	at org.testng.TestRunner.privateRun(TestRunner.java:767)
	at org.testng.TestRunner.run(TestRunner.java:617)
	at org.testng.SuiteRunner.runTest(SuiteRunner.java:334)
	at org.testng.SuiteRunner.runSequentially(SuiteRunner.java:329)
	at org.testng.SuiteRunner.privateRun(SuiteRunner.java:291)
	at org.testng.SuiteRunner.run(SuiteRunner.java:240)
	at org.testng.SuiteRunnerWorker.runSuite(SuiteRunnerWorker.java:52)
	at org.testng.SuiteRunnerWorker.run(SuiteRunnerWorker.java:86)
	at org.testng.TestNG.runSuitesSequentially(TestNG.java:1198)
	at org.testng.TestNG.runSuitesLocally(TestNG.java:1123)
	at org.testng.TestNG.run(TestNG.java:1031)
	at org.apache.maven.surefire.testng.TestNGExecutor.run(TestNGExecutor.java:135)
	at org.apache.maven.surefire.testng.TestNGDirectoryTestSuite.executeMulti(TestNGDirectoryTestSuite.java:193)
	at org.apache.maven.surefire.testng.TestNGDirectoryTestSuite.execute(TestNGDirectoryTestSuite.java:94)
	at org.apache.maven.surefire.testng.TestNGProvider.invoke(TestNGProvider.java:146)
	at org.apache.maven.surefire.booter.ForkedBooter.invokeProviderInSameClassLoader(ForkedBooter.java:379)
	at org.apache.maven.surefire.booter.ForkedBooter.runSuitesInProcess(ForkedBooter.java:340)
	at org.apache.maven.surefire.booter.ForkedBooter.execute(ForkedBooter.java:125)
	at org.apache.maven.surefire.booter.ForkedBooter.main(ForkedBooter.java:413)
]]>
            </full-stacktrace>
          </exception> <!-- org.molgenis.app.manager.exception.AppAlreadyExistsException -->
          <reporter-output>
          </reporter-output>
        </test-method> <!-- testCheckAndObtainConfigAppAlreadyExists -->
        <test-method status="PASS" signature="beforeMethod()[pri:0, instance:org.molgenis.app.manager.service.AppManagerServiceTest@3181d4de]" name="beforeMethod" is-config="true" duration-ms="8" started-at="2018-06-06T16:21:53Z" finished-at="2018-06-06T16:21:53Z">
          <reporter-output>
          </reporter-output>
        </test-method> <!-- beforeMethod -->
        <test-method status="PASS" signature="testCheckAndObtainConfigInvalidJsonConfigFile()[pri:0, instance:org.molgenis.app.manager.service.AppManagerServiceTest@3181d4de]" name="testCheckAndObtainConfigInvalidJsonConfigFile" duration-ms="4" started-at="2018-06-06T16:21:53Z" finished-at="2018-06-06T16:21:53Z">
          <exception class="org.molgenis.app.manager.exception.InvalidAppConfigException">
            <full-stacktrace>
              <![CDATA[org.molgenis.app.manager.exception.InvalidAppConfigException: FAILED TO FORMAT LOCALIZED MESSAGE FOR ERROR CODE AM04.%nFallback message: null
	at org.molgenis.app.manager.service.impl.AppManagerServiceImpl.checkAndObtainConfig(AppManagerServiceImpl.java:169)
	at org.molgenis.app.manager.service.AppManagerServiceTest.testCheckAndObtainConfigInvalidJsonConfigFile(AppManagerServiceTest.java:303)
	at sun.reflect.NativeMethodAccessorImpl.invoke0(Native Method)
	at sun.reflect.NativeMethodAccessorImpl.invoke(NativeMethodAccessorImpl.java:62)
	at sun.reflect.DelegatingMethodAccessorImpl.invoke(DelegatingMethodAccessorImpl.java:43)
	at java.lang.reflect.Method.invoke(Method.java:498)
	at org.testng.internal.MethodInvocationHelper.invokeMethod(MethodInvocationHelper.java:80)
	at org.testng.internal.Invoker.invokeMethod(Invoker.java:714)
	at org.testng.internal.Invoker.invokeTestMethod(Invoker.java:901)
	at org.testng.internal.Invoker.invokeTestMethods(Invoker.java:1231)
	at org.testng.internal.TestMethodWorker.invokeTestMethods(TestMethodWorker.java:127)
	at org.testng.internal.TestMethodWorker.run(TestMethodWorker.java:111)
	at org.testng.TestRunner.privateRun(TestRunner.java:767)
	at org.testng.TestRunner.run(TestRunner.java:617)
	at org.testng.SuiteRunner.runTest(SuiteRunner.java:334)
	at org.testng.SuiteRunner.runSequentially(SuiteRunner.java:329)
	at org.testng.SuiteRunner.privateRun(SuiteRunner.java:291)
	at org.testng.SuiteRunner.run(SuiteRunner.java:240)
	at org.testng.SuiteRunnerWorker.runSuite(SuiteRunnerWorker.java:52)
	at org.testng.SuiteRunnerWorker.run(SuiteRunnerWorker.java:86)
	at org.testng.TestNG.runSuitesSequentially(TestNG.java:1198)
	at org.testng.TestNG.runSuitesLocally(TestNG.java:1123)
	at org.testng.TestNG.run(TestNG.java:1031)
	at org.apache.maven.surefire.testng.TestNGExecutor.run(TestNGExecutor.java:135)
	at org.apache.maven.surefire.testng.TestNGDirectoryTestSuite.executeMulti(TestNGDirectoryTestSuite.java:193)
	at org.apache.maven.surefire.testng.TestNGDirectoryTestSuite.execute(TestNGDirectoryTestSuite.java:94)
	at org.apache.maven.surefire.testng.TestNGProvider.invoke(TestNGProvider.java:146)
	at org.apache.maven.surefire.booter.ForkedBooter.invokeProviderInSameClassLoader(ForkedBooter.java:379)
	at org.apache.maven.surefire.booter.ForkedBooter.runSuitesInProcess(ForkedBooter.java:340)
	at org.apache.maven.surefire.booter.ForkedBooter.execute(ForkedBooter.java:125)
	at org.apache.maven.surefire.booter.ForkedBooter.main(ForkedBooter.java:413)
]]>
            </full-stacktrace>
          </exception> <!-- org.molgenis.app.manager.exception.InvalidAppConfigException -->
          <reporter-output>
          </reporter-output>
        </test-method> <!-- testCheckAndObtainConfigInvalidJsonConfigFile -->
        <test-method status="PASS" signature="beforeMethod()[pri:0, instance:org.molgenis.app.manager.service.AppManagerServiceTest@3181d4de]" name="beforeMethod" is-config="true" duration-ms="8" started-at="2018-06-06T16:21:53Z" finished-at="2018-06-06T16:21:53Z">
          <reporter-output>
          </reporter-output>
        </test-method> <!-- beforeMethod -->
        <test-method status="PASS" signature="testCheckAndObtainConfigMissingRequiredConfigParameters()[pri:0, instance:org.molgenis.app.manager.service.AppManagerServiceTest@3181d4de]" name="testCheckAndObtainConfigMissingRequiredConfigParameters" duration-ms="5" started-at="2018-06-06T16:21:53Z" finished-at="2018-06-06T16:21:53Z">
          <exception class="org.molgenis.app.manager.exception.AppConfigMissingParametersException">
            <message>
              <![CDATA[missingConfigParameters:[label, description, includeMenuAndFooter, uri, version]]]>
            </message>
            <full-stacktrace>
              <![CDATA[org.molgenis.app.manager.exception.AppConfigMissingParametersException: FAILED TO FORMAT LOCALIZED MESSAGE FOR ERROR CODE AM03.%nFallback message: missingConfigParameters:[label, description, includeMenuAndFooter, uri, version]
	at org.molgenis.app.manager.service.impl.AppManagerServiceImpl.checkAndObtainConfig(AppManagerServiceImpl.java:177)
	at org.molgenis.app.manager.service.AppManagerServiceTest.testCheckAndObtainConfigMissingRequiredConfigParameters(AppManagerServiceTest.java:310)
	at sun.reflect.NativeMethodAccessorImpl.invoke0(Native Method)
	at sun.reflect.NativeMethodAccessorImpl.invoke(NativeMethodAccessorImpl.java:62)
	at sun.reflect.DelegatingMethodAccessorImpl.invoke(DelegatingMethodAccessorImpl.java:43)
	at java.lang.reflect.Method.invoke(Method.java:498)
	at org.testng.internal.MethodInvocationHelper.invokeMethod(MethodInvocationHelper.java:80)
	at org.testng.internal.Invoker.invokeMethod(Invoker.java:714)
	at org.testng.internal.Invoker.invokeTestMethod(Invoker.java:901)
	at org.testng.internal.Invoker.invokeTestMethods(Invoker.java:1231)
	at org.testng.internal.TestMethodWorker.invokeTestMethods(TestMethodWorker.java:127)
	at org.testng.internal.TestMethodWorker.run(TestMethodWorker.java:111)
	at org.testng.TestRunner.privateRun(TestRunner.java:767)
	at org.testng.TestRunner.run(TestRunner.java:617)
	at org.testng.SuiteRunner.runTest(SuiteRunner.java:334)
	at org.testng.SuiteRunner.runSequentially(SuiteRunner.java:329)
	at org.testng.SuiteRunner.privateRun(SuiteRunner.java:291)
	at org.testng.SuiteRunner.run(SuiteRunner.java:240)
	at org.testng.SuiteRunnerWorker.runSuite(SuiteRunnerWorker.java:52)
	at org.testng.SuiteRunnerWorker.run(SuiteRunnerWorker.java:86)
	at org.testng.TestNG.runSuitesSequentially(TestNG.java:1198)
	at org.testng.TestNG.runSuitesLocally(TestNG.java:1123)
	at org.testng.TestNG.run(TestNG.java:1031)
	at org.apache.maven.surefire.testng.TestNGExecutor.run(TestNGExecutor.java:135)
	at org.apache.maven.surefire.testng.TestNGDirectoryTestSuite.executeMulti(TestNGDirectoryTestSuite.java:193)
	at org.apache.maven.surefire.testng.TestNGDirectoryTestSuite.execute(TestNGDirectoryTestSuite.java:94)
	at org.apache.maven.surefire.testng.TestNGProvider.invoke(TestNGProvider.java:146)
	at org.apache.maven.surefire.booter.ForkedBooter.invokeProviderInSameClassLoader(ForkedBooter.java:379)
	at org.apache.maven.surefire.booter.ForkedBooter.runSuitesInProcess(ForkedBooter.java:340)
	at org.apache.maven.surefire.booter.ForkedBooter.execute(ForkedBooter.java:125)
	at org.apache.maven.surefire.booter.ForkedBooter.main(ForkedBooter.java:413)
]]>
            </full-stacktrace>
          </exception> <!-- org.molgenis.app.manager.exception.AppConfigMissingParametersException -->
          <reporter-output>
          </reporter-output>
        </test-method> <!-- testCheckAndObtainConfigMissingRequiredConfigParameters -->
        <test-method status="PASS" signature="beforeMethod()[pri:0, instance:org.molgenis.app.manager.service.AppManagerServiceTest@3181d4de]" name="beforeMethod" is-config="true" duration-ms="8" started-at="2018-06-06T16:21:53Z" finished-at="2018-06-06T16:21:53Z">
          <reporter-output>
          </reporter-output>
        </test-method> <!-- beforeMethod -->
        <test-method status="PASS" signature="testConfigureApp()[pri:0, instance:org.molgenis.app.manager.service.AppManagerServiceTest@3181d4de]" name="testConfigureApp" duration-ms="104" started-at="2018-06-06T16:21:53Z" finished-at="2018-06-06T16:21:53Z">
          <reporter-output>
          </reporter-output>
        </test-method> <!-- testConfigureApp -->
        <test-method status="PASS" signature="beforeMethod()[pri:0, instance:org.molgenis.app.manager.service.AppManagerServiceTest@3181d4de]" name="beforeMethod" is-config="true" duration-ms="2" started-at="2018-06-06T16:21:53Z" finished-at="2018-06-06T16:21:53Z">
          <reporter-output>
          </reporter-output>
        </test-method> <!-- beforeMethod -->
        <test-method status="PASS" signature="testDeactivateApp()[pri:0, instance:org.molgenis.app.manager.service.AppManagerServiceTest@3181d4de]" name="testDeactivateApp" duration-ms="2" started-at="2018-06-06T16:21:53Z" finished-at="2018-06-06T16:21:53Z">
          <reporter-output>
          </reporter-output>
        </test-method> <!-- testDeactivateApp -->
        <test-method status="PASS" signature="beforeMethod()[pri:0, instance:org.molgenis.app.manager.service.AppManagerServiceTest@3181d4de]" name="beforeMethod" is-config="true" duration-ms="3" started-at="2018-06-06T16:21:53Z" finished-at="2018-06-06T16:21:53Z">
          <reporter-output>
          </reporter-output>
        </test-method> <!-- beforeMethod -->
        <test-method status="PASS" signature="testDeleteApp()[pri:0, instance:org.molgenis.app.manager.service.AppManagerServiceTest@3181d4de]" name="testDeleteApp" duration-ms="18" started-at="2018-06-06T16:21:53Z" finished-at="2018-06-06T16:21:53Z">
          <reporter-output>
          </reporter-output>
        </test-method> <!-- testDeleteApp -->
        <test-method status="PASS" signature="beforeMethod()[pri:0, instance:org.molgenis.app.manager.service.AppManagerServiceTest@3181d4de]" name="beforeMethod" is-config="true" duration-ms="2" started-at="2018-06-06T16:21:53Z" finished-at="2018-06-06T16:21:53Z">
          <reporter-output>
          </reporter-output>
        </test-method> <!-- beforeMethod -->
        <test-method status="PASS" signature="testExtractFileContent()[pri:0, instance:org.molgenis.app.manager.service.AppManagerServiceTest@3181d4de]" name="testExtractFileContent" duration-ms="7" started-at="2018-06-06T16:21:53Z" finished-at="2018-06-06T16:21:53Z">
          <reporter-output>
          </reporter-output>
        </test-method> <!-- testExtractFileContent -->
        <test-method status="PASS" signature="beforeMethod()[pri:0, instance:org.molgenis.app.manager.service.AppManagerServiceTest@3181d4de]" name="beforeMethod" is-config="true" duration-ms="3" started-at="2018-06-06T16:21:53Z" finished-at="2018-06-06T16:21:53Z">
          <reporter-output>
          </reporter-output>
        </test-method> <!-- beforeMethod -->
        <test-method status="PASS" signature="testGetAppByUri()[pri:0, instance:org.molgenis.app.manager.service.AppManagerServiceTest@3181d4de]" name="testGetAppByUri" duration-ms="6" started-at="2018-06-06T16:21:53Z" finished-at="2018-06-06T16:21:53Z">
          <reporter-output>
          </reporter-output>
        </test-method> <!-- testGetAppByUri -->
        <test-method status="PASS" signature="beforeMethod()[pri:0, instance:org.molgenis.app.manager.service.AppManagerServiceTest@3181d4de]" name="beforeMethod" is-config="true" duration-ms="5" started-at="2018-06-06T16:21:53Z" finished-at="2018-06-06T16:21:53Z">
          <reporter-output>
          </reporter-output>
        </test-method> <!-- beforeMethod -->
        <test-method status="PASS" signature="testGetApps()[pri:0, instance:org.molgenis.app.manager.service.AppManagerServiceTest@3181d4de]" name="testGetApps" duration-ms="21" started-at="2018-06-06T16:21:53Z" finished-at="2018-06-06T16:21:53Z">
          <reporter-output>
          </reporter-output>
        </test-method> <!-- testGetApps -->
        <test-method status="PASS" signature="beforeMethod()[pri:0, instance:org.molgenis.app.manager.service.AppManagerServiceTest@3181d4de]" name="beforeMethod" is-config="true" duration-ms="3" started-at="2018-06-06T16:21:53Z" finished-at="2018-06-06T16:21:53Z">
          <reporter-output>
          </reporter-output>
        </test-method> <!-- beforeMethod -->
        <test-method status="PASS" signature="testUploadApp()[pri:0, instance:org.molgenis.app.manager.service.AppManagerServiceTest@3181d4de]" name="testUploadApp" duration-ms="62" started-at="2018-06-06T16:21:53Z" finished-at="2018-06-06T16:21:53Z">
          <reporter-output>
          </reporter-output>
        </test-method> <!-- testUploadApp -->
        <test-method status="PASS" signature="beforeMethod()[pri:0, instance:org.molgenis.app.manager.service.AppManagerServiceTest@3181d4de]" name="beforeMethod" is-config="true" duration-ms="3" started-at="2018-06-06T16:21:53Z" finished-at="2018-06-06T16:21:53Z">
          <reporter-output>
          </reporter-output>
        </test-method> <!-- beforeMethod -->
        <test-method status="PASS" signature="testUploadAppEmptyRuntimeOptions()[pri:0, instance:org.molgenis.app.manager.service.AppManagerServiceTest@3181d4de]" name="testUploadAppEmptyRuntimeOptions" duration-ms="5" started-at="2018-06-06T16:21:53Z" finished-at="2018-06-06T16:21:53Z">
          <reporter-output>
          </reporter-output>
        </test-method> <!-- testUploadAppEmptyRuntimeOptions -->
        <test-method status="PASS" signature="beforeMethod()[pri:0, instance:org.molgenis.app.manager.service.AppManagerServiceTest@3181d4de]" name="beforeMethod" is-config="true" duration-ms="3" started-at="2018-06-06T16:21:53Z" finished-at="2018-06-06T16:21:53Z">
          <reporter-output>
          </reporter-output>
        </test-method> <!-- beforeMethod -->
        <test-method status="PASS" signature="testUploadAppInvalidZip()[pri:0, instance:org.molgenis.app.manager.service.AppManagerServiceTest@3181d4de]" name="testUploadAppInvalidZip" duration-ms="1" started-at="2018-06-06T16:21:53Z" finished-at="2018-06-06T16:21:53Z">
          <exception class="org.molgenis.app.manager.exception.InvalidAppArchiveException">
            <full-stacktrace>
              <![CDATA[org.molgenis.app.manager.exception.InvalidAppArchiveException: FAILED TO FORMAT LOCALIZED MESSAGE FOR ERROR CODE AM01.%nFallback message: null
	at org.molgenis.app.manager.service.impl.AppManagerServiceImpl.uploadApp(AppManagerServiceImpl.java:145)
	at org.molgenis.app.manager.service.AppManagerServiceTest.testUploadAppInvalidZip(AppManagerServiceTest.java:248)
	at sun.reflect.NativeMethodAccessorImpl.invoke0(Native Method)
	at sun.reflect.NativeMethodAccessorImpl.invoke(NativeMethodAccessorImpl.java:62)
	at sun.reflect.DelegatingMethodAccessorImpl.invoke(DelegatingMethodAccessorImpl.java:43)
	at java.lang.reflect.Method.invoke(Method.java:498)
	at org.testng.internal.MethodInvocationHelper.invokeMethod(MethodInvocationHelper.java:80)
	at org.testng.internal.Invoker.invokeMethod(Invoker.java:714)
	at org.testng.internal.Invoker.invokeTestMethod(Invoker.java:901)
	at org.testng.internal.Invoker.invokeTestMethods(Invoker.java:1231)
	at org.testng.internal.TestMethodWorker.invokeTestMethods(TestMethodWorker.java:127)
	at org.testng.internal.TestMethodWorker.run(TestMethodWorker.java:111)
	at org.testng.TestRunner.privateRun(TestRunner.java:767)
	at org.testng.TestRunner.run(TestRunner.java:617)
	at org.testng.SuiteRunner.runTest(SuiteRunner.java:334)
	at org.testng.SuiteRunner.runSequentially(SuiteRunner.java:329)
	at org.testng.SuiteRunner.privateRun(SuiteRunner.java:291)
	at org.testng.SuiteRunner.run(SuiteRunner.java:240)
	at org.testng.SuiteRunnerWorker.runSuite(SuiteRunnerWorker.java:52)
	at org.testng.SuiteRunnerWorker.run(SuiteRunnerWorker.java:86)
	at org.testng.TestNG.runSuitesSequentially(TestNG.java:1198)
	at org.testng.TestNG.runSuitesLocally(TestNG.java:1123)
	at org.testng.TestNG.run(TestNG.java:1031)
	at org.apache.maven.surefire.testng.TestNGExecutor.run(TestNGExecutor.java:135)
	at org.apache.maven.surefire.testng.TestNGDirectoryTestSuite.executeMulti(TestNGDirectoryTestSuite.java:193)
	at org.apache.maven.surefire.testng.TestNGDirectoryTestSuite.execute(TestNGDirectoryTestSuite.java:94)
	at org.apache.maven.surefire.testng.TestNGProvider.invoke(TestNGProvider.java:146)
	at org.apache.maven.surefire.booter.ForkedBooter.invokeProviderInSameClassLoader(ForkedBooter.java:379)
	at org.apache.maven.surefire.booter.ForkedBooter.runSuitesInProcess(ForkedBooter.java:340)
	at org.apache.maven.surefire.booter.ForkedBooter.execute(ForkedBooter.java:125)
	at org.apache.maven.surefire.booter.ForkedBooter.main(ForkedBooter.java:413)
]]>
            </full-stacktrace>
          </exception> <!-- org.molgenis.app.manager.exception.InvalidAppArchiveException -->
          <reporter-output>
          </reporter-output>
        </test-method> <!-- testUploadAppInvalidZip -->
        <test-method status="PASS" signature="beforeMethod()[pri:0, instance:org.molgenis.app.manager.service.AppManagerServiceTest@3181d4de]" name="beforeMethod" is-config="true" duration-ms="2" started-at="2018-06-06T16:21:53Z" finished-at="2018-06-06T16:21:53Z">
          <reporter-output>
          </reporter-output>
        </test-method> <!-- beforeMethod -->
        <test-method status="PASS" signature="testUploadAppMissingRequiredConfigFile()[pri:0, instance:org.molgenis.app.manager.service.AppManagerServiceTest@3181d4de]" name="testUploadAppMissingRequiredConfigFile" duration-ms="4" started-at="2018-06-06T16:21:53Z" finished-at="2018-06-06T16:21:53Z">
          <exception class="org.molgenis.app.manager.exception.AppArchiveMissingFilesException">
            <message>
              <![CDATA[missingFromArchive:[config.json]]]>
            </message>
            <full-stacktrace>
              <![CDATA[org.molgenis.app.manager.exception.AppArchiveMissingFilesException: FAILED TO FORMAT LOCALIZED MESSAGE FOR ERROR CODE AM02.%nFallback message: missingFromArchive:[config.json]
	at org.molgenis.app.manager.service.impl.AppManagerServiceImpl.uploadApp(AppManagerServiceImpl.java:157)
	at org.molgenis.app.manager.service.AppManagerServiceTest.testUploadAppMissingRequiredConfigFile(AppManagerServiceTest.java:277)
	at sun.reflect.NativeMethodAccessorImpl.invoke0(Native Method)
	at sun.reflect.NativeMethodAccessorImpl.invoke(NativeMethodAccessorImpl.java:62)
	at sun.reflect.DelegatingMethodAccessorImpl.invoke(DelegatingMethodAccessorImpl.java:43)
	at java.lang.reflect.Method.invoke(Method.java:498)
	at org.testng.internal.MethodInvocationHelper.invokeMethod(MethodInvocationHelper.java:80)
	at org.testng.internal.Invoker.invokeMethod(Invoker.java:714)
	at org.testng.internal.Invoker.invokeTestMethod(Invoker.java:901)
	at org.testng.internal.Invoker.invokeTestMethods(Invoker.java:1231)
	at org.testng.internal.TestMethodWorker.invokeTestMethods(TestMethodWorker.java:127)
	at org.testng.internal.TestMethodWorker.run(TestMethodWorker.java:111)
	at org.testng.TestRunner.privateRun(TestRunner.java:767)
	at org.testng.TestRunner.run(TestRunner.java:617)
	at org.testng.SuiteRunner.runTest(SuiteRunner.java:334)
	at org.testng.SuiteRunner.runSequentially(SuiteRunner.java:329)
	at org.testng.SuiteRunner.privateRun(SuiteRunner.java:291)
	at org.testng.SuiteRunner.run(SuiteRunner.java:240)
	at org.testng.SuiteRunnerWorker.runSuite(SuiteRunnerWorker.java:52)
	at org.testng.SuiteRunnerWorker.run(SuiteRunnerWorker.java:86)
	at org.testng.TestNG.runSuitesSequentially(TestNG.java:1198)
	at org.testng.TestNG.runSuitesLocally(TestNG.java:1123)
	at org.testng.TestNG.run(TestNG.java:1031)
	at org.apache.maven.surefire.testng.TestNGExecutor.run(TestNGExecutor.java:135)
	at org.apache.maven.surefire.testng.TestNGDirectoryTestSuite.executeMulti(TestNGDirectoryTestSuite.java:193)
	at org.apache.maven.surefire.testng.TestNGDirectoryTestSuite.execute(TestNGDirectoryTestSuite.java:94)
	at org.apache.maven.surefire.testng.TestNGProvider.invoke(TestNGProvider.java:146)
	at org.apache.maven.surefire.booter.ForkedBooter.invokeProviderInSameClassLoader(ForkedBooter.java:379)
	at org.apache.maven.surefire.booter.ForkedBooter.runSuitesInProcess(ForkedBooter.java:340)
	at org.apache.maven.surefire.booter.ForkedBooter.execute(ForkedBooter.java:125)
	at org.apache.maven.surefire.booter.ForkedBooter.main(ForkedBooter.java:413)
]]>
            </full-stacktrace>
          </exception> <!-- org.molgenis.app.manager.exception.AppArchiveMissingFilesException -->
          <reporter-output>
          </reporter-output>
        </test-method> <!-- testUploadAppMissingRequiredConfigFile -->
        <test-method status="PASS" signature="beforeMethod()[pri:0, instance:org.molgenis.app.manager.service.AppManagerServiceTest@3181d4de]" name="beforeMethod" is-config="true" duration-ms="2" started-at="2018-06-06T16:21:53Z" finished-at="2018-06-06T16:21:53Z">
          <reporter-output>
          </reporter-output>
        </test-method> <!-- beforeMethod -->
        <test-method status="PASS" signature="testUploadAppMissingRequiredIndexFile()[pri:0, instance:org.molgenis.app.manager.service.AppManagerServiceTest@3181d4de]" name="testUploadAppMissingRequiredIndexFile" duration-ms="4" started-at="2018-06-06T16:21:53Z" finished-at="2018-06-06T16:21:53Z">
          <exception class="org.molgenis.app.manager.exception.AppArchiveMissingFilesException">
            <message>
              <![CDATA[missingFromArchive:[index.html]]]>
            </message>
            <full-stacktrace>
              <![CDATA[org.molgenis.app.manager.exception.AppArchiveMissingFilesException: FAILED TO FORMAT LOCALIZED MESSAGE FOR ERROR CODE AM02.%nFallback message: missingFromArchive:[index.html]
	at org.molgenis.app.manager.service.impl.AppManagerServiceImpl.uploadApp(AppManagerServiceImpl.java:157)
	at org.molgenis.app.manager.service.AppManagerServiceTest.testUploadAppMissingRequiredIndexFile(AppManagerServiceTest.java:263)
	at sun.reflect.NativeMethodAccessorImpl.invoke0(Native Method)
	at sun.reflect.NativeMethodAccessorImpl.invoke(NativeMethodAccessorImpl.java:62)
	at sun.reflect.DelegatingMethodAccessorImpl.invoke(DelegatingMethodAccessorImpl.java:43)
	at java.lang.reflect.Method.invoke(Method.java:498)
	at org.testng.internal.MethodInvocationHelper.invokeMethod(MethodInvocationHelper.java:80)
	at org.testng.internal.Invoker.invokeMethod(Invoker.java:714)
	at org.testng.internal.Invoker.invokeTestMethod(Invoker.java:901)
	at org.testng.internal.Invoker.invokeTestMethods(Invoker.java:1231)
	at org.testng.internal.TestMethodWorker.invokeTestMethods(TestMethodWorker.java:127)
	at org.testng.internal.TestMethodWorker.run(TestMethodWorker.java:111)
	at org.testng.TestRunner.privateRun(TestRunner.java:767)
	at org.testng.TestRunner.run(TestRunner.java:617)
	at org.testng.SuiteRunner.runTest(SuiteRunner.java:334)
	at org.testng.SuiteRunner.runSequentially(SuiteRunner.java:329)
	at org.testng.SuiteRunner.privateRun(SuiteRunner.java:291)
	at org.testng.SuiteRunner.run(SuiteRunner.java:240)
	at org.testng.SuiteRunnerWorker.runSuite(SuiteRunnerWorker.java:52)
	at org.testng.SuiteRunnerWorker.run(SuiteRunnerWorker.java:86)
	at org.testng.TestNG.runSuitesSequentially(TestNG.java:1198)
	at org.testng.TestNG.runSuitesLocally(TestNG.java:1123)
	at org.testng.TestNG.run(TestNG.java:1031)
	at org.apache.maven.surefire.testng.TestNGExecutor.run(TestNGExecutor.java:135)
	at org.apache.maven.surefire.testng.TestNGDirectoryTestSuite.executeMulti(TestNGDirectoryTestSuite.java:193)
	at org.apache.maven.surefire.testng.TestNGDirectoryTestSuite.execute(TestNGDirectoryTestSuite.java:94)
	at org.apache.maven.surefire.testng.TestNGProvider.invoke(TestNGProvider.java:146)
	at org.apache.maven.surefire.booter.ForkedBooter.invokeProviderInSameClassLoader(ForkedBooter.java:379)
	at org.apache.maven.surefire.booter.ForkedBooter.runSuitesInProcess(ForkedBooter.java:340)
	at org.apache.maven.surefire.booter.ForkedBooter.execute(ForkedBooter.java:125)
	at org.apache.maven.surefire.booter.ForkedBooter.main(ForkedBooter.java:413)
]]>
            </full-stacktrace>
          </exception> <!-- org.molgenis.app.manager.exception.AppArchiveMissingFilesException -->
          <reporter-output>
          </reporter-output>
        </test-method> <!-- testUploadAppMissingRequiredIndexFile -->
        <test-method status="PASS" signature="afterClass()[pri:0, instance:org.molgenis.app.manager.service.AppManagerServiceTest@3181d4de]" name="afterClass" is-config="true" duration-ms="1" started-at="2018-06-06T16:21:53Z" finished-at="2018-06-06T16:21:53Z">
          <reporter-output>
          </reporter-output>
        </test-method> <!-- afterClass -->
        <test-method status="PASS" signature="cleanup()[pri:0, instance:org.molgenis.app.manager.service.AppManagerServiceTest@3181d4de]" name="cleanup" is-config="true" duration-ms="9" started-at="2018-06-06T16:21:53Z" finished-at="2018-06-06T16:21:53Z">
          <reporter-output>
          </reporter-output>
        </test-method> <!-- cleanup -->
      </class> <!-- org.molgenis.app.manager.service.AppManagerServiceTest -->
      <class name="org.molgenis.app.manager.controller.AppControllerTest">
        <test-method status="PASS" signature="springTestContextBeforeTestClass()[pri:0, instance:org.molgenis.app.manager.controller.AppControllerTest@56d6a1b1]" name="springTestContextBeforeTestClass" is-config="true" duration-ms="3" started-at="2018-06-06T16:21:56Z" finished-at="2018-06-06T16:21:56Z">
          <reporter-output>
          </reporter-output>
        </test-method> <!-- springTestContextBeforeTestClass -->
        <test-method status="PASS" signature="springTestContextPrepareTestInstance()[pri:0, instance:org.molgenis.app.manager.controller.AppControllerTest@56d6a1b1]" name="springTestContextPrepareTestInstance" is-config="true" duration-ms="2151" started-at="2018-06-06T16:21:56Z" depends-on-methods="org.springframework.test.context.testng.AbstractTestNGSpringContextTests.springTestContextBeforeTestClass" finished-at="2018-06-06T16:21:58Z">
          <reporter-output>
          </reporter-output>
        </test-method> <!-- springTestContextPrepareTestInstance -->
        <test-method status="PASS" signature="beforeClass()[pri:0, instance:org.molgenis.app.manager.controller.AppControllerTest@56d6a1b1]" name="beforeClass" is-config="true" duration-ms="1" started-at="2018-06-06T16:21:58Z" finished-at="2018-06-06T16:21:58Z">
          <reporter-output>
          </reporter-output>
        </test-method> <!-- beforeClass -->
        <test-method status="PASS" signature="springTestContextBeforeTestMethod(java.lang.reflect.Method)[pri:0, instance:org.molgenis.app.manager.controller.AppControllerTest@56d6a1b1]" name="springTestContextBeforeTestMethod" is-config="true" duration-ms="3" started-at="2018-06-06T16:21:58Z" finished-at="2018-06-06T16:21:58Z">
          <params>
            <param index="0">
              <value>
                <![CDATA[public void org.molgenis.app.manager.controller.AppControllerTest.testServeApp() throws java.lang.Exception]]>
              </value>
            </param>
          </params>
          <reporter-output>
          </reporter-output>
        </test-method> <!-- springTestContextBeforeTestMethod -->
        <test-method status="PASS" signature="beforeMethod()[pri:0, instance:org.molgenis.app.manager.controller.AppControllerTest@56d6a1b1]" name="beforeMethod" is-config="true" duration-ms="130" started-at="2018-06-06T16:21:58Z" finished-at="2018-06-06T16:21:58Z">
          <reporter-output>
          </reporter-output>
        </test-method> <!-- beforeMethod -->
        <test-method status="PASS" signature="testServeApp()[pri:0, instance:org.molgenis.app.manager.controller.AppControllerTest@56d6a1b1]" name="testServeApp" duration-ms="30" started-at="2018-06-06T16:21:58Z" finished-at="2018-06-06T16:21:58Z">
          <reporter-output>
          </reporter-output>
        </test-method> <!-- testServeApp -->
        <test-method status="PASS" signature="afterMethod()[pri:0, instance:org.molgenis.app.manager.controller.AppControllerTest@56d6a1b1]" name="afterMethod" is-config="true" duration-ms="1" started-at="2018-06-06T16:21:58Z" finished-at="2018-06-06T16:21:58Z">
          <reporter-output>
          </reporter-output>
        </test-method> <!-- afterMethod -->
        <test-method status="PASS" signature="springTestContextBeforeTestMethod(java.lang.reflect.Method)[pri:0, instance:org.molgenis.app.manager.controller.AppControllerTest@56d6a1b1]" name="springTestContextBeforeTestMethod" is-config="true" duration-ms="1" started-at="2018-06-06T16:21:58Z" finished-at="2018-06-06T16:21:58Z">
          <params>
            <param index="0">
              <value>
                <![CDATA[public void org.molgenis.app.manager.controller.AppControllerTest.testServeAppInactiveApp() throws java.lang.Exception]]>
              </value>
            </param>
          </params>
          <reporter-output>
          </reporter-output>
        </test-method> <!-- springTestContextBeforeTestMethod -->
        <test-method status="PASS" signature="springTestContextAfterTestMethod(java.lang.reflect.Method)[pri:0, instance:org.molgenis.app.manager.controller.AppControllerTest@56d6a1b1]" name="springTestContextAfterTestMethod" is-config="true" duration-ms="0" started-at="2018-06-06T16:21:58Z" finished-at="2018-06-06T16:21:58Z">
          <params>
            <param index="0">
              <value>
                <![CDATA[public void org.molgenis.app.manager.controller.AppControllerTest.testServeApp() throws java.lang.Exception]]>
              </value>
            </param>
          </params>
          <reporter-output>
          </reporter-output>
        </test-method> <!-- springTestContextAfterTestMethod -->
        <test-method status="PASS" signature="beforeMethod()[pri:0, instance:org.molgenis.app.manager.controller.AppControllerTest@56d6a1b1]" name="beforeMethod" is-config="true" duration-ms="48" started-at="2018-06-06T16:21:58Z" finished-at="2018-06-06T16:21:58Z">
          <reporter-output>
          </reporter-output>
        </test-method> <!-- beforeMethod -->
        <test-method status="PASS" signature="testServeAppInactiveApp()[pri:0, instance:org.molgenis.app.manager.controller.AppControllerTest@56d6a1b1]" name="testServeAppInactiveApp" duration-ms="141" started-at="2018-06-06T16:21:58Z" finished-at="2018-06-06T16:21:58Z">
          <reporter-output>
          </reporter-output>
        </test-method> <!-- testServeAppInactiveApp -->
        <test-method status="PASS" signature="springTestContextAfterTestMethod(java.lang.reflect.Method)[pri:0, instance:org.molgenis.app.manager.controller.AppControllerTest@56d6a1b1]" name="springTestContextAfterTestMethod" is-config="true" duration-ms="0" started-at="2018-06-06T16:21:58Z" finished-at="2018-06-06T16:21:58Z">
          <params>
            <param index="0">
              <value>
                <![CDATA[public void org.molgenis.app.manager.controller.AppControllerTest.testServeAppInactiveApp() throws java.lang.Exception]]>
              </value>
            </param>
          </params>
          <reporter-output>
          </reporter-output>
        </test-method> <!-- springTestContextAfterTestMethod -->
        <test-method status="PASS" signature="afterMethod()[pri:0, instance:org.molgenis.app.manager.controller.AppControllerTest@56d6a1b1]" name="afterMethod" is-config="true" duration-ms="0" started-at="2018-06-06T16:21:58Z" finished-at="2018-06-06T16:21:58Z">
          <reporter-output>
          </reporter-output>
        </test-method> <!-- afterMethod -->
        <test-method status="PASS" signature="springTestContextBeforeTestMethod(java.lang.reflect.Method)[pri:0, instance:org.molgenis.app.manager.controller.AppControllerTest@56d6a1b1]" name="springTestContextBeforeTestMethod" is-config="true" duration-ms="0" started-at="2018-06-06T16:21:58Z" finished-at="2018-06-06T16:21:58Z">
          <params>
            <param index="0">
              <value>
                <![CDATA[public void org.molgenis.app.manager.controller.AppControllerTest.testServeAppNoPermissions() throws java.lang.Exception]]>
              </value>
            </param>
          </params>
          <reporter-output>
          </reporter-output>
        </test-method> <!-- springTestContextBeforeTestMethod -->
        <test-method status="PASS" signature="beforeMethod()[pri:0, instance:org.molgenis.app.manager.controller.AppControllerTest@56d6a1b1]" name="beforeMethod" is-config="true" duration-ms="50" started-at="2018-06-06T16:21:58Z" finished-at="2018-06-06T16:21:59Z">
          <reporter-output>
          </reporter-output>
        </test-method> <!-- beforeMethod -->
        <test-method status="PASS" signature="testServeAppNoPermissions()[pri:0, instance:org.molgenis.app.manager.controller.AppControllerTest@56d6a1b1]" name="testServeAppNoPermissions" duration-ms="25" started-at="2018-06-06T16:21:59Z" finished-at="2018-06-06T16:21:59Z">
          <reporter-output>
          </reporter-output>
        </test-method> <!-- testServeAppNoPermissions -->
        <test-method status="PASS" signature="springTestContextBeforeTestMethod(java.lang.reflect.Method)[pri:0, instance:org.molgenis.app.manager.controller.AppControllerTest@56d6a1b1]" name="springTestContextBeforeTestMethod" is-config="true" duration-ms="1" started-at="2018-06-06T16:21:59Z" finished-at="2018-06-06T16:21:59Z">
          <params>
            <param index="0">
              <value>
                <![CDATA[public void org.molgenis.app.manager.controller.AppControllerTest.testServeAppRedirectToApp() throws java.lang.Exception]]>
              </value>
            </param>
          </params>
          <reporter-output>
          </reporter-output>
        </test-method> <!-- springTestContextBeforeTestMethod -->
        <test-method status="PASS" signature="afterMethod()[pri:0, instance:org.molgenis.app.manager.controller.AppControllerTest@56d6a1b1]" name="afterMethod" is-config="true" duration-ms="0" started-at="2018-06-06T16:21:59Z" finished-at="2018-06-06T16:21:59Z">
          <reporter-output>
          </reporter-output>
        </test-method> <!-- afterMethod -->
        <test-method status="PASS" signature="springTestContextAfterTestMethod(java.lang.reflect.Method)[pri:0, instance:org.molgenis.app.manager.controller.AppControllerTest@56d6a1b1]" name="springTestContextAfterTestMethod" is-config="true" duration-ms="0" started-at="2018-06-06T16:21:59Z" finished-at="2018-06-06T16:21:59Z">
          <params>
            <param index="0">
              <value>
                <![CDATA[public void org.molgenis.app.manager.controller.AppControllerTest.testServeAppNoPermissions() throws java.lang.Exception]]>
              </value>
            </param>
          </params>
          <reporter-output>
          </reporter-output>
        </test-method> <!-- springTestContextAfterTestMethod -->
        <test-method status="PASS" signature="beforeMethod()[pri:0, instance:org.molgenis.app.manager.controller.AppControllerTest@56d6a1b1]" name="beforeMethod" is-config="true" duration-ms="54" started-at="2018-06-06T16:21:59Z" finished-at="2018-06-06T16:21:59Z">
          <reporter-output>
          </reporter-output>
        </test-method> <!-- beforeMethod -->
        <test-method status="PASS" signature="testServeAppRedirectToApp()[pri:0, instance:org.molgenis.app.manager.controller.AppControllerTest@56d6a1b1]" name="testServeAppRedirectToApp" duration-ms="7" started-at="2018-06-06T16:21:59Z" finished-at="2018-06-06T16:21:59Z">
          <reporter-output>
          </reporter-output>
        </test-method> <!-- testServeAppRedirectToApp -->
        <test-method status="PASS" signature="afterMethod()[pri:0, instance:org.molgenis.app.manager.controller.AppControllerTest@56d6a1b1]" name="afterMethod" is-config="true" duration-ms="1" started-at="2018-06-06T16:21:59Z" finished-at="2018-06-06T16:21:59Z">
          <reporter-output>
          </reporter-output>
        </test-method> <!-- afterMethod -->
        <test-method status="PASS" signature="springTestContextAfterTestMethod(java.lang.reflect.Method)[pri:0, instance:org.molgenis.app.manager.controller.AppControllerTest@56d6a1b1]" name="springTestContextAfterTestMethod" is-config="true" duration-ms="0" started-at="2018-06-06T16:21:59Z" finished-at="2018-06-06T16:21:59Z">
          <params>
            <param index="0">
              <value>
                <![CDATA[public void org.molgenis.app.manager.controller.AppControllerTest.testServeAppRedirectToApp() throws java.lang.Exception]]>
              </value>
            </param>
          </params>
          <reporter-output>
          </reporter-output>
        </test-method> <!-- springTestContextAfterTestMethod -->
        <test-method status="PASS" signature="springTestContextBeforeTestMethod(java.lang.reflect.Method)[pri:0, instance:org.molgenis.app.manager.controller.AppControllerTest@56d6a1b1]" name="springTestContextBeforeTestMethod" is-config="true" duration-ms="1" started-at="2018-06-06T16:21:59Z" finished-at="2018-06-06T16:21:59Z">
          <params>
            <param index="0">
              <value>
                <![CDATA[public void org.molgenis.app.manager.controller.AppControllerTest.testServeResource() throws java.lang.Exception]]>
              </value>
            </param>
          </params>
          <reporter-output>
          </reporter-output>
        </test-method> <!-- springTestContextBeforeTestMethod -->
        <test-method status="PASS" signature="beforeMethod()[pri:0, instance:org.molgenis.app.manager.controller.AppControllerTest@56d6a1b1]" name="beforeMethod" is-config="true" duration-ms="50" started-at="2018-06-06T16:21:59Z" finished-at="2018-06-06T16:21:59Z">
          <reporter-output>
          </reporter-output>
        </test-method> <!-- beforeMethod -->
        <test-method status="PASS" signature="testServeResource()[pri:0, instance:org.molgenis.app.manager.controller.AppControllerTest@56d6a1b1]" name="testServeResource" duration-ms="12" started-at="2018-06-06T16:21:59Z" finished-at="2018-06-06T16:21:59Z">
          <reporter-output>
          </reporter-output>
        </test-method> <!-- testServeResource -->
        <test-method status="PASS" signature="afterMethod()[pri:0, instance:org.molgenis.app.manager.controller.AppControllerTest@56d6a1b1]" name="afterMethod" is-config="true" duration-ms="1" started-at="2018-06-06T16:21:59Z" finished-at="2018-06-06T16:21:59Z">
          <reporter-output>
          </reporter-output>
        </test-method> <!-- afterMethod -->
        <test-method status="PASS" signature="springTestContextAfterTestMethod(java.lang.reflect.Method)[pri:0, instance:org.molgenis.app.manager.controller.AppControllerTest@56d6a1b1]" name="springTestContextAfterTestMethod" is-config="true" duration-ms="0" started-at="2018-06-06T16:21:59Z" finished-at="2018-06-06T16:21:59Z">
          <params>
            <param index="0">
              <value>
                <![CDATA[public void org.molgenis.app.manager.controller.AppControllerTest.testServeResource() throws java.lang.Exception]]>
              </value>
            </param>
          </params>
          <reporter-output>
          </reporter-output>
        </test-method> <!-- springTestContextAfterTestMethod -->
        <test-method status="PASS" signature="afterClass()[pri:0, instance:org.molgenis.app.manager.controller.AppControllerTest@56d6a1b1]" name="afterClass" is-config="true" duration-ms="0" started-at="2018-06-06T16:21:59Z" finished-at="2018-06-06T16:21:59Z">
          <reporter-output>
          </reporter-output>
        </test-method> <!-- afterClass -->
        <test-method status="PASS" signature="springTestContextAfterTestClass()[pri:0, instance:org.molgenis.app.manager.controller.AppControllerTest@56d6a1b1]" name="springTestContextAfterTestClass" is-config="true" duration-ms="1" started-at="2018-06-06T16:21:59Z" finished-at="2018-06-06T16:21:59Z">
          <reporter-output>
          </reporter-output>
        </test-method> <!-- springTestContextAfterTestClass -->
      </class> <!-- org.molgenis.app.manager.controller.AppControllerTest -->
      <class name="org.molgenis.app.manager.controller.AppManagerControllerTest">
        <test-method status="PASS" signature="beforeMethod()[pri:0, instance:org.molgenis.app.manager.controller.AppManagerControllerTest@3d512652]" name="beforeMethod" is-config="true" duration-ms="2004" started-at="2018-06-06T16:21:53Z" finished-at="2018-06-06T16:21:55Z">
          <reporter-output>
          </reporter-output>
        </test-method> <!-- beforeMethod -->
        <test-method status="PASS" signature="testActivateApp()[pri:0, instance:org.molgenis.app.manager.controller.AppManagerControllerTest@3d512652]" name="testActivateApp" duration-ms="264" started-at="2018-06-06T16:21:55Z" finished-at="2018-06-06T16:21:56Z">
          <reporter-output>
          </reporter-output>
        </test-method> <!-- testActivateApp -->
        <test-method status="PASS" signature="beforeMethod()[pri:0, instance:org.molgenis.app.manager.controller.AppManagerControllerTest@3d512652]" name="beforeMethod" is-config="true" duration-ms="88" started-at="2018-06-06T16:21:56Z" finished-at="2018-06-06T16:21:56Z">
          <reporter-output>
          </reporter-output>
        </test-method> <!-- beforeMethod -->
        <test-method status="PASS" signature="testDeactivateApp()[pri:0, instance:org.molgenis.app.manager.controller.AppManagerControllerTest@3d512652]" name="testDeactivateApp" duration-ms="7" started-at="2018-06-06T16:21:56Z" finished-at="2018-06-06T16:21:56Z">
          <reporter-output>
          </reporter-output>
        </test-method> <!-- testDeactivateApp -->
        <test-method status="PASS" signature="beforeMethod()[pri:0, instance:org.molgenis.app.manager.controller.AppManagerControllerTest@3d512652]" name="beforeMethod" is-config="true" duration-ms="87" started-at="2018-06-06T16:21:56Z" finished-at="2018-06-06T16:21:56Z">
          <reporter-output>
          </reporter-output>
        </test-method> <!-- beforeMethod -->
        <test-method status="PASS" signature="testDeleteApp()[pri:0, instance:org.molgenis.app.manager.controller.AppManagerControllerTest@3d512652]" name="testDeleteApp" duration-ms="4" started-at="2018-06-06T16:21:56Z" finished-at="2018-06-06T16:21:56Z">
          <reporter-output>
          </reporter-output>
        </test-method> <!-- testDeleteApp -->
        <test-method status="PASS" signature="beforeMethod()[pri:0, instance:org.molgenis.app.manager.controller.AppManagerControllerTest@3d512652]" name="beforeMethod" is-config="true" duration-ms="69" started-at="2018-06-06T16:21:56Z" finished-at="2018-06-06T16:21:56Z">
          <reporter-output>
          </reporter-output>
        </test-method> <!-- beforeMethod -->
        <test-method status="PASS" signature="testGetApps()[pri:0, instance:org.molgenis.app.manager.controller.AppManagerControllerTest@3d512652]" name="testGetApps" duration-ms="52" started-at="2018-06-06T16:21:56Z" finished-at="2018-06-06T16:21:56Z">
          <reporter-output>
          </reporter-output>
        </test-method> <!-- testGetApps -->
        <test-method status="PASS" signature="beforeMethod()[pri:0, instance:org.molgenis.app.manager.controller.AppManagerControllerTest@3d512652]" name="beforeMethod" is-config="true" duration-ms="45" started-at="2018-06-06T16:21:56Z" finished-at="2018-06-06T16:21:56Z">
          <reporter-output>
          </reporter-output>
        </test-method> <!-- beforeMethod -->
        <test-method status="PASS" signature="testInit()[pri:0, instance:org.molgenis.app.manager.controller.AppManagerControllerTest@3d512652]" name="testInit" duration-ms="10" started-at="2018-06-06T16:21:56Z" finished-at="2018-06-06T16:21:56Z">
          <reporter-output>
          </reporter-output>
        </test-method> <!-- testInit -->
        <test-method status="PASS" signature="beforeMethod()[pri:0, instance:org.molgenis.app.manager.controller.AppManagerControllerTest@3d512652]" name="beforeMethod" is-config="true" duration-ms="56" started-at="2018-06-06T16:21:56Z" finished-at="2018-06-06T16:21:56Z">
          <reporter-output>
          </reporter-output>
        </test-method> <!-- beforeMethod -->
        <test-method status="PASS" signature="testUploadApp()[pri:0, instance:org.molgenis.app.manager.controller.AppManagerControllerTest@3d512652]" name="testUploadApp" duration-ms="19" started-at="2018-06-06T16:21:56Z" finished-at="2018-06-06T16:21:56Z">
          <reporter-output>
          </reporter-output>
        </test-method> <!-- testUploadApp -->
      </class> <!-- org.molgenis.app.manager.controller.AppManagerControllerTest -->
    </test> <!-- Surefire test -->
  </suite> <!-- Surefire suite -->
</testng-results>
