<?xml version="1.0" encoding="UTF-8"?>
<testsuite xmlns:xsi="http://www.w3.org/2001/XMLSchema-instance" xsi:noNamespaceSchemaLocation="https://maven.apache.org/surefire/maven-surefire-plugin/xsd/surefire-test-report.xsd" name="io.opentracing.contrib.spring.rabbitmq.RabbitMqSendAndReceiveTracingItTest" time="0.933" tests="1" errors="1" skipped="0" failures="0">
  <properties>
    <property name="java.runtime.name" value="OpenJDK Runtime Environment"/>
    <property name="sun.boot.library.path" value="/usr/lib/jvm/java-8-openjdk-amd64/jre/lib/amd64"/>
    <property name="java.vm.version" value="25.121-b13"/>
    <property name="java.vm.vendor" value="Oracle Corporation"/>
    <property name="maven.multiModuleProjectDirectory" value="/root/workspace/opentracing-contrib/java-spring-rabbitmq/386237853"/>
    <property name="java.vendor.url" value="http://java.oracle.com/"/>
    <property name="path.separator" value=":"/>
    <property name="guice.disable.misplaced.annotation.check" value="true"/>
    <property name="skip.gulp" value="true"/>
    <property name="java.vm.name" value="OpenJDK 64-Bit Server VM"/>
    <property name="file.encoding.pkg" value="sun.io"/>
    <property name="sun.java.launcher" value="SUN_STANDARD"/>
    <property name="sun.os.patch.level" value="unknown"/>
    <property name="findbugs.skip" value="true"/>
    <property name="java.vm.specification.name" value="Java Virtual Machine Specification"/>
    <property name="user.dir" value="/root/workspace/opentracing-contrib/java-spring-rabbitmq/386237853"/>
    <property name="checkstyle.skip" value="true"/>
    <property name="java.runtime.version" value="1.8.0_121-8u121-b13-1~bpo8+1-b13"/>
    <property name="java.awt.graphicsenv" value="sun.awt.X11GraphicsEnvironment"/>
    <property name="skip.npm" value="true"/>
    <property name="java.endorsed.dirs" value="/usr/lib/jvm/java-8-openjdk-amd64/jre/lib/endorsed"/>
    <property name="os.arch" value="amd64"/>
    <property name="java.io.tmpdir" value="/tmp"/>
    <property name="gpg.skip" value="true"/>
    <property name="line.separator" value="&#10;"/>
    <property name="java.vm.specification.vendor" value="Oracle Corporation"/>
    <property name="cobertura.skip" value="true"/>
    <property name="os.name" value="Linux"/>
    <property name="classworlds.conf" value="/usr/share/maven/bin/m2.conf"/>
    <property name="sun.jnu.encoding" value="UTF-8"/>
    <property name="java.library.path" value="/usr/java/packages/lib/amd64:/usr/lib/x86_64-linux-gnu/jni:/lib/x86_64-linux-gnu:/usr/lib/x86_64-linux-gnu:/usr/lib/jni:/lib:/usr/lib"/>
    <property name="license.skip" value="true"/>
    <property name="java.specification.name" value="Java Platform API Specification"/>
    <property name="java.class.version" value="52.0"/>
    <property name="sun.management.compiler" value="HotSpot 64-Bit Tiered Compilers"/>
    <property name="skip.bower" value="true"/>
    <property name="maven.repo.local" value="/root/./workspace/opentracing-contrib/java-spring-rabbitmq/386237853/.m2"/>
    <property name="os.version" value="3.10.0-862.3.2.el7.x86_64"/>
    <property name="user.home" value="/root"/>
    <property name="user.timezone" value="Europe/Paris"/>
    <property name="java.awt.printerjob" value="sun.print.PSPrinterJob"/>
    <property name="java.specification.version" value="1.8"/>
    <property name="file.encoding" value="UTF-8"/>
    <property name="user.name" value="root"/>
    <property name="java.class.path" value="/usr/share/maven/boot/plexus-classworlds-2.5.2.jar"/>
    <property name="skipITs" value="true"/>
    <property name="java.vm.specification.version" value="1.8"/>
    <property name="sun.arch.data.model" value="64"/>
    <property name="java.home" value="/usr/lib/jvm/java-8-openjdk-amd64/jre"/>
    <property name="sun.java.command" value="org.codehaus.plexus.classworlds.launcher.Launcher -B -D enforcer.skip=true -D dependency-check.skip=true -D skipITs=true -D cobertura.skip=true -D maven.repo.local=/root/./workspace/opentracing-contrib/java-spring-rabbitmq/386237853/.m2 -D rat.skip=true -D findbugs.skip=true -D skip.bower=true -D gpg.skip=true -D checkstyle.skip=true -D skip.gulp=true -D license.skip=true -D skip.npm=true test"/>
    <property name="java.specification.vendor" value="Oracle Corporation"/>
    <property name="user.language" value="en"/>
    <property name="awt.toolkit" value="sun.awt.X11.XToolkit"/>
    <property name="dependency-check.skip" value="true"/>
    <property name="java.vm.info" value="mixed mode"/>
    <property name="java.version" value="1.8.0_121"/>
    <property name="java.ext.dirs" value="/usr/lib/jvm/java-8-openjdk-amd64/jre/lib/ext:/usr/java/packages/lib/ext"/>
    <property name="securerandom.source" value="file:/dev/./urandom"/>
    <property name="sun.boot.class.path" value="/usr/lib/jvm/java-8-openjdk-amd64/jre/lib/resources.jar:/usr/lib/jvm/java-8-openjdk-amd64/jre/lib/rt.jar:/usr/lib/jvm/java-8-openjdk-amd64/jre/lib/sunrsasign.jar:/usr/lib/jvm/java-8-openjdk-amd64/jre/lib/jsse.jar:/usr/lib/jvm/java-8-openjdk-amd64/jre/lib/jce.jar:/usr/lib/jvm/java-8-openjdk-amd64/jre/lib/charsets.jar:/usr/lib/jvm/java-8-openjdk-amd64/jre/lib/jfr.jar:/usr/lib/jvm/java-8-openjdk-amd64/jre/classes"/>
    <property name="java.vendor" value="Oracle Corporation"/>
    <property name="enforcer.skip" value="true"/>
    <property name="rat.skip" value="true"/>
    <property name="maven.home" value="/usr/share/maven"/>
    <property name="file.separator" value="/"/>
    <property name="java.vendor.url.bug" value="http://bugreport.sun.com/bugreport/"/>
    <property name="sun.cpu.endian" value="little"/>
    <property name="sun.io.unicode.encoding" value="UnicodeLittle"/>
    <property name="sun.cpu.isalist" value=""/>
  </properties>
  <testcase name="io.opentracing.contrib.spring.rabbitmq.RabbitMqSendAndReceiveTracingItTest" classname="io.opentracing.contrib.spring.rabbitmq.RabbitMqSendAndReceiveTracingItTest" time="0.933">
    <error message="Could not determine Erlang version. Ensure Erlang is correctly installed." type="io.arivera.oss.embedded.rabbitmq.helpers.ErlangVersionException">io.arivera.oss.embedded.rabbitmq.helpers.ErlangVersionException: Could not determine Erlang version. Ensure Erlang is correctly installed.
	at io.opentracing.contrib.spring.rabbitmq.RabbitMqSendAndReceiveTracingItTest.beforeClass(RabbitMqSendAndReceiveTracingItTest.java:83)
Caused by: io.arivera.oss.embedded.rabbitmq.bin.ErlangShellException: Exception executing Erlang shell command
	at io.opentracing.contrib.spring.rabbitmq.RabbitMqSendAndReceiveTracingItTest.beforeClass(RabbitMqSendAndReceiveTracingItTest.java:83)
Caused by: org.zeroturnaround.exec.ProcessInitException: Could not execute [erl, -noshell, -eval, erlang:display(erlang:system_info(otp_release)), halt().]. Error=2, No such file or directory
	at io.opentracing.contrib.spring.rabbitmq.RabbitMqSendAndReceiveTracingItTest.beforeClass(RabbitMqSendAndReceiveTracingItTest.java:83)
Caused by: java.io.IOException: Cannot run program "erl": error=2, No such file or directory
	at io.opentracing.contrib.spring.rabbitmq.RabbitMqSendAndReceiveTracingItTest.beforeClass(RabbitMqSendAndReceiveTracingItTest.java:83)
Caused by: java.io.IOException: error=2, No such file or directory
	at io.opentracing.contrib.spring.rabbitmq.RabbitMqSendAndReceiveTracingItTest.beforeClass(RabbitMqSendAndReceiveTracingItTest.java:83)
</error>
    <system-out><![CDATA[2018-05-31 17:42:26,591 [      main] INFO  oot.test.context.SpringBootTestContextBootstrapper - Neither @ContextConfiguration nor @ContextHierarchy found for test class [io.opentracing.contrib.spring.rabbitmq.RabbitMqSendAndReceiveTracingItTest], using SpringBootContextLoader
2018-05-31 17:42:26,614 [      main] INFO  amework.test.context.support.AbstractContextLoader - Could not detect default resource locations for test class [io.opentracing.contrib.spring.rabbitmq.RabbitMqSendAndReceiveTracingItTest]: no resource found for suffixes {-context.xml, Context.groovy}.
2018-05-31 17:42:26,736 [      main] INFO  oot.test.context.SpringBootTestContextBootstrapper - Loaded default TestExecutionListener class names from location [META-INF/spring.factories]: [org.springframework.boot.test.mock.mockito.MockitoTestExecutionListener, org.springframework.boot.test.mock.mockito.ResetMocksTestExecutionListener, org.springframework.boot.test.autoconfigure.restdocs.RestDocsTestExecutionListener, org.springframework.boot.test.autoconfigure.web.client.MockRestServiceServerResetTestExecutionListener, org.springframework.boot.test.autoconfigure.web.servlet.MockMvcPrintOnlyOnFailureTestExecutionListener, org.springframework.boot.test.autoconfigure.web.servlet.WebDriverTestExecutionListener, org.springframework.test.context.web.ServletTestExecutionListener, org.springframework.test.context.support.DirtiesContextBeforeModesTestExecutionListener, org.springframework.test.context.support.DependencyInjectionTestExecutionListener, org.springframework.test.context.support.DirtiesContextTestExecutionListener, org.springframework.test.context.transaction.TransactionalTestExecutionListener, org.springframework.test.context.jdbc.SqlScriptsTestExecutionListener]
2018-05-31 17:42:26,765 [      main] INFO  oot.test.context.SpringBootTestContextBootstrapper - Could not instantiate TestExecutionListener [org.springframework.test.context.web.ServletTestExecutionListener]. Specify custom listener classes or make the default listener classes (and their required dependencies) available. Offending class: [javax/servlet/ServletContext]
2018-05-31 17:42:26,767 [      main] INFO  oot.test.context.SpringBootTestContextBootstrapper - Using TestExecutionListeners: [org.springframework.test.context.support.DirtiesContextBeforeModesTestExecutionListener@7920ba90, org.springframework.boot.test.autoconfigure.SpringBootDependencyInjectionTestExecutionListener@6b419da, org.springframework.test.context.support.DirtiesContextTestExecutionListener@3b2da18f, org.springframework.test.context.transaction.TransactionalTestExecutionListener@5906ebcb, org.springframework.test.context.jdbc.SqlScriptsTestExecutionListener@258e2e41, org.springframework.boot.test.autoconfigure.web.servlet.MockMvcPrintOnlyOnFailureTestExecutionListener@3d299e3, org.springframework.boot.test.autoconfigure.web.client.MockRestServiceServerResetTestExecutionListener@55a561cf, org.springframework.boot.test.mock.mockito.ResetMocksTestExecutionListener@3b938003, org.springframework.boot.test.autoconfigure.restdocs.RestDocsTestExecutionListener@6f3b5d16, org.springframework.boot.test.autoconfigure.web.servlet.WebDriverTestExecutionListener@78b1cc93, org.springframework.boot.test.mock.mockito.MockitoTestExecutionListener@6646153]
2018-05-31 17:42:26,925 [      main] ERROR            org.zeroturnaround.exec.ProcessExecutor - Could not start process:
java.io.IOException: Cannot run program "erl": error=2, No such file or directory
	at java.lang.ProcessBuilder.start(ProcessBuilder.java:1048)
	at org.zeroturnaround.exec.ProcessExecutor.invokeStart(ProcessExecutor.java:977)
	at org.zeroturnaround.exec.ProcessExecutor.startInternal(ProcessExecutor.java:950)
	at org.zeroturnaround.exec.ProcessExecutor.execute(ProcessExecutor.java:890)
	at io.arivera.oss.embedded.rabbitmq.bin.ErlangShell.getErlangVersion(ErlangShell.java:54)
	at io.arivera.oss.embedded.rabbitmq.helpers.ErlangVersionChecker.check(ErlangVersionChecker.java:40)
	at io.arivera.oss.embedded.rabbitmq.EmbeddedRabbitMq.check(EmbeddedRabbitMq.java:65)
	at io.arivera.oss.embedded.rabbitmq.EmbeddedRabbitMq.start(EmbeddedRabbitMq.java:58)
	at io.opentracing.contrib.spring.rabbitmq.RabbitMqSendAndReceiveTracingItTest.beforeClass(RabbitMqSendAndReceiveTracingItTest.java:83)
	at sun.reflect.NativeMethodAccessorImpl.invoke0(Native Method)
	at sun.reflect.NativeMethodAccessorImpl.invoke(NativeMethodAccessorImpl.java:62)
	at sun.reflect.DelegatingMethodAccessorImpl.invoke(DelegatingMethodAccessorImpl.java:43)
	at java.lang.reflect.Method.invoke(Method.java:498)
	at org.junit.runners.model.FrameworkMethod$1.runReflectiveCall(FrameworkMethod.java:50)
	at org.junit.internal.runners.model.ReflectiveCallable.run(ReflectiveCallable.java:12)
	at org.junit.runners.model.FrameworkMethod.invokeExplosively(FrameworkMethod.java:47)
	at org.junit.internal.runners.statements.RunBefores.evaluate(RunBefores.java:24)
	at org.springframework.test.context.junit4.statements.RunBeforeTestClassCallbacks.evaluate(RunBeforeTestClassCallbacks.java:61)
	at org.springframework.test.context.junit4.statements.RunAfterTestClassCallbacks.evaluate(RunAfterTestClassCallbacks.java:70)
	at org.junit.runners.ParentRunner.run(ParentRunner.java:363)
	at org.springframework.test.context.junit4.SpringJUnit4ClassRunner.run(SpringJUnit4ClassRunner.java:191)
	at org.apache.maven.surefire.junit4.JUnit4Provider.execute(JUnit4Provider.java:365)
	at org.apache.maven.surefire.junit4.JUnit4Provider.executeWithRerun(JUnit4Provider.java:272)
	at org.apache.maven.surefire.junit4.JUnit4Provider.executeTestSet(JUnit4Provider.java:236)
	at org.apache.maven.surefire.junit4.JUnit4Provider.invoke(JUnit4Provider.java:159)
	at org.apache.maven.surefire.booter.ForkedBooter.invokeProviderInSameClassLoader(ForkedBooter.java:386)
	at org.apache.maven.surefire.booter.ForkedBooter.runSuitesInProcess(ForkedBooter.java:323)
	at org.apache.maven.surefire.booter.ForkedBooter.main(ForkedBooter.java:143)
Caused by: java.io.IOException: error=2, No such file or directory
	at java.lang.UNIXProcess.forkAndExec(Native Method)
	at java.lang.UNIXProcess.<init>(UNIXProcess.java:247)
	at java.lang.ProcessImpl.start(ProcessImpl.java:134)
	at java.lang.ProcessBuilder.start(ProcessBuilder.java:1029)
	... 27 common frames omitted
]]></system-out>
  </testcase>
</testsuite>