<html>
<head>
<title>TestNG:  Surefire test</title>
<link href="../testng.css" rel="stylesheet" type="text/css" />
<link href="../my-testng.css" rel="stylesheet" type="text/css" />

<style type="text/css">
.log { display: none;} 
.stack-trace { display: none;} 
</style>
<script type="text/javascript">
<!--
function flip(e) {
  current = e.style.display;
  if (current == 'block') {
    e.style.display = 'none';
    return 0;
  }
  else {
    e.style.display = 'block';
    return 1;
  }
}

function toggleBox(szDivId, elem, msg1, msg2)
{
  var res = -1;  if (document.getElementById) {
    res = flip(document.getElementById(szDivId));
  }
  else if (document.all) {
    // this is the way old msie versions work
    res = flip(document.all[szDivId]);
  }
  if(elem) {
    if(res == 0) elem.innerHTML = msg1; else elem.innerHTML = msg2;
  }

}

function toggleAllBoxes() {
  if (document.getElementsByTagName) {
    d = document.getElementsByTagName('div');
    for (i = 0; i < d.length; i++) {
      if (d[i].className == 'log') {
        flip(d[i]);
      }
    }
  }
}

// -->
</script>

</head>
<body>
<h2 align='center'>Surefire test</h2><table border='1' align="center">
<tr>
<td>Tests passed/Failed/Skipped:</td><td>94/0/0</td>
</tr><tr>
<td>Started on:</td><td>Mon Jun 11 11:47:01 CEST 2018</td>
</tr>
<tr><td>Total time:</td><td>40 seconds (40696 ms)</td>
</tr><tr>
<td>Included groups:</td><td></td>
</tr><tr>
<td>Excluded groups:</td><td></td>
</tr>
</table><p/>
<small><i>(Hover the method name to see the test class name)</i></small><p/>
<table width='100%' border='1' class='invocation-passed'>
<tr><td colspan='4' align='center'><b>PASSED TESTS</b></td></tr>
<tr><td><b>Test method</b></td>
<td width="30%"><b>Exception</b></td>
<td width="10%"><b>Time (seconds)</b></td>
<td><b>Instance</b></td>
</tr>
<tr>
<td title='io.axway.iron.core.bugs.UncompletableCommandFutureTest.ensureCommandFutureComplete()'><b>ensureCommandFutureComplete</b><br>Test class: io.axway.iron.core.bugs.UncompletableCommandFutureTest</td>
<td></td>
<td>1</td>
<td>io.axway.iron.core.bugs.UncompletableCommandFutureTest@13805618</td></tr>
<tr>
<td title='io.axway.iron.core.bugs.CommandWithLongCollectionParameterTest.ensureLongCollectionParameterInCommandWorks()'><b>ensureLongCollectionParameterInCommandWorks</b><br>Test class: io.axway.iron.core.bugs.CommandWithLongCollectionParameterTest<br>Parameters: [], null</td>
<td></td>
<td>1</td>
<td>io.axway.iron.core.bugs.CommandWithLongCollectionParameterTest@5cb9f472</td></tr>
<tr>
<td title='io.axway.iron.core.bugs.CommandWithLongCollectionParameterTest.ensureLongCollectionParameterInCommandWorks()'><b>ensureLongCollectionParameterInCommandWorks</b><br>Test class: io.axway.iron.core.bugs.CommandWithLongCollectionParameterTest<br>Parameters: [null], null</td>
<td></td>
<td>1</td>
<td>io.axway.iron.core.bugs.CommandWithLongCollectionParameterTest@5cb9f472</td></tr>
<tr>
<td title='io.axway.iron.core.bugs.CommandWithLongCollectionParameterTest.ensureLongCollectionParameterInCommandWorks()'><b>ensureLongCollectionParameterInCommandWorks</b><br>Test class: io.axway.iron.core.bugs.CommandWithLongCollectionParameterTest<br>Parameters: [42], 42</td>
<td></td>
<td>1</td>
<td>io.axway.iron.core.bugs.CommandWithLongCollectionParameterTest@5cb9f472</td></tr>
<tr>
<td title='io.axway.iron.core.bugs.CommandWithLongCollectionParameterTest.ensureLongCollectionParameterInCommandWorks()'><b>ensureLongCollectionParameterInCommandWorks</b><br>Test class: io.axway.iron.core.bugs.CommandWithLongCollectionParameterTest<br>Parameters: [null, null], null</td>
<td></td>
<td>1</td>
<td>io.axway.iron.core.bugs.CommandWithLongCollectionParameterTest@5cb9f472</td></tr>
<tr>
<td title='io.axway.iron.core.bugs.CommandWithLongCollectionParameterTest.ensureLongCollectionParameterInCommandWorks()'><b>ensureLongCollectionParameterInCommandWorks</b><br>Test class: io.axway.iron.core.bugs.CommandWithLongCollectionParameterTest<br>Parameters: [null, 15, null], 15</td>
<td></td>
<td>1</td>
<td>io.axway.iron.core.bugs.CommandWithLongCollectionParameterTest@5cb9f472</td></tr>
<tr>
<td title='io.axway.iron.core.bugs.CommandWithLongCollectionParameterTest.ensureLongCollectionParameterInCommandWorks()'><b>ensureLongCollectionParameterInCommandWorks</b><br>Test class: io.axway.iron.core.bugs.CommandWithLongCollectionParameterTest<br>Parameters: [1, 15, 10], 26</td>
<td></td>
<td>1</td>
<td>io.axway.iron.core.bugs.CommandWithLongCollectionParameterTest@5cb9f472</td></tr>
<tr>
<td title='io.axway.iron.core.bugs.CommandWithLongParameterTest.ensureLongParameterInCommandWorks()'><b>ensureLongParameterInCommandWorks</b><br>Test class: io.axway.iron.core.bugs.CommandWithLongParameterTest<br>Parameters: null</td>
<td></td>
<td>1</td>
<td>io.axway.iron.core.bugs.CommandWithLongParameterTest@56ef9176</td></tr>
<tr>
<td title='io.axway.iron.core.bugs.CommandWithLongParameterTest.ensureLongParameterInCommandWorks()'><b>ensureLongParameterInCommandWorks</b><br>Test class: io.axway.iron.core.bugs.CommandWithLongParameterTest<br>Parameters: 42</td>
<td></td>
<td>1</td>
<td>io.axway.iron.core.bugs.CommandWithLongParameterTest@56ef9176</td></tr>
<tr>
<td title='io.axway.iron.core.store.relation.RelationTests.failingStoreTests()'><b>failingStoreTests</b><br>Test class: io.axway.iron.core.store.relation.RelationTests<br>Parameters: io.axway.iron.core.store.relation.ShouldRollbackRelationTest@105fece7</td>
<td></td>
<td>1</td>
<td>io.axway.iron.core.store.relation.RelationTests@72d818d1</td></tr>
<tr>
<td title='io.axway.iron.core.bugs.SnapshotStoreTest.shouldAllowSnapshotCreationOnNewEmptyStore()'><b>shouldAllowSnapshotCreationOnNewEmptyStore</b><br>Test class: io.axway.iron.core.bugs.SnapshotStoreTest</td>
<td></td>
<td>1</td>
<td>io.axway.iron.core.bugs.SnapshotStoreTest@cb644e</td></tr>
<tr>
<td title='io.axway.iron.core.bugs.SnapshotStoreTest.shouldBeAbleToCallTwoConsecutiveTakeSnapshot()'><b>shouldBeAbleToCallTwoConsecutiveTakeSnapshot</b><br>Test class: io.axway.iron.core.bugs.SnapshotStoreTest</td>
<td></td>
<td>1</td>
<td>io.axway.iron.core.bugs.SnapshotStoreTest@cb644e</td></tr>
<tr>
<td title='io.axway.iron.core.StoreManagerTest.shouldBuilderNotAcceptDuplicateCalls()'><b>shouldBuilderNotAcceptDuplicateCalls</b><br>Test class: io.axway.iron.core.StoreManagerTest<br>Parameters: io.axway.iron.core.StoreManagerTest$$Lambda$236/1361289747@3ec300f1</td>
<td><div><pre>io.axway.alf.exception.IllegalStateFormattedException: Snapshot serializer has been already set
	at io.axway.alf.assertion.Assertion.checkState(Assertion.java:26)
	at io.axway.iron.core.internal.StoreManagerBuilderImpl.withSnapshotSerializer(StoreManagerBuilderImpl.java:69)
	at io.axway.iron.core.StoreManagerTest.lambda$providesDuplicates$0(StoreManagerTest.java:30)
	at io.axway.iron.core.StoreManagerTest.shouldBuilderNotAcceptDuplicateCalls(StoreManagerTest.java:42)
... Removed 10 stack frames</pre></div><a href='#' onClick='toggleBox("stack-trace1484531981", this, "Click to show all stack frames", "Click to hide stack frames")'>Click to show all stack frames</a>
<div class='stack-trace' id='stack-trace1484531981'><pre>io.axway.alf.exception.IllegalStateFormattedException: Snapshot serializer has been already set
	at io.axway.alf.assertion.Assertion.checkState(Assertion.java:26)
	at io.axway.iron.core.internal.StoreManagerBuilderImpl.withSnapshotSerializer(StoreManagerBuilderImpl.java:69)
	at io.axway.iron.core.StoreManagerTest.lambda$providesDuplicates$0(StoreManagerTest.java:30)
	at io.axway.iron.core.StoreManagerTest.shouldBuilderNotAcceptDuplicateCalls(StoreManagerTest.java:42)
	at sun.reflect.NativeMethodAccessorImpl.invoke0(Native Method)
	at java.lang.reflect.Method.invoke(Method.java:498)
	at org.apache.maven.surefire.testng.TestNGExecutor.run(TestNGExecutor.java:135)
	at org.apache.maven.surefire.testng.TestNGDirectoryTestSuite.executeMulti(TestNGDirectoryTestSuite.java:193)
	at org.apache.maven.surefire.testng.TestNGDirectoryTestSuite.execute(TestNGDirectoryTestSuite.java:94)
	at org.apache.maven.surefire.testng.TestNGProvider.invoke(TestNGProvider.java:146)
	at org.apache.maven.surefire.booter.ForkedBooter.invokeProviderInSameClassLoader(ForkedBooter.java:379)
	at org.apache.maven.surefire.booter.ForkedBooter.runSuitesInProcess(ForkedBooter.java:340)
	at org.apache.maven.surefire.booter.ForkedBooter.execute(ForkedBooter.java:125)
	at org.apache.maven.surefire.booter.ForkedBooter.main(ForkedBooter.java:413)
</pre></div></td>
<td>0</td>
<td>io.axway.iron.core.StoreManagerTest@4566e5bd</td></tr>
<tr>
<td title='io.axway.iron.core.StoreManagerTest.shouldBuilderNotAcceptDuplicateCalls()'><b>shouldBuilderNotAcceptDuplicateCalls</b><br>Test class: io.axway.iron.core.StoreManagerTest<br>Parameters: io.axway.iron.core.StoreManagerTest$$Lambda$237/999609945@5b0abc94</td>
<td><div><pre>io.axway.alf.exception.IllegalStateFormattedException: Transaction serializer has been already set
	at io.axway.alf.assertion.Assertion.checkState(Assertion.java:26)
	at io.axway.iron.core.internal.StoreManagerBuilderImpl.withTransactionSerializer(StoreManagerBuilderImpl.java:55)
	at io.axway.iron.core.StoreManagerTest.lambda$providesDuplicates$1(StoreManagerTest.java:31)
	at io.axway.iron.core.StoreManagerTest.shouldBuilderNotAcceptDuplicateCalls(StoreManagerTest.java:42)
... Removed 10 stack frames</pre></div><a href='#' onClick='toggleBox("stack-trace1159114532", this, "Click to show all stack frames", "Click to hide stack frames")'>Click to show all stack frames</a>
<div class='stack-trace' id='stack-trace1159114532'><pre>io.axway.alf.exception.IllegalStateFormattedException: Transaction serializer has been already set
	at io.axway.alf.assertion.Assertion.checkState(Assertion.java:26)
	at io.axway.iron.core.internal.StoreManagerBuilderImpl.withTransactionSerializer(StoreManagerBuilderImpl.java:55)
	at io.axway.iron.core.StoreManagerTest.lambda$providesDuplicates$1(StoreManagerTest.java:31)
	at io.axway.iron.core.StoreManagerTest.shouldBuilderNotAcceptDuplicateCalls(StoreManagerTest.java:42)
	at sun.reflect.NativeMethodAccessorImpl.invoke0(Native Method)
	at java.lang.reflect.Method.invoke(Method.java:498)
	at org.apache.maven.surefire.testng.TestNGExecutor.run(TestNGExecutor.java:135)
	at org.apache.maven.surefire.testng.TestNGDirectoryTestSuite.executeMulti(TestNGDirectoryTestSuite.java:193)
	at org.apache.maven.surefire.testng.TestNGDirectoryTestSuite.execute(TestNGDirectoryTestSuite.java:94)
	at org.apache.maven.surefire.testng.TestNGProvider.invoke(TestNGProvider.java:146)
	at org.apache.maven.surefire.booter.ForkedBooter.invokeProviderInSameClassLoader(ForkedBooter.java:379)
	at org.apache.maven.surefire.booter.ForkedBooter.runSuitesInProcess(ForkedBooter.java:340)
	at org.apache.maven.surefire.booter.ForkedBooter.execute(ForkedBooter.java:125)
	at org.apache.maven.surefire.booter.ForkedBooter.main(ForkedBooter.java:413)
</pre></div></td>
<td>0</td>
<td>io.axway.iron.core.StoreManagerTest@4566e5bd</td></tr>
<tr>
<td title='io.axway.iron.core.StoreManagerTest.shouldBuilderNotAcceptDuplicateCalls()'><b>shouldBuilderNotAcceptDuplicateCalls</b><br>Test class: io.axway.iron.core.StoreManagerTest<br>Parameters: io.axway.iron.core.StoreManagerTest$$Lambda$238/1758386724@1f1c7bf6</td>
<td><div><pre>io.axway.alf.exception.IllegalStateFormattedException: Snapshot store has been already set
	at io.axway.alf.assertion.Assertion.checkState(Assertion.java:26)
	at io.axway.iron.core.internal.StoreManagerBuilderImpl.withSnapshotStore(StoreManagerBuilderImpl.java:76)
	at io.axway.iron.core.StoreManagerTest.lambda$providesDuplicates$2(StoreManagerTest.java:32)
	at io.axway.iron.core.StoreManagerTest.shouldBuilderNotAcceptDuplicateCalls(StoreManagerTest.java:42)
... Removed 10 stack frames</pre></div><a href='#' onClick='toggleBox("stack-trace1256728724", this, "Click to show all stack frames", "Click to hide stack frames")'>Click to show all stack frames</a>
<div class='stack-trace' id='stack-trace1256728724'><pre>io.axway.alf.exception.IllegalStateFormattedException: Snapshot store has been already set
	at io.axway.alf.assertion.Assertion.checkState(Assertion.java:26)
	at io.axway.iron.core.internal.StoreManagerBuilderImpl.withSnapshotStore(StoreManagerBuilderImpl.java:76)
	at io.axway.iron.core.StoreManagerTest.lambda$providesDuplicates$2(StoreManagerTest.java:32)
	at io.axway.iron.core.StoreManagerTest.shouldBuilderNotAcceptDuplicateCalls(StoreManagerTest.java:42)
	at sun.reflect.NativeMethodAccessorImpl.invoke0(Native Method)
	at java.lang.reflect.Method.invoke(Method.java:498)
	at org.apache.maven.surefire.testng.TestNGExecutor.run(TestNGExecutor.java:135)
	at org.apache.maven.surefire.testng.TestNGDirectoryTestSuite.executeMulti(TestNGDirectoryTestSuite.java:193)
	at org.apache.maven.surefire.testng.TestNGDirectoryTestSuite.execute(TestNGDirectoryTestSuite.java:94)
	at org.apache.maven.surefire.testng.TestNGProvider.invoke(TestNGProvider.java:146)
	at org.apache.maven.surefire.booter.ForkedBooter.invokeProviderInSameClassLoader(ForkedBooter.java:379)
	at org.apache.maven.surefire.booter.ForkedBooter.runSuitesInProcess(ForkedBooter.java:340)
	at org.apache.maven.surefire.booter.ForkedBooter.execute(ForkedBooter.java:125)
	at org.apache.maven.surefire.booter.ForkedBooter.main(ForkedBooter.java:413)
</pre></div></td>
<td>0</td>
<td>io.axway.iron.core.StoreManagerTest@4566e5bd</td></tr>
<tr>
<td title='io.axway.iron.core.StoreManagerTest.shouldBuilderNotAcceptDuplicateCalls()'><b>shouldBuilderNotAcceptDuplicateCalls</b><br>Test class: io.axway.iron.core.StoreManagerTest<br>Parameters: io.axway.iron.core.StoreManagerTest$$Lambda$239/900008524@2b546384</td>
<td><div><pre>io.axway.alf.exception.IllegalStateFormattedException: Transaction store factory has been already set
	at io.axway.alf.assertion.Assertion.checkState(Assertion.java:26)
	at io.axway.iron.core.internal.StoreManagerBuilderImpl.withTransactionStore(StoreManagerBuilderImpl.java:62)
	at io.axway.iron.core.StoreManagerTest.lambda$providesDuplicates$3(StoreManagerTest.java:33)
	at io.axway.iron.core.StoreManagerTest.shouldBuilderNotAcceptDuplicateCalls(StoreManagerTest.java:42)
... Removed 10 stack frames</pre></div><a href='#' onClick='toggleBox("stack-trace1412925683", this, "Click to show all stack frames", "Click to hide stack frames")'>Click to show all stack frames</a>
<div class='stack-trace' id='stack-trace1412925683'><pre>io.axway.alf.exception.IllegalStateFormattedException: Transaction store factory has been already set
	at io.axway.alf.assertion.Assertion.checkState(Assertion.java:26)
	at io.axway.iron.core.internal.StoreManagerBuilderImpl.withTransactionStore(StoreManagerBuilderImpl.java:62)
	at io.axway.iron.core.StoreManagerTest.lambda$providesDuplicates$3(StoreManagerTest.java:33)
	at io.axway.iron.core.StoreManagerTest.shouldBuilderNotAcceptDuplicateCalls(StoreManagerTest.java:42)
	at sun.reflect.NativeMethodAccessorImpl.invoke0(Native Method)
	at java.lang.reflect.Method.invoke(Method.java:498)
	at org.apache.maven.surefire.testng.TestNGExecutor.run(TestNGExecutor.java:135)
	at org.apache.maven.surefire.testng.TestNGDirectoryTestSuite.executeMulti(TestNGDirectoryTestSuite.java:193)
	at org.apache.maven.surefire.testng.TestNGDirectoryTestSuite.execute(TestNGDirectoryTestSuite.java:94)
	at org.apache.maven.surefire.testng.TestNGProvider.invoke(TestNGProvider.java:146)
	at org.apache.maven.surefire.booter.ForkedBooter.invokeProviderInSameClassLoader(ForkedBooter.java:379)
	at org.apache.maven.surefire.booter.ForkedBooter.runSuitesInProcess(ForkedBooter.java:340)
	at org.apache.maven.surefire.booter.ForkedBooter.execute(ForkedBooter.java:125)
	at org.apache.maven.surefire.booter.ForkedBooter.main(ForkedBooter.java:413)
</pre></div></td>
<td>0</td>
<td>io.axway.iron.core.StoreManagerTest@4566e5bd</td></tr>
<tr>
<td title='io.axway.iron.core.StoreManagerTest.shouldBuilderNotAcceptDuplicateCalls()'><b>shouldBuilderNotAcceptDuplicateCalls</b><br>Test class: io.axway.iron.core.StoreManagerTest<br>Parameters: io.axway.iron.core.StoreManagerTest$$Lambda$240/520232556@214b199c</td>
<td><div><pre>io.axway.alf.exception.IllegalStateFormattedException: Command class %s has been already added {&quot;args&quot;: {&quot;commandClass&quot;: &quot;io.axway.iron.core.model.simple.SimpleCommand&quot;}}
	at io.axway.alf.assertion.Assertion.checkState(Assertion.java:32)
	at io.axway.iron.core.internal.StoreManagerBuilderImpl.withCommandClass(StoreManagerBuilderImpl.java:49)
	at io.axway.iron.core.StoreManagerTest.lambda$providesDuplicates$4(StoreManagerTest.java:34)
	at io.axway.iron.core.StoreManagerTest.shouldBuilderNotAcceptDuplicateCalls(StoreManagerTest.java:42)
... Removed 10 stack frames</pre></div><a href='#' onClick='toggleBox("stack-trace1832580921", this, "Click to show all stack frames", "Click to hide stack frames")'>Click to show all stack frames</a>
<div class='stack-trace' id='stack-trace1832580921'><pre>io.axway.alf.exception.IllegalStateFormattedException: Command class %s has been already added {&quot;args&quot;: {&quot;commandClass&quot;: &quot;io.axway.iron.core.model.simple.SimpleCommand&quot;}}
	at io.axway.alf.assertion.Assertion.checkState(Assertion.java:32)
	at io.axway.iron.core.internal.StoreManagerBuilderImpl.withCommandClass(StoreManagerBuilderImpl.java:49)
	at io.axway.iron.core.StoreManagerTest.lambda$providesDuplicates$4(StoreManagerTest.java:34)
	at io.axway.iron.core.StoreManagerTest.shouldBuilderNotAcceptDuplicateCalls(StoreManagerTest.java:42)
	at sun.reflect.NativeMethodAccessorImpl.invoke0(Native Method)
	at java.lang.reflect.Method.invoke(Method.java:498)
	at org.apache.maven.surefire.testng.TestNGExecutor.run(TestNGExecutor.java:135)
	at org.apache.maven.surefire.testng.TestNGDirectoryTestSuite.executeMulti(TestNGDirectoryTestSuite.java:193)
	at org.apache.maven.surefire.testng.TestNGDirectoryTestSuite.execute(TestNGDirectoryTestSuite.java:94)
	at org.apache.maven.surefire.testng.TestNGProvider.invoke(TestNGProvider.java:146)
	at org.apache.maven.surefire.booter.ForkedBooter.invokeProviderInSameClassLoader(ForkedBooter.java:379)
	at org.apache.maven.surefire.booter.ForkedBooter.runSuitesInProcess(ForkedBooter.java:340)
	at org.apache.maven.surefire.booter.ForkedBooter.execute(ForkedBooter.java:125)
	at org.apache.maven.surefire.booter.ForkedBooter.main(ForkedBooter.java:413)
</pre></div></td>
<td>0</td>
<td>io.axway.iron.core.StoreManagerTest@4566e5bd</td></tr>
<tr>
<td title='io.axway.iron.core.StoreManagerTest.shouldBuilderNotAcceptDuplicateCalls()'><b>shouldBuilderNotAcceptDuplicateCalls</b><br>Test class: io.axway.iron.core.StoreManagerTest<br>Parameters: io.axway.iron.core.StoreManagerTest$$Lambda$241/17037394@2893de87</td>
<td><div><pre>io.axway.alf.exception.IllegalStateFormattedException: Entity class has been already added {&quot;args&quot;: {&quot;entityClass&quot;: &quot;io.axway.iron.core.model.simple.SimpleEntity&quot;}}
	at io.axway.alf.assertion.Assertion.checkState(Assertion.java:32)
	at io.axway.iron.core.internal.StoreManagerBuilderImpl.withEntityClass(StoreManagerBuilderImpl.java:43)
	at io.axway.iron.core.StoreManagerTest.lambda$providesDuplicates$5(StoreManagerTest.java:35)
	at io.axway.iron.core.StoreManagerTest.shouldBuilderNotAcceptDuplicateCalls(StoreManagerTest.java:42)
... Removed 10 stack frames</pre></div><a href='#' onClick='toggleBox("stack-trace497359413", this, "Click to show all stack frames", "Click to hide stack frames")'>Click to show all stack frames</a>
<div class='stack-trace' id='stack-trace497359413'><pre>io.axway.alf.exception.IllegalStateFormattedException: Entity class has been already added {&quot;args&quot;: {&quot;entityClass&quot;: &quot;io.axway.iron.core.model.simple.SimpleEntity&quot;}}
	at io.axway.alf.assertion.Assertion.checkState(Assertion.java:32)
	at io.axway.iron.core.internal.StoreManagerBuilderImpl.withEntityClass(StoreManagerBuilderImpl.java:43)
	at io.axway.iron.core.StoreManagerTest.lambda$providesDuplicates$5(StoreManagerTest.java:35)
	at io.axway.iron.core.StoreManagerTest.shouldBuilderNotAcceptDuplicateCalls(StoreManagerTest.java:42)
	at sun.reflect.NativeMethodAccessorImpl.invoke0(Native Method)
	at java.lang.reflect.Method.invoke(Method.java:498)
	at org.apache.maven.surefire.testng.TestNGExecutor.run(TestNGExecutor.java:135)
	at org.apache.maven.surefire.testng.TestNGDirectoryTestSuite.executeMulti(TestNGDirectoryTestSuite.java:193)
	at org.apache.maven.surefire.testng.TestNGDirectoryTestSuite.execute(TestNGDirectoryTestSuite.java:94)
	at org.apache.maven.surefire.testng.TestNGProvider.invoke(TestNGProvider.java:146)
	at org.apache.maven.surefire.booter.ForkedBooter.invokeProviderInSameClassLoader(ForkedBooter.java:379)
	at org.apache.maven.surefire.booter.ForkedBooter.runSuitesInProcess(ForkedBooter.java:340)
	at org.apache.maven.surefire.booter.ForkedBooter.execute(ForkedBooter.java:125)
	at org.apache.maven.surefire.booter.ForkedBooter.main(ForkedBooter.java:413)
</pre></div></td>
<td>0</td>
<td>io.axway.iron.core.StoreManagerTest@4566e5bd</td></tr>
<tr>
<td title='io.axway.iron.core.StoreManagerTest.shouldBuilderNotAcceptIncompleteConfiguration()'><b>shouldBuilderNotAcceptIncompleteConfiguration</b><br>Test class: io.axway.iron.core.StoreManagerTest<br>Parameters: false, true, true, true</td>
<td><div><pre>io.axway.alf.exception.IllegalStateFormattedException: Snapshot serializer has not been specified
	at io.axway.alf.assertion.Assertion.checkState(Assertion.java:26)
	at io.axway.iron.core.internal.StoreManagerBuilderImpl.build(StoreManagerBuilderImpl.java:85)
	at io.axway.iron.core.StoreManagerTest.shouldBuilderNotAcceptIncompleteConfiguration(StoreManagerTest.java:80)
... Removed 10 stack frames</pre></div><a href='#' onClick='toggleBox("stack-trace369241501", this, "Click to show all stack frames", "Click to hide stack frames")'>Click to show all stack frames</a>
<div class='stack-trace' id='stack-trace369241501'><pre>io.axway.alf.exception.IllegalStateFormattedException: Snapshot serializer has not been specified
	at io.axway.alf.assertion.Assertion.checkState(Assertion.java:26)
	at io.axway.iron.core.internal.StoreManagerBuilderImpl.build(StoreManagerBuilderImpl.java:85)
	at io.axway.iron.core.StoreManagerTest.shouldBuilderNotAcceptIncompleteConfiguration(StoreManagerTest.java:80)
	at sun.reflect.NativeMethodAccessorImpl.invoke0(Native Method)
	at java.lang.reflect.Method.invoke(Method.java:498)
	at org.apache.maven.surefire.testng.TestNGExecutor.run(TestNGExecutor.java:135)
	at org.apache.maven.surefire.testng.TestNGDirectoryTestSuite.executeMulti(TestNGDirectoryTestSuite.java:193)
	at org.apache.maven.surefire.testng.TestNGDirectoryTestSuite.execute(TestNGDirectoryTestSuite.java:94)
	at org.apache.maven.surefire.testng.TestNGProvider.invoke(TestNGProvider.java:146)
	at org.apache.maven.surefire.booter.ForkedBooter.invokeProviderInSameClassLoader(ForkedBooter.java:379)
	at org.apache.maven.surefire.booter.ForkedBooter.runSuitesInProcess(ForkedBooter.java:340)
	at org.apache.maven.surefire.booter.ForkedBooter.execute(ForkedBooter.java:125)
	at org.apache.maven.surefire.booter.ForkedBooter.main(ForkedBooter.java:413)
</pre></div></td>
<td>0</td>
<td>io.axway.iron.core.StoreManagerTest@4566e5bd</td></tr>
<tr>
<td title='io.axway.iron.core.StoreManagerTest.shouldBuilderNotAcceptIncompleteConfiguration()'><b>shouldBuilderNotAcceptIncompleteConfiguration</b><br>Test class: io.axway.iron.core.StoreManagerTest<br>Parameters: true, false, true, true</td>
<td><div><pre>io.axway.alf.exception.IllegalStateFormattedException: Transaction serializer has not been specified
	at io.axway.alf.assertion.Assertion.checkState(Assertion.java:26)
	at io.axway.iron.core.internal.StoreManagerBuilderImpl.build(StoreManagerBuilderImpl.java:83)
	at io.axway.iron.core.StoreManagerTest.shouldBuilderNotAcceptIncompleteConfiguration(StoreManagerTest.java:80)
... Removed 10 stack frames</pre></div><a href='#' onClick='toggleBox("stack-trace2124046270", this, "Click to show all stack frames", "Click to hide stack frames")'>Click to show all stack frames</a>
<div class='stack-trace' id='stack-trace2124046270'><pre>io.axway.alf.exception.IllegalStateFormattedException: Transaction serializer has not been specified
	at io.axway.alf.assertion.Assertion.checkState(Assertion.java:26)
	at io.axway.iron.core.internal.StoreManagerBuilderImpl.build(StoreManagerBuilderImpl.java:83)
	at io.axway.iron.core.StoreManagerTest.shouldBuilderNotAcceptIncompleteConfiguration(StoreManagerTest.java:80)
	at sun.reflect.NativeMethodAccessorImpl.invoke0(Native Method)
	at java.lang.reflect.Method.invoke(Method.java:498)
	at org.apache.maven.surefire.testng.TestNGExecutor.run(TestNGExecutor.java:135)
	at org.apache.maven.surefire.testng.TestNGDirectoryTestSuite.executeMulti(TestNGDirectoryTestSuite.java:193)
	at org.apache.maven.surefire.testng.TestNGDirectoryTestSuite.execute(TestNGDirectoryTestSuite.java:94)
	at org.apache.maven.surefire.testng.TestNGProvider.invoke(TestNGProvider.java:146)
	at org.apache.maven.surefire.booter.ForkedBooter.invokeProviderInSameClassLoader(ForkedBooter.java:379)
	at org.apache.maven.surefire.booter.ForkedBooter.runSuitesInProcess(ForkedBooter.java:340)
	at org.apache.maven.surefire.booter.ForkedBooter.execute(ForkedBooter.java:125)
	at org.apache.maven.surefire.booter.ForkedBooter.main(ForkedBooter.java:413)
</pre></div></td>
<td>0</td>
<td>io.axway.iron.core.StoreManagerTest@4566e5bd</td></tr>
<tr>
<td title='io.axway.iron.core.StoreManagerTest.shouldBuilderNotAcceptIncompleteConfiguration()'><b>shouldBuilderNotAcceptIncompleteConfiguration</b><br>Test class: io.axway.iron.core.StoreManagerTest<br>Parameters: true, true, false, true</td>
<td><div><pre>io.axway.alf.exception.IllegalStateFormattedException: Snapshot store factory has not been specified
	at io.axway.alf.assertion.Assertion.checkState(Assertion.java:26)
	at io.axway.iron.core.internal.StoreManagerBuilderImpl.build(StoreManagerBuilderImpl.java:86)
	at io.axway.iron.core.StoreManagerTest.shouldBuilderNotAcceptIncompleteConfiguration(StoreManagerTest.java:80)
... Removed 10 stack frames</pre></div><a href='#' onClick='toggleBox("stack-trace1151593579", this, "Click to show all stack frames", "Click to hide stack frames")'>Click to show all stack frames</a>
<div class='stack-trace' id='stack-trace1151593579'><pre>io.axway.alf.exception.IllegalStateFormattedException: Snapshot store factory has not been specified
	at io.axway.alf.assertion.Assertion.checkState(Assertion.java:26)
	at io.axway.iron.core.internal.StoreManagerBuilderImpl.build(StoreManagerBuilderImpl.java:86)
	at io.axway.iron.core.StoreManagerTest.shouldBuilderNotAcceptIncompleteConfiguration(StoreManagerTest.java:80)
	at sun.reflect.NativeMethodAccessorImpl.invoke0(Native Method)
	at java.lang.reflect.Method.invoke(Method.java:498)
	at org.apache.maven.surefire.testng.TestNGExecutor.run(TestNGExecutor.java:135)
	at org.apache.maven.surefire.testng.TestNGDirectoryTestSuite.executeMulti(TestNGDirectoryTestSuite.java:193)
	at org.apache.maven.surefire.testng.TestNGDirectoryTestSuite.execute(TestNGDirectoryTestSuite.java:94)
	at org.apache.maven.surefire.testng.TestNGProvider.invoke(TestNGProvider.java:146)
	at org.apache.maven.surefire.booter.ForkedBooter.invokeProviderInSameClassLoader(ForkedBooter.java:379)
	at org.apache.maven.surefire.booter.ForkedBooter.runSuitesInProcess(ForkedBooter.java:340)
	at org.apache.maven.surefire.booter.ForkedBooter.execute(ForkedBooter.java:125)
	at org.apache.maven.surefire.booter.ForkedBooter.main(ForkedBooter.java:413)
</pre></div></td>
<td>0</td>
<td>io.axway.iron.core.StoreManagerTest@4566e5bd</td></tr>
<tr>
<td title='io.axway.iron.core.StoreManagerTest.shouldBuilderNotAcceptIncompleteConfiguration()'><b>shouldBuilderNotAcceptIncompleteConfiguration</b><br>Test class: io.axway.iron.core.StoreManagerTest<br>Parameters: true, true, true, false</td>
<td><div><pre>io.axway.alf.exception.IllegalStateFormattedException: Transaction store factory has not been specified
	at io.axway.alf.assertion.Assertion.checkState(Assertion.java:26)
	at io.axway.iron.core.internal.StoreManagerBuilderImpl.build(StoreManagerBuilderImpl.java:84)
	at io.axway.iron.core.StoreManagerTest.shouldBuilderNotAcceptIncompleteConfiguration(StoreManagerTest.java:80)
... Removed 10 stack frames</pre></div><a href='#' onClick='toggleBox("stack-trace1902260856", this, "Click to show all stack frames", "Click to hide stack frames")'>Click to show all stack frames</a>
<div class='stack-trace' id='stack-trace1902260856'><pre>io.axway.alf.exception.IllegalStateFormattedException: Transaction store factory has not been specified
	at io.axway.alf.assertion.Assertion.checkState(Assertion.java:26)
	at io.axway.iron.core.internal.StoreManagerBuilderImpl.build(StoreManagerBuilderImpl.java:84)
	at io.axway.iron.core.StoreManagerTest.shouldBuilderNotAcceptIncompleteConfiguration(StoreManagerTest.java:80)
	at sun.reflect.NativeMethodAccessorImpl.invoke0(Native Method)
	at java.lang.reflect.Method.invoke(Method.java:498)
	at org.apache.maven.surefire.testng.TestNGExecutor.run(TestNGExecutor.java:135)
	at org.apache.maven.surefire.testng.TestNGDirectoryTestSuite.executeMulti(TestNGDirectoryTestSuite.java:193)
	at org.apache.maven.surefire.testng.TestNGDirectoryTestSuite.execute(TestNGDirectoryTestSuite.java:94)
	at org.apache.maven.surefire.testng.TestNGProvider.invoke(TestNGProvider.java:146)
	at org.apache.maven.surefire.booter.ForkedBooter.invokeProviderInSameClassLoader(ForkedBooter.java:379)
	at org.apache.maven.surefire.booter.ForkedBooter.runSuitesInProcess(ForkedBooter.java:340)
	at org.apache.maven.surefire.booter.ForkedBooter.execute(ForkedBooter.java:125)
	at org.apache.maven.surefire.booter.ForkedBooter.main(ForkedBooter.java:413)
</pre></div></td>
<td>0</td>
<td>io.axway.iron.core.StoreManagerTest@4566e5bd</td></tr>
<tr>
<td title='io.axway.iron.core.ModelDefinitionValidationTest.shouldFailOnInvalidCommand()'><b>shouldFailOnInvalidCommand</b><br>Test class: io.axway.iron.core.ModelDefinitionValidationTest<br>Parameters: class io.axway.iron.core.model.validation.command.InvalidNonInterfaceCommand</td>
<td><div><pre>io.axway.iron.error.InvalidModelException: Command class is not an interface {&quot;args&quot;: {&quot;commandClassName&quot;: &quot;io.axway.iron.core.model.validation.command.InvalidNonInterfaceCommand&quot;}}
	at io.axway.iron.core.internal.definition.InterfaceValidator.validate(InterfaceValidator.java:39)
	at io.axway.iron.core.internal.definition.command.CommandDefinitionBuilder.analyzeCommandClass(CommandDefinitionBuilder.java:36)
	at io.axway.iron.core.internal.StoreManagerBuilderImpl.lambda$buildCommandDefinitions$2(StoreManagerBuilderImpl.java:107)
	at java.lang.Iterable.forEach(Iterable.java:75)
	at io.axway.iron.core.internal.StoreManagerBuilderImpl.buildCommandDefinitions(StoreManagerBuilderImpl.java:107)
	at io.axway.iron.core.internal.StoreManagerBuilderImpl.build(StoreManagerBuilderImpl.java:96)
	at io.axway.iron.core.ModelDefinitionValidationTest.shouldFailOnInvalidCommand(ModelDefinitionValidationTest.java:180)
... Removed 10 stack frames</pre></div><a href='#' onClick='toggleBox("stack-trace1024429571", this, "Click to show all stack frames", "Click to hide stack frames")'>Click to show all stack frames</a>
<div class='stack-trace' id='stack-trace1024429571'><pre>io.axway.iron.error.InvalidModelException: Command class is not an interface {&quot;args&quot;: {&quot;commandClassName&quot;: &quot;io.axway.iron.core.model.validation.command.InvalidNonInterfaceCommand&quot;}}
	at io.axway.iron.core.internal.definition.InterfaceValidator.validate(InterfaceValidator.java:39)
	at io.axway.iron.core.internal.definition.command.CommandDefinitionBuilder.analyzeCommandClass(CommandDefinitionBuilder.java:36)
	at io.axway.iron.core.internal.StoreManagerBuilderImpl.lambda$buildCommandDefinitions$2(StoreManagerBuilderImpl.java:107)
	at java.lang.Iterable.forEach(Iterable.java:75)
	at io.axway.iron.core.internal.StoreManagerBuilderImpl.buildCommandDefinitions(StoreManagerBuilderImpl.java:107)
	at io.axway.iron.core.internal.StoreManagerBuilderImpl.build(StoreManagerBuilderImpl.java:96)
	at io.axway.iron.core.ModelDefinitionValidationTest.shouldFailOnInvalidCommand(ModelDefinitionValidationTest.java:180)
	at sun.reflect.NativeMethodAccessorImpl.invoke0(Native Method)
	at java.lang.reflect.Method.invoke(Method.java:498)
	at org.apache.maven.surefire.testng.TestNGExecutor.run(TestNGExecutor.java:135)
	at org.apache.maven.surefire.testng.TestNGDirectoryTestSuite.executeMulti(TestNGDirectoryTestSuite.java:193)
	at org.apache.maven.surefire.testng.TestNGDirectoryTestSuite.execute(TestNGDirectoryTestSuite.java:94)
	at org.apache.maven.surefire.testng.TestNGProvider.invoke(TestNGProvider.java:146)
	at org.apache.maven.surefire.booter.ForkedBooter.invokeProviderInSameClassLoader(ForkedBooter.java:379)
	at org.apache.maven.surefire.booter.ForkedBooter.runSuitesInProcess(ForkedBooter.java:340)
	at org.apache.maven.surefire.booter.ForkedBooter.execute(ForkedBooter.java:125)
	at org.apache.maven.surefire.booter.ForkedBooter.main(ForkedBooter.java:413)
</pre></div></td>
<td>0</td>
<td>io.axway.iron.core.ModelDefinitionValidationTest@1ed4004b</td></tr>
<tr>
<td title='io.axway.iron.core.ModelDefinitionValidationTest.shouldFailOnInvalidCommand()'><b>shouldFailOnInvalidCommand</b><br>Test class: io.axway.iron.core.ModelDefinitionValidationTest<br>Parameters: interface io.axway.iron.core.model.validation.command.InvalidNonPublicCommand</td>
<td><div><pre>io.axway.iron.error.InvalidModelException: Command interface is not public {&quot;args&quot;: {&quot;commandClassName&quot;: &quot;io.axway.iron.core.model.validation.command.InvalidNonPublicCommand&quot;}}
	at io.axway.iron.core.internal.definition.InterfaceValidator.validate(InterfaceValidator.java:43)
	at io.axway.iron.core.internal.definition.command.CommandDefinitionBuilder.analyzeCommandClass(CommandDefinitionBuilder.java:36)
	at io.axway.iron.core.internal.StoreManagerBuilderImpl.lambda$buildCommandDefinitions$2(StoreManagerBuilderImpl.java:107)
	at java.lang.Iterable.forEach(Iterable.java:75)
	at io.axway.iron.core.internal.StoreManagerBuilderImpl.buildCommandDefinitions(StoreManagerBuilderImpl.java:107)
	at io.axway.iron.core.internal.StoreManagerBuilderImpl.build(StoreManagerBuilderImpl.java:96)
	at io.axway.iron.core.ModelDefinitionValidationTest.shouldFailOnInvalidCommand(ModelDefinitionValidationTest.java:180)
... Removed 10 stack frames</pre></div><a href='#' onClick='toggleBox("stack-trace1138193439", this, "Click to show all stack frames", "Click to hide stack frames")'>Click to show all stack frames</a>
<div class='stack-trace' id='stack-trace1138193439'><pre>io.axway.iron.error.InvalidModelException: Command interface is not public {&quot;args&quot;: {&quot;commandClassName&quot;: &quot;io.axway.iron.core.model.validation.command.InvalidNonPublicCommand&quot;}}
	at io.axway.iron.core.internal.definition.InterfaceValidator.validate(InterfaceValidator.java:43)
	at io.axway.iron.core.internal.definition.command.CommandDefinitionBuilder.analyzeCommandClass(CommandDefinitionBuilder.java:36)
	at io.axway.iron.core.internal.StoreManagerBuilderImpl.lambda$buildCommandDefinitions$2(StoreManagerBuilderImpl.java:107)
	at java.lang.Iterable.forEach(Iterable.java:75)
	at io.axway.iron.core.internal.StoreManagerBuilderImpl.buildCommandDefinitions(StoreManagerBuilderImpl.java:107)
	at io.axway.iron.core.internal.StoreManagerBuilderImpl.build(StoreManagerBuilderImpl.java:96)
	at io.axway.iron.core.ModelDefinitionValidationTest.shouldFailOnInvalidCommand(ModelDefinitionValidationTest.java:180)
	at sun.reflect.NativeMethodAccessorImpl.invoke0(Native Method)
	at java.lang.reflect.Method.invoke(Method.java:498)
	at org.apache.maven.surefire.testng.TestNGExecutor.run(TestNGExecutor.java:135)
	at org.apache.maven.surefire.testng.TestNGDirectoryTestSuite.executeMulti(TestNGDirectoryTestSuite.java:193)
	at org.apache.maven.surefire.testng.TestNGDirectoryTestSuite.execute(TestNGDirectoryTestSuite.java:94)
	at org.apache.maven.surefire.testng.TestNGProvider.invoke(TestNGProvider.java:146)
	at org.apache.maven.surefire.booter.ForkedBooter.invokeProviderInSameClassLoader(ForkedBooter.java:379)
	at org.apache.maven.surefire.booter.ForkedBooter.runSuitesInProcess(ForkedBooter.java:340)
	at org.apache.maven.surefire.booter.ForkedBooter.execute(ForkedBooter.java:125)
	at org.apache.maven.surefire.booter.ForkedBooter.main(ForkedBooter.java:413)
</pre></div></td>
<td>0</td>
<td>io.axway.iron.core.ModelDefinitionValidationTest@1ed4004b</td></tr>
<tr>
<td title='io.axway.iron.core.ModelDefinitionValidationTest.shouldFailOnInvalidCommand()'><b>shouldFailOnInvalidCommand</b><br>Test class: io.axway.iron.core.ModelDefinitionValidationTest<br>Parameters: interface io.axway.iron.core.model.validation.command.InvalidNonExtendingCommandCommand</td>
<td><div><pre>io.axway.iron.error.InvalidModelException: Command class doesn&apos;t extends from Command interface {&quot;args&quot;: {&quot;commandClassName&quot;: &quot;io.axway.iron.core.model.validation.command.InvalidNonExtendingCommandCommand&quot;}}
	at io.axway.iron.core.internal.definition.command.CommandDefinitionBuilder$1.visitInterface(CommandDefinitionBuilder.java:41)
	at io.axway.iron.core.internal.definition.InterfaceValidator.validate(InterfaceValidator.java:46)
	at io.axway.iron.core.internal.definition.command.CommandDefinitionBuilder.analyzeCommandClass(CommandDefinitionBuilder.java:36)
	at io.axway.iron.core.internal.StoreManagerBuilderImpl.lambda$buildCommandDefinitions$2(StoreManagerBuilderImpl.java:107)
	at java.lang.Iterable.forEach(Iterable.java:75)
	at io.axway.iron.core.internal.StoreManagerBuilderImpl.buildCommandDefinitions(StoreManagerBuilderImpl.java:107)
	at io.axway.iron.core.internal.StoreManagerBuilderImpl.build(StoreManagerBuilderImpl.java:96)
	at io.axway.iron.core.ModelDefinitionValidationTest.shouldFailOnInvalidCommand(ModelDefinitionValidationTest.java:180)
... Removed 10 stack frames</pre></div><a href='#' onClick='toggleBox("stack-trace494586676", this, "Click to show all stack frames", "Click to hide stack frames")'>Click to show all stack frames</a>
<div class='stack-trace' id='stack-trace494586676'><pre>io.axway.iron.error.InvalidModelException: Command class doesn&apos;t extends from Command interface {&quot;args&quot;: {&quot;commandClassName&quot;: &quot;io.axway.iron.core.model.validation.command.InvalidNonExtendingCommandCommand&quot;}}
	at io.axway.iron.core.internal.definition.command.CommandDefinitionBuilder$1.visitInterface(CommandDefinitionBuilder.java:41)
	at io.axway.iron.core.internal.definition.InterfaceValidator.validate(InterfaceValidator.java:46)
	at io.axway.iron.core.internal.definition.command.CommandDefinitionBuilder.analyzeCommandClass(CommandDefinitionBuilder.java:36)
	at io.axway.iron.core.internal.StoreManagerBuilderImpl.lambda$buildCommandDefinitions$2(StoreManagerBuilderImpl.java:107)
	at java.lang.Iterable.forEach(Iterable.java:75)
	at io.axway.iron.core.internal.StoreManagerBuilderImpl.buildCommandDefinitions(StoreManagerBuilderImpl.java:107)
	at io.axway.iron.core.internal.StoreManagerBuilderImpl.build(StoreManagerBuilderImpl.java:96)
	at io.axway.iron.core.ModelDefinitionValidationTest.shouldFailOnInvalidCommand(ModelDefinitionValidationTest.java:180)
	at sun.reflect.NativeMethodAccessorImpl.invoke0(Native Method)
	at java.lang.reflect.Method.invoke(Method.java:498)
	at org.apache.maven.surefire.testng.TestNGExecutor.run(TestNGExecutor.java:135)
	at org.apache.maven.surefire.testng.TestNGDirectoryTestSuite.executeMulti(TestNGDirectoryTestSuite.java:193)
	at org.apache.maven.surefire.testng.TestNGDirectoryTestSuite.execute(TestNGDirectoryTestSuite.java:94)
	at org.apache.maven.surefire.testng.TestNGProvider.invoke(TestNGProvider.java:146)
	at org.apache.maven.surefire.booter.ForkedBooter.invokeProviderInSameClassLoader(ForkedBooter.java:379)
	at org.apache.maven.surefire.booter.ForkedBooter.runSuitesInProcess(ForkedBooter.java:340)
	at org.apache.maven.surefire.booter.ForkedBooter.execute(ForkedBooter.java:125)
	at org.apache.maven.surefire.booter.ForkedBooter.main(ForkedBooter.java:413)
</pre></div></td>
<td>0</td>
<td>io.axway.iron.core.ModelDefinitionValidationTest@1ed4004b</td></tr>
<tr>
<td title='io.axway.iron.core.ModelDefinitionValidationTest.shouldFailOnInvalidCommand()'><b>shouldFailOnInvalidCommand</b><br>Test class: io.axway.iron.core.ModelDefinitionValidationTest<br>Parameters: interface io.axway.iron.core.model.validation.command.InvalidInheritanceCommand</td>
<td><div><pre>io.axway.iron.error.InvalidModelException: Command extends others interface, which is not supported {&quot;args&quot;: {&quot;commandClassName&quot;: &quot;io.axway.iron.core.model.validation.command.InvalidInheritanceCommand&quot;}}
	at io.axway.iron.core.internal.definition.command.CommandDefinitionBuilder$1.visitInterface(CommandDefinitionBuilder.java:51)
	at io.axway.iron.core.internal.definition.InterfaceValidator.validate(InterfaceValidator.java:46)
	at io.axway.iron.core.internal.definition.command.CommandDefinitionBuilder.analyzeCommandClass(CommandDefinitionBuilder.java:36)
	at io.axway.iron.core.internal.StoreManagerBuilderImpl.lambda$buildCommandDefinitions$2(StoreManagerBuilderImpl.java:107)
	at java.lang.Iterable.forEach(Iterable.java:75)
	at io.axway.iron.core.internal.StoreManagerBuilderImpl.buildCommandDefinitions(StoreManagerBuilderImpl.java:107)
	at io.axway.iron.core.internal.StoreManagerBuilderImpl.build(StoreManagerBuilderImpl.java:96)
	at io.axway.iron.core.ModelDefinitionValidationTest.shouldFailOnInvalidCommand(ModelDefinitionValidationTest.java:180)
... Removed 10 stack frames</pre></div><a href='#' onClick='toggleBox("stack-trace79290965", this, "Click to show all stack frames", "Click to hide stack frames")'>Click to show all stack frames</a>
<div class='stack-trace' id='stack-trace79290965'><pre>io.axway.iron.error.InvalidModelException: Command extends others interface, which is not supported {&quot;args&quot;: {&quot;commandClassName&quot;: &quot;io.axway.iron.core.model.validation.command.InvalidInheritanceCommand&quot;}}
	at io.axway.iron.core.internal.definition.command.CommandDefinitionBuilder$1.visitInterface(CommandDefinitionBuilder.java:51)
	at io.axway.iron.core.internal.definition.InterfaceValidator.validate(InterfaceValidator.java:46)
	at io.axway.iron.core.internal.definition.command.CommandDefinitionBuilder.analyzeCommandClass(CommandDefinitionBuilder.java:36)
	at io.axway.iron.core.internal.StoreManagerBuilderImpl.lambda$buildCommandDefinitions$2(StoreManagerBuilderImpl.java:107)
	at java.lang.Iterable.forEach(Iterable.java:75)
	at io.axway.iron.core.internal.StoreManagerBuilderImpl.buildCommandDefinitions(StoreManagerBuilderImpl.java:107)
	at io.axway.iron.core.internal.StoreManagerBuilderImpl.build(StoreManagerBuilderImpl.java:96)
	at io.axway.iron.core.ModelDefinitionValidationTest.shouldFailOnInvalidCommand(ModelDefinitionValidationTest.java:180)
	at sun.reflect.NativeMethodAccessorImpl.invoke0(Native Method)
	at java.lang.reflect.Method.invoke(Method.java:498)
	at org.apache.maven.surefire.testng.TestNGExecutor.run(TestNGExecutor.java:135)
	at org.apache.maven.surefire.testng.TestNGDirectoryTestSuite.executeMulti(TestNGDirectoryTestSuite.java:193)
	at org.apache.maven.surefire.testng.TestNGDirectoryTestSuite.execute(TestNGDirectoryTestSuite.java:94)
	at org.apache.maven.surefire.testng.TestNGProvider.invoke(TestNGProvider.java:146)
	at org.apache.maven.surefire.booter.ForkedBooter.invokeProviderInSameClassLoader(ForkedBooter.java:379)
	at org.apache.maven.surefire.booter.ForkedBooter.runSuitesInProcess(ForkedBooter.java:340)
	at org.apache.maven.surefire.booter.ForkedBooter.execute(ForkedBooter.java:125)
	at org.apache.maven.surefire.booter.ForkedBooter.main(ForkedBooter.java:413)
</pre></div></td>
<td>0</td>
<td>io.axway.iron.core.ModelDefinitionValidationTest@1ed4004b</td></tr>
<tr>
<td title='io.axway.iron.core.ModelDefinitionValidationTest.shouldFailOnInvalidCommand()'><b>shouldFailOnInvalidCommand</b><br>Test class: io.axway.iron.core.ModelDefinitionValidationTest<br>Parameters: interface io.axway.iron.core.model.validation.command.InvalidMissingExecuteMethodCommand</td>
<td><div><pre>io.axway.iron.error.InvalidModelException: Command doesn&apos;t implements method execute(ReadWriteTransaction) {&quot;args&quot;: {&quot;commandClassName&quot;: &quot;io.axway.iron.core.model.validation.command.InvalidMissingExecuteMethodCommand&quot;}}
	at io.axway.iron.core.internal.definition.command.CommandDefinitionBuilder$1.visitInterface(CommandDefinitionBuilder.java:63)
	at io.axway.iron.core.internal.definition.InterfaceValidator.validate(InterfaceValidator.java:46)
	at io.axway.iron.core.internal.definition.command.CommandDefinitionBuilder.analyzeCommandClass(CommandDefinitionBuilder.java:36)
	at io.axway.iron.core.internal.StoreManagerBuilderImpl.lambda$buildCommandDefinitions$2(StoreManagerBuilderImpl.java:107)
	at java.lang.Iterable.forEach(Iterable.java:75)
	at io.axway.iron.core.internal.StoreManagerBuilderImpl.buildCommandDefinitions(StoreManagerBuilderImpl.java:107)
	at io.axway.iron.core.internal.StoreManagerBuilderImpl.build(StoreManagerBuilderImpl.java:96)
	at io.axway.iron.core.ModelDefinitionValidationTest.shouldFailOnInvalidCommand(ModelDefinitionValidationTest.java:180)
... Removed 10 stack frames</pre></div><a href='#' onClick='toggleBox("stack-trace450003680", this, "Click to show all stack frames", "Click to hide stack frames")'>Click to show all stack frames</a>
<div class='stack-trace' id='stack-trace450003680'><pre>io.axway.iron.error.InvalidModelException: Command doesn&apos;t implements method execute(ReadWriteTransaction) {&quot;args&quot;: {&quot;commandClassName&quot;: &quot;io.axway.iron.core.model.validation.command.InvalidMissingExecuteMethodCommand&quot;}}
	at io.axway.iron.core.internal.definition.command.CommandDefinitionBuilder$1.visitInterface(CommandDefinitionBuilder.java:63)
	at io.axway.iron.core.internal.definition.InterfaceValidator.validate(InterfaceValidator.java:46)
	at io.axway.iron.core.internal.definition.command.CommandDefinitionBuilder.analyzeCommandClass(CommandDefinitionBuilder.java:36)
	at io.axway.iron.core.internal.StoreManagerBuilderImpl.lambda$buildCommandDefinitions$2(StoreManagerBuilderImpl.java:107)
	at java.lang.Iterable.forEach(Iterable.java:75)
	at io.axway.iron.core.internal.StoreManagerBuilderImpl.buildCommandDefinitions(StoreManagerBuilderImpl.java:107)
	at io.axway.iron.core.internal.StoreManagerBuilderImpl.build(StoreManagerBuilderImpl.java:96)
	at io.axway.iron.core.ModelDefinitionValidationTest.shouldFailOnInvalidCommand(ModelDefinitionValidationTest.java:180)
	at sun.reflect.NativeMethodAccessorImpl.invoke0(Native Method)
	at java.lang.reflect.Method.invoke(Method.java:498)
	at org.apache.maven.surefire.testng.TestNGExecutor.run(TestNGExecutor.java:135)
	at org.apache.maven.surefire.testng.TestNGDirectoryTestSuite.executeMulti(TestNGDirectoryTestSuite.java:193)
	at org.apache.maven.surefire.testng.TestNGDirectoryTestSuite.execute(TestNGDirectoryTestSuite.java:94)
	at org.apache.maven.surefire.testng.TestNGProvider.invoke(TestNGProvider.java:146)
	at org.apache.maven.surefire.booter.ForkedBooter.invokeProviderInSameClassLoader(ForkedBooter.java:379)
	at org.apache.maven.surefire.booter.ForkedBooter.runSuitesInProcess(ForkedBooter.java:340)
	at org.apache.maven.surefire.booter.ForkedBooter.execute(ForkedBooter.java:125)
	at org.apache.maven.surefire.booter.ForkedBooter.main(ForkedBooter.java:413)
</pre></div></td>
<td>0</td>
<td>io.axway.iron.core.ModelDefinitionValidationTest@1ed4004b</td></tr>
<tr>
<td title='io.axway.iron.core.ModelDefinitionValidationTest.shouldFailOnInvalidCommand()'><b>shouldFailOnInvalidCommand</b><br>Test class: io.axway.iron.core.ModelDefinitionValidationTest<br>Parameters: interface io.axway.iron.core.model.validation.command.InvalidMissingExecuteMethodImplementationCommand</td>
<td><div><pre>io.axway.iron.error.InvalidModelException: Command doesn&apos;t provides a default implementation of method execute(ReadWriteTransaction) {&quot;args&quot;: {&quot;commandClassName&quot;: &quot;io.axway.iron.core.model.validation.command.InvalidMissingExecuteMethodImplementationCommand&quot;}}
	at io.axway.iron.core.internal.definition.command.CommandDefinitionBuilder$1.visitInterface(CommandDefinitionBuilder.java:68)
	at io.axway.iron.core.internal.definition.InterfaceValidator.validate(InterfaceValidator.java:46)
	at io.axway.iron.core.internal.definition.command.CommandDefinitionBuilder.analyzeCommandClass(CommandDefinitionBuilder.java:36)
	at io.axway.iron.core.internal.StoreManagerBuilderImpl.lambda$buildCommandDefinitions$2(StoreManagerBuilderImpl.java:107)
	at java.lang.Iterable.forEach(Iterable.java:75)
	at io.axway.iron.core.internal.StoreManagerBuilderImpl.buildCommandDefinitions(StoreManagerBuilderImpl.java:107)
	at io.axway.iron.core.internal.StoreManagerBuilderImpl.build(StoreManagerBuilderImpl.java:96)
	at io.axway.iron.core.ModelDefinitionValidationTest.shouldFailOnInvalidCommand(ModelDefinitionValidationTest.java:180)
... Removed 10 stack frames</pre></div><a href='#' onClick='toggleBox("stack-trace1356728614", this, "Click to show all stack frames", "Click to hide stack frames")'>Click to show all stack frames</a>
<div class='stack-trace' id='stack-trace1356728614'><pre>io.axway.iron.error.InvalidModelException: Command doesn&apos;t provides a default implementation of method execute(ReadWriteTransaction) {&quot;args&quot;: {&quot;commandClassName&quot;: &quot;io.axway.iron.core.model.validation.command.InvalidMissingExecuteMethodImplementationCommand&quot;}}
	at io.axway.iron.core.internal.definition.command.CommandDefinitionBuilder$1.visitInterface(CommandDefinitionBuilder.java:68)
	at io.axway.iron.core.internal.definition.InterfaceValidator.validate(InterfaceValidator.java:46)
	at io.axway.iron.core.internal.definition.command.CommandDefinitionBuilder.analyzeCommandClass(CommandDefinitionBuilder.java:36)
	at io.axway.iron.core.internal.StoreManagerBuilderImpl.lambda$buildCommandDefinitions$2(StoreManagerBuilderImpl.java:107)
	at java.lang.Iterable.forEach(Iterable.java:75)
	at io.axway.iron.core.internal.StoreManagerBuilderImpl.buildCommandDefinitions(StoreManagerBuilderImpl.java:107)
	at io.axway.iron.core.internal.StoreManagerBuilderImpl.build(StoreManagerBuilderImpl.java:96)
	at io.axway.iron.core.ModelDefinitionValidationTest.shouldFailOnInvalidCommand(ModelDefinitionValidationTest.java:180)
	at sun.reflect.NativeMethodAccessorImpl.invoke0(Native Method)
	at java.lang.reflect.Method.invoke(Method.java:498)
	at org.apache.maven.surefire.testng.TestNGExecutor.run(TestNGExecutor.java:135)
	at org.apache.maven.surefire.testng.TestNGDirectoryTestSuite.executeMulti(TestNGDirectoryTestSuite.java:193)
	at org.apache.maven.surefire.testng.TestNGDirectoryTestSuite.execute(TestNGDirectoryTestSuite.java:94)
	at org.apache.maven.surefire.testng.TestNGProvider.invoke(TestNGProvider.java:146)
	at org.apache.maven.surefire.booter.ForkedBooter.invokeProviderInSameClassLoader(ForkedBooter.java:379)
	at org.apache.maven.surefire.booter.ForkedBooter.runSuitesInProcess(ForkedBooter.java:340)
	at org.apache.maven.surefire.booter.ForkedBooter.execute(ForkedBooter.java:125)
	at org.apache.maven.surefire.booter.ForkedBooter.main(ForkedBooter.java:413)
</pre></div></td>
<td>0</td>
<td>io.axway.iron.core.ModelDefinitionValidationTest@1ed4004b</td></tr>
<tr>
<td title='io.axway.iron.core.ModelDefinitionValidationTest.shouldFailOnInvalidCommand()'><b>shouldFailOnInvalidCommand</b><br>Test class: io.axway.iron.core.ModelDefinitionValidationTest<br>Parameters: interface io.axway.iron.core.model.validation.command.InvalidMethodReservedNameCommand</td>
<td><div><pre>io.axway.iron.error.InvalidModelException: Command interface contains a forbidden method name {&quot;args&quot;: {&quot;commandClassName&quot;: &quot;io.axway.iron.core.model.validation.command.InvalidMethodReservedNameCommand&quot;, &quot;methodName&quot;: &quot;hashCode&quot;}}
	at io.axway.iron.core.internal.definition.InterfaceValidator.validate(InterfaceValidator.java:56)
	at io.axway.iron.core.internal.definition.command.CommandDefinitionBuilder.analyzeCommandClass(CommandDefinitionBuilder.java:36)
	at io.axway.iron.core.internal.StoreManagerBuilderImpl.lambda$buildCommandDefinitions$2(StoreManagerBuilderImpl.java:107)
	at java.lang.Iterable.forEach(Iterable.java:75)
	at io.axway.iron.core.internal.StoreManagerBuilderImpl.buildCommandDefinitions(StoreManagerBuilderImpl.java:107)
	at io.axway.iron.core.internal.StoreManagerBuilderImpl.build(StoreManagerBuilderImpl.java:96)
	at io.axway.iron.core.ModelDefinitionValidationTest.shouldFailOnInvalidCommand(ModelDefinitionValidationTest.java:180)
... Removed 10 stack frames</pre></div><a href='#' onClick='toggleBox("stack-trace230528013", this, "Click to show all stack frames", "Click to hide stack frames")'>Click to show all stack frames</a>
<div class='stack-trace' id='stack-trace230528013'><pre>io.axway.iron.error.InvalidModelException: Command interface contains a forbidden method name {&quot;args&quot;: {&quot;commandClassName&quot;: &quot;io.axway.iron.core.model.validation.command.InvalidMethodReservedNameCommand&quot;, &quot;methodName&quot;: &quot;hashCode&quot;}}
	at io.axway.iron.core.internal.definition.InterfaceValidator.validate(InterfaceValidator.java:56)
	at io.axway.iron.core.internal.definition.command.CommandDefinitionBuilder.analyzeCommandClass(CommandDefinitionBuilder.java:36)
	at io.axway.iron.core.internal.StoreManagerBuilderImpl.lambda$buildCommandDefinitions$2(StoreManagerBuilderImpl.java:107)
	at java.lang.Iterable.forEach(Iterable.java:75)
	at io.axway.iron.core.internal.StoreManagerBuilderImpl.buildCommandDefinitions(StoreManagerBuilderImpl.java:107)
	at io.axway.iron.core.internal.StoreManagerBuilderImpl.build(StoreManagerBuilderImpl.java:96)
	at io.axway.iron.core.ModelDefinitionValidationTest.shouldFailOnInvalidCommand(ModelDefinitionValidationTest.java:180)
	at sun.reflect.NativeMethodAccessorImpl.invoke0(Native Method)
	at java.lang.reflect.Method.invoke(Method.java:498)
	at org.apache.maven.surefire.testng.TestNGExecutor.run(TestNGExecutor.java:135)
	at org.apache.maven.surefire.testng.TestNGDirectoryTestSuite.executeMulti(TestNGDirectoryTestSuite.java:193)
	at org.apache.maven.surefire.testng.TestNGDirectoryTestSuite.execute(TestNGDirectoryTestSuite.java:94)
	at org.apache.maven.surefire.testng.TestNGProvider.invoke(TestNGProvider.java:146)
	at org.apache.maven.surefire.booter.ForkedBooter.invokeProviderInSameClassLoader(ForkedBooter.java:379)
	at org.apache.maven.surefire.booter.ForkedBooter.runSuitesInProcess(ForkedBooter.java:340)
	at org.apache.maven.surefire.booter.ForkedBooter.execute(ForkedBooter.java:125)
	at org.apache.maven.surefire.booter.ForkedBooter.main(ForkedBooter.java:413)
</pre></div></td>
<td>0</td>
<td>io.axway.iron.core.ModelDefinitionValidationTest@1ed4004b</td></tr>
<tr>
<td title='io.axway.iron.core.ModelDefinitionValidationTest.shouldFailOnInvalidCommand()'><b>shouldFailOnInvalidCommand</b><br>Test class: io.axway.iron.core.ModelDefinitionValidationTest<br>Parameters: interface io.axway.iron.core.model.validation.command.InvalidMethodReservedPrefixCommand</td>
<td><div><pre>io.axway.iron.error.InvalidModelException: Command interface contains a forbidden method name {&quot;args&quot;: {&quot;commandClassName&quot;: &quot;io.axway.iron.core.model.validation.command.InvalidMethodReservedPrefixCommand&quot;, &quot;methodName&quot;: &quot;__value&quot;}}
	at io.axway.iron.core.internal.definition.InterfaceValidator.validate(InterfaceValidator.java:56)
	at io.axway.iron.core.internal.definition.command.CommandDefinitionBuilder.analyzeCommandClass(CommandDefinitionBuilder.java:36)
	at io.axway.iron.core.internal.StoreManagerBuilderImpl.lambda$buildCommandDefinitions$2(StoreManagerBuilderImpl.java:107)
	at java.lang.Iterable.forEach(Iterable.java:75)
	at io.axway.iron.core.internal.StoreManagerBuilderImpl.buildCommandDefinitions(StoreManagerBuilderImpl.java:107)
	at io.axway.iron.core.internal.StoreManagerBuilderImpl.build(StoreManagerBuilderImpl.java:96)
	at io.axway.iron.core.ModelDefinitionValidationTest.shouldFailOnInvalidCommand(ModelDefinitionValidationTest.java:180)
... Removed 10 stack frames</pre></div><a href='#' onClick='toggleBox("stack-trace1822383117", this, "Click to show all stack frames", "Click to hide stack frames")'>Click to show all stack frames</a>
<div class='stack-trace' id='stack-trace1822383117'><pre>io.axway.iron.error.InvalidModelException: Command interface contains a forbidden method name {&quot;args&quot;: {&quot;commandClassName&quot;: &quot;io.axway.iron.core.model.validation.command.InvalidMethodReservedPrefixCommand&quot;, &quot;methodName&quot;: &quot;__value&quot;}}
	at io.axway.iron.core.internal.definition.InterfaceValidator.validate(InterfaceValidator.java:56)
	at io.axway.iron.core.internal.definition.command.CommandDefinitionBuilder.analyzeCommandClass(CommandDefinitionBuilder.java:36)
	at io.axway.iron.core.internal.StoreManagerBuilderImpl.lambda$buildCommandDefinitions$2(StoreManagerBuilderImpl.java:107)
	at java.lang.Iterable.forEach(Iterable.java:75)
	at io.axway.iron.core.internal.StoreManagerBuilderImpl.buildCommandDefinitions(StoreManagerBuilderImpl.java:107)
	at io.axway.iron.core.internal.StoreManagerBuilderImpl.build(StoreManagerBuilderImpl.java:96)
	at io.axway.iron.core.ModelDefinitionValidationTest.shouldFailOnInvalidCommand(ModelDefinitionValidationTest.java:180)
	at sun.reflect.NativeMethodAccessorImpl.invoke0(Native Method)
	at java.lang.reflect.Method.invoke(Method.java:498)
	at org.apache.maven.surefire.testng.TestNGExecutor.run(TestNGExecutor.java:135)
	at org.apache.maven.surefire.testng.TestNGDirectoryTestSuite.executeMulti(TestNGDirectoryTestSuite.java:193)
	at org.apache.maven.surefire.testng.TestNGDirectoryTestSuite.execute(TestNGDirectoryTestSuite.java:94)
	at org.apache.maven.surefire.testng.TestNGProvider.invoke(TestNGProvider.java:146)
	at org.apache.maven.surefire.booter.ForkedBooter.invokeProviderInSameClassLoader(ForkedBooter.java:379)
	at org.apache.maven.surefire.booter.ForkedBooter.runSuitesInProcess(ForkedBooter.java:340)
	at org.apache.maven.surefire.booter.ForkedBooter.execute(ForkedBooter.java:125)
	at org.apache.maven.surefire.booter.ForkedBooter.main(ForkedBooter.java:413)
</pre></div></td>
<td>0</td>
<td>io.axway.iron.core.ModelDefinitionValidationTest@1ed4004b</td></tr>
<tr>
<td title='io.axway.iron.core.ModelDefinitionValidationTest.shouldFailOnInvalidCommand()'><b>shouldFailOnInvalidCommand</b><br>Test class: io.axway.iron.core.ModelDefinitionValidationTest<br>Parameters: interface io.axway.iron.core.model.validation.command.InvalidNonnullAndNullableMethodCommand</td>
<td><div><pre>io.axway.iron.error.InvalidModelException: Command method cannot be both @Nonnull and @Nullable {&quot;args&quot;: {&quot;commandClassName&quot;: &quot;io.axway.iron.core.model.validation.command.InvalidNonnullAndNullableMethodCommand&quot;, &quot;methodName&quot;: &quot;value&quot;}}
	at io.axway.iron.core.internal.definition.InterfaceValidator.validate(InterfaceValidator.java:98)
	at io.axway.iron.core.internal.definition.command.CommandDefinitionBuilder.analyzeCommandClass(CommandDefinitionBuilder.java:36)
	at io.axway.iron.core.internal.StoreManagerBuilderImpl.lambda$buildCommandDefinitions$2(StoreManagerBuilderImpl.java:107)
	at java.lang.Iterable.forEach(Iterable.java:75)
	at io.axway.iron.core.internal.StoreManagerBuilderImpl.buildCommandDefinitions(StoreManagerBuilderImpl.java:107)
	at io.axway.iron.core.internal.StoreManagerBuilderImpl.build(StoreManagerBuilderImpl.java:96)
	at io.axway.iron.core.ModelDefinitionValidationTest.shouldFailOnInvalidCommand(ModelDefinitionValidationTest.java:180)
... Removed 10 stack frames</pre></div><a href='#' onClick='toggleBox("stack-trace1487470647", this, "Click to show all stack frames", "Click to hide stack frames")'>Click to show all stack frames</a>
<div class='stack-trace' id='stack-trace1487470647'><pre>io.axway.iron.error.InvalidModelException: Command method cannot be both @Nonnull and @Nullable {&quot;args&quot;: {&quot;commandClassName&quot;: &quot;io.axway.iron.core.model.validation.command.InvalidNonnullAndNullableMethodCommand&quot;, &quot;methodName&quot;: &quot;value&quot;}}
	at io.axway.iron.core.internal.definition.InterfaceValidator.validate(InterfaceValidator.java:98)
	at io.axway.iron.core.internal.definition.command.CommandDefinitionBuilder.analyzeCommandClass(CommandDefinitionBuilder.java:36)
	at io.axway.iron.core.internal.StoreManagerBuilderImpl.lambda$buildCommandDefinitions$2(StoreManagerBuilderImpl.java:107)
	at java.lang.Iterable.forEach(Iterable.java:75)
	at io.axway.iron.core.internal.StoreManagerBuilderImpl.buildCommandDefinitions(StoreManagerBuilderImpl.java:107)
	at io.axway.iron.core.internal.StoreManagerBuilderImpl.build(StoreManagerBuilderImpl.java:96)
	at io.axway.iron.core.ModelDefinitionValidationTest.shouldFailOnInvalidCommand(ModelDefinitionValidationTest.java:180)
	at sun.reflect.NativeMethodAccessorImpl.invoke0(Native Method)
	at java.lang.reflect.Method.invoke(Method.java:498)
	at org.apache.maven.surefire.testng.TestNGExecutor.run(TestNGExecutor.java:135)
	at org.apache.maven.surefire.testng.TestNGDirectoryTestSuite.executeMulti(TestNGDirectoryTestSuite.java:193)
	at org.apache.maven.surefire.testng.TestNGDirectoryTestSuite.execute(TestNGDirectoryTestSuite.java:94)
	at org.apache.maven.surefire.testng.TestNGProvider.invoke(TestNGProvider.java:146)
	at org.apache.maven.surefire.booter.ForkedBooter.invokeProviderInSameClassLoader(ForkedBooter.java:379)
	at org.apache.maven.surefire.booter.ForkedBooter.runSuitesInProcess(ForkedBooter.java:340)
	at org.apache.maven.surefire.booter.ForkedBooter.execute(ForkedBooter.java:125)
	at org.apache.maven.surefire.booter.ForkedBooter.main(ForkedBooter.java:413)
</pre></div></td>
<td>0</td>
<td>io.axway.iron.core.ModelDefinitionValidationTest@1ed4004b</td></tr>
<tr>
<td title='io.axway.iron.core.ModelDefinitionValidationTest.shouldFailOnInvalidCommand()'><b>shouldFailOnInvalidCommand</b><br>Test class: io.axway.iron.core.ModelDefinitionValidationTest<br>Parameters: interface io.axway.iron.core.model.validation.command.InvalidNonnullPrimitiveWrapperCommand</td>
<td><div><pre>io.axway.iron.error.InvalidModelException: Command attribute is not @Nullable but has a primitive wrapper datatype, primitive datatype must be used instead {&quot;args&quot;: {&quot;commandClassName&quot;: &quot;io.axway.iron.core.model.validation.command.InvalidNonnullPrimitiveWrapperCommand&quot;, &quot;methodName&quot;: &quot;value&quot;, &quot;dataType&quot;: &quot;java.lang.Integer&quot;, &quot;primitiveDataType&quot;: &quot;int&quot;}}
	at io.axway.iron.core.internal.definition.InterfaceValidator.validate(InterfaceValidator.java:121)
	at io.axway.iron.core.internal.definition.command.CommandDefinitionBuilder.analyzeCommandClass(CommandDefinitionBuilder.java:36)
	at io.axway.iron.core.internal.StoreManagerBuilderImpl.lambda$buildCommandDefinitions$2(StoreManagerBuilderImpl.java:107)
	at java.lang.Iterable.forEach(Iterable.java:75)
	at io.axway.iron.core.internal.StoreManagerBuilderImpl.buildCommandDefinitions(StoreManagerBuilderImpl.java:107)
	at io.axway.iron.core.internal.StoreManagerBuilderImpl.build(StoreManagerBuilderImpl.java:96)
	at io.axway.iron.core.ModelDefinitionValidationTest.shouldFailOnInvalidCommand(ModelDefinitionValidationTest.java:180)
... Removed 10 stack frames</pre></div><a href='#' onClick='toggleBox("stack-trace270397815", this, "Click to show all stack frames", "Click to hide stack frames")'>Click to show all stack frames</a>
<div class='stack-trace' id='stack-trace270397815'><pre>io.axway.iron.error.InvalidModelException: Command attribute is not @Nullable but has a primitive wrapper datatype, primitive datatype must be used instead {&quot;args&quot;: {&quot;commandClassName&quot;: &quot;io.axway.iron.core.model.validation.command.InvalidNonnullPrimitiveWrapperCommand&quot;, &quot;methodName&quot;: &quot;value&quot;, &quot;dataType&quot;: &quot;java.lang.Integer&quot;, &quot;primitiveDataType&quot;: &quot;int&quot;}}
	at io.axway.iron.core.internal.definition.InterfaceValidator.validate(InterfaceValidator.java:121)
	at io.axway.iron.core.internal.definition.command.CommandDefinitionBuilder.analyzeCommandClass(CommandDefinitionBuilder.java:36)
	at io.axway.iron.core.internal.StoreManagerBuilderImpl.lambda$buildCommandDefinitions$2(StoreManagerBuilderImpl.java:107)
	at java.lang.Iterable.forEach(Iterable.java:75)
	at io.axway.iron.core.internal.StoreManagerBuilderImpl.buildCommandDefinitions(StoreManagerBuilderImpl.java:107)
	at io.axway.iron.core.internal.StoreManagerBuilderImpl.build(StoreManagerBuilderImpl.java:96)
	at io.axway.iron.core.ModelDefinitionValidationTest.shouldFailOnInvalidCommand(ModelDefinitionValidationTest.java:180)
	at sun.reflect.NativeMethodAccessorImpl.invoke0(Native Method)
	at java.lang.reflect.Method.invoke(Method.java:498)
	at org.apache.maven.surefire.testng.TestNGExecutor.run(TestNGExecutor.java:135)
	at org.apache.maven.surefire.testng.TestNGDirectoryTestSuite.executeMulti(TestNGDirectoryTestSuite.java:193)
	at org.apache.maven.surefire.testng.TestNGDirectoryTestSuite.execute(TestNGDirectoryTestSuite.java:94)
	at org.apache.maven.surefire.testng.TestNGProvider.invoke(TestNGProvider.java:146)
	at org.apache.maven.surefire.booter.ForkedBooter.invokeProviderInSameClassLoader(ForkedBooter.java:379)
	at org.apache.maven.surefire.booter.ForkedBooter.runSuitesInProcess(ForkedBooter.java:340)
	at org.apache.maven.surefire.booter.ForkedBooter.execute(ForkedBooter.java:125)
	at org.apache.maven.surefire.booter.ForkedBooter.main(ForkedBooter.java:413)
</pre></div></td>
<td>0</td>
<td>io.axway.iron.core.ModelDefinitionValidationTest@1ed4004b</td></tr>
<tr>
<td title='io.axway.iron.core.ModelDefinitionValidationTest.shouldFailOnInvalidCommand()'><b>shouldFailOnInvalidCommand</b><br>Test class: io.axway.iron.core.ModelDefinitionValidationTest<br>Parameters: interface io.axway.iron.core.model.validation.command.InvalidNullablePrimitiveCommand</td>
<td><div><pre>io.axway.iron.error.InvalidModelException: Command attribute is @Nullable but has a primitive datatype that cannot be null {&quot;args&quot;: {&quot;commandClassName&quot;: &quot;io.axway.iron.core.model.validation.command.InvalidNullablePrimitiveCommand&quot;, &quot;methodName&quot;: &quot;value&quot;, &quot;dataType&quot;: &quot;int&quot;}}
	at io.axway.iron.core.internal.definition.InterfaceValidator.validate(InterfaceValidator.java:114)
	at io.axway.iron.core.internal.definition.command.CommandDefinitionBuilder.analyzeCommandClass(CommandDefinitionBuilder.java:36)
	at io.axway.iron.core.internal.StoreManagerBuilderImpl.lambda$buildCommandDefinitions$2(StoreManagerBuilderImpl.java:107)
	at java.lang.Iterable.forEach(Iterable.java:75)
	at io.axway.iron.core.internal.StoreManagerBuilderImpl.buildCommandDefinitions(StoreManagerBuilderImpl.java:107)
	at io.axway.iron.core.internal.StoreManagerBuilderImpl.build(StoreManagerBuilderImpl.java:96)
	at io.axway.iron.core.ModelDefinitionValidationTest.shouldFailOnInvalidCommand(ModelDefinitionValidationTest.java:180)
... Removed 10 stack frames</pre></div><a href='#' onClick='toggleBox("stack-trace2007331442", this, "Click to show all stack frames", "Click to hide stack frames")'>Click to show all stack frames</a>
<div class='stack-trace' id='stack-trace2007331442'><pre>io.axway.iron.error.InvalidModelException: Command attribute is @Nullable but has a primitive datatype that cannot be null {&quot;args&quot;: {&quot;commandClassName&quot;: &quot;io.axway.iron.core.model.validation.command.InvalidNullablePrimitiveCommand&quot;, &quot;methodName&quot;: &quot;value&quot;, &quot;dataType&quot;: &quot;int&quot;}}
	at io.axway.iron.core.internal.definition.InterfaceValidator.validate(InterfaceValidator.java:114)
	at io.axway.iron.core.internal.definition.command.CommandDefinitionBuilder.analyzeCommandClass(CommandDefinitionBuilder.java:36)
	at io.axway.iron.core.internal.StoreManagerBuilderImpl.lambda$buildCommandDefinitions$2(StoreManagerBuilderImpl.java:107)
	at java.lang.Iterable.forEach(Iterable.java:75)
	at io.axway.iron.core.internal.StoreManagerBuilderImpl.buildCommandDefinitions(StoreManagerBuilderImpl.java:107)
	at io.axway.iron.core.internal.StoreManagerBuilderImpl.build(StoreManagerBuilderImpl.java:96)
	at io.axway.iron.core.ModelDefinitionValidationTest.shouldFailOnInvalidCommand(ModelDefinitionValidationTest.java:180)
	at sun.reflect.NativeMethodAccessorImpl.invoke0(Native Method)
	at java.lang.reflect.Method.invoke(Method.java:498)
	at org.apache.maven.surefire.testng.TestNGExecutor.run(TestNGExecutor.java:135)
	at org.apache.maven.surefire.testng.TestNGDirectoryTestSuite.executeMulti(TestNGDirectoryTestSuite.java:193)
	at org.apache.maven.surefire.testng.TestNGDirectoryTestSuite.execute(TestNGDirectoryTestSuite.java:94)
	at org.apache.maven.surefire.testng.TestNGProvider.invoke(TestNGProvider.java:146)
	at org.apache.maven.surefire.booter.ForkedBooter.invokeProviderInSameClassLoader(ForkedBooter.java:379)
	at org.apache.maven.surefire.booter.ForkedBooter.runSuitesInProcess(ForkedBooter.java:340)
	at org.apache.maven.surefire.booter.ForkedBooter.execute(ForkedBooter.java:125)
	at org.apache.maven.surefire.booter.ForkedBooter.main(ForkedBooter.java:413)
</pre></div></td>
<td>0</td>
<td>io.axway.iron.core.ModelDefinitionValidationTest@1ed4004b</td></tr>
<tr>
<td title='io.axway.iron.core.ModelDefinitionValidationTest.shouldFailOnInvalidCommand()'><b>shouldFailOnInvalidCommand</b><br>Test class: io.axway.iron.core.ModelDefinitionValidationTest<br>Parameters: interface io.axway.iron.core.model.validation.command.InvalidNullableCollectionCommand</td>
<td><div><pre>io.axway.iron.error.InvalidModelException: Command relation is a multiple relation that cannot be @Nullable {&quot;args&quot;: {&quot;commandClassName&quot;: &quot;io.axway.iron.core.model.validation.command.InvalidNullableCollectionCommand&quot;, &quot;methodName&quot;: &quot;ids&quot;}}
	at io.axway.iron.core.internal.definition.InterfaceValidator.validate(InterfaceValidator.java:105)
	at io.axway.iron.core.internal.definition.command.CommandDefinitionBuilder.analyzeCommandClass(CommandDefinitionBuilder.java:36)
	at io.axway.iron.core.internal.StoreManagerBuilderImpl.lambda$buildCommandDefinitions$2(StoreManagerBuilderImpl.java:107)
	at java.lang.Iterable.forEach(Iterable.java:75)
	at io.axway.iron.core.internal.StoreManagerBuilderImpl.buildCommandDefinitions(StoreManagerBuilderImpl.java:107)
	at io.axway.iron.core.internal.StoreManagerBuilderImpl.build(StoreManagerBuilderImpl.java:96)
	at io.axway.iron.core.ModelDefinitionValidationTest.shouldFailOnInvalidCommand(ModelDefinitionValidationTest.java:180)
... Removed 10 stack frames</pre></div><a href='#' onClick='toggleBox("stack-trace843467284", this, "Click to show all stack frames", "Click to hide stack frames")'>Click to show all stack frames</a>
<div class='stack-trace' id='stack-trace843467284'><pre>io.axway.iron.error.InvalidModelException: Command relation is a multiple relation that cannot be @Nullable {&quot;args&quot;: {&quot;commandClassName&quot;: &quot;io.axway.iron.core.model.validation.command.InvalidNullableCollectionCommand&quot;, &quot;methodName&quot;: &quot;ids&quot;}}
	at io.axway.iron.core.internal.definition.InterfaceValidator.validate(InterfaceValidator.java:105)
	at io.axway.iron.core.internal.definition.command.CommandDefinitionBuilder.analyzeCommandClass(CommandDefinitionBuilder.java:36)
	at io.axway.iron.core.internal.StoreManagerBuilderImpl.lambda$buildCommandDefinitions$2(StoreManagerBuilderImpl.java:107)
	at java.lang.Iterable.forEach(Iterable.java:75)
	at io.axway.iron.core.internal.StoreManagerBuilderImpl.buildCommandDefinitions(StoreManagerBuilderImpl.java:107)
	at io.axway.iron.core.internal.StoreManagerBuilderImpl.build(StoreManagerBuilderImpl.java:96)
	at io.axway.iron.core.ModelDefinitionValidationTest.shouldFailOnInvalidCommand(ModelDefinitionValidationTest.java:180)
	at sun.reflect.NativeMethodAccessorImpl.invoke0(Native Method)
	at java.lang.reflect.Method.invoke(Method.java:498)
	at org.apache.maven.surefire.testng.TestNGExecutor.run(TestNGExecutor.java:135)
	at org.apache.maven.surefire.testng.TestNGDirectoryTestSuite.executeMulti(TestNGDirectoryTestSuite.java:193)
	at org.apache.maven.surefire.testng.TestNGDirectoryTestSuite.execute(TestNGDirectoryTestSuite.java:94)
	at org.apache.maven.surefire.testng.TestNGProvider.invoke(TestNGProvider.java:146)
	at org.apache.maven.surefire.booter.ForkedBooter.invokeProviderInSameClassLoader(ForkedBooter.java:379)
	at org.apache.maven.surefire.booter.ForkedBooter.runSuitesInProcess(ForkedBooter.java:340)
	at org.apache.maven.surefire.booter.ForkedBooter.execute(ForkedBooter.java:125)
	at org.apache.maven.surefire.booter.ForkedBooter.main(ForkedBooter.java:413)
</pre></div></td>
<td>0</td>
<td>io.axway.iron.core.ModelDefinitionValidationTest@1ed4004b</td></tr>
<tr>
<td title='io.axway.iron.core.ModelDefinitionValidationTest.shouldFailOnInvalidCommand()'><b>shouldFailOnInvalidCommand</b><br>Test class: io.axway.iron.core.ModelDefinitionValidationTest<br>Parameters: interface io.axway.iron.core.model.validation.command.InvalidTransientNonImplementedMethodCommand</td>
<td><div><pre>io.axway.iron.error.InvalidModelException: Command method is @Transient but has no default implementation {&quot;args&quot;: {&quot;commandClassName&quot;: &quot;io.axway.iron.core.model.validation.command.InvalidTransientNonImplementedMethodCommand&quot;, &quot;methodName&quot;: &quot;value2&quot;}}
	at io.axway.iron.core.internal.definition.InterfaceValidator.validate(InterfaceValidator.java:75)
	at io.axway.iron.core.internal.definition.command.CommandDefinitionBuilder.analyzeCommandClass(CommandDefinitionBuilder.java:36)
	at io.axway.iron.core.internal.StoreManagerBuilderImpl.lambda$buildCommandDefinitions$2(StoreManagerBuilderImpl.java:107)
	at java.lang.Iterable.forEach(Iterable.java:75)
	at io.axway.iron.core.internal.StoreManagerBuilderImpl.buildCommandDefinitions(StoreManagerBuilderImpl.java:107)
	at io.axway.iron.core.internal.StoreManagerBuilderImpl.build(StoreManagerBuilderImpl.java:96)
	at io.axway.iron.core.ModelDefinitionValidationTest.shouldFailOnInvalidCommand(ModelDefinitionValidationTest.java:180)
... Removed 10 stack frames</pre></div><a href='#' onClick='toggleBox("stack-trace124407148", this, "Click to show all stack frames", "Click to hide stack frames")'>Click to show all stack frames</a>
<div class='stack-trace' id='stack-trace124407148'><pre>io.axway.iron.error.InvalidModelException: Command method is @Transient but has no default implementation {&quot;args&quot;: {&quot;commandClassName&quot;: &quot;io.axway.iron.core.model.validation.command.InvalidTransientNonImplementedMethodCommand&quot;, &quot;methodName&quot;: &quot;value2&quot;}}
	at io.axway.iron.core.internal.definition.InterfaceValidator.validate(InterfaceValidator.java:75)
	at io.axway.iron.core.internal.definition.command.CommandDefinitionBuilder.analyzeCommandClass(CommandDefinitionBuilder.java:36)
	at io.axway.iron.core.internal.StoreManagerBuilderImpl.lambda$buildCommandDefinitions$2(StoreManagerBuilderImpl.java:107)
	at java.lang.Iterable.forEach(Iterable.java:75)
	at io.axway.iron.core.internal.StoreManagerBuilderImpl.buildCommandDefinitions(StoreManagerBuilderImpl.java:107)
	at io.axway.iron.core.internal.StoreManagerBuilderImpl.build(StoreManagerBuilderImpl.java:96)
	at io.axway.iron.core.ModelDefinitionValidationTest.shouldFailOnInvalidCommand(ModelDefinitionValidationTest.java:180)
	at sun.reflect.NativeMethodAccessorImpl.invoke0(Native Method)
	at java.lang.reflect.Method.invoke(Method.java:498)
	at org.apache.maven.surefire.testng.TestNGExecutor.run(TestNGExecutor.java:135)
	at org.apache.maven.surefire.testng.TestNGDirectoryTestSuite.executeMulti(TestNGDirectoryTestSuite.java:193)
	at org.apache.maven.surefire.testng.TestNGDirectoryTestSuite.execute(TestNGDirectoryTestSuite.java:94)
	at org.apache.maven.surefire.testng.TestNGProvider.invoke(TestNGProvider.java:146)
	at org.apache.maven.surefire.booter.ForkedBooter.invokeProviderInSameClassLoader(ForkedBooter.java:379)
	at org.apache.maven.surefire.booter.ForkedBooter.runSuitesInProcess(ForkedBooter.java:340)
	at org.apache.maven.surefire.booter.ForkedBooter.execute(ForkedBooter.java:125)
	at org.apache.maven.surefire.booter.ForkedBooter.main(ForkedBooter.java:413)
</pre></div></td>
<td>0</td>
<td>io.axway.iron.core.ModelDefinitionValidationTest@1ed4004b</td></tr>
<tr>
<td title='io.axway.iron.core.ModelDefinitionValidationTest.shouldFailOnInvalidCommand()'><b>shouldFailOnInvalidCommand</b><br>Test class: io.axway.iron.core.ModelDefinitionValidationTest<br>Parameters: interface io.axway.iron.core.model.validation.command.InvalidMethodWithArgsCommand</td>
<td><div><pre>io.axway.iron.error.InvalidModelException: Command method has parameters, only no parameters methods are supported {&quot;args&quot;: {&quot;commandClassName&quot;: &quot;io.axway.iron.core.model.validation.command.InvalidMethodWithArgsCommand&quot;, &quot;methodName&quot;: &quot;value&quot;}}
	at io.axway.iron.core.internal.definition.InterfaceValidator.validate(InterfaceValidator.java:81)
	at io.axway.iron.core.internal.definition.command.CommandDefinitionBuilder.analyzeCommandClass(CommandDefinitionBuilder.java:36)
	at io.axway.iron.core.internal.StoreManagerBuilderImpl.lambda$buildCommandDefinitions$2(StoreManagerBuilderImpl.java:107)
	at java.lang.Iterable.forEach(Iterable.java:75)
	at io.axway.iron.core.internal.StoreManagerBuilderImpl.buildCommandDefinitions(StoreManagerBuilderImpl.java:107)
	at io.axway.iron.core.internal.StoreManagerBuilderImpl.build(StoreManagerBuilderImpl.java:96)
	at io.axway.iron.core.ModelDefinitionValidationTest.shouldFailOnInvalidCommand(ModelDefinitionValidationTest.java:180)
... Removed 10 stack frames</pre></div><a href='#' onClick='toggleBox("stack-trace1738236591", this, "Click to show all stack frames", "Click to hide stack frames")'>Click to show all stack frames</a>
<div class='stack-trace' id='stack-trace1738236591'><pre>io.axway.iron.error.InvalidModelException: Command method has parameters, only no parameters methods are supported {&quot;args&quot;: {&quot;commandClassName&quot;: &quot;io.axway.iron.core.model.validation.command.InvalidMethodWithArgsCommand&quot;, &quot;methodName&quot;: &quot;value&quot;}}
	at io.axway.iron.core.internal.definition.InterfaceValidator.validate(InterfaceValidator.java:81)
	at io.axway.iron.core.internal.definition.command.CommandDefinitionBuilder.analyzeCommandClass(CommandDefinitionBuilder.java:36)
	at io.axway.iron.core.internal.StoreManagerBuilderImpl.lambda$buildCommandDefinitions$2(StoreManagerBuilderImpl.java:107)
	at java.lang.Iterable.forEach(Iterable.java:75)
	at io.axway.iron.core.internal.StoreManagerBuilderImpl.buildCommandDefinitions(StoreManagerBuilderImpl.java:107)
	at io.axway.iron.core.internal.StoreManagerBuilderImpl.build(StoreManagerBuilderImpl.java:96)
	at io.axway.iron.core.ModelDefinitionValidationTest.shouldFailOnInvalidCommand(ModelDefinitionValidationTest.java:180)
	at sun.reflect.NativeMethodAccessorImpl.invoke0(Native Method)
	at java.lang.reflect.Method.invoke(Method.java:498)
	at org.apache.maven.surefire.testng.TestNGExecutor.run(TestNGExecutor.java:135)
	at org.apache.maven.surefire.testng.TestNGDirectoryTestSuite.executeMulti(TestNGDirectoryTestSuite.java:193)
	at org.apache.maven.surefire.testng.TestNGDirectoryTestSuite.execute(TestNGDirectoryTestSuite.java:94)
	at org.apache.maven.surefire.testng.TestNGProvider.invoke(TestNGProvider.java:146)
	at org.apache.maven.surefire.booter.ForkedBooter.invokeProviderInSameClassLoader(ForkedBooter.java:379)
	at org.apache.maven.surefire.booter.ForkedBooter.runSuitesInProcess(ForkedBooter.java:340)
	at org.apache.maven.surefire.booter.ForkedBooter.execute(ForkedBooter.java:125)
	at org.apache.maven.surefire.booter.ForkedBooter.main(ForkedBooter.java:413)
</pre></div></td>
<td>0</td>
<td>io.axway.iron.core.ModelDefinitionValidationTest@1ed4004b</td></tr>
<tr>
<td title='io.axway.iron.core.ModelDefinitionValidationTest.shouldFailOnInvalidCommand()'><b>shouldFailOnInvalidCommand</b><br>Test class: io.axway.iron.core.ModelDefinitionValidationTest<br>Parameters: interface io.axway.iron.core.model.validation.command.InvalidMethodWithExceptionsCommand</td>
<td><div><pre>io.axway.iron.error.InvalidModelException: Command method must not declare exceptions {&quot;args&quot;: {&quot;commandClassName&quot;: &quot;io.axway.iron.core.model.validation.command.InvalidMethodWithExceptionsCommand&quot;, &quot;methodName&quot;: &quot;value&quot;}}
	at io.axway.iron.core.internal.definition.InterfaceValidator.validate(InterfaceValidator.java:85)
	at io.axway.iron.core.internal.definition.command.CommandDefinitionBuilder.analyzeCommandClass(CommandDefinitionBuilder.java:36)
	at io.axway.iron.core.internal.StoreManagerBuilderImpl.lambda$buildCommandDefinitions$2(StoreManagerBuilderImpl.java:107)
	at java.lang.Iterable.forEach(Iterable.java:75)
	at io.axway.iron.core.internal.StoreManagerBuilderImpl.buildCommandDefinitions(StoreManagerBuilderImpl.java:107)
	at io.axway.iron.core.internal.StoreManagerBuilderImpl.build(StoreManagerBuilderImpl.java:96)
	at io.axway.iron.core.ModelDefinitionValidationTest.shouldFailOnInvalidCommand(ModelDefinitionValidationTest.java:180)
... Removed 10 stack frames</pre></div><a href='#' onClick='toggleBox("stack-trace2040352617", this, "Click to show all stack frames", "Click to hide stack frames")'>Click to show all stack frames</a>
<div class='stack-trace' id='stack-trace2040352617'><pre>io.axway.iron.error.InvalidModelException: Command method must not declare exceptions {&quot;args&quot;: {&quot;commandClassName&quot;: &quot;io.axway.iron.core.model.validation.command.InvalidMethodWithExceptionsCommand&quot;, &quot;methodName&quot;: &quot;value&quot;}}
	at io.axway.iron.core.internal.definition.InterfaceValidator.validate(InterfaceValidator.java:85)
	at io.axway.iron.core.internal.definition.command.CommandDefinitionBuilder.analyzeCommandClass(CommandDefinitionBuilder.java:36)
	at io.axway.iron.core.internal.StoreManagerBuilderImpl.lambda$buildCommandDefinitions$2(StoreManagerBuilderImpl.java:107)
	at java.lang.Iterable.forEach(Iterable.java:75)
	at io.axway.iron.core.internal.StoreManagerBuilderImpl.buildCommandDefinitions(StoreManagerBuilderImpl.java:107)
	at io.axway.iron.core.internal.StoreManagerBuilderImpl.build(StoreManagerBuilderImpl.java:96)
	at io.axway.iron.core.ModelDefinitionValidationTest.shouldFailOnInvalidCommand(ModelDefinitionValidationTest.java:180)
	at sun.reflect.NativeMethodAccessorImpl.invoke0(Native Method)
	at java.lang.reflect.Method.invoke(Method.java:498)
	at org.apache.maven.surefire.testng.TestNGExecutor.run(TestNGExecutor.java:135)
	at org.apache.maven.surefire.testng.TestNGDirectoryTestSuite.executeMulti(TestNGDirectoryTestSuite.java:193)
	at org.apache.maven.surefire.testng.TestNGDirectoryTestSuite.execute(TestNGDirectoryTestSuite.java:94)
	at org.apache.maven.surefire.testng.TestNGProvider.invoke(TestNGProvider.java:146)
	at org.apache.maven.surefire.booter.ForkedBooter.invokeProviderInSameClassLoader(ForkedBooter.java:379)
	at org.apache.maven.surefire.booter.ForkedBooter.runSuitesInProcess(ForkedBooter.java:340)
	at org.apache.maven.surefire.booter.ForkedBooter.execute(ForkedBooter.java:125)
	at org.apache.maven.surefire.booter.ForkedBooter.main(ForkedBooter.java:413)
</pre></div></td>
<td>0</td>
<td>io.axway.iron.core.ModelDefinitionValidationTest@1ed4004b</td></tr>
<tr>
<td title='io.axway.iron.core.ModelDefinitionValidationTest.shouldFailOnInvalidCommand()'><b>shouldFailOnInvalidCommand</b><br>Test class: io.axway.iron.core.ModelDefinitionValidationTest<br>Parameters: interface io.axway.iron.core.model.validation.command.InvalidMethodVoidCommand</td>
<td><div><pre>io.axway.iron.error.InvalidModelException: Command method is a void method, only non void methods are supported {&quot;args&quot;: {&quot;commandClassName&quot;: &quot;io.axway.iron.core.model.validation.command.InvalidMethodVoidCommand&quot;, &quot;methodName&quot;: &quot;value&quot;}}
	at io.axway.iron.core.internal.definition.InterfaceValidator.validate(InterfaceValidator.java:91)
	at io.axway.iron.core.internal.definition.command.CommandDefinitionBuilder.analyzeCommandClass(CommandDefinitionBuilder.java:36)
	at io.axway.iron.core.internal.StoreManagerBuilderImpl.lambda$buildCommandDefinitions$2(StoreManagerBuilderImpl.java:107)
	at java.lang.Iterable.forEach(Iterable.java:75)
	at io.axway.iron.core.internal.StoreManagerBuilderImpl.buildCommandDefinitions(StoreManagerBuilderImpl.java:107)
	at io.axway.iron.core.internal.StoreManagerBuilderImpl.build(StoreManagerBuilderImpl.java:96)
	at io.axway.iron.core.ModelDefinitionValidationTest.shouldFailOnInvalidCommand(ModelDefinitionValidationTest.java:180)
... Removed 10 stack frames</pre></div><a href='#' onClick='toggleBox("stack-trace756185697", this, "Click to show all stack frames", "Click to hide stack frames")'>Click to show all stack frames</a>
<div class='stack-trace' id='stack-trace756185697'><pre>io.axway.iron.error.InvalidModelException: Command method is a void method, only non void methods are supported {&quot;args&quot;: {&quot;commandClassName&quot;: &quot;io.axway.iron.core.model.validation.command.InvalidMethodVoidCommand&quot;, &quot;methodName&quot;: &quot;value&quot;}}
	at io.axway.iron.core.internal.definition.InterfaceValidator.validate(InterfaceValidator.java:91)
	at io.axway.iron.core.internal.definition.command.CommandDefinitionBuilder.analyzeCommandClass(CommandDefinitionBuilder.java:36)
	at io.axway.iron.core.internal.StoreManagerBuilderImpl.lambda$buildCommandDefinitions$2(StoreManagerBuilderImpl.java:107)
	at java.lang.Iterable.forEach(Iterable.java:75)
	at io.axway.iron.core.internal.StoreManagerBuilderImpl.buildCommandDefinitions(StoreManagerBuilderImpl.java:107)
	at io.axway.iron.core.internal.StoreManagerBuilderImpl.build(StoreManagerBuilderImpl.java:96)
	at io.axway.iron.core.ModelDefinitionValidationTest.shouldFailOnInvalidCommand(ModelDefinitionValidationTest.java:180)
	at sun.reflect.NativeMethodAccessorImpl.invoke0(Native Method)
	at java.lang.reflect.Method.invoke(Method.java:498)
	at org.apache.maven.surefire.testng.TestNGExecutor.run(TestNGExecutor.java:135)
	at org.apache.maven.surefire.testng.TestNGDirectoryTestSuite.executeMulti(TestNGDirectoryTestSuite.java:193)
	at org.apache.maven.surefire.testng.TestNGDirectoryTestSuite.execute(TestNGDirectoryTestSuite.java:94)
	at org.apache.maven.surefire.testng.TestNGProvider.invoke(TestNGProvider.java:146)
	at org.apache.maven.surefire.booter.ForkedBooter.invokeProviderInSameClassLoader(ForkedBooter.java:379)
	at org.apache.maven.surefire.booter.ForkedBooter.runSuitesInProcess(ForkedBooter.java:340)
	at org.apache.maven.surefire.booter.ForkedBooter.execute(ForkedBooter.java:125)
	at org.apache.maven.surefire.booter.ForkedBooter.main(ForkedBooter.java:413)
</pre></div></td>
<td>0</td>
<td>io.axway.iron.core.ModelDefinitionValidationTest@1ed4004b</td></tr>
<tr>
<td title='io.axway.iron.core.ModelDefinitionValidationTest.shouldFailOnInvalidCommand()'><b>shouldFailOnInvalidCommand</b><br>Test class: io.axway.iron.core.ModelDefinitionValidationTest<br>Parameters: interface io.axway.iron.core.model.validation.command.InvalidMethodIdCommand</td>
<td><div><pre>io.axway.iron.error.InvalidModelException: Command method cannot be annotated with @Id {&quot;args&quot;: {&quot;commandClassName&quot;: &quot;io.axway.iron.core.model.validation.command.InvalidMethodIdCommand&quot;, &quot;methodName&quot;: &quot;value&quot;}}
	at io.axway.iron.core.internal.definition.command.CommandDefinitionBuilder$1.visitMethod(CommandDefinitionBuilder.java:99)
	at io.axway.iron.core.internal.definition.InterfaceValidator.validate(InterfaceValidator.java:133)
	at io.axway.iron.core.internal.definition.command.CommandDefinitionBuilder.analyzeCommandClass(CommandDefinitionBuilder.java:36)
	at io.axway.iron.core.internal.StoreManagerBuilderImpl.lambda$buildCommandDefinitions$2(StoreManagerBuilderImpl.java:107)
	at java.lang.Iterable.forEach(Iterable.java:75)
	at io.axway.iron.core.internal.StoreManagerBuilderImpl.buildCommandDefinitions(StoreManagerBuilderImpl.java:107)
	at io.axway.iron.core.internal.StoreManagerBuilderImpl.build(StoreManagerBuilderImpl.java:96)
	at io.axway.iron.core.ModelDefinitionValidationTest.shouldFailOnInvalidCommand(ModelDefinitionValidationTest.java:180)
... Removed 9 stack frames</pre></div><a href='#' onClick='toggleBox("stack-trace1312884893", this, "Click to show all stack frames", "Click to hide stack frames")'>Click to show all stack frames</a>
<div class='stack-trace' id='stack-trace1312884893'><pre>io.axway.iron.error.InvalidModelException: Command method cannot be annotated with @Id {&quot;args&quot;: {&quot;commandClassName&quot;: &quot;io.axway.iron.core.model.validation.command.InvalidMethodIdCommand&quot;, &quot;methodName&quot;: &quot;value&quot;}}
	at io.axway.iron.core.internal.definition.command.CommandDefinitionBuilder$1.visitMethod(CommandDefinitionBuilder.java:99)
	at io.axway.iron.core.internal.definition.InterfaceValidator.validate(InterfaceValidator.java:133)
	at io.axway.iron.core.internal.definition.command.CommandDefinitionBuilder.analyzeCommandClass(CommandDefinitionBuilder.java:36)
	at io.axway.iron.core.internal.StoreManagerBuilderImpl.lambda$buildCommandDefinitions$2(StoreManagerBuilderImpl.java:107)
	at java.lang.Iterable.forEach(Iterable.java:75)
	at io.axway.iron.core.internal.StoreManagerBuilderImpl.buildCommandDefinitions(StoreManagerBuilderImpl.java:107)
	at io.axway.iron.core.internal.StoreManagerBuilderImpl.build(StoreManagerBuilderImpl.java:96)
	at io.axway.iron.core.ModelDefinitionValidationTest.shouldFailOnInvalidCommand(ModelDefinitionValidationTest.java:180)
	at java.lang.reflect.Method.invoke(Method.java:498)
	at org.apache.maven.surefire.testng.TestNGExecutor.run(TestNGExecutor.java:135)
	at org.apache.maven.surefire.testng.TestNGDirectoryTestSuite.executeMulti(TestNGDirectoryTestSuite.java:193)
	at org.apache.maven.surefire.testng.TestNGDirectoryTestSuite.execute(TestNGDirectoryTestSuite.java:94)
	at org.apache.maven.surefire.testng.TestNGProvider.invoke(TestNGProvider.java:146)
	at org.apache.maven.surefire.booter.ForkedBooter.invokeProviderInSameClassLoader(ForkedBooter.java:379)
	at org.apache.maven.surefire.booter.ForkedBooter.runSuitesInProcess(ForkedBooter.java:340)
	at org.apache.maven.surefire.booter.ForkedBooter.execute(ForkedBooter.java:125)
	at org.apache.maven.surefire.booter.ForkedBooter.main(ForkedBooter.java:413)
</pre></div></td>
<td>0</td>
<td>io.axway.iron.core.ModelDefinitionValidationTest@1ed4004b</td></tr>
<tr>
<td title='io.axway.iron.core.ModelDefinitionValidationTest.shouldFailOnInvalidCommand()'><b>shouldFailOnInvalidCommand</b><br>Test class: io.axway.iron.core.ModelDefinitionValidationTest<br>Parameters: interface io.axway.iron.core.model.validation.command.InvalidMethodUniqueCommand</td>
<td><div><pre>io.axway.iron.error.InvalidModelException: Command method cannot be annotated with @Unique {&quot;args&quot;: {&quot;commandClassName&quot;: &quot;io.axway.iron.core.model.validation.command.InvalidMethodUniqueCommand&quot;, &quot;methodName&quot;: &quot;value&quot;}}
	at io.axway.iron.core.internal.definition.command.CommandDefinitionBuilder$1.visitMethod(CommandDefinitionBuilder.java:93)
	at io.axway.iron.core.internal.definition.InterfaceValidator.validate(InterfaceValidator.java:133)
	at io.axway.iron.core.internal.definition.command.CommandDefinitionBuilder.analyzeCommandClass(CommandDefinitionBuilder.java:36)
	at io.axway.iron.core.internal.StoreManagerBuilderImpl.lambda$buildCommandDefinitions$2(StoreManagerBuilderImpl.java:107)
	at java.lang.Iterable.forEach(Iterable.java:75)
	at io.axway.iron.core.internal.StoreManagerBuilderImpl.buildCommandDefinitions(StoreManagerBuilderImpl.java:107)
	at io.axway.iron.core.internal.StoreManagerBuilderImpl.build(StoreManagerBuilderImpl.java:96)
	at io.axway.iron.core.ModelDefinitionValidationTest.shouldFailOnInvalidCommand(ModelDefinitionValidationTest.java:180)
... Removed 9 stack frames</pre></div><a href='#' onClick='toggleBox("stack-trace1881129850", this, "Click to show all stack frames", "Click to hide stack frames")'>Click to show all stack frames</a>
<div class='stack-trace' id='stack-trace1881129850'><pre>io.axway.iron.error.InvalidModelException: Command method cannot be annotated with @Unique {&quot;args&quot;: {&quot;commandClassName&quot;: &quot;io.axway.iron.core.model.validation.command.InvalidMethodUniqueCommand&quot;, &quot;methodName&quot;: &quot;value&quot;}}
	at io.axway.iron.core.internal.definition.command.CommandDefinitionBuilder$1.visitMethod(CommandDefinitionBuilder.java:93)
	at io.axway.iron.core.internal.definition.InterfaceValidator.validate(InterfaceValidator.java:133)
	at io.axway.iron.core.internal.definition.command.CommandDefinitionBuilder.analyzeCommandClass(CommandDefinitionBuilder.java:36)
	at io.axway.iron.core.internal.StoreManagerBuilderImpl.lambda$buildCommandDefinitions$2(StoreManagerBuilderImpl.java:107)
	at java.lang.Iterable.forEach(Iterable.java:75)
	at io.axway.iron.core.internal.StoreManagerBuilderImpl.buildCommandDefinitions(StoreManagerBuilderImpl.java:107)
	at io.axway.iron.core.internal.StoreManagerBuilderImpl.build(StoreManagerBuilderImpl.java:96)
	at io.axway.iron.core.ModelDefinitionValidationTest.shouldFailOnInvalidCommand(ModelDefinitionValidationTest.java:180)
	at java.lang.reflect.Method.invoke(Method.java:498)
	at org.apache.maven.surefire.testng.TestNGExecutor.run(TestNGExecutor.java:135)
	at org.apache.maven.surefire.testng.TestNGDirectoryTestSuite.executeMulti(TestNGDirectoryTestSuite.java:193)
	at org.apache.maven.surefire.testng.TestNGDirectoryTestSuite.execute(TestNGDirectoryTestSuite.java:94)
	at org.apache.maven.surefire.testng.TestNGProvider.invoke(TestNGProvider.java:146)
	at org.apache.maven.surefire.booter.ForkedBooter.invokeProviderInSameClassLoader(ForkedBooter.java:379)
	at org.apache.maven.surefire.booter.ForkedBooter.runSuitesInProcess(ForkedBooter.java:340)
	at org.apache.maven.surefire.booter.ForkedBooter.execute(ForkedBooter.java:125)
	at org.apache.maven.surefire.booter.ForkedBooter.main(ForkedBooter.java:413)
</pre></div></td>
<td>0</td>
<td>io.axway.iron.core.ModelDefinitionValidationTest@1ed4004b</td></tr>
<tr>
<td title='io.axway.iron.core.ModelDefinitionValidationTest.shouldFailOnInvalidCommand()'><b>shouldFailOnInvalidCommand</b><br>Test class: io.axway.iron.core.ModelDefinitionValidationTest<br>Parameters: interface io.axway.iron.core.model.validation.command.InvalidEntityAnnotationCommand</td>
<td><div><pre>io.axway.iron.error.InvalidModelException: Command must not be annotated with @Entity {&quot;args&quot;: {&quot;commandClassName&quot;: &quot;io.axway.iron.core.model.validation.command.InvalidEntityAnnotationCommand&quot;}}
	at io.axway.iron.core.internal.definition.command.CommandDefinitionBuilder$1.visitInterface(CommandDefinitionBuilder.java:47)
	at io.axway.iron.core.internal.definition.InterfaceValidator.validate(InterfaceValidator.java:46)
	at io.axway.iron.core.internal.definition.command.CommandDefinitionBuilder.analyzeCommandClass(CommandDefinitionBuilder.java:36)
	at io.axway.iron.core.internal.StoreManagerBuilderImpl.lambda$buildCommandDefinitions$2(StoreManagerBuilderImpl.java:107)
	at java.lang.Iterable.forEach(Iterable.java:75)
	at io.axway.iron.core.internal.StoreManagerBuilderImpl.buildCommandDefinitions(StoreManagerBuilderImpl.java:107)
	at io.axway.iron.core.internal.StoreManagerBuilderImpl.build(StoreManagerBuilderImpl.java:96)
	at io.axway.iron.core.ModelDefinitionValidationTest.shouldFailOnInvalidCommand(ModelDefinitionValidationTest.java:180)
... Removed 9 stack frames</pre></div><a href='#' onClick='toggleBox("stack-trace1906808037", this, "Click to show all stack frames", "Click to hide stack frames")'>Click to show all stack frames</a>
<div class='stack-trace' id='stack-trace1906808037'><pre>io.axway.iron.error.InvalidModelException: Command must not be annotated with @Entity {&quot;args&quot;: {&quot;commandClassName&quot;: &quot;io.axway.iron.core.model.validation.command.InvalidEntityAnnotationCommand&quot;}}
	at io.axway.iron.core.internal.definition.command.CommandDefinitionBuilder$1.visitInterface(CommandDefinitionBuilder.java:47)
	at io.axway.iron.core.internal.definition.InterfaceValidator.validate(InterfaceValidator.java:46)
	at io.axway.iron.core.internal.definition.command.CommandDefinitionBuilder.analyzeCommandClass(CommandDefinitionBuilder.java:36)
	at io.axway.iron.core.internal.StoreManagerBuilderImpl.lambda$buildCommandDefinitions$2(StoreManagerBuilderImpl.java:107)
	at java.lang.Iterable.forEach(Iterable.java:75)
	at io.axway.iron.core.internal.StoreManagerBuilderImpl.buildCommandDefinitions(StoreManagerBuilderImpl.java:107)
	at io.axway.iron.core.internal.StoreManagerBuilderImpl.build(StoreManagerBuilderImpl.java:96)
	at io.axway.iron.core.ModelDefinitionValidationTest.shouldFailOnInvalidCommand(ModelDefinitionValidationTest.java:180)
	at java.lang.reflect.Method.invoke(Method.java:498)
	at org.apache.maven.surefire.testng.TestNGExecutor.run(TestNGExecutor.java:135)
	at org.apache.maven.surefire.testng.TestNGDirectoryTestSuite.executeMulti(TestNGDirectoryTestSuite.java:193)
	at org.apache.maven.surefire.testng.TestNGDirectoryTestSuite.execute(TestNGDirectoryTestSuite.java:94)
	at org.apache.maven.surefire.testng.TestNGProvider.invoke(TestNGProvider.java:146)
	at org.apache.maven.surefire.booter.ForkedBooter.invokeProviderInSameClassLoader(ForkedBooter.java:379)
	at org.apache.maven.surefire.booter.ForkedBooter.runSuitesInProcess(ForkedBooter.java:340)
	at org.apache.maven.surefire.booter.ForkedBooter.execute(ForkedBooter.java:125)
	at org.apache.maven.surefire.booter.ForkedBooter.main(ForkedBooter.java:413)
</pre></div></td>
<td>0</td>
<td>io.axway.iron.core.ModelDefinitionValidationTest@1ed4004b</td></tr>
<tr>
<td title='io.axway.iron.core.ModelDefinitionValidationTest.shouldFailOnInvalidCommand()'><b>shouldFailOnInvalidCommand</b><br>Test class: io.axway.iron.core.ModelDefinitionValidationTest<br>Parameters: interface io.axway.iron.core.model.validation.command.InvalidMethodTypeCommand</td>
<td><div><pre>io.axway.iron.error.InvalidModelException: Command method data type is not supported {&quot;args&quot;: {&quot;commandClassName&quot;: &quot;io.axway.iron.core.model.validation.command.InvalidMethodTypeCommand&quot;, &quot;methodName&quot;: &quot;value&quot;, &quot;dataTypeName&quot;: &quot;java.lang.reflect.Method&quot;}}
	at io.axway.iron.core.internal.definition.command.CommandDefinitionBuilder$1.visitMethod(CommandDefinitionBuilder.java:85)
	at io.axway.iron.core.internal.definition.InterfaceValidator.validate(InterfaceValidator.java:133)
	at io.axway.iron.core.internal.definition.command.CommandDefinitionBuilder.analyzeCommandClass(CommandDefinitionBuilder.java:36)
	at io.axway.iron.core.internal.StoreManagerBuilderImpl.lambda$buildCommandDefinitions$2(StoreManagerBuilderImpl.java:107)
	at java.lang.Iterable.forEach(Iterable.java:75)
	at io.axway.iron.core.internal.StoreManagerBuilderImpl.buildCommandDefinitions(StoreManagerBuilderImpl.java:107)
	at io.axway.iron.core.internal.StoreManagerBuilderImpl.build(StoreManagerBuilderImpl.java:96)
	at io.axway.iron.core.ModelDefinitionValidationTest.shouldFailOnInvalidCommand(ModelDefinitionValidationTest.java:180)
... Removed 9 stack frames</pre></div><a href='#' onClick='toggleBox("stack-trace11902257", this, "Click to show all stack frames", "Click to hide stack frames")'>Click to show all stack frames</a>
<div class='stack-trace' id='stack-trace11902257'><pre>io.axway.iron.error.InvalidModelException: Command method data type is not supported {&quot;args&quot;: {&quot;commandClassName&quot;: &quot;io.axway.iron.core.model.validation.command.InvalidMethodTypeCommand&quot;, &quot;methodName&quot;: &quot;value&quot;, &quot;dataTypeName&quot;: &quot;java.lang.reflect.Method&quot;}}
	at io.axway.iron.core.internal.definition.command.CommandDefinitionBuilder$1.visitMethod(CommandDefinitionBuilder.java:85)
	at io.axway.iron.core.internal.definition.InterfaceValidator.validate(InterfaceValidator.java:133)
	at io.axway.iron.core.internal.definition.command.CommandDefinitionBuilder.analyzeCommandClass(CommandDefinitionBuilder.java:36)
	at io.axway.iron.core.internal.StoreManagerBuilderImpl.lambda$buildCommandDefinitions$2(StoreManagerBuilderImpl.java:107)
	at java.lang.Iterable.forEach(Iterable.java:75)
	at io.axway.iron.core.internal.StoreManagerBuilderImpl.buildCommandDefinitions(StoreManagerBuilderImpl.java:107)
	at io.axway.iron.core.internal.StoreManagerBuilderImpl.build(StoreManagerBuilderImpl.java:96)
	at io.axway.iron.core.ModelDefinitionValidationTest.shouldFailOnInvalidCommand(ModelDefinitionValidationTest.java:180)
	at java.lang.reflect.Method.invoke(Method.java:498)
	at org.apache.maven.surefire.testng.TestNGExecutor.run(TestNGExecutor.java:135)
	at org.apache.maven.surefire.testng.TestNGDirectoryTestSuite.executeMulti(TestNGDirectoryTestSuite.java:193)
	at org.apache.maven.surefire.testng.TestNGDirectoryTestSuite.execute(TestNGDirectoryTestSuite.java:94)
	at org.apache.maven.surefire.testng.TestNGProvider.invoke(TestNGProvider.java:146)
	at org.apache.maven.surefire.booter.ForkedBooter.invokeProviderInSameClassLoader(ForkedBooter.java:379)
	at org.apache.maven.surefire.booter.ForkedBooter.runSuitesInProcess(ForkedBooter.java:340)
	at org.apache.maven.surefire.booter.ForkedBooter.execute(ForkedBooter.java:125)
	at org.apache.maven.surefire.booter.ForkedBooter.main(ForkedBooter.java:413)
</pre></div></td>
<td>0</td>
<td>io.axway.iron.core.ModelDefinitionValidationTest@1ed4004b</td></tr>
<tr>
<td title='io.axway.iron.core.ModelDefinitionValidationTest.shouldFailOnInvalidModel()'><b>shouldFailOnInvalidModel</b><br>Test class: io.axway.iron.core.ModelDefinitionValidationTest<br>Parameters: [class io.axway.iron.core.model.validation.InvalidNonInterfaceEntity]</td>
<td><div><pre>io.axway.iron.error.InvalidModelException: Entity class is not an interface {&quot;args&quot;: {&quot;entityClassName&quot;: &quot;io.axway.iron.core.model.validation.InvalidNonInterfaceEntity&quot;}}
	at io.axway.iron.core.internal.definition.InterfaceValidator.validate(InterfaceValidator.java:39)
	at io.axway.iron.core.internal.definition.entity.EntityDefinitionBuilder.analyzeEntityClass(EntityDefinitionBuilder.java:85)
	at io.axway.iron.core.internal.definition.entity.EntityDefinitionBuilder.lambda$analyzeEntities$0(EntityDefinitionBuilder.java:46)
	at java.lang.Iterable.forEach(Iterable.java:75)
	at io.axway.iron.core.internal.definition.entity.EntityDefinitionBuilder.analyzeEntities(EntityDefinitionBuilder.java:45)
	at io.axway.iron.core.internal.StoreManagerBuilderImpl.build(StoreManagerBuilderImpl.java:97)
	at io.axway.iron.core.ModelDefinitionValidationTest.shouldFailOnInvalidModel(ModelDefinitionValidationTest.java:161)
... Removed 10 stack frames</pre></div><a href='#' onClick='toggleBox("stack-trace824208363", this, "Click to show all stack frames", "Click to hide stack frames")'>Click to show all stack frames</a>
<div class='stack-trace' id='stack-trace824208363'><pre>io.axway.iron.error.InvalidModelException: Entity class is not an interface {&quot;args&quot;: {&quot;entityClassName&quot;: &quot;io.axway.iron.core.model.validation.InvalidNonInterfaceEntity&quot;}}
	at io.axway.iron.core.internal.definition.InterfaceValidator.validate(InterfaceValidator.java:39)
	at io.axway.iron.core.internal.definition.entity.EntityDefinitionBuilder.analyzeEntityClass(EntityDefinitionBuilder.java:85)
	at io.axway.iron.core.internal.definition.entity.EntityDefinitionBuilder.lambda$analyzeEntities$0(EntityDefinitionBuilder.java:46)
	at java.lang.Iterable.forEach(Iterable.java:75)
	at io.axway.iron.core.internal.definition.entity.EntityDefinitionBuilder.analyzeEntities(EntityDefinitionBuilder.java:45)
	at io.axway.iron.core.internal.StoreManagerBuilderImpl.build(StoreManagerBuilderImpl.java:97)
	at io.axway.iron.core.ModelDefinitionValidationTest.shouldFailOnInvalidModel(ModelDefinitionValidationTest.java:161)
	at sun.reflect.NativeMethodAccessorImpl.invoke0(Native Method)
	at java.lang.reflect.Method.invoke(Method.java:498)
	at org.apache.maven.surefire.testng.TestNGExecutor.run(TestNGExecutor.java:135)
	at org.apache.maven.surefire.testng.TestNGDirectoryTestSuite.executeMulti(TestNGDirectoryTestSuite.java:193)
	at org.apache.maven.surefire.testng.TestNGDirectoryTestSuite.execute(TestNGDirectoryTestSuite.java:94)
	at org.apache.maven.surefire.testng.TestNGProvider.invoke(TestNGProvider.java:146)
	at org.apache.maven.surefire.booter.ForkedBooter.invokeProviderInSameClassLoader(ForkedBooter.java:379)
	at org.apache.maven.surefire.booter.ForkedBooter.runSuitesInProcess(ForkedBooter.java:340)
	at org.apache.maven.surefire.booter.ForkedBooter.execute(ForkedBooter.java:125)
	at org.apache.maven.surefire.booter.ForkedBooter.main(ForkedBooter.java:413)
</pre></div></td>
<td>0</td>
<td>io.axway.iron.core.ModelDefinitionValidationTest@1ed4004b</td></tr>
<tr>
<td title='io.axway.iron.core.ModelDefinitionValidationTest.shouldFailOnInvalidModel()'><b>shouldFailOnInvalidModel</b><br>Test class: io.axway.iron.core.ModelDefinitionValidationTest<br>Parameters: [interface io.axway.iron.core.model.validation.InvalidNonPublicEntity]</td>
<td><div><pre>io.axway.iron.error.InvalidModelException: Entity interface is not public {&quot;args&quot;: {&quot;entityClassName&quot;: &quot;io.axway.iron.core.model.validation.InvalidNonPublicEntity&quot;}}
	at io.axway.iron.core.internal.definition.InterfaceValidator.validate(InterfaceValidator.java:43)
	at io.axway.iron.core.internal.definition.entity.EntityDefinitionBuilder.analyzeEntityClass(EntityDefinitionBuilder.java:85)
	at io.axway.iron.core.internal.definition.entity.EntityDefinitionBuilder.lambda$analyzeEntities$0(EntityDefinitionBuilder.java:46)
	at java.lang.Iterable.forEach(Iterable.java:75)
	at io.axway.iron.core.internal.definition.entity.EntityDefinitionBuilder.analyzeEntities(EntityDefinitionBuilder.java:45)
	at io.axway.iron.core.internal.StoreManagerBuilderImpl.build(StoreManagerBuilderImpl.java:97)
	at io.axway.iron.core.ModelDefinitionValidationTest.shouldFailOnInvalidModel(ModelDefinitionValidationTest.java:161)
... Removed 10 stack frames</pre></div><a href='#' onClick='toggleBox("stack-trace293002476", this, "Click to show all stack frames", "Click to hide stack frames")'>Click to show all stack frames</a>
<div class='stack-trace' id='stack-trace293002476'><pre>io.axway.iron.error.InvalidModelException: Entity interface is not public {&quot;args&quot;: {&quot;entityClassName&quot;: &quot;io.axway.iron.core.model.validation.InvalidNonPublicEntity&quot;}}
	at io.axway.iron.core.internal.definition.InterfaceValidator.validate(InterfaceValidator.java:43)
	at io.axway.iron.core.internal.definition.entity.EntityDefinitionBuilder.analyzeEntityClass(EntityDefinitionBuilder.java:85)
	at io.axway.iron.core.internal.definition.entity.EntityDefinitionBuilder.lambda$analyzeEntities$0(EntityDefinitionBuilder.java:46)
	at java.lang.Iterable.forEach(Iterable.java:75)
	at io.axway.iron.core.internal.definition.entity.EntityDefinitionBuilder.analyzeEntities(EntityDefinitionBuilder.java:45)
	at io.axway.iron.core.internal.StoreManagerBuilderImpl.build(StoreManagerBuilderImpl.java:97)
	at io.axway.iron.core.ModelDefinitionValidationTest.shouldFailOnInvalidModel(ModelDefinitionValidationTest.java:161)
	at sun.reflect.NativeMethodAccessorImpl.invoke0(Native Method)
	at java.lang.reflect.Method.invoke(Method.java:498)
	at org.apache.maven.surefire.testng.TestNGExecutor.run(TestNGExecutor.java:135)
	at org.apache.maven.surefire.testng.TestNGDirectoryTestSuite.executeMulti(TestNGDirectoryTestSuite.java:193)
	at org.apache.maven.surefire.testng.TestNGDirectoryTestSuite.execute(TestNGDirectoryTestSuite.java:94)
	at org.apache.maven.surefire.testng.TestNGProvider.invoke(TestNGProvider.java:146)
	at org.apache.maven.surefire.booter.ForkedBooter.invokeProviderInSameClassLoader(ForkedBooter.java:379)
	at org.apache.maven.surefire.booter.ForkedBooter.runSuitesInProcess(ForkedBooter.java:340)
	at org.apache.maven.surefire.booter.ForkedBooter.execute(ForkedBooter.java:125)
	at org.apache.maven.surefire.booter.ForkedBooter.main(ForkedBooter.java:413)
</pre></div></td>
<td>0</td>
<td>io.axway.iron.core.ModelDefinitionValidationTest@1ed4004b</td></tr>
<tr>
<td title='io.axway.iron.core.ModelDefinitionValidationTest.shouldFailOnInvalidModel()'><b>shouldFailOnInvalidModel</b><br>Test class: io.axway.iron.core.ModelDefinitionValidationTest<br>Parameters: [interface io.axway.iron.core.model.validation.InvalidMissingEntityAnnotationEntity]</td>
<td><div><pre>io.axway.iron.error.InvalidModelException: Entity interface is not annotated with @Entity {&quot;args&quot;: {&quot;entityClassName&quot;: &quot;io.axway.iron.core.model.validation.InvalidMissingEntityAnnotationEntity&quot;}}
	at io.axway.iron.core.internal.definition.entity.EntityDefinitionBuilder$1.visitInterface(EntityDefinitionBuilder.java:90)
	at io.axway.iron.core.internal.definition.InterfaceValidator.validate(InterfaceValidator.java:46)
	at io.axway.iron.core.internal.definition.entity.EntityDefinitionBuilder.analyzeEntityClass(EntityDefinitionBuilder.java:85)
	at io.axway.iron.core.internal.definition.entity.EntityDefinitionBuilder.lambda$analyzeEntities$0(EntityDefinitionBuilder.java:46)
	at java.lang.Iterable.forEach(Iterable.java:75)
	at io.axway.iron.core.internal.definition.entity.EntityDefinitionBuilder.analyzeEntities(EntityDefinitionBuilder.java:45)
	at io.axway.iron.core.internal.StoreManagerBuilderImpl.build(StoreManagerBuilderImpl.java:97)
	at io.axway.iron.core.ModelDefinitionValidationTest.shouldFailOnInvalidModel(ModelDefinitionValidationTest.java:161)
... Removed 10 stack frames</pre></div><a href='#' onClick='toggleBox("stack-trace1786364562", this, "Click to show all stack frames", "Click to hide stack frames")'>Click to show all stack frames</a>
<div class='stack-trace' id='stack-trace1786364562'><pre>io.axway.iron.error.InvalidModelException: Entity interface is not annotated with @Entity {&quot;args&quot;: {&quot;entityClassName&quot;: &quot;io.axway.iron.core.model.validation.InvalidMissingEntityAnnotationEntity&quot;}}
	at io.axway.iron.core.internal.definition.entity.EntityDefinitionBuilder$1.visitInterface(EntityDefinitionBuilder.java:90)
	at io.axway.iron.core.internal.definition.InterfaceValidator.validate(InterfaceValidator.java:46)
	at io.axway.iron.core.internal.definition.entity.EntityDefinitionBuilder.analyzeEntityClass(EntityDefinitionBuilder.java:85)
	at io.axway.iron.core.internal.definition.entity.EntityDefinitionBuilder.lambda$analyzeEntities$0(EntityDefinitionBuilder.java:46)
	at java.lang.Iterable.forEach(Iterable.java:75)
	at io.axway.iron.core.internal.definition.entity.EntityDefinitionBuilder.analyzeEntities(EntityDefinitionBuilder.java:45)
	at io.axway.iron.core.internal.StoreManagerBuilderImpl.build(StoreManagerBuilderImpl.java:97)
	at io.axway.iron.core.ModelDefinitionValidationTest.shouldFailOnInvalidModel(ModelDefinitionValidationTest.java:161)
	at sun.reflect.NativeMethodAccessorImpl.invoke0(Native Method)
	at java.lang.reflect.Method.invoke(Method.java:498)
	at org.apache.maven.surefire.testng.TestNGExecutor.run(TestNGExecutor.java:135)
	at org.apache.maven.surefire.testng.TestNGDirectoryTestSuite.executeMulti(TestNGDirectoryTestSuite.java:193)
	at org.apache.maven.surefire.testng.TestNGDirectoryTestSuite.execute(TestNGDirectoryTestSuite.java:94)
	at org.apache.maven.surefire.testng.TestNGProvider.invoke(TestNGProvider.java:146)
	at org.apache.maven.surefire.booter.ForkedBooter.invokeProviderInSameClassLoader(ForkedBooter.java:379)
	at org.apache.maven.surefire.booter.ForkedBooter.runSuitesInProcess(ForkedBooter.java:340)
	at org.apache.maven.surefire.booter.ForkedBooter.execute(ForkedBooter.java:125)
	at org.apache.maven.surefire.booter.ForkedBooter.main(ForkedBooter.java:413)
</pre></div></td>
<td>0</td>
<td>io.axway.iron.core.ModelDefinitionValidationTest@1ed4004b</td></tr>
<tr>
<td title='io.axway.iron.core.ModelDefinitionValidationTest.shouldFailOnInvalidModel()'><b>shouldFailOnInvalidModel</b><br>Test class: io.axway.iron.core.ModelDefinitionValidationTest<br>Parameters: [interface io.axway.iron.core.model.validation.InvalidExtendsEntity]</td>
<td><div><pre>io.axway.iron.error.InvalidModelException: Entity interface extends others interface, which is not supported {&quot;args&quot;: {&quot;entityClassName&quot;: &quot;io.axway.iron.core.model.validation.InvalidExtendsEntity&quot;}}
	at io.axway.iron.core.internal.definition.entity.EntityDefinitionBuilder$1.visitInterface(EntityDefinitionBuilder.java:95)
	at io.axway.iron.core.internal.definition.InterfaceValidator.validate(InterfaceValidator.java:46)
	at io.axway.iron.core.internal.definition.entity.EntityDefinitionBuilder.analyzeEntityClass(EntityDefinitionBuilder.java:85)
	at io.axway.iron.core.internal.definition.entity.EntityDefinitionBuilder.lambda$analyzeEntities$0(EntityDefinitionBuilder.java:46)
	at java.lang.Iterable.forEach(Iterable.java:75)
	at io.axway.iron.core.internal.definition.entity.EntityDefinitionBuilder.analyzeEntities(EntityDefinitionBuilder.java:45)
	at io.axway.iron.core.internal.StoreManagerBuilderImpl.build(StoreManagerBuilderImpl.java:97)
	at io.axway.iron.core.ModelDefinitionValidationTest.shouldFailOnInvalidModel(ModelDefinitionValidationTest.java:161)
... Removed 10 stack frames</pre></div><a href='#' onClick='toggleBox("stack-trace90205195", this, "Click to show all stack frames", "Click to hide stack frames")'>Click to show all stack frames</a>
<div class='stack-trace' id='stack-trace90205195'><pre>io.axway.iron.error.InvalidModelException: Entity interface extends others interface, which is not supported {&quot;args&quot;: {&quot;entityClassName&quot;: &quot;io.axway.iron.core.model.validation.InvalidExtendsEntity&quot;}}
	at io.axway.iron.core.internal.definition.entity.EntityDefinitionBuilder$1.visitInterface(EntityDefinitionBuilder.java:95)
	at io.axway.iron.core.internal.definition.InterfaceValidator.validate(InterfaceValidator.java:46)
	at io.axway.iron.core.internal.definition.entity.EntityDefinitionBuilder.analyzeEntityClass(EntityDefinitionBuilder.java:85)
	at io.axway.iron.core.internal.definition.entity.EntityDefinitionBuilder.lambda$analyzeEntities$0(EntityDefinitionBuilder.java:46)
	at java.lang.Iterable.forEach(Iterable.java:75)
	at io.axway.iron.core.internal.definition.entity.EntityDefinitionBuilder.analyzeEntities(EntityDefinitionBuilder.java:45)
	at io.axway.iron.core.internal.StoreManagerBuilderImpl.build(StoreManagerBuilderImpl.java:97)
	at io.axway.iron.core.ModelDefinitionValidationTest.shouldFailOnInvalidModel(ModelDefinitionValidationTest.java:161)
	at sun.reflect.NativeMethodAccessorImpl.invoke0(Native Method)
	at java.lang.reflect.Method.invoke(Method.java:498)
	at org.apache.maven.surefire.testng.TestNGExecutor.run(TestNGExecutor.java:135)
	at org.apache.maven.surefire.testng.TestNGDirectoryTestSuite.executeMulti(TestNGDirectoryTestSuite.java:193)
	at org.apache.maven.surefire.testng.TestNGDirectoryTestSuite.execute(TestNGDirectoryTestSuite.java:94)
	at org.apache.maven.surefire.testng.TestNGProvider.invoke(TestNGProvider.java:146)
	at org.apache.maven.surefire.booter.ForkedBooter.invokeProviderInSameClassLoader(ForkedBooter.java:379)
	at org.apache.maven.surefire.booter.ForkedBooter.runSuitesInProcess(ForkedBooter.java:340)
	at org.apache.maven.surefire.booter.ForkedBooter.execute(ForkedBooter.java:125)
	at org.apache.maven.surefire.booter.ForkedBooter.main(ForkedBooter.java:413)
</pre></div></td>
<td>0</td>
<td>io.axway.iron.core.ModelDefinitionValidationTest@1ed4004b</td></tr>
<tr>
<td title='io.axway.iron.core.ModelDefinitionValidationTest.shouldFailOnInvalidModel()'><b>shouldFailOnInvalidModel</b><br>Test class: io.axway.iron.core.ModelDefinitionValidationTest<br>Parameters: [interface io.axway.iron.core.model.validation.InvalidEmptyEntity]</td>
<td><div><pre>io.axway.iron.error.InvalidModelException: Entity interface doesn&apos;t declare any methods {&quot;args&quot;: {&quot;entityClassName&quot;: &quot;io.axway.iron.core.model.validation.InvalidEmptyEntity&quot;}}
	at io.axway.iron.core.internal.definition.InterfaceValidator.validate(InterfaceValidator.java:49)
	at io.axway.iron.core.internal.definition.entity.EntityDefinitionBuilder.analyzeEntityClass(EntityDefinitionBuilder.java:85)
	at io.axway.iron.core.internal.definition.entity.EntityDefinitionBuilder.lambda$analyzeEntities$0(EntityDefinitionBuilder.java:46)
	at java.lang.Iterable.forEach(Iterable.java:75)
	at io.axway.iron.core.internal.definition.entity.EntityDefinitionBuilder.analyzeEntities(EntityDefinitionBuilder.java:45)
	at io.axway.iron.core.internal.StoreManagerBuilderImpl.build(StoreManagerBuilderImpl.java:97)
	at io.axway.iron.core.ModelDefinitionValidationTest.shouldFailOnInvalidModel(ModelDefinitionValidationTest.java:161)
... Removed 10 stack frames</pre></div><a href='#' onClick='toggleBox("stack-trace1816089958", this, "Click to show all stack frames", "Click to hide stack frames")'>Click to show all stack frames</a>
<div class='stack-trace' id='stack-trace1816089958'><pre>io.axway.iron.error.InvalidModelException: Entity interface doesn&apos;t declare any methods {&quot;args&quot;: {&quot;entityClassName&quot;: &quot;io.axway.iron.core.model.validation.InvalidEmptyEntity&quot;}}
	at io.axway.iron.core.internal.definition.InterfaceValidator.validate(InterfaceValidator.java:49)
	at io.axway.iron.core.internal.definition.entity.EntityDefinitionBuilder.analyzeEntityClass(EntityDefinitionBuilder.java:85)
	at io.axway.iron.core.internal.definition.entity.EntityDefinitionBuilder.lambda$analyzeEntities$0(EntityDefinitionBuilder.java:46)
	at java.lang.Iterable.forEach(Iterable.java:75)
	at io.axway.iron.core.internal.definition.entity.EntityDefinitionBuilder.analyzeEntities(EntityDefinitionBuilder.java:45)
	at io.axway.iron.core.internal.StoreManagerBuilderImpl.build(StoreManagerBuilderImpl.java:97)
	at io.axway.iron.core.ModelDefinitionValidationTest.shouldFailOnInvalidModel(ModelDefinitionValidationTest.java:161)
	at sun.reflect.NativeMethodAccessorImpl.invoke0(Native Method)
	at java.lang.reflect.Method.invoke(Method.java:498)
	at org.apache.maven.surefire.testng.TestNGExecutor.run(TestNGExecutor.java:135)
	at org.apache.maven.surefire.testng.TestNGDirectoryTestSuite.executeMulti(TestNGDirectoryTestSuite.java:193)
	at org.apache.maven.surefire.testng.TestNGDirectoryTestSuite.execute(TestNGDirectoryTestSuite.java:94)
	at org.apache.maven.surefire.testng.TestNGProvider.invoke(TestNGProvider.java:146)
	at org.apache.maven.surefire.booter.ForkedBooter.invokeProviderInSameClassLoader(ForkedBooter.java:379)
	at org.apache.maven.surefire.booter.ForkedBooter.runSuitesInProcess(ForkedBooter.java:340)
	at org.apache.maven.surefire.booter.ForkedBooter.execute(ForkedBooter.java:125)
	at org.apache.maven.surefire.booter.ForkedBooter.main(ForkedBooter.java:413)
</pre></div></td>
<td>0</td>
<td>io.axway.iron.core.ModelDefinitionValidationTest@1ed4004b</td></tr>
<tr>
<td title='io.axway.iron.core.ModelDefinitionValidationTest.shouldFailOnInvalidModel()'><b>shouldFailOnInvalidModel</b><br>Test class: io.axway.iron.core.ModelDefinitionValidationTest<br>Parameters: [interface io.axway.iron.core.model.validation.InvalidMethodReservedPrefixEntity]</td>
<td><div><pre>io.axway.iron.error.InvalidModelException: Entity interface contains a forbidden method name {&quot;args&quot;: {&quot;entityClassName&quot;: &quot;io.axway.iron.core.model.validation.InvalidMethodReservedPrefixEntity&quot;, &quot;methodName&quot;: &quot;__value&quot;}}
	at io.axway.iron.core.internal.definition.InterfaceValidator.validate(InterfaceValidator.java:56)
	at io.axway.iron.core.internal.definition.entity.EntityDefinitionBuilder.analyzeEntityClass(EntityDefinitionBuilder.java:85)
	at io.axway.iron.core.internal.definition.entity.EntityDefinitionBuilder.lambda$analyzeEntities$0(EntityDefinitionBuilder.java:46)
	at java.lang.Iterable.forEach(Iterable.java:75)
	at io.axway.iron.core.internal.definition.entity.EntityDefinitionBuilder.analyzeEntities(EntityDefinitionBuilder.java:45)
	at io.axway.iron.core.internal.StoreManagerBuilderImpl.build(StoreManagerBuilderImpl.java:97)
	at io.axway.iron.core.ModelDefinitionValidationTest.shouldFailOnInvalidModel(ModelDefinitionValidationTest.java:161)
... Removed 10 stack frames</pre></div><a href='#' onClick='toggleBox("stack-trace280265505", this, "Click to show all stack frames", "Click to hide stack frames")'>Click to show all stack frames</a>
<div class='stack-trace' id='stack-trace280265505'><pre>io.axway.iron.error.InvalidModelException: Entity interface contains a forbidden method name {&quot;args&quot;: {&quot;entityClassName&quot;: &quot;io.axway.iron.core.model.validation.InvalidMethodReservedPrefixEntity&quot;, &quot;methodName&quot;: &quot;__value&quot;}}
	at io.axway.iron.core.internal.definition.InterfaceValidator.validate(InterfaceValidator.java:56)
	at io.axway.iron.core.internal.definition.entity.EntityDefinitionBuilder.analyzeEntityClass(EntityDefinitionBuilder.java:85)
	at io.axway.iron.core.internal.definition.entity.EntityDefinitionBuilder.lambda$analyzeEntities$0(EntityDefinitionBuilder.java:46)
	at java.lang.Iterable.forEach(Iterable.java:75)
	at io.axway.iron.core.internal.definition.entity.EntityDefinitionBuilder.analyzeEntities(EntityDefinitionBuilder.java:45)
	at io.axway.iron.core.internal.StoreManagerBuilderImpl.build(StoreManagerBuilderImpl.java:97)
	at io.axway.iron.core.ModelDefinitionValidationTest.shouldFailOnInvalidModel(ModelDefinitionValidationTest.java:161)
	at sun.reflect.NativeMethodAccessorImpl.invoke0(Native Method)
	at java.lang.reflect.Method.invoke(Method.java:498)
	at org.apache.maven.surefire.testng.TestNGExecutor.run(TestNGExecutor.java:135)
	at org.apache.maven.surefire.testng.TestNGDirectoryTestSuite.executeMulti(TestNGDirectoryTestSuite.java:193)
	at org.apache.maven.surefire.testng.TestNGDirectoryTestSuite.execute(TestNGDirectoryTestSuite.java:94)
	at org.apache.maven.surefire.testng.TestNGProvider.invoke(TestNGProvider.java:146)
	at org.apache.maven.surefire.booter.ForkedBooter.invokeProviderInSameClassLoader(ForkedBooter.java:379)
	at org.apache.maven.surefire.booter.ForkedBooter.runSuitesInProcess(ForkedBooter.java:340)
	at org.apache.maven.surefire.booter.ForkedBooter.execute(ForkedBooter.java:125)
	at org.apache.maven.surefire.booter.ForkedBooter.main(ForkedBooter.java:413)
</pre></div></td>
<td>0</td>
<td>io.axway.iron.core.ModelDefinitionValidationTest@1ed4004b</td></tr>
<tr>
<td title='io.axway.iron.core.ModelDefinitionValidationTest.shouldFailOnInvalidModel()'><b>shouldFailOnInvalidModel</b><br>Test class: io.axway.iron.core.ModelDefinitionValidationTest<br>Parameters: [interface io.axway.iron.core.model.validation.InvalidMethodReservedNameEntity]</td>
<td><div><pre>io.axway.iron.error.InvalidModelException: Entity interface contains a forbidden method name {&quot;args&quot;: {&quot;entityClassName&quot;: &quot;io.axway.iron.core.model.validation.InvalidMethodReservedNameEntity&quot;, &quot;methodName&quot;: &quot;hashCode&quot;}}
	at io.axway.iron.core.internal.definition.InterfaceValidator.validate(InterfaceValidator.java:56)
	at io.axway.iron.core.internal.definition.entity.EntityDefinitionBuilder.analyzeEntityClass(EntityDefinitionBuilder.java:85)
	at io.axway.iron.core.internal.definition.entity.EntityDefinitionBuilder.lambda$analyzeEntities$0(EntityDefinitionBuilder.java:46)
	at java.lang.Iterable.forEach(Iterable.java:75)
	at io.axway.iron.core.internal.definition.entity.EntityDefinitionBuilder.analyzeEntities(EntityDefinitionBuilder.java:45)
	at io.axway.iron.core.internal.StoreManagerBuilderImpl.build(StoreManagerBuilderImpl.java:97)
	at io.axway.iron.core.ModelDefinitionValidationTest.shouldFailOnInvalidModel(ModelDefinitionValidationTest.java:161)
... Removed 10 stack frames</pre></div><a href='#' onClick='toggleBox("stack-trace1161667116", this, "Click to show all stack frames", "Click to hide stack frames")'>Click to show all stack frames</a>
<div class='stack-trace' id='stack-trace1161667116'><pre>io.axway.iron.error.InvalidModelException: Entity interface contains a forbidden method name {&quot;args&quot;: {&quot;entityClassName&quot;: &quot;io.axway.iron.core.model.validation.InvalidMethodReservedNameEntity&quot;, &quot;methodName&quot;: &quot;hashCode&quot;}}
	at io.axway.iron.core.internal.definition.InterfaceValidator.validate(InterfaceValidator.java:56)
	at io.axway.iron.core.internal.definition.entity.EntityDefinitionBuilder.analyzeEntityClass(EntityDefinitionBuilder.java:85)
	at io.axway.iron.core.internal.definition.entity.EntityDefinitionBuilder.lambda$analyzeEntities$0(EntityDefinitionBuilder.java:46)
	at java.lang.Iterable.forEach(Iterable.java:75)
	at io.axway.iron.core.internal.definition.entity.EntityDefinitionBuilder.analyzeEntities(EntityDefinitionBuilder.java:45)
	at io.axway.iron.core.internal.StoreManagerBuilderImpl.build(StoreManagerBuilderImpl.java:97)
	at io.axway.iron.core.ModelDefinitionValidationTest.shouldFailOnInvalidModel(ModelDefinitionValidationTest.java:161)
	at sun.reflect.NativeMethodAccessorImpl.invoke0(Native Method)
	at java.lang.reflect.Method.invoke(Method.java:498)
	at org.apache.maven.surefire.testng.TestNGExecutor.run(TestNGExecutor.java:135)
	at org.apache.maven.surefire.testng.TestNGDirectoryTestSuite.executeMulti(TestNGDirectoryTestSuite.java:193)
	at org.apache.maven.surefire.testng.TestNGDirectoryTestSuite.execute(TestNGDirectoryTestSuite.java:94)
	at org.apache.maven.surefire.testng.TestNGProvider.invoke(TestNGProvider.java:146)
	at org.apache.maven.surefire.booter.ForkedBooter.invokeProviderInSameClassLoader(ForkedBooter.java:379)
	at org.apache.maven.surefire.booter.ForkedBooter.runSuitesInProcess(ForkedBooter.java:340)
	at org.apache.maven.surefire.booter.ForkedBooter.execute(ForkedBooter.java:125)
	at org.apache.maven.surefire.booter.ForkedBooter.main(ForkedBooter.java:413)
</pre></div></td>
<td>0</td>
<td>io.axway.iron.core.ModelDefinitionValidationTest@1ed4004b</td></tr>
<tr>
<td title='io.axway.iron.core.ModelDefinitionValidationTest.shouldFailOnInvalidModel()'><b>shouldFailOnInvalidModel</b><br>Test class: io.axway.iron.core.ModelDefinitionValidationTest<br>Parameters: [interface io.axway.iron.core.model.validation.InvalidTransientNonImplementedMethodEntity]</td>
<td><div><pre>io.axway.iron.error.InvalidModelException: Entity method is @Transient but has no default implementation {&quot;args&quot;: {&quot;entityClassName&quot;: &quot;io.axway.iron.core.model.validation.InvalidTransientNonImplementedMethodEntity&quot;, &quot;methodName&quot;: &quot;value2&quot;}}
	at io.axway.iron.core.internal.definition.InterfaceValidator.validate(InterfaceValidator.java:75)
	at io.axway.iron.core.internal.definition.entity.EntityDefinitionBuilder.analyzeEntityClass(EntityDefinitionBuilder.java:85)
	at io.axway.iron.core.internal.definition.entity.EntityDefinitionBuilder.lambda$analyzeEntities$0(EntityDefinitionBuilder.java:46)
	at java.lang.Iterable.forEach(Iterable.java:75)
	at io.axway.iron.core.internal.definition.entity.EntityDefinitionBuilder.analyzeEntities(EntityDefinitionBuilder.java:45)
	at io.axway.iron.core.internal.StoreManagerBuilderImpl.build(StoreManagerBuilderImpl.java:97)
	at io.axway.iron.core.ModelDefinitionValidationTest.shouldFailOnInvalidModel(ModelDefinitionValidationTest.java:161)
... Removed 10 stack frames</pre></div><a href='#' onClick='toggleBox("stack-trace1634132079", this, "Click to show all stack frames", "Click to hide stack frames")'>Click to show all stack frames</a>
<div class='stack-trace' id='stack-trace1634132079'><pre>io.axway.iron.error.InvalidModelException: Entity method is @Transient but has no default implementation {&quot;args&quot;: {&quot;entityClassName&quot;: &quot;io.axway.iron.core.model.validation.InvalidTransientNonImplementedMethodEntity&quot;, &quot;methodName&quot;: &quot;value2&quot;}}
	at io.axway.iron.core.internal.definition.InterfaceValidator.validate(InterfaceValidator.java:75)
	at io.axway.iron.core.internal.definition.entity.EntityDefinitionBuilder.analyzeEntityClass(EntityDefinitionBuilder.java:85)
	at io.axway.iron.core.internal.definition.entity.EntityDefinitionBuilder.lambda$analyzeEntities$0(EntityDefinitionBuilder.java:46)
	at java.lang.Iterable.forEach(Iterable.java:75)
	at io.axway.iron.core.internal.definition.entity.EntityDefinitionBuilder.analyzeEntities(EntityDefinitionBuilder.java:45)
	at io.axway.iron.core.internal.StoreManagerBuilderImpl.build(StoreManagerBuilderImpl.java:97)
	at io.axway.iron.core.ModelDefinitionValidationTest.shouldFailOnInvalidModel(ModelDefinitionValidationTest.java:161)
	at sun.reflect.NativeMethodAccessorImpl.invoke0(Native Method)
	at java.lang.reflect.Method.invoke(Method.java:498)
	at org.apache.maven.surefire.testng.TestNGExecutor.run(TestNGExecutor.java:135)
	at org.apache.maven.surefire.testng.TestNGDirectoryTestSuite.executeMulti(TestNGDirectoryTestSuite.java:193)
	at org.apache.maven.surefire.testng.TestNGDirectoryTestSuite.execute(TestNGDirectoryTestSuite.java:94)
	at org.apache.maven.surefire.testng.TestNGProvider.invoke(TestNGProvider.java:146)
	at org.apache.maven.surefire.booter.ForkedBooter.invokeProviderInSameClassLoader(ForkedBooter.java:379)
	at org.apache.maven.surefire.booter.ForkedBooter.runSuitesInProcess(ForkedBooter.java:340)
	at org.apache.maven.surefire.booter.ForkedBooter.execute(ForkedBooter.java:125)
	at org.apache.maven.surefire.booter.ForkedBooter.main(ForkedBooter.java:413)
</pre></div></td>
<td>0</td>
<td>io.axway.iron.core.ModelDefinitionValidationTest@1ed4004b</td></tr>
<tr>
<td title='io.axway.iron.core.ModelDefinitionValidationTest.shouldFailOnInvalidModel()'><b>shouldFailOnInvalidModel</b><br>Test class: io.axway.iron.core.ModelDefinitionValidationTest<br>Parameters: [interface io.axway.iron.core.model.validation.InvalidMethodWithArgsEntity]</td>
<td><div><pre>io.axway.iron.error.InvalidModelException: Entity method has parameters, only no parameters methods are supported {&quot;args&quot;: {&quot;entityClassName&quot;: &quot;io.axway.iron.core.model.validation.InvalidMethodWithArgsEntity&quot;, &quot;methodName&quot;: &quot;value&quot;}}
	at io.axway.iron.core.internal.definition.InterfaceValidator.validate(InterfaceValidator.java:81)
	at io.axway.iron.core.internal.definition.entity.EntityDefinitionBuilder.analyzeEntityClass(EntityDefinitionBuilder.java:85)
	at io.axway.iron.core.internal.definition.entity.EntityDefinitionBuilder.lambda$analyzeEntities$0(EntityDefinitionBuilder.java:46)
	at java.lang.Iterable.forEach(Iterable.java:75)
	at io.axway.iron.core.internal.definition.entity.EntityDefinitionBuilder.analyzeEntities(EntityDefinitionBuilder.java:45)
	at io.axway.iron.core.internal.StoreManagerBuilderImpl.build(StoreManagerBuilderImpl.java:97)
	at io.axway.iron.core.ModelDefinitionValidationTest.shouldFailOnInvalidModel(ModelDefinitionValidationTest.java:161)
... Removed 10 stack frames</pre></div><a href='#' onClick='toggleBox("stack-trace1795960102", this, "Click to show all stack frames", "Click to hide stack frames")'>Click to show all stack frames</a>
<div class='stack-trace' id='stack-trace1795960102'><pre>io.axway.iron.error.InvalidModelException: Entity method has parameters, only no parameters methods are supported {&quot;args&quot;: {&quot;entityClassName&quot;: &quot;io.axway.iron.core.model.validation.InvalidMethodWithArgsEntity&quot;, &quot;methodName&quot;: &quot;value&quot;}}
	at io.axway.iron.core.internal.definition.InterfaceValidator.validate(InterfaceValidator.java:81)
	at io.axway.iron.core.internal.definition.entity.EntityDefinitionBuilder.analyzeEntityClass(EntityDefinitionBuilder.java:85)
	at io.axway.iron.core.internal.definition.entity.EntityDefinitionBuilder.lambda$analyzeEntities$0(EntityDefinitionBuilder.java:46)
	at java.lang.Iterable.forEach(Iterable.java:75)
	at io.axway.iron.core.internal.definition.entity.EntityDefinitionBuilder.analyzeEntities(EntityDefinitionBuilder.java:45)
	at io.axway.iron.core.internal.StoreManagerBuilderImpl.build(StoreManagerBuilderImpl.java:97)
	at io.axway.iron.core.ModelDefinitionValidationTest.shouldFailOnInvalidModel(ModelDefinitionValidationTest.java:161)
	at sun.reflect.NativeMethodAccessorImpl.invoke0(Native Method)
	at java.lang.reflect.Method.invoke(Method.java:498)
	at org.apache.maven.surefire.testng.TestNGExecutor.run(TestNGExecutor.java:135)
	at org.apache.maven.surefire.testng.TestNGDirectoryTestSuite.executeMulti(TestNGDirectoryTestSuite.java:193)
	at org.apache.maven.surefire.testng.TestNGDirectoryTestSuite.execute(TestNGDirectoryTestSuite.java:94)
	at org.apache.maven.surefire.testng.TestNGProvider.invoke(TestNGProvider.java:146)
	at org.apache.maven.surefire.booter.ForkedBooter.invokeProviderInSameClassLoader(ForkedBooter.java:379)
	at org.apache.maven.surefire.booter.ForkedBooter.runSuitesInProcess(ForkedBooter.java:340)
	at org.apache.maven.surefire.booter.ForkedBooter.execute(ForkedBooter.java:125)
	at org.apache.maven.surefire.booter.ForkedBooter.main(ForkedBooter.java:413)
</pre></div></td>
<td>0</td>
<td>io.axway.iron.core.ModelDefinitionValidationTest@1ed4004b</td></tr>
<tr>
<td title='io.axway.iron.core.ModelDefinitionValidationTest.shouldFailOnInvalidModel()'><b>shouldFailOnInvalidModel</b><br>Test class: io.axway.iron.core.ModelDefinitionValidationTest<br>Parameters: [interface io.axway.iron.core.model.validation.InvalidMethodWithExceptionsEntity]</td>
<td><div><pre>io.axway.iron.error.InvalidModelException: Entity method must not declare exceptions {&quot;args&quot;: {&quot;entityClassName&quot;: &quot;io.axway.iron.core.model.validation.InvalidMethodWithExceptionsEntity&quot;, &quot;methodName&quot;: &quot;value&quot;}}
	at io.axway.iron.core.internal.definition.InterfaceValidator.validate(InterfaceValidator.java:85)
	at io.axway.iron.core.internal.definition.entity.EntityDefinitionBuilder.analyzeEntityClass(EntityDefinitionBuilder.java:85)
	at io.axway.iron.core.internal.definition.entity.EntityDefinitionBuilder.lambda$analyzeEntities$0(EntityDefinitionBuilder.java:46)
	at java.lang.Iterable.forEach(Iterable.java:75)
	at io.axway.iron.core.internal.definition.entity.EntityDefinitionBuilder.analyzeEntities(EntityDefinitionBuilder.java:45)
	at io.axway.iron.core.internal.StoreManagerBuilderImpl.build(StoreManagerBuilderImpl.java:97)
	at io.axway.iron.core.ModelDefinitionValidationTest.shouldFailOnInvalidModel(ModelDefinitionValidationTest.java:161)
... Removed 10 stack frames</pre></div><a href='#' onClick='toggleBox("stack-trace1849201180", this, "Click to show all stack frames", "Click to hide stack frames")'>Click to show all stack frames</a>
<div class='stack-trace' id='stack-trace1849201180'><pre>io.axway.iron.error.InvalidModelException: Entity method must not declare exceptions {&quot;args&quot;: {&quot;entityClassName&quot;: &quot;io.axway.iron.core.model.validation.InvalidMethodWithExceptionsEntity&quot;, &quot;methodName&quot;: &quot;value&quot;}}
	at io.axway.iron.core.internal.definition.InterfaceValidator.validate(InterfaceValidator.java:85)
	at io.axway.iron.core.internal.definition.entity.EntityDefinitionBuilder.analyzeEntityClass(EntityDefinitionBuilder.java:85)
	at io.axway.iron.core.internal.definition.entity.EntityDefinitionBuilder.lambda$analyzeEntities$0(EntityDefinitionBuilder.java:46)
	at java.lang.Iterable.forEach(Iterable.java:75)
	at io.axway.iron.core.internal.definition.entity.EntityDefinitionBuilder.analyzeEntities(EntityDefinitionBuilder.java:45)
	at io.axway.iron.core.internal.StoreManagerBuilderImpl.build(StoreManagerBuilderImpl.java:97)
	at io.axway.iron.core.ModelDefinitionValidationTest.shouldFailOnInvalidModel(ModelDefinitionValidationTest.java:161)
	at sun.reflect.NativeMethodAccessorImpl.invoke0(Native Method)
	at java.lang.reflect.Method.invoke(Method.java:498)
	at org.apache.maven.surefire.testng.TestNGExecutor.run(TestNGExecutor.java:135)
	at org.apache.maven.surefire.testng.TestNGDirectoryTestSuite.executeMulti(TestNGDirectoryTestSuite.java:193)
	at org.apache.maven.surefire.testng.TestNGDirectoryTestSuite.execute(TestNGDirectoryTestSuite.java:94)
	at org.apache.maven.surefire.testng.TestNGProvider.invoke(TestNGProvider.java:146)
	at org.apache.maven.surefire.booter.ForkedBooter.invokeProviderInSameClassLoader(ForkedBooter.java:379)
	at org.apache.maven.surefire.booter.ForkedBooter.runSuitesInProcess(ForkedBooter.java:340)
	at org.apache.maven.surefire.booter.ForkedBooter.execute(ForkedBooter.java:125)
	at org.apache.maven.surefire.booter.ForkedBooter.main(ForkedBooter.java:413)
</pre></div></td>
<td>0</td>
<td>io.axway.iron.core.ModelDefinitionValidationTest@1ed4004b</td></tr>
<tr>
<td title='io.axway.iron.core.ModelDefinitionValidationTest.shouldFailOnInvalidModel()'><b>shouldFailOnInvalidModel</b><br>Test class: io.axway.iron.core.ModelDefinitionValidationTest<br>Parameters: [interface io.axway.iron.core.model.validation.InvalidMethodVoidEntity]</td>
<td><div><pre>io.axway.iron.error.InvalidModelException: Entity method is a void method, only non void methods are supported {&quot;args&quot;: {&quot;entityClassName&quot;: &quot;io.axway.iron.core.model.validation.InvalidMethodVoidEntity&quot;, &quot;methodName&quot;: &quot;value&quot;}}
	at io.axway.iron.core.internal.definition.InterfaceValidator.validate(InterfaceValidator.java:91)
	at io.axway.iron.core.internal.definition.entity.EntityDefinitionBuilder.analyzeEntityClass(EntityDefinitionBuilder.java:85)
	at io.axway.iron.core.internal.definition.entity.EntityDefinitionBuilder.lambda$analyzeEntities$0(EntityDefinitionBuilder.java:46)
	at java.lang.Iterable.forEach(Iterable.java:75)
	at io.axway.iron.core.internal.definition.entity.EntityDefinitionBuilder.analyzeEntities(EntityDefinitionBuilder.java:45)
	at io.axway.iron.core.internal.StoreManagerBuilderImpl.build(StoreManagerBuilderImpl.java:97)
	at io.axway.iron.core.ModelDefinitionValidationTest.shouldFailOnInvalidModel(ModelDefinitionValidationTest.java:161)
... Removed 10 stack frames</pre></div><a href='#' onClick='toggleBox("stack-trace1669712678", this, "Click to show all stack frames", "Click to hide stack frames")'>Click to show all stack frames</a>
<div class='stack-trace' id='stack-trace1669712678'><pre>io.axway.iron.error.InvalidModelException: Entity method is a void method, only non void methods are supported {&quot;args&quot;: {&quot;entityClassName&quot;: &quot;io.axway.iron.core.model.validation.InvalidMethodVoidEntity&quot;, &quot;methodName&quot;: &quot;value&quot;}}
	at io.axway.iron.core.internal.definition.InterfaceValidator.validate(InterfaceValidator.java:91)
	at io.axway.iron.core.internal.definition.entity.EntityDefinitionBuilder.analyzeEntityClass(EntityDefinitionBuilder.java:85)
	at io.axway.iron.core.internal.definition.entity.EntityDefinitionBuilder.lambda$analyzeEntities$0(EntityDefinitionBuilder.java:46)
	at java.lang.Iterable.forEach(Iterable.java:75)
	at io.axway.iron.core.internal.definition.entity.EntityDefinitionBuilder.analyzeEntities(EntityDefinitionBuilder.java:45)
	at io.axway.iron.core.internal.StoreManagerBuilderImpl.build(StoreManagerBuilderImpl.java:97)
	at io.axway.iron.core.ModelDefinitionValidationTest.shouldFailOnInvalidModel(ModelDefinitionValidationTest.java:161)
	at sun.reflect.NativeMethodAccessorImpl.invoke0(Native Method)
	at java.lang.reflect.Method.invoke(Method.java:498)
	at org.apache.maven.surefire.testng.TestNGExecutor.run(TestNGExecutor.java:135)
	at org.apache.maven.surefire.testng.TestNGDirectoryTestSuite.executeMulti(TestNGDirectoryTestSuite.java:193)
	at org.apache.maven.surefire.testng.TestNGDirectoryTestSuite.execute(TestNGDirectoryTestSuite.java:94)
	at org.apache.maven.surefire.testng.TestNGProvider.invoke(TestNGProvider.java:146)
	at org.apache.maven.surefire.booter.ForkedBooter.invokeProviderInSameClassLoader(ForkedBooter.java:379)
	at org.apache.maven.surefire.booter.ForkedBooter.runSuitesInProcess(ForkedBooter.java:340)
	at org.apache.maven.surefire.booter.ForkedBooter.execute(ForkedBooter.java:125)
	at org.apache.maven.surefire.booter.ForkedBooter.main(ForkedBooter.java:413)
</pre></div></td>
<td>0</td>
<td>io.axway.iron.core.ModelDefinitionValidationTest@1ed4004b</td></tr>
<tr>
<td title='io.axway.iron.core.ModelDefinitionValidationTest.shouldFailOnInvalidModel()'><b>shouldFailOnInvalidModel</b><br>Test class: io.axway.iron.core.ModelDefinitionValidationTest<br>Parameters: [interface io.axway.iron.core.model.validation.InvalidNonnullAndNullableMethodEntity]</td>
<td><div><pre>io.axway.iron.error.InvalidModelException: Entity method cannot be both @Nonnull and @Nullable {&quot;args&quot;: {&quot;entityClassName&quot;: &quot;io.axway.iron.core.model.validation.InvalidNonnullAndNullableMethodEntity&quot;, &quot;methodName&quot;: &quot;value&quot;}}
	at io.axway.iron.core.internal.definition.InterfaceValidator.validate(InterfaceValidator.java:98)
	at io.axway.iron.core.internal.definition.entity.EntityDefinitionBuilder.analyzeEntityClass(EntityDefinitionBuilder.java:85)
	at io.axway.iron.core.internal.definition.entity.EntityDefinitionBuilder.lambda$analyzeEntities$0(EntityDefinitionBuilder.java:46)
	at java.lang.Iterable.forEach(Iterable.java:75)
	at io.axway.iron.core.internal.definition.entity.EntityDefinitionBuilder.analyzeEntities(EntityDefinitionBuilder.java:45)
	at io.axway.iron.core.internal.StoreManagerBuilderImpl.build(StoreManagerBuilderImpl.java:97)
	at io.axway.iron.core.ModelDefinitionValidationTest.shouldFailOnInvalidModel(ModelDefinitionValidationTest.java:161)
... Removed 10 stack frames</pre></div><a href='#' onClick='toggleBox("stack-trace1500608548", this, "Click to show all stack frames", "Click to hide stack frames")'>Click to show all stack frames</a>
<div class='stack-trace' id='stack-trace1500608548'><pre>io.axway.iron.error.InvalidModelException: Entity method cannot be both @Nonnull and @Nullable {&quot;args&quot;: {&quot;entityClassName&quot;: &quot;io.axway.iron.core.model.validation.InvalidNonnullAndNullableMethodEntity&quot;, &quot;methodName&quot;: &quot;value&quot;}}
	at io.axway.iron.core.internal.definition.InterfaceValidator.validate(InterfaceValidator.java:98)
	at io.axway.iron.core.internal.definition.entity.EntityDefinitionBuilder.analyzeEntityClass(EntityDefinitionBuilder.java:85)
	at io.axway.iron.core.internal.definition.entity.EntityDefinitionBuilder.lambda$analyzeEntities$0(EntityDefinitionBuilder.java:46)
	at java.lang.Iterable.forEach(Iterable.java:75)
	at io.axway.iron.core.internal.definition.entity.EntityDefinitionBuilder.analyzeEntities(EntityDefinitionBuilder.java:45)
	at io.axway.iron.core.internal.StoreManagerBuilderImpl.build(StoreManagerBuilderImpl.java:97)
	at io.axway.iron.core.ModelDefinitionValidationTest.shouldFailOnInvalidModel(ModelDefinitionValidationTest.java:161)
	at sun.reflect.NativeMethodAccessorImpl.invoke0(Native Method)
	at java.lang.reflect.Method.invoke(Method.java:498)
	at org.apache.maven.surefire.testng.TestNGExecutor.run(TestNGExecutor.java:135)
	at org.apache.maven.surefire.testng.TestNGDirectoryTestSuite.executeMulti(TestNGDirectoryTestSuite.java:193)
	at org.apache.maven.surefire.testng.TestNGDirectoryTestSuite.execute(TestNGDirectoryTestSuite.java:94)
	at org.apache.maven.surefire.testng.TestNGProvider.invoke(TestNGProvider.java:146)
	at org.apache.maven.surefire.booter.ForkedBooter.invokeProviderInSameClassLoader(ForkedBooter.java:379)
	at org.apache.maven.surefire.booter.ForkedBooter.runSuitesInProcess(ForkedBooter.java:340)
	at org.apache.maven.surefire.booter.ForkedBooter.execute(ForkedBooter.java:125)
	at org.apache.maven.surefire.booter.ForkedBooter.main(ForkedBooter.java:413)
</pre></div></td>
<td>0</td>
<td>io.axway.iron.core.ModelDefinitionValidationTest@1ed4004b</td></tr>
<tr>
<td title='io.axway.iron.core.ModelDefinitionValidationTest.shouldFailOnInvalidModel()'><b>shouldFailOnInvalidModel</b><br>Test class: io.axway.iron.core.ModelDefinitionValidationTest<br>Parameters: [interface io.axway.iron.core.model.validation.InvalidUniqueRelationEntity]</td>
<td><div><pre>io.axway.iron.error.InvalidModelException: Entity relation cannot be annotated with @Unique. Not implemented yet. {&quot;args&quot;: {&quot;entityClassName&quot;: &quot;io.axway.iron.core.model.validation.InvalidUniqueRelationEntity&quot;, &quot;relationMethodName&quot;: &quot;relation&quot;}}
	at io.axway.iron.core.internal.definition.entity.EntityDefinitionBuilder$1.visitMethod(EntityDefinitionBuilder.java:128)
	at io.axway.iron.core.internal.definition.InterfaceValidator.validate(InterfaceValidator.java:133)
	at io.axway.iron.core.internal.definition.entity.EntityDefinitionBuilder.analyzeEntityClass(EntityDefinitionBuilder.java:85)
	at io.axway.iron.core.internal.definition.entity.EntityDefinitionBuilder.lambda$analyzeEntities$0(EntityDefinitionBuilder.java:46)
	at java.lang.Iterable.forEach(Iterable.java:75)
	at io.axway.iron.core.internal.definition.entity.EntityDefinitionBuilder.analyzeEntities(EntityDefinitionBuilder.java:45)
	at io.axway.iron.core.internal.StoreManagerBuilderImpl.build(StoreManagerBuilderImpl.java:97)
	at io.axway.iron.core.ModelDefinitionValidationTest.shouldFailOnInvalidModel(ModelDefinitionValidationTest.java:161)
... Removed 10 stack frames</pre></div><a href='#' onClick='toggleBox("stack-trace1195067075", this, "Click to show all stack frames", "Click to hide stack frames")'>Click to show all stack frames</a>
<div class='stack-trace' id='stack-trace1195067075'><pre>io.axway.iron.error.InvalidModelException: Entity relation cannot be annotated with @Unique. Not implemented yet. {&quot;args&quot;: {&quot;entityClassName&quot;: &quot;io.axway.iron.core.model.validation.InvalidUniqueRelationEntity&quot;, &quot;relationMethodName&quot;: &quot;relation&quot;}}
	at io.axway.iron.core.internal.definition.entity.EntityDefinitionBuilder$1.visitMethod(EntityDefinitionBuilder.java:128)
	at io.axway.iron.core.internal.definition.InterfaceValidator.validate(InterfaceValidator.java:133)
	at io.axway.iron.core.internal.definition.entity.EntityDefinitionBuilder.analyzeEntityClass(EntityDefinitionBuilder.java:85)
	at io.axway.iron.core.internal.definition.entity.EntityDefinitionBuilder.lambda$analyzeEntities$0(EntityDefinitionBuilder.java:46)
	at java.lang.Iterable.forEach(Iterable.java:75)
	at io.axway.iron.core.internal.definition.entity.EntityDefinitionBuilder.analyzeEntities(EntityDefinitionBuilder.java:45)
	at io.axway.iron.core.internal.StoreManagerBuilderImpl.build(StoreManagerBuilderImpl.java:97)
	at io.axway.iron.core.ModelDefinitionValidationTest.shouldFailOnInvalidModel(ModelDefinitionValidationTest.java:161)
	at sun.reflect.NativeMethodAccessorImpl.invoke0(Native Method)
	at java.lang.reflect.Method.invoke(Method.java:498)
	at org.apache.maven.surefire.testng.TestNGExecutor.run(TestNGExecutor.java:135)
	at org.apache.maven.surefire.testng.TestNGDirectoryTestSuite.executeMulti(TestNGDirectoryTestSuite.java:193)
	at org.apache.maven.surefire.testng.TestNGDirectoryTestSuite.execute(TestNGDirectoryTestSuite.java:94)
	at org.apache.maven.surefire.testng.TestNGProvider.invoke(TestNGProvider.java:146)
	at org.apache.maven.surefire.booter.ForkedBooter.invokeProviderInSameClassLoader(ForkedBooter.java:379)
	at org.apache.maven.surefire.booter.ForkedBooter.runSuitesInProcess(ForkedBooter.java:340)
	at org.apache.maven.surefire.booter.ForkedBooter.execute(ForkedBooter.java:125)
	at org.apache.maven.surefire.booter.ForkedBooter.main(ForkedBooter.java:413)
</pre></div></td>
<td>0</td>
<td>io.axway.iron.core.ModelDefinitionValidationTest@1ed4004b</td></tr>
<tr>
<td title='io.axway.iron.core.ModelDefinitionValidationTest.shouldFailOnInvalidModel()'><b>shouldFailOnInvalidModel</b><br>Test class: io.axway.iron.core.ModelDefinitionValidationTest<br>Parameters: [interface io.axway.iron.core.model.validation.InvalidIdDefaultEntity]</td>
<td><div><pre>io.axway.iron.error.InvalidModelException: Entity attribute must not have a default implementation {&quot;args&quot;: {&quot;entityClassName&quot;: &quot;io.axway.iron.core.model.validation.InvalidIdDefaultEntity&quot;, &quot;attributeMethodName&quot;: &quot;id&quot;}}
	at io.axway.iron.core.internal.definition.entity.EntityDefinitionBuilder$1.visitMethod(EntityDefinitionBuilder.java:161)
	at io.axway.iron.core.internal.definition.InterfaceValidator.validate(InterfaceValidator.java:133)
	at io.axway.iron.core.internal.definition.entity.EntityDefinitionBuilder.analyzeEntityClass(EntityDefinitionBuilder.java:85)
	at io.axway.iron.core.internal.definition.entity.EntityDefinitionBuilder.lambda$analyzeEntities$0(EntityDefinitionBuilder.java:46)
	at java.lang.Iterable.forEach(Iterable.java:75)
	at io.axway.iron.core.internal.definition.entity.EntityDefinitionBuilder.analyzeEntities(EntityDefinitionBuilder.java:45)
	at io.axway.iron.core.internal.StoreManagerBuilderImpl.build(StoreManagerBuilderImpl.java:97)
	at io.axway.iron.core.ModelDefinitionValidationTest.shouldFailOnInvalidModel(ModelDefinitionValidationTest.java:161)
... Removed 10 stack frames</pre></div><a href='#' onClick='toggleBox("stack-trace2038148563", this, "Click to show all stack frames", "Click to hide stack frames")'>Click to show all stack frames</a>
<div class='stack-trace' id='stack-trace2038148563'><pre>io.axway.iron.error.InvalidModelException: Entity attribute must not have a default implementation {&quot;args&quot;: {&quot;entityClassName&quot;: &quot;io.axway.iron.core.model.validation.InvalidIdDefaultEntity&quot;, &quot;attributeMethodName&quot;: &quot;id&quot;}}
	at io.axway.iron.core.internal.definition.entity.EntityDefinitionBuilder$1.visitMethod(EntityDefinitionBuilder.java:161)
	at io.axway.iron.core.internal.definition.InterfaceValidator.validate(InterfaceValidator.java:133)
	at io.axway.iron.core.internal.definition.entity.EntityDefinitionBuilder.analyzeEntityClass(EntityDefinitionBuilder.java:85)
	at io.axway.iron.core.internal.definition.entity.EntityDefinitionBuilder.lambda$analyzeEntities$0(EntityDefinitionBuilder.java:46)
	at java.lang.Iterable.forEach(Iterable.java:75)
	at io.axway.iron.core.internal.definition.entity.EntityDefinitionBuilder.analyzeEntities(EntityDefinitionBuilder.java:45)
	at io.axway.iron.core.internal.StoreManagerBuilderImpl.build(StoreManagerBuilderImpl.java:97)
	at io.axway.iron.core.ModelDefinitionValidationTest.shouldFailOnInvalidModel(ModelDefinitionValidationTest.java:161)
	at sun.reflect.NativeMethodAccessorImpl.invoke0(Native Method)
	at java.lang.reflect.Method.invoke(Method.java:498)
	at org.apache.maven.surefire.testng.TestNGExecutor.run(TestNGExecutor.java:135)
	at org.apache.maven.surefire.testng.TestNGDirectoryTestSuite.executeMulti(TestNGDirectoryTestSuite.java:193)
	at org.apache.maven.surefire.testng.TestNGDirectoryTestSuite.execute(TestNGDirectoryTestSuite.java:94)
	at org.apache.maven.surefire.testng.TestNGProvider.invoke(TestNGProvider.java:146)
	at org.apache.maven.surefire.booter.ForkedBooter.invokeProviderInSameClassLoader(ForkedBooter.java:379)
	at org.apache.maven.surefire.booter.ForkedBooter.runSuitesInProcess(ForkedBooter.java:340)
	at org.apache.maven.surefire.booter.ForkedBooter.execute(ForkedBooter.java:125)
	at org.apache.maven.surefire.booter.ForkedBooter.main(ForkedBooter.java:413)
</pre></div></td>
<td>0</td>
<td>io.axway.iron.core.ModelDefinitionValidationTest@1ed4004b</td></tr>
<tr>
<td title='io.axway.iron.core.ModelDefinitionValidationTest.shouldFailOnInvalidModel()'><b>shouldFailOnInvalidModel</b><br>Test class: io.axway.iron.core.ModelDefinitionValidationTest<br>Parameters: [interface io.axway.iron.core.model.validation.InvalidIdMultipleEntity]</td>
<td><div><pre>io.axway.iron.error.InvalidModelException: Entity has multiple @Id annotation {&quot;args&quot;: {&quot;entityClassName&quot;: &quot;io.axway.iron.core.model.validation.InvalidIdMultipleEntity&quot;}}
	at io.axway.iron.core.internal.definition.entity.EntityDefinitionBuilder.analyzeEntityClass(EntityDefinitionBuilder.java:203)
	at io.axway.iron.core.internal.definition.entity.EntityDefinitionBuilder.lambda$analyzeEntities$0(EntityDefinitionBuilder.java:46)
	at java.lang.Iterable.forEach(Iterable.java:75)
	at io.axway.iron.core.internal.definition.entity.EntityDefinitionBuilder.analyzeEntities(EntityDefinitionBuilder.java:45)
	at io.axway.iron.core.internal.StoreManagerBuilderImpl.build(StoreManagerBuilderImpl.java:97)
	at io.axway.iron.core.ModelDefinitionValidationTest.shouldFailOnInvalidModel(ModelDefinitionValidationTest.java:161)
... Removed 10 stack frames</pre></div><a href='#' onClick='toggleBox("stack-trace103536485", this, "Click to show all stack frames", "Click to hide stack frames")'>Click to show all stack frames</a>
<div class='stack-trace' id='stack-trace103536485'><pre>io.axway.iron.error.InvalidModelException: Entity has multiple @Id annotation {&quot;args&quot;: {&quot;entityClassName&quot;: &quot;io.axway.iron.core.model.validation.InvalidIdMultipleEntity&quot;}}
	at io.axway.iron.core.internal.definition.entity.EntityDefinitionBuilder.analyzeEntityClass(EntityDefinitionBuilder.java:203)
	at io.axway.iron.core.internal.definition.entity.EntityDefinitionBuilder.lambda$analyzeEntities$0(EntityDefinitionBuilder.java:46)
	at java.lang.Iterable.forEach(Iterable.java:75)
	at io.axway.iron.core.internal.definition.entity.EntityDefinitionBuilder.analyzeEntities(EntityDefinitionBuilder.java:45)
	at io.axway.iron.core.internal.StoreManagerBuilderImpl.build(StoreManagerBuilderImpl.java:97)
	at io.axway.iron.core.ModelDefinitionValidationTest.shouldFailOnInvalidModel(ModelDefinitionValidationTest.java:161)
	at sun.reflect.NativeMethodAccessorImpl.invoke0(Native Method)
	at java.lang.reflect.Method.invoke(Method.java:498)
	at org.apache.maven.surefire.testng.TestNGExecutor.run(TestNGExecutor.java:135)
	at org.apache.maven.surefire.testng.TestNGDirectoryTestSuite.executeMulti(TestNGDirectoryTestSuite.java:193)
	at org.apache.maven.surefire.testng.TestNGDirectoryTestSuite.execute(TestNGDirectoryTestSuite.java:94)
	at org.apache.maven.surefire.testng.TestNGProvider.invoke(TestNGProvider.java:146)
	at org.apache.maven.surefire.booter.ForkedBooter.invokeProviderInSameClassLoader(ForkedBooter.java:379)
	at org.apache.maven.surefire.booter.ForkedBooter.runSuitesInProcess(ForkedBooter.java:340)
	at org.apache.maven.surefire.booter.ForkedBooter.execute(ForkedBooter.java:125)
	at org.apache.maven.surefire.booter.ForkedBooter.main(ForkedBooter.java:413)
</pre></div></td>
<td>0</td>
<td>io.axway.iron.core.ModelDefinitionValidationTest@1ed4004b</td></tr>
<tr>
<td title='io.axway.iron.core.ModelDefinitionValidationTest.shouldFailOnInvalidModel()'><b>shouldFailOnInvalidModel</b><br>Test class: io.axway.iron.core.ModelDefinitionValidationTest<br>Parameters: [interface io.axway.iron.core.model.validation.InvalidIdNonLongEntity]</td>
<td><div><pre>io.axway.iron.error.InvalidModelException: Entity attribute is annotated with @Id but is not returning long {&quot;args&quot;: {&quot;entityClassName&quot;: &quot;io.axway.iron.core.model.validation.InvalidIdNonLongEntity&quot;, &quot;attributeMethodName&quot;: &quot;id&quot;}}
	at io.axway.iron.core.internal.definition.entity.EntityDefinitionBuilder$1.visitMethod(EntityDefinitionBuilder.java:176)
	at io.axway.iron.core.internal.definition.InterfaceValidator.validate(InterfaceValidator.java:133)
	at io.axway.iron.core.internal.definition.entity.EntityDefinitionBuilder.analyzeEntityClass(EntityDefinitionBuilder.java:85)
	at io.axway.iron.core.internal.definition.entity.EntityDefinitionBuilder.lambda$analyzeEntities$0(EntityDefinitionBuilder.java:46)
	at java.lang.Iterable.forEach(Iterable.java:75)
	at io.axway.iron.core.internal.definition.entity.EntityDefinitionBuilder.analyzeEntities(EntityDefinitionBuilder.java:45)
	at io.axway.iron.core.internal.StoreManagerBuilderImpl.build(StoreManagerBuilderImpl.java:97)
	at io.axway.iron.core.ModelDefinitionValidationTest.shouldFailOnInvalidModel(ModelDefinitionValidationTest.java:161)
... Removed 10 stack frames</pre></div><a href='#' onClick='toggleBox("stack-trace93314457", this, "Click to show all stack frames", "Click to hide stack frames")'>Click to show all stack frames</a>
<div class='stack-trace' id='stack-trace93314457'><pre>io.axway.iron.error.InvalidModelException: Entity attribute is annotated with @Id but is not returning long {&quot;args&quot;: {&quot;entityClassName&quot;: &quot;io.axway.iron.core.model.validation.InvalidIdNonLongEntity&quot;, &quot;attributeMethodName&quot;: &quot;id&quot;}}
	at io.axway.iron.core.internal.definition.entity.EntityDefinitionBuilder$1.visitMethod(EntityDefinitionBuilder.java:176)
	at io.axway.iron.core.internal.definition.InterfaceValidator.validate(InterfaceValidator.java:133)
	at io.axway.iron.core.internal.definition.entity.EntityDefinitionBuilder.analyzeEntityClass(EntityDefinitionBuilder.java:85)
	at io.axway.iron.core.internal.definition.entity.EntityDefinitionBuilder.lambda$analyzeEntities$0(EntityDefinitionBuilder.java:46)
	at java.lang.Iterable.forEach(Iterable.java:75)
	at io.axway.iron.core.internal.definition.entity.EntityDefinitionBuilder.analyzeEntities(EntityDefinitionBuilder.java:45)
	at io.axway.iron.core.internal.StoreManagerBuilderImpl.build(StoreManagerBuilderImpl.java:97)
	at io.axway.iron.core.ModelDefinitionValidationTest.shouldFailOnInvalidModel(ModelDefinitionValidationTest.java:161)
	at sun.reflect.NativeMethodAccessorImpl.invoke0(Native Method)
	at java.lang.reflect.Method.invoke(Method.java:498)
	at org.apache.maven.surefire.testng.TestNGExecutor.run(TestNGExecutor.java:135)
	at org.apache.maven.surefire.testng.TestNGDirectoryTestSuite.executeMulti(TestNGDirectoryTestSuite.java:193)
	at org.apache.maven.surefire.testng.TestNGDirectoryTestSuite.execute(TestNGDirectoryTestSuite.java:94)
	at org.apache.maven.surefire.testng.TestNGProvider.invoke(TestNGProvider.java:146)
	at org.apache.maven.surefire.booter.ForkedBooter.invokeProviderInSameClassLoader(ForkedBooter.java:379)
	at org.apache.maven.surefire.booter.ForkedBooter.runSuitesInProcess(ForkedBooter.java:340)
	at org.apache.maven.surefire.booter.ForkedBooter.execute(ForkedBooter.java:125)
	at org.apache.maven.surefire.booter.ForkedBooter.main(ForkedBooter.java:413)
</pre></div></td>
<td>0</td>
<td>io.axway.iron.core.ModelDefinitionValidationTest@1ed4004b</td></tr>
<tr>
<td title='io.axway.iron.core.ModelDefinitionValidationTest.shouldFailOnInvalidModel()'><b>shouldFailOnInvalidModel</b><br>Test class: io.axway.iron.core.ModelDefinitionValidationTest<br>Parameters: [interface io.axway.iron.core.model.validation.InvalidIdRelationEntity]</td>
<td><div><pre>io.axway.iron.error.InvalidModelException: Entity relation cannot be annotated with @Id {&quot;args&quot;: {&quot;entityClassName&quot;: &quot;io.axway.iron.core.model.validation.InvalidIdRelationEntity&quot;, &quot;relationMethodName&quot;: &quot;id&quot;}}
	at io.axway.iron.core.internal.definition.entity.EntityDefinitionBuilder$1.visitMethod(EntityDefinitionBuilder.java:123)
	at io.axway.iron.core.internal.definition.InterfaceValidator.validate(InterfaceValidator.java:133)
	at io.axway.iron.core.internal.definition.entity.EntityDefinitionBuilder.analyzeEntityClass(EntityDefinitionBuilder.java:85)
	at io.axway.iron.core.internal.definition.entity.EntityDefinitionBuilder.lambda$analyzeEntities$0(EntityDefinitionBuilder.java:46)
	at java.lang.Iterable.forEach(Iterable.java:75)
	at io.axway.iron.core.internal.definition.entity.EntityDefinitionBuilder.analyzeEntities(EntityDefinitionBuilder.java:45)
	at io.axway.iron.core.internal.StoreManagerBuilderImpl.build(StoreManagerBuilderImpl.java:97)
	at io.axway.iron.core.ModelDefinitionValidationTest.shouldFailOnInvalidModel(ModelDefinitionValidationTest.java:161)
... Removed 9 stack frames</pre></div><a href='#' onClick='toggleBox("stack-trace195615004", this, "Click to show all stack frames", "Click to hide stack frames")'>Click to show all stack frames</a>
<div class='stack-trace' id='stack-trace195615004'><pre>io.axway.iron.error.InvalidModelException: Entity relation cannot be annotated with @Id {&quot;args&quot;: {&quot;entityClassName&quot;: &quot;io.axway.iron.core.model.validation.InvalidIdRelationEntity&quot;, &quot;relationMethodName&quot;: &quot;id&quot;}}
	at io.axway.iron.core.internal.definition.entity.EntityDefinitionBuilder$1.visitMethod(EntityDefinitionBuilder.java:123)
	at io.axway.iron.core.internal.definition.InterfaceValidator.validate(InterfaceValidator.java:133)
	at io.axway.iron.core.internal.definition.entity.EntityDefinitionBuilder.analyzeEntityClass(EntityDefinitionBuilder.java:85)
	at io.axway.iron.core.internal.definition.entity.EntityDefinitionBuilder.lambda$analyzeEntities$0(EntityDefinitionBuilder.java:46)
	at java.lang.Iterable.forEach(Iterable.java:75)
	at io.axway.iron.core.internal.definition.entity.EntityDefinitionBuilder.analyzeEntities(EntityDefinitionBuilder.java:45)
	at io.axway.iron.core.internal.StoreManagerBuilderImpl.build(StoreManagerBuilderImpl.java:97)
	at io.axway.iron.core.ModelDefinitionValidationTest.shouldFailOnInvalidModel(ModelDefinitionValidationTest.java:161)
	at java.lang.reflect.Method.invoke(Method.java:498)
	at org.apache.maven.surefire.testng.TestNGExecutor.run(TestNGExecutor.java:135)
	at org.apache.maven.surefire.testng.TestNGDirectoryTestSuite.executeMulti(TestNGDirectoryTestSuite.java:193)
	at org.apache.maven.surefire.testng.TestNGDirectoryTestSuite.execute(TestNGDirectoryTestSuite.java:94)
	at org.apache.maven.surefire.testng.TestNGProvider.invoke(TestNGProvider.java:146)
	at org.apache.maven.surefire.booter.ForkedBooter.invokeProviderInSameClassLoader(ForkedBooter.java:379)
	at org.apache.maven.surefire.booter.ForkedBooter.runSuitesInProcess(ForkedBooter.java:340)
	at org.apache.maven.surefire.booter.ForkedBooter.execute(ForkedBooter.java:125)
	at org.apache.maven.surefire.booter.ForkedBooter.main(ForkedBooter.java:413)
</pre></div></td>
<td>0</td>
<td>io.axway.iron.core.ModelDefinitionValidationTest@1ed4004b</td></tr>
<tr>
<td title='io.axway.iron.core.ModelDefinitionValidationTest.shouldFailOnInvalidModel()'><b>shouldFailOnInvalidModel</b><br>Test class: io.axway.iron.core.ModelDefinitionValidationTest<br>Parameters: [interface io.axway.iron.core.model.validation.InvalidIdUniqueEntity]</td>
<td><div><pre>io.axway.iron.error.InvalidModelException: Entity attribute must not be annotated by both @Id and @Unique {&quot;args&quot;: {&quot;entityClassName&quot;: &quot;io.axway.iron.core.model.validation.InvalidIdUniqueEntity&quot;, &quot;attributeMethodName&quot;: &quot;id&quot;}}
	at io.axway.iron.core.internal.definition.entity.EntityDefinitionBuilder$1.visitMethod(EntityDefinitionBuilder.java:166)
	at io.axway.iron.core.internal.definition.InterfaceValidator.validate(InterfaceValidator.java:133)
	at io.axway.iron.core.internal.definition.entity.EntityDefinitionBuilder.analyzeEntityClass(EntityDefinitionBuilder.java:85)
	at io.axway.iron.core.internal.definition.entity.EntityDefinitionBuilder.lambda$analyzeEntities$0(EntityDefinitionBuilder.java:46)
	at java.lang.Iterable.forEach(Iterable.java:75)
	at io.axway.iron.core.internal.definition.entity.EntityDefinitionBuilder.analyzeEntities(EntityDefinitionBuilder.java:45)
	at io.axway.iron.core.internal.StoreManagerBuilderImpl.build(StoreManagerBuilderImpl.java:97)
	at io.axway.iron.core.ModelDefinitionValidationTest.shouldFailOnInvalidModel(ModelDefinitionValidationTest.java:161)
... Removed 9 stack frames</pre></div><a href='#' onClick='toggleBox("stack-trace1027007693", this, "Click to show all stack frames", "Click to hide stack frames")'>Click to show all stack frames</a>
<div class='stack-trace' id='stack-trace1027007693'><pre>io.axway.iron.error.InvalidModelException: Entity attribute must not be annotated by both @Id and @Unique {&quot;args&quot;: {&quot;entityClassName&quot;: &quot;io.axway.iron.core.model.validation.InvalidIdUniqueEntity&quot;, &quot;attributeMethodName&quot;: &quot;id&quot;}}
	at io.axway.iron.core.internal.definition.entity.EntityDefinitionBuilder$1.visitMethod(EntityDefinitionBuilder.java:166)
	at io.axway.iron.core.internal.definition.InterfaceValidator.validate(InterfaceValidator.java:133)
	at io.axway.iron.core.internal.definition.entity.EntityDefinitionBuilder.analyzeEntityClass(EntityDefinitionBuilder.java:85)
	at io.axway.iron.core.internal.definition.entity.EntityDefinitionBuilder.lambda$analyzeEntities$0(EntityDefinitionBuilder.java:46)
	at java.lang.Iterable.forEach(Iterable.java:75)
	at io.axway.iron.core.internal.definition.entity.EntityDefinitionBuilder.analyzeEntities(EntityDefinitionBuilder.java:45)
	at io.axway.iron.core.internal.StoreManagerBuilderImpl.build(StoreManagerBuilderImpl.java:97)
	at io.axway.iron.core.ModelDefinitionValidationTest.shouldFailOnInvalidModel(ModelDefinitionValidationTest.java:161)
	at java.lang.reflect.Method.invoke(Method.java:498)
	at org.apache.maven.surefire.testng.TestNGExecutor.run(TestNGExecutor.java:135)
	at org.apache.maven.surefire.testng.TestNGDirectoryTestSuite.executeMulti(TestNGDirectoryTestSuite.java:193)
	at org.apache.maven.surefire.testng.TestNGDirectoryTestSuite.execute(TestNGDirectoryTestSuite.java:94)
	at org.apache.maven.surefire.testng.TestNGProvider.invoke(TestNGProvider.java:146)
	at org.apache.maven.surefire.booter.ForkedBooter.invokeProviderInSameClassLoader(ForkedBooter.java:379)
	at org.apache.maven.surefire.booter.ForkedBooter.runSuitesInProcess(ForkedBooter.java:340)
	at org.apache.maven.surefire.booter.ForkedBooter.execute(ForkedBooter.java:125)
	at org.apache.maven.surefire.booter.ForkedBooter.main(ForkedBooter.java:413)
</pre></div></td>
<td>0</td>
<td>io.axway.iron.core.ModelDefinitionValidationTest@1ed4004b</td></tr>
<tr>
<td title='io.axway.iron.core.ModelDefinitionValidationTest.shouldFailOnInvalidModel()'><b>shouldFailOnInvalidModel</b><br>Test class: io.axway.iron.core.ModelDefinitionValidationTest<br>Parameters: [interface io.axway.iron.core.model.validation.InvalidNullableMultipleRelationEntity]</td>
<td><div><pre>io.axway.iron.error.InvalidModelException: Entity relation is a multiple relation that cannot be @Nullable {&quot;args&quot;: {&quot;entityClassName&quot;: &quot;io.axway.iron.core.model.validation.InvalidNullableMultipleRelationEntity&quot;, &quot;methodName&quot;: &quot;relations&quot;}}
	at io.axway.iron.core.internal.definition.InterfaceValidator.validate(InterfaceValidator.java:105)
	at io.axway.iron.core.internal.definition.entity.EntityDefinitionBuilder.analyzeEntityClass(EntityDefinitionBuilder.java:85)
	at io.axway.iron.core.internal.definition.entity.EntityDefinitionBuilder.lambda$analyzeEntities$0(EntityDefinitionBuilder.java:46)
	at java.lang.Iterable.forEach(Iterable.java:75)
	at io.axway.iron.core.internal.definition.entity.EntityDefinitionBuilder.analyzeEntities(EntityDefinitionBuilder.java:45)
	at io.axway.iron.core.internal.StoreManagerBuilderImpl.build(StoreManagerBuilderImpl.java:97)
	at io.axway.iron.core.ModelDefinitionValidationTest.shouldFailOnInvalidModel(ModelDefinitionValidationTest.java:161)
... Removed 9 stack frames</pre></div><a href='#' onClick='toggleBox("stack-trace1381713434", this, "Click to show all stack frames", "Click to hide stack frames")'>Click to show all stack frames</a>
<div class='stack-trace' id='stack-trace1381713434'><pre>io.axway.iron.error.InvalidModelException: Entity relation is a multiple relation that cannot be @Nullable {&quot;args&quot;: {&quot;entityClassName&quot;: &quot;io.axway.iron.core.model.validation.InvalidNullableMultipleRelationEntity&quot;, &quot;methodName&quot;: &quot;relations&quot;}}
	at io.axway.iron.core.internal.definition.InterfaceValidator.validate(InterfaceValidator.java:105)
	at io.axway.iron.core.internal.definition.entity.EntityDefinitionBuilder.analyzeEntityClass(EntityDefinitionBuilder.java:85)
	at io.axway.iron.core.internal.definition.entity.EntityDefinitionBuilder.lambda$analyzeEntities$0(EntityDefinitionBuilder.java:46)
	at java.lang.Iterable.forEach(Iterable.java:75)
	at io.axway.iron.core.internal.definition.entity.EntityDefinitionBuilder.analyzeEntities(EntityDefinitionBuilder.java:45)
	at io.axway.iron.core.internal.StoreManagerBuilderImpl.build(StoreManagerBuilderImpl.java:97)
	at io.axway.iron.core.ModelDefinitionValidationTest.shouldFailOnInvalidModel(ModelDefinitionValidationTest.java:161)
	at java.lang.reflect.Method.invoke(Method.java:498)
	at org.apache.maven.surefire.testng.TestNGExecutor.run(TestNGExecutor.java:135)
	at org.apache.maven.surefire.testng.TestNGDirectoryTestSuite.executeMulti(TestNGDirectoryTestSuite.java:193)
	at org.apache.maven.surefire.testng.TestNGDirectoryTestSuite.execute(TestNGDirectoryTestSuite.java:94)
	at org.apache.maven.surefire.testng.TestNGProvider.invoke(TestNGProvider.java:146)
	at org.apache.maven.surefire.booter.ForkedBooter.invokeProviderInSameClassLoader(ForkedBooter.java:379)
	at org.apache.maven.surefire.booter.ForkedBooter.runSuitesInProcess(ForkedBooter.java:340)
	at org.apache.maven.surefire.booter.ForkedBooter.execute(ForkedBooter.java:125)
	at org.apache.maven.surefire.booter.ForkedBooter.main(ForkedBooter.java:413)
</pre></div></td>
<td>0</td>
<td>io.axway.iron.core.ModelDefinitionValidationTest@1ed4004b</td></tr>
<tr>
<td title='io.axway.iron.core.ModelDefinitionValidationTest.shouldFailOnInvalidModel()'><b>shouldFailOnInvalidModel</b><br>Test class: io.axway.iron.core.ModelDefinitionValidationTest<br>Parameters: [interface io.axway.iron.core.model.validation.InvalidMethodWithDefaultImplementationEntity]</td>
<td><div><pre>io.axway.iron.error.InvalidModelException: Entity attribute must not have a default implementation {&quot;args&quot;: {&quot;entityClassName&quot;: &quot;io.axway.iron.core.model.validation.InvalidMethodWithDefaultImplementationEntity&quot;, &quot;attributeMethodName&quot;: &quot;value&quot;}}
	at io.axway.iron.core.internal.definition.entity.EntityDefinitionBuilder$1.visitMethod(EntityDefinitionBuilder.java:161)
	at io.axway.iron.core.internal.definition.InterfaceValidator.validate(InterfaceValidator.java:133)
	at io.axway.iron.core.internal.definition.entity.EntityDefinitionBuilder.analyzeEntityClass(EntityDefinitionBuilder.java:85)
	at io.axway.iron.core.internal.definition.entity.EntityDefinitionBuilder.lambda$analyzeEntities$0(EntityDefinitionBuilder.java:46)
	at java.lang.Iterable.forEach(Iterable.java:75)
	at io.axway.iron.core.internal.definition.entity.EntityDefinitionBuilder.analyzeEntities(EntityDefinitionBuilder.java:45)
	at io.axway.iron.core.internal.StoreManagerBuilderImpl.build(StoreManagerBuilderImpl.java:97)
	at io.axway.iron.core.ModelDefinitionValidationTest.shouldFailOnInvalidModel(ModelDefinitionValidationTest.java:161)
... Removed 9 stack frames</pre></div><a href='#' onClick='toggleBox("stack-trace1641313620", this, "Click to show all stack frames", "Click to hide stack frames")'>Click to show all stack frames</a>
<div class='stack-trace' id='stack-trace1641313620'><pre>io.axway.iron.error.InvalidModelException: Entity attribute must not have a default implementation {&quot;args&quot;: {&quot;entityClassName&quot;: &quot;io.axway.iron.core.model.validation.InvalidMethodWithDefaultImplementationEntity&quot;, &quot;attributeMethodName&quot;: &quot;value&quot;}}
	at io.axway.iron.core.internal.definition.entity.EntityDefinitionBuilder$1.visitMethod(EntityDefinitionBuilder.java:161)
	at io.axway.iron.core.internal.definition.InterfaceValidator.validate(InterfaceValidator.java:133)
	at io.axway.iron.core.internal.definition.entity.EntityDefinitionBuilder.analyzeEntityClass(EntityDefinitionBuilder.java:85)
	at io.axway.iron.core.internal.definition.entity.EntityDefinitionBuilder.lambda$analyzeEntities$0(EntityDefinitionBuilder.java:46)
	at java.lang.Iterable.forEach(Iterable.java:75)
	at io.axway.iron.core.internal.definition.entity.EntityDefinitionBuilder.analyzeEntities(EntityDefinitionBuilder.java:45)
	at io.axway.iron.core.internal.StoreManagerBuilderImpl.build(StoreManagerBuilderImpl.java:97)
	at io.axway.iron.core.ModelDefinitionValidationTest.shouldFailOnInvalidModel(ModelDefinitionValidationTest.java:161)
	at java.lang.reflect.Method.invoke(Method.java:498)
	at org.apache.maven.surefire.testng.TestNGExecutor.run(TestNGExecutor.java:135)
	at org.apache.maven.surefire.testng.TestNGDirectoryTestSuite.executeMulti(TestNGDirectoryTestSuite.java:193)
	at org.apache.maven.surefire.testng.TestNGDirectoryTestSuite.execute(TestNGDirectoryTestSuite.java:94)
	at org.apache.maven.surefire.testng.TestNGProvider.invoke(TestNGProvider.java:146)
	at org.apache.maven.surefire.booter.ForkedBooter.invokeProviderInSameClassLoader(ForkedBooter.java:379)
	at org.apache.maven.surefire.booter.ForkedBooter.runSuitesInProcess(ForkedBooter.java:340)
	at org.apache.maven.surefire.booter.ForkedBooter.execute(ForkedBooter.java:125)
	at org.apache.maven.surefire.booter.ForkedBooter.main(ForkedBooter.java:413)
</pre></div></td>
<td>0</td>
<td>io.axway.iron.core.ModelDefinitionValidationTest@1ed4004b</td></tr>
<tr>
<td title='io.axway.iron.core.ModelDefinitionValidationTest.shouldFailOnInvalidModel()'><b>shouldFailOnInvalidModel</b><br>Test class: io.axway.iron.core.ModelDefinitionValidationTest<br>Parameters: [interface io.axway.iron.core.model.validation.InvalidNullablePrimitiveEntity]</td>
<td><div><pre>io.axway.iron.error.InvalidModelException: Entity attribute is @Nullable but has a primitive datatype that cannot be null {&quot;args&quot;: {&quot;entityClassName&quot;: &quot;io.axway.iron.core.model.validation.InvalidNullablePrimitiveEntity&quot;, &quot;methodName&quot;: &quot;value&quot;, &quot;dataType&quot;: &quot;int&quot;}}
	at io.axway.iron.core.internal.definition.InterfaceValidator.validate(InterfaceValidator.java:114)
	at io.axway.iron.core.internal.definition.entity.EntityDefinitionBuilder.analyzeEntityClass(EntityDefinitionBuilder.java:85)
	at io.axway.iron.core.internal.definition.entity.EntityDefinitionBuilder.lambda$analyzeEntities$0(EntityDefinitionBuilder.java:46)
	at java.lang.Iterable.forEach(Iterable.java:75)
	at io.axway.iron.core.internal.definition.entity.EntityDefinitionBuilder.analyzeEntities(EntityDefinitionBuilder.java:45)
	at io.axway.iron.core.internal.StoreManagerBuilderImpl.build(StoreManagerBuilderImpl.java:97)
	at io.axway.iron.core.ModelDefinitionValidationTest.shouldFailOnInvalidModel(ModelDefinitionValidationTest.java:161)
... Removed 9 stack frames</pre></div><a href='#' onClick='toggleBox("stack-trace1295226194", this, "Click to show all stack frames", "Click to hide stack frames")'>Click to show all stack frames</a>
<div class='stack-trace' id='stack-trace1295226194'><pre>io.axway.iron.error.InvalidModelException: Entity attribute is @Nullable but has a primitive datatype that cannot be null {&quot;args&quot;: {&quot;entityClassName&quot;: &quot;io.axway.iron.core.model.validation.InvalidNullablePrimitiveEntity&quot;, &quot;methodName&quot;: &quot;value&quot;, &quot;dataType&quot;: &quot;int&quot;}}
	at io.axway.iron.core.internal.definition.InterfaceValidator.validate(InterfaceValidator.java:114)
	at io.axway.iron.core.internal.definition.entity.EntityDefinitionBuilder.analyzeEntityClass(EntityDefinitionBuilder.java:85)
	at io.axway.iron.core.internal.definition.entity.EntityDefinitionBuilder.lambda$analyzeEntities$0(EntityDefinitionBuilder.java:46)
	at java.lang.Iterable.forEach(Iterable.java:75)
	at io.axway.iron.core.internal.definition.entity.EntityDefinitionBuilder.analyzeEntities(EntityDefinitionBuilder.java:45)
	at io.axway.iron.core.internal.StoreManagerBuilderImpl.build(StoreManagerBuilderImpl.java:97)
	at io.axway.iron.core.ModelDefinitionValidationTest.shouldFailOnInvalidModel(ModelDefinitionValidationTest.java:161)
	at java.lang.reflect.Method.invoke(Method.java:498)
	at org.apache.maven.surefire.testng.TestNGExecutor.run(TestNGExecutor.java:135)
	at org.apache.maven.surefire.testng.TestNGDirectoryTestSuite.executeMulti(TestNGDirectoryTestSuite.java:193)
	at org.apache.maven.surefire.testng.TestNGDirectoryTestSuite.execute(TestNGDirectoryTestSuite.java:94)
	at org.apache.maven.surefire.testng.TestNGProvider.invoke(TestNGProvider.java:146)
	at org.apache.maven.surefire.booter.ForkedBooter.invokeProviderInSameClassLoader(ForkedBooter.java:379)
	at org.apache.maven.surefire.booter.ForkedBooter.runSuitesInProcess(ForkedBooter.java:340)
	at org.apache.maven.surefire.booter.ForkedBooter.execute(ForkedBooter.java:125)
	at org.apache.maven.surefire.booter.ForkedBooter.main(ForkedBooter.java:413)
</pre></div></td>
<td>0</td>
<td>io.axway.iron.core.ModelDefinitionValidationTest@1ed4004b</td></tr>
<tr>
<td title='io.axway.iron.core.ModelDefinitionValidationTest.shouldFailOnInvalidModel()'><b>shouldFailOnInvalidModel</b><br>Test class: io.axway.iron.core.ModelDefinitionValidationTest<br>Parameters: [interface io.axway.iron.core.model.validation.InvalidNonnullPrimitiveWrapperEntity]</td>
<td><div><pre>io.axway.iron.error.InvalidModelException: Entity attribute is not @Nullable but has a primitive wrapper datatype, primitive datatype must be used instead {&quot;args&quot;: {&quot;entityClassName&quot;: &quot;io.axway.iron.core.model.validation.InvalidNonnullPrimitiveWrapperEntity&quot;, &quot;methodName&quot;: &quot;value&quot;, &quot;dataType&quot;: &quot;java.lang.Integer&quot;, &quot;primitiveDataType&quot;: &quot;int&quot;}}
	at io.axway.iron.core.internal.definition.InterfaceValidator.validate(InterfaceValidator.java:121)
	at io.axway.iron.core.internal.definition.entity.EntityDefinitionBuilder.analyzeEntityClass(EntityDefinitionBuilder.java:85)
	at io.axway.iron.core.internal.definition.entity.EntityDefinitionBuilder.lambda$analyzeEntities$0(EntityDefinitionBuilder.java:46)
	at java.lang.Iterable.forEach(Iterable.java:75)
	at io.axway.iron.core.internal.definition.entity.EntityDefinitionBuilder.analyzeEntities(EntityDefinitionBuilder.java:45)
	at io.axway.iron.core.internal.StoreManagerBuilderImpl.build(StoreManagerBuilderImpl.java:97)
	at io.axway.iron.core.ModelDefinitionValidationTest.shouldFailOnInvalidModel(ModelDefinitionValidationTest.java:161)
... Removed 9 stack frames</pre></div><a href='#' onClick='toggleBox("stack-trace1704064279", this, "Click to show all stack frames", "Click to hide stack frames")'>Click to show all stack frames</a>
<div class='stack-trace' id='stack-trace1704064279'><pre>io.axway.iron.error.InvalidModelException: Entity attribute is not @Nullable but has a primitive wrapper datatype, primitive datatype must be used instead {&quot;args&quot;: {&quot;entityClassName&quot;: &quot;io.axway.iron.core.model.validation.InvalidNonnullPrimitiveWrapperEntity&quot;, &quot;methodName&quot;: &quot;value&quot;, &quot;dataType&quot;: &quot;java.lang.Integer&quot;, &quot;primitiveDataType&quot;: &quot;int&quot;}}
	at io.axway.iron.core.internal.definition.InterfaceValidator.validate(InterfaceValidator.java:121)
	at io.axway.iron.core.internal.definition.entity.EntityDefinitionBuilder.analyzeEntityClass(EntityDefinitionBuilder.java:85)
	at io.axway.iron.core.internal.definition.entity.EntityDefinitionBuilder.lambda$analyzeEntities$0(EntityDefinitionBuilder.java:46)
	at java.lang.Iterable.forEach(Iterable.java:75)
	at io.axway.iron.core.internal.definition.entity.EntityDefinitionBuilder.analyzeEntities(EntityDefinitionBuilder.java:45)
	at io.axway.iron.core.internal.StoreManagerBuilderImpl.build(StoreManagerBuilderImpl.java:97)
	at io.axway.iron.core.ModelDefinitionValidationTest.shouldFailOnInvalidModel(ModelDefinitionValidationTest.java:161)
	at java.lang.reflect.Method.invoke(Method.java:498)
	at org.apache.maven.surefire.testng.TestNGExecutor.run(TestNGExecutor.java:135)
	at org.apache.maven.surefire.testng.TestNGDirectoryTestSuite.executeMulti(TestNGDirectoryTestSuite.java:193)
	at org.apache.maven.surefire.testng.TestNGDirectoryTestSuite.execute(TestNGDirectoryTestSuite.java:94)
	at org.apache.maven.surefire.testng.TestNGProvider.invoke(TestNGProvider.java:146)
	at org.apache.maven.surefire.booter.ForkedBooter.invokeProviderInSameClassLoader(ForkedBooter.java:379)
	at org.apache.maven.surefire.booter.ForkedBooter.runSuitesInProcess(ForkedBooter.java:340)
	at org.apache.maven.surefire.booter.ForkedBooter.execute(ForkedBooter.java:125)
	at org.apache.maven.surefire.booter.ForkedBooter.main(ForkedBooter.java:413)
</pre></div></td>
<td>0</td>
<td>io.axway.iron.core.ModelDefinitionValidationTest@1ed4004b</td></tr>
<tr>
<td title='io.axway.iron.core.ModelDefinitionValidationTest.shouldFailOnInvalidModel()'><b>shouldFailOnInvalidModel</b><br>Test class: io.axway.iron.core.ModelDefinitionValidationTest<br>Parameters: [interface io.axway.iron.core.model.validation.InvalidDatatypeEntity]</td>
<td><div><pre>io.axway.iron.error.InvalidModelException: Entity method is not supported {&quot;args&quot;: {&quot;entityClassName&quot;: &quot;io.axway.iron.core.model.validation.InvalidDatatypeEntity&quot;, &quot;methodName&quot;: &quot;value&quot;}}
	at io.axway.iron.core.internal.definition.entity.EntityDefinitionBuilder$1.visitMethod(EntityDefinitionBuilder.java:195)
	at io.axway.iron.core.internal.definition.InterfaceValidator.validate(InterfaceValidator.java:133)
	at io.axway.iron.core.internal.definition.entity.EntityDefinitionBuilder.analyzeEntityClass(EntityDefinitionBuilder.java:85)
	at io.axway.iron.core.internal.definition.entity.EntityDefinitionBuilder.lambda$analyzeEntities$0(EntityDefinitionBuilder.java:46)
	at java.lang.Iterable.forEach(Iterable.java:75)
	at io.axway.iron.core.internal.definition.entity.EntityDefinitionBuilder.analyzeEntities(EntityDefinitionBuilder.java:45)
	at io.axway.iron.core.internal.StoreManagerBuilderImpl.build(StoreManagerBuilderImpl.java:97)
	at io.axway.iron.core.ModelDefinitionValidationTest.shouldFailOnInvalidModel(ModelDefinitionValidationTest.java:161)
... Removed 9 stack frames</pre></div><a href='#' onClick='toggleBox("stack-trace664457955", this, "Click to show all stack frames", "Click to hide stack frames")'>Click to show all stack frames</a>
<div class='stack-trace' id='stack-trace664457955'><pre>io.axway.iron.error.InvalidModelException: Entity method is not supported {&quot;args&quot;: {&quot;entityClassName&quot;: &quot;io.axway.iron.core.model.validation.InvalidDatatypeEntity&quot;, &quot;methodName&quot;: &quot;value&quot;}}
	at io.axway.iron.core.internal.definition.entity.EntityDefinitionBuilder$1.visitMethod(EntityDefinitionBuilder.java:195)
	at io.axway.iron.core.internal.definition.InterfaceValidator.validate(InterfaceValidator.java:133)
	at io.axway.iron.core.internal.definition.entity.EntityDefinitionBuilder.analyzeEntityClass(EntityDefinitionBuilder.java:85)
	at io.axway.iron.core.internal.definition.entity.EntityDefinitionBuilder.lambda$analyzeEntities$0(EntityDefinitionBuilder.java:46)
	at java.lang.Iterable.forEach(Iterable.java:75)
	at io.axway.iron.core.internal.definition.entity.EntityDefinitionBuilder.analyzeEntities(EntityDefinitionBuilder.java:45)
	at io.axway.iron.core.internal.StoreManagerBuilderImpl.build(StoreManagerBuilderImpl.java:97)
	at io.axway.iron.core.ModelDefinitionValidationTest.shouldFailOnInvalidModel(ModelDefinitionValidationTest.java:161)
	at java.lang.reflect.Method.invoke(Method.java:498)
	at org.apache.maven.surefire.testng.TestNGExecutor.run(TestNGExecutor.java:135)
	at org.apache.maven.surefire.testng.TestNGDirectoryTestSuite.executeMulti(TestNGDirectoryTestSuite.java:193)
	at org.apache.maven.surefire.testng.TestNGDirectoryTestSuite.execute(TestNGDirectoryTestSuite.java:94)
	at org.apache.maven.surefire.testng.TestNGProvider.invoke(TestNGProvider.java:146)
	at org.apache.maven.surefire.booter.ForkedBooter.invokeProviderInSameClassLoader(ForkedBooter.java:379)
	at org.apache.maven.surefire.booter.ForkedBooter.runSuitesInProcess(ForkedBooter.java:340)
	at org.apache.maven.surefire.booter.ForkedBooter.execute(ForkedBooter.java:125)
	at org.apache.maven.surefire.booter.ForkedBooter.main(ForkedBooter.java:413)
</pre></div></td>
<td>0</td>
<td>io.axway.iron.core.ModelDefinitionValidationTest@1ed4004b</td></tr>
<tr>
<td title='io.axway.iron.core.ModelDefinitionValidationTest.shouldFailOnInvalidModel()'><b>shouldFailOnInvalidModel</b><br>Test class: io.axway.iron.core.ModelDefinitionValidationTest<br>Parameters: [interface io.axway.iron.core.model.validation.InvalidReverseRelationNonMultipleEntity, interface io.axway.iron.core.model.validation.InvalidReverseRelationNonMultipleTargetEntity]</td>
<td><div><pre>io.axway.iron.error.InvalidModelException: Entity reverse relation must be multiple and return Collection&lt;TailEntity&gt; {&quot;args&quot;: {&quot;entityClassName&quot;: &quot;io.axway.iron.core.model.validation.InvalidReverseRelationNonMultipleTargetEntity&quot;, &quot;reverseRelationMethodName&quot;: &quot;reverse&quot;}}
	at io.axway.iron.core.internal.definition.entity.EntityDefinitionBuilder$1.visitMethod(EntityDefinitionBuilder.java:135)
	at io.axway.iron.core.internal.definition.InterfaceValidator.validate(InterfaceValidator.java:133)
	at io.axway.iron.core.internal.definition.entity.EntityDefinitionBuilder.analyzeEntityClass(EntityDefinitionBuilder.java:85)
	at io.axway.iron.core.internal.definition.entity.EntityDefinitionBuilder.lambda$analyzeEntities$0(EntityDefinitionBuilder.java:46)
	at java.lang.Iterable.forEach(Iterable.java:75)
	at io.axway.iron.core.internal.definition.entity.EntityDefinitionBuilder.analyzeEntities(EntityDefinitionBuilder.java:45)
	at io.axway.iron.core.internal.StoreManagerBuilderImpl.build(StoreManagerBuilderImpl.java:97)
	at io.axway.iron.core.ModelDefinitionValidationTest.shouldFailOnInvalidModel(ModelDefinitionValidationTest.java:161)
... Removed 9 stack frames</pre></div><a href='#' onClick='toggleBox("stack-trace2011482127", this, "Click to show all stack frames", "Click to hide stack frames")'>Click to show all stack frames</a>
<div class='stack-trace' id='stack-trace2011482127'><pre>io.axway.iron.error.InvalidModelException: Entity reverse relation must be multiple and return Collection&lt;TailEntity&gt; {&quot;args&quot;: {&quot;entityClassName&quot;: &quot;io.axway.iron.core.model.validation.InvalidReverseRelationNonMultipleTargetEntity&quot;, &quot;reverseRelationMethodName&quot;: &quot;reverse&quot;}}
	at io.axway.iron.core.internal.definition.entity.EntityDefinitionBuilder$1.visitMethod(EntityDefinitionBuilder.java:135)
	at io.axway.iron.core.internal.definition.InterfaceValidator.validate(InterfaceValidator.java:133)
	at io.axway.iron.core.internal.definition.entity.EntityDefinitionBuilder.analyzeEntityClass(EntityDefinitionBuilder.java:85)
	at io.axway.iron.core.internal.definition.entity.EntityDefinitionBuilder.lambda$analyzeEntities$0(EntityDefinitionBuilder.java:46)
	at java.lang.Iterable.forEach(Iterable.java:75)
	at io.axway.iron.core.internal.definition.entity.EntityDefinitionBuilder.analyzeEntities(EntityDefinitionBuilder.java:45)
	at io.axway.iron.core.internal.StoreManagerBuilderImpl.build(StoreManagerBuilderImpl.java:97)
	at io.axway.iron.core.ModelDefinitionValidationTest.shouldFailOnInvalidModel(ModelDefinitionValidationTest.java:161)
	at java.lang.reflect.Method.invoke(Method.java:498)
	at org.apache.maven.surefire.testng.TestNGExecutor.run(TestNGExecutor.java:135)
	at org.apache.maven.surefire.testng.TestNGDirectoryTestSuite.executeMulti(TestNGDirectoryTestSuite.java:193)
	at org.apache.maven.surefire.testng.TestNGDirectoryTestSuite.execute(TestNGDirectoryTestSuite.java:94)
	at org.apache.maven.surefire.testng.TestNGProvider.invoke(TestNGProvider.java:146)
	at org.apache.maven.surefire.booter.ForkedBooter.invokeProviderInSameClassLoader(ForkedBooter.java:379)
	at org.apache.maven.surefire.booter.ForkedBooter.runSuitesInProcess(ForkedBooter.java:340)
	at org.apache.maven.surefire.booter.ForkedBooter.execute(ForkedBooter.java:125)
	at org.apache.maven.surefire.booter.ForkedBooter.main(ForkedBooter.java:413)
</pre></div></td>
<td>0</td>
<td>io.axway.iron.core.ModelDefinitionValidationTest@1ed4004b</td></tr>
<tr>
<td title='io.axway.iron.core.ModelDefinitionValidationTest.shouldFailOnInvalidModel()'><b>shouldFailOnInvalidModel</b><br>Test class: io.axway.iron.core.ModelDefinitionValidationTest<br>Parameters: [interface io.axway.iron.core.model.validation.InvalidReverseRelationNullableEntity, interface io.axway.iron.core.model.validation.InvalidReverseRelationNullableTargetEntity]</td>
<td><div><pre>io.axway.iron.error.InvalidModelException: Entity relation is a multiple relation that cannot be @Nullable {&quot;args&quot;: {&quot;entityClassName&quot;: &quot;io.axway.iron.core.model.validation.InvalidReverseRelationNullableTargetEntity&quot;, &quot;methodName&quot;: &quot;reverse&quot;}}
	at io.axway.iron.core.internal.definition.InterfaceValidator.validate(InterfaceValidator.java:105)
	at io.axway.iron.core.internal.definition.entity.EntityDefinitionBuilder.analyzeEntityClass(EntityDefinitionBuilder.java:85)
	at io.axway.iron.core.internal.definition.entity.EntityDefinitionBuilder.lambda$analyzeEntities$0(EntityDefinitionBuilder.java:46)
	at java.lang.Iterable.forEach(Iterable.java:75)
	at io.axway.iron.core.internal.definition.entity.EntityDefinitionBuilder.analyzeEntities(EntityDefinitionBuilder.java:45)
	at io.axway.iron.core.internal.StoreManagerBuilderImpl.build(StoreManagerBuilderImpl.java:97)
	at io.axway.iron.core.ModelDefinitionValidationTest.shouldFailOnInvalidModel(ModelDefinitionValidationTest.java:161)
... Removed 9 stack frames</pre></div><a href='#' onClick='toggleBox("stack-trace1931444790", this, "Click to show all stack frames", "Click to hide stack frames")'>Click to show all stack frames</a>
<div class='stack-trace' id='stack-trace1931444790'><pre>io.axway.iron.error.InvalidModelException: Entity relation is a multiple relation that cannot be @Nullable {&quot;args&quot;: {&quot;entityClassName&quot;: &quot;io.axway.iron.core.model.validation.InvalidReverseRelationNullableTargetEntity&quot;, &quot;methodName&quot;: &quot;reverse&quot;}}
	at io.axway.iron.core.internal.definition.InterfaceValidator.validate(InterfaceValidator.java:105)
	at io.axway.iron.core.internal.definition.entity.EntityDefinitionBuilder.analyzeEntityClass(EntityDefinitionBuilder.java:85)
	at io.axway.iron.core.internal.definition.entity.EntityDefinitionBuilder.lambda$analyzeEntities$0(EntityDefinitionBuilder.java:46)
	at java.lang.Iterable.forEach(Iterable.java:75)
	at io.axway.iron.core.internal.definition.entity.EntityDefinitionBuilder.analyzeEntities(EntityDefinitionBuilder.java:45)
	at io.axway.iron.core.internal.StoreManagerBuilderImpl.build(StoreManagerBuilderImpl.java:97)
	at io.axway.iron.core.ModelDefinitionValidationTest.shouldFailOnInvalidModel(ModelDefinitionValidationTest.java:161)
	at java.lang.reflect.Method.invoke(Method.java:498)
	at org.apache.maven.surefire.testng.TestNGExecutor.run(TestNGExecutor.java:135)
	at org.apache.maven.surefire.testng.TestNGDirectoryTestSuite.executeMulti(TestNGDirectoryTestSuite.java:193)
	at org.apache.maven.surefire.testng.TestNGDirectoryTestSuite.execute(TestNGDirectoryTestSuite.java:94)
	at org.apache.maven.surefire.testng.TestNGProvider.invoke(TestNGProvider.java:146)
	at org.apache.maven.surefire.booter.ForkedBooter.invokeProviderInSameClassLoader(ForkedBooter.java:379)
	at org.apache.maven.surefire.booter.ForkedBooter.runSuitesInProcess(ForkedBooter.java:340)
	at org.apache.maven.surefire.booter.ForkedBooter.execute(ForkedBooter.java:125)
	at org.apache.maven.surefire.booter.ForkedBooter.main(ForkedBooter.java:413)
</pre></div></td>
<td>0</td>
<td>io.axway.iron.core.ModelDefinitionValidationTest@1ed4004b</td></tr>
<tr>
<td title='io.axway.iron.core.ModelDefinitionValidationTest.shouldFailOnInvalidModel()'><b>shouldFailOnInvalidModel</b><br>Test class: io.axway.iron.core.ModelDefinitionValidationTest<br>Parameters: [interface io.axway.iron.core.model.validation.InvalidReverseRelationMissingDSLCallEntity, interface io.axway.iron.core.model.validation.InvalidReverseRelationMissingDSLCallTargetEntity]</td>
<td><div><pre>io.axway.iron.error.InvalidModelException: Reverse relation method miss call to the appropriate DSL method {&quot;args&quot;: {&quot;entityClassName&quot;: &quot;io.axway.iron.core.model.validation.InvalidReverseRelationMissingDSLCallTargetEntity&quot;, &quot;reverseRelationMethodName&quot;: &quot;reverse&quot;}}
	at io.axway.iron.core.internal.definition.entity.EntityDefinitionBuilder.analyzeReverseRelation(EntityDefinitionBuilder.java:231)
	at io.axway.iron.core.internal.definition.entity.EntityDefinitionBuilder.access$100(EntityDefinitionBuilder.java:25)
	at io.axway.iron.core.internal.definition.entity.EntityDefinitionBuilder$1.visitMethod(EntityDefinitionBuilder.java:140)
	at io.axway.iron.core.internal.definition.InterfaceValidator.validate(InterfaceValidator.java:131)
	at io.axway.iron.core.internal.definition.entity.EntityDefinitionBuilder.analyzeEntityClass(EntityDefinitionBuilder.java:85)
	at io.axway.iron.core.internal.definition.entity.EntityDefinitionBuilder.lambda$analyzeEntities$0(EntityDefinitionBuilder.java:46)
	at java.lang.Iterable.forEach(Iterable.java:75)
	at io.axway.iron.core.internal.definition.entity.EntityDefinitionBuilder.analyzeEntities(EntityDefinitionBuilder.java:45)
	at io.axway.iron.core.internal.StoreManagerBuilderImpl.build(StoreManagerBuilderImpl.java:97)
	at io.axway.iron.core.ModelDefinitionValidationTest.shouldFailOnInvalidModel(ModelDefinitionValidationTest.java:161)
... Removed 9 stack frames</pre></div><a href='#' onClick='toggleBox("stack-trace992768706", this, "Click to show all stack frames", "Click to hide stack frames")'>Click to show all stack frames</a>
<div class='stack-trace' id='stack-trace992768706'><pre>io.axway.iron.error.InvalidModelException: Reverse relation method miss call to the appropriate DSL method {&quot;args&quot;: {&quot;entityClassName&quot;: &quot;io.axway.iron.core.model.validation.InvalidReverseRelationMissingDSLCallTargetEntity&quot;, &quot;reverseRelationMethodName&quot;: &quot;reverse&quot;}}
	at io.axway.iron.core.internal.definition.entity.EntityDefinitionBuilder.analyzeReverseRelation(EntityDefinitionBuilder.java:231)
	at io.axway.iron.core.internal.definition.entity.EntityDefinitionBuilder.access$100(EntityDefinitionBuilder.java:25)
	at io.axway.iron.core.internal.definition.entity.EntityDefinitionBuilder$1.visitMethod(EntityDefinitionBuilder.java:140)
	at io.axway.iron.core.internal.definition.InterfaceValidator.validate(InterfaceValidator.java:131)
	at io.axway.iron.core.internal.definition.entity.EntityDefinitionBuilder.analyzeEntityClass(EntityDefinitionBuilder.java:85)
	at io.axway.iron.core.internal.definition.entity.EntityDefinitionBuilder.lambda$analyzeEntities$0(EntityDefinitionBuilder.java:46)
	at java.lang.Iterable.forEach(Iterable.java:75)
	at io.axway.iron.core.internal.definition.entity.EntityDefinitionBuilder.analyzeEntities(EntityDefinitionBuilder.java:45)
	at io.axway.iron.core.internal.StoreManagerBuilderImpl.build(StoreManagerBuilderImpl.java:97)
	at io.axway.iron.core.ModelDefinitionValidationTest.shouldFailOnInvalidModel(ModelDefinitionValidationTest.java:161)
	at java.lang.reflect.Method.invoke(Method.java:498)
	at org.apache.maven.surefire.testng.TestNGExecutor.run(TestNGExecutor.java:135)
	at org.apache.maven.surefire.testng.TestNGDirectoryTestSuite.executeMulti(TestNGDirectoryTestSuite.java:193)
	at org.apache.maven.surefire.testng.TestNGDirectoryTestSuite.execute(TestNGDirectoryTestSuite.java:94)
	at org.apache.maven.surefire.testng.TestNGProvider.invoke(TestNGProvider.java:146)
	at org.apache.maven.surefire.booter.ForkedBooter.invokeProviderInSameClassLoader(ForkedBooter.java:379)
	at org.apache.maven.surefire.booter.ForkedBooter.runSuitesInProcess(ForkedBooter.java:340)
	at org.apache.maven.surefire.booter.ForkedBooter.execute(ForkedBooter.java:125)
	at org.apache.maven.surefire.booter.ForkedBooter.main(ForkedBooter.java:413)
</pre></div></td>
<td>0</td>
<td>io.axway.iron.core.ModelDefinitionValidationTest@1ed4004b</td></tr>
<tr>
<td title='io.axway.iron.core.ModelDefinitionValidationTest.shouldFailOnInvalidModel()'><b>shouldFailOnInvalidModel</b><br>Test class: io.axway.iron.core.ModelDefinitionValidationTest<br>Parameters: [interface io.axway.iron.core.model.validation.InvalidReverseRelationTailEntityMismatchEntity, interface io.axway.iron.core.model.validation.InvalidReverseRelationTailEntityMismatchTargetEntity]</td>
<td><div><pre>io.axway.iron.error.InvalidModelException: Tail entity class mismatch between signature and DSL {&quot;args&quot;: {&quot;signatureTailEntityClassName&quot;: &quot;io.axway.iron.core.model.validation.InvalidReverseRelationTailEntityMismatchEntity&quot;, &quot;dslTailEntityClassName&quot;: &quot;io.axway.iron.core.model.validation.InvalidReverseRelationMissingDSLCallEntity&quot;}}
	at io.axway.iron.core.internal.definition.entity.EntityDefinitionBuilder.analyzeReverseRelation(EntityDefinitionBuilder.java:238)
	at io.axway.iron.core.internal.definition.entity.EntityDefinitionBuilder.access$100(EntityDefinitionBuilder.java:25)
	at io.axway.iron.core.internal.definition.entity.EntityDefinitionBuilder$1.visitMethod(EntityDefinitionBuilder.java:140)
	at io.axway.iron.core.internal.definition.InterfaceValidator.validate(InterfaceValidator.java:131)
	at io.axway.iron.core.internal.definition.entity.EntityDefinitionBuilder.analyzeEntityClass(EntityDefinitionBuilder.java:85)
	at io.axway.iron.core.internal.definition.entity.EntityDefinitionBuilder.lambda$analyzeEntities$0(EntityDefinitionBuilder.java:46)
	at java.lang.Iterable.forEach(Iterable.java:75)
	at io.axway.iron.core.internal.definition.entity.EntityDefinitionBuilder.analyzeEntities(EntityDefinitionBuilder.java:45)
	at io.axway.iron.core.internal.StoreManagerBuilderImpl.build(StoreManagerBuilderImpl.java:97)
	at io.axway.iron.core.ModelDefinitionValidationTest.shouldFailOnInvalidModel(ModelDefinitionValidationTest.java:161)
... Removed 9 stack frames</pre></div><a href='#' onClick='toggleBox("stack-trace1658926803", this, "Click to show all stack frames", "Click to hide stack frames")'>Click to show all stack frames</a>
<div class='stack-trace' id='stack-trace1658926803'><pre>io.axway.iron.error.InvalidModelException: Tail entity class mismatch between signature and DSL {&quot;args&quot;: {&quot;signatureTailEntityClassName&quot;: &quot;io.axway.iron.core.model.validation.InvalidReverseRelationTailEntityMismatchEntity&quot;, &quot;dslTailEntityClassName&quot;: &quot;io.axway.iron.core.model.validation.InvalidReverseRelationMissingDSLCallEntity&quot;}}
	at io.axway.iron.core.internal.definition.entity.EntityDefinitionBuilder.analyzeReverseRelation(EntityDefinitionBuilder.java:238)
	at io.axway.iron.core.internal.definition.entity.EntityDefinitionBuilder.access$100(EntityDefinitionBuilder.java:25)
	at io.axway.iron.core.internal.definition.entity.EntityDefinitionBuilder$1.visitMethod(EntityDefinitionBuilder.java:140)
	at io.axway.iron.core.internal.definition.InterfaceValidator.validate(InterfaceValidator.java:131)
	at io.axway.iron.core.internal.definition.entity.EntityDefinitionBuilder.analyzeEntityClass(EntityDefinitionBuilder.java:85)
	at io.axway.iron.core.internal.definition.entity.EntityDefinitionBuilder.lambda$analyzeEntities$0(EntityDefinitionBuilder.java:46)
	at java.lang.Iterable.forEach(Iterable.java:75)
	at io.axway.iron.core.internal.definition.entity.EntityDefinitionBuilder.analyzeEntities(EntityDefinitionBuilder.java:45)
	at io.axway.iron.core.internal.StoreManagerBuilderImpl.build(StoreManagerBuilderImpl.java:97)
	at io.axway.iron.core.ModelDefinitionValidationTest.shouldFailOnInvalidModel(ModelDefinitionValidationTest.java:161)
	at java.lang.reflect.Method.invoke(Method.java:498)
	at org.apache.maven.surefire.testng.TestNGExecutor.run(TestNGExecutor.java:135)
	at org.apache.maven.surefire.testng.TestNGDirectoryTestSuite.executeMulti(TestNGDirectoryTestSuite.java:193)
	at org.apache.maven.surefire.testng.TestNGDirectoryTestSuite.execute(TestNGDirectoryTestSuite.java:94)
	at org.apache.maven.surefire.testng.TestNGProvider.invoke(TestNGProvider.java:146)
	at org.apache.maven.surefire.booter.ForkedBooter.invokeProviderInSameClassLoader(ForkedBooter.java:379)
	at org.apache.maven.surefire.booter.ForkedBooter.runSuitesInProcess(ForkedBooter.java:340)
	at org.apache.maven.surefire.booter.ForkedBooter.execute(ForkedBooter.java:125)
	at org.apache.maven.surefire.booter.ForkedBooter.main(ForkedBooter.java:413)
</pre></div></td>
<td>0</td>
<td>io.axway.iron.core.ModelDefinitionValidationTest@1ed4004b</td></tr>
<tr>
<td title='io.axway.iron.core.ModelDefinitionValidationTest.shouldFailOnInvalidModel()'><b>shouldFailOnInvalidModel</b><br>Test class: io.axway.iron.core.ModelDefinitionValidationTest<br>Parameters: [interface io.axway.iron.core.model.validation.InvalidReverseRelationHeadEntityMismatchEntity, interface io.axway.iron.core.model.validation.InvalidReverseRelationHeadEntityMismatchTargetEntity]</td>
<td><div><pre>io.axway.iron.error.InvalidModelException: Head entity class mismatch between signature and DSL {&quot;args&quot;: {&quot;signatureTailEntityClassName&quot;: &quot;io.axway.iron.core.model.validation.InvalidReverseRelationHeadEntityMismatchTargetEntity&quot;, &quot;dslTailEntityClassName&quot;: &quot;io.axway.iron.core.model.validation.TargetEntity&quot;}}
	at io.axway.iron.core.internal.definition.entity.EntityDefinitionBuilder.analyzeReverseRelation(EntityDefinitionBuilder.java:259)
	at io.axway.iron.core.internal.definition.entity.EntityDefinitionBuilder.access$100(EntityDefinitionBuilder.java:25)
	at io.axway.iron.core.internal.definition.entity.EntityDefinitionBuilder$1.visitMethod(EntityDefinitionBuilder.java:140)
	at io.axway.iron.core.internal.definition.InterfaceValidator.validate(InterfaceValidator.java:131)
	at io.axway.iron.core.internal.definition.entity.EntityDefinitionBuilder.analyzeEntityClass(EntityDefinitionBuilder.java:85)
	at io.axway.iron.core.internal.definition.entity.EntityDefinitionBuilder.lambda$analyzeEntities$0(EntityDefinitionBuilder.java:46)
	at java.lang.Iterable.forEach(Iterable.java:75)
	at io.axway.iron.core.internal.definition.entity.EntityDefinitionBuilder.analyzeEntities(EntityDefinitionBuilder.java:45)
	at io.axway.iron.core.internal.StoreManagerBuilderImpl.build(StoreManagerBuilderImpl.java:97)
	at io.axway.iron.core.ModelDefinitionValidationTest.shouldFailOnInvalidModel(ModelDefinitionValidationTest.java:161)
... Removed 9 stack frames</pre></div><a href='#' onClick='toggleBox("stack-trace436546048", this, "Click to show all stack frames", "Click to hide stack frames")'>Click to show all stack frames</a>
<div class='stack-trace' id='stack-trace436546048'><pre>io.axway.iron.error.InvalidModelException: Head entity class mismatch between signature and DSL {&quot;args&quot;: {&quot;signatureTailEntityClassName&quot;: &quot;io.axway.iron.core.model.validation.InvalidReverseRelationHeadEntityMismatchTargetEntity&quot;, &quot;dslTailEntityClassName&quot;: &quot;io.axway.iron.core.model.validation.TargetEntity&quot;}}
	at io.axway.iron.core.internal.definition.entity.EntityDefinitionBuilder.analyzeReverseRelation(EntityDefinitionBuilder.java:259)
	at io.axway.iron.core.internal.definition.entity.EntityDefinitionBuilder.access$100(EntityDefinitionBuilder.java:25)
	at io.axway.iron.core.internal.definition.entity.EntityDefinitionBuilder$1.visitMethod(EntityDefinitionBuilder.java:140)
	at io.axway.iron.core.internal.definition.InterfaceValidator.validate(InterfaceValidator.java:131)
	at io.axway.iron.core.internal.definition.entity.EntityDefinitionBuilder.analyzeEntityClass(EntityDefinitionBuilder.java:85)
	at io.axway.iron.core.internal.definition.entity.EntityDefinitionBuilder.lambda$analyzeEntities$0(EntityDefinitionBuilder.java:46)
	at java.lang.Iterable.forEach(Iterable.java:75)
	at io.axway.iron.core.internal.definition.entity.EntityDefinitionBuilder.analyzeEntities(EntityDefinitionBuilder.java:45)
	at io.axway.iron.core.internal.StoreManagerBuilderImpl.build(StoreManagerBuilderImpl.java:97)
	at io.axway.iron.core.ModelDefinitionValidationTest.shouldFailOnInvalidModel(ModelDefinitionValidationTest.java:161)
	at java.lang.reflect.Method.invoke(Method.java:498)
	at org.apache.maven.surefire.testng.TestNGExecutor.run(TestNGExecutor.java:135)
	at org.apache.maven.surefire.testng.TestNGDirectoryTestSuite.executeMulti(TestNGDirectoryTestSuite.java:193)
	at org.apache.maven.surefire.testng.TestNGDirectoryTestSuite.execute(TestNGDirectoryTestSuite.java:94)
	at org.apache.maven.surefire.testng.TestNGProvider.invoke(TestNGProvider.java:146)
	at org.apache.maven.surefire.booter.ForkedBooter.invokeProviderInSameClassLoader(ForkedBooter.java:379)
	at org.apache.maven.surefire.booter.ForkedBooter.runSuitesInProcess(ForkedBooter.java:340)
	at org.apache.maven.surefire.booter.ForkedBooter.execute(ForkedBooter.java:125)
	at org.apache.maven.surefire.booter.ForkedBooter.main(ForkedBooter.java:413)
</pre></div></td>
<td>0</td>
<td>io.axway.iron.core.ModelDefinitionValidationTest@1ed4004b</td></tr>
<tr>
<td title='io.axway.iron.core.ModelDefinitionValidationTest.shouldFailOnInvalidModel()'><b>shouldFailOnInvalidModel</b><br>Test class: io.axway.iron.core.ModelDefinitionValidationTest<br>Parameters: [interface io.axway.iron.core.model.validation.InvalidReverseRelationRedundantEntity, interface io.axway.iron.core.model.validation.InvalidReverseRelationRedundantTargetEntity]</td>
<td><div><pre>io.axway.iron.error.InvalidModelException: Relation has already a reverse relation defined so reverse relation cannot be added {&quot;args&quot;: {&quot;entityName&quot;: &quot;io.axway.iron.core.model.validation.InvalidReverseRelationRedundantEntity&quot;, &quot;relationName&quot;: &quot;relation&quot;, &quot;reverseRelationName&quot;: &quot;reverse2&quot;}}
	at io.axway.iron.core.internal.definition.entity.EntityDefinitionBuilder.analyzeEntities(EntityDefinitionBuilder.java:65)
	at io.axway.iron.core.internal.StoreManagerBuilderImpl.build(StoreManagerBuilderImpl.java:97)
	at io.axway.iron.core.ModelDefinitionValidationTest.shouldFailOnInvalidModel(ModelDefinitionValidationTest.java:161)
... Removed 9 stack frames</pre></div><a href='#' onClick='toggleBox("stack-trace758013696", this, "Click to show all stack frames", "Click to hide stack frames")'>Click to show all stack frames</a>
<div class='stack-trace' id='stack-trace758013696'><pre>io.axway.iron.error.InvalidModelException: Relation has already a reverse relation defined so reverse relation cannot be added {&quot;args&quot;: {&quot;entityName&quot;: &quot;io.axway.iron.core.model.validation.InvalidReverseRelationRedundantEntity&quot;, &quot;relationName&quot;: &quot;relation&quot;, &quot;reverseRelationName&quot;: &quot;reverse2&quot;}}
	at io.axway.iron.core.internal.definition.entity.EntityDefinitionBuilder.analyzeEntities(EntityDefinitionBuilder.java:65)
	at io.axway.iron.core.internal.StoreManagerBuilderImpl.build(StoreManagerBuilderImpl.java:97)
	at io.axway.iron.core.ModelDefinitionValidationTest.shouldFailOnInvalidModel(ModelDefinitionValidationTest.java:161)
	at java.lang.reflect.Method.invoke(Method.java:498)
	at org.apache.maven.surefire.testng.TestNGExecutor.run(TestNGExecutor.java:135)
	at org.apache.maven.surefire.testng.TestNGDirectoryTestSuite.executeMulti(TestNGDirectoryTestSuite.java:193)
	at org.apache.maven.surefire.testng.TestNGDirectoryTestSuite.execute(TestNGDirectoryTestSuite.java:94)
	at org.apache.maven.surefire.testng.TestNGProvider.invoke(TestNGProvider.java:146)
	at org.apache.maven.surefire.booter.ForkedBooter.invokeProviderInSameClassLoader(ForkedBooter.java:379)
	at org.apache.maven.surefire.booter.ForkedBooter.runSuitesInProcess(ForkedBooter.java:340)
	at org.apache.maven.surefire.booter.ForkedBooter.execute(ForkedBooter.java:125)
	at org.apache.maven.surefire.booter.ForkedBooter.main(ForkedBooter.java:413)
</pre></div></td>
<td>0</td>
<td>io.axway.iron.core.ModelDefinitionValidationTest@1ed4004b</td></tr>
<tr>
<td title='io.axway.iron.core.bugs.SnapshotStoreTest.shouldInitializeInitialTransactionIdAfterOpeningSnapshot()'><b>shouldInitializeInitialTransactionIdAfterOpeningSnapshot</b><br>Test class: io.axway.iron.core.bugs.SnapshotStoreTest</td>
<td></td>
<td>2</td>
<td>io.axway.iron.core.bugs.SnapshotStoreTest@cb644e</td></tr>
<tr>
<td title='io.axway.iron.core.store.EnsureNextIdConsistencyTest.shouldNotOpenStoreWithInconsistentNextId()'><b>shouldNotOpenStoreWithInconsistentNextId</b><br>Test class: io.axway.iron.core.store.EnsureNextIdConsistencyTest</td>
<td></td>
<td>1</td>
<td>io.axway.iron.core.store.EnsureNextIdConsistencyTest@6e1567f1</td></tr>
<tr>
<td title='io.axway.iron.core.StoreManagerTest.shouldNotOpenStoreWithInvalidName()'><b>shouldNotOpenStoreWithInvalidName</b><br>Test class: io.axway.iron.core.StoreManagerTest<br>Parameters: .</td>
<td></td>
<td>1</td>
<td>io.axway.iron.core.StoreManagerTest@4566e5bd</td></tr>
<tr>
<td title='io.axway.iron.core.StoreManagerTest.shouldNotOpenStoreWithInvalidName()'><b>shouldNotOpenStoreWithInvalidName</b><br>Test class: io.axway.iron.core.StoreManagerTest<br>Parameters: /</td>
<td></td>
<td>1</td>
<td>io.axway.iron.core.StoreManagerTest@4566e5bd</td></tr>
<tr>
<td title='io.axway.iron.core.StoreManagerTest.shouldNotOpenStoreWithInvalidName()'><b>shouldNotOpenStoreWithInvalidName</b><br>Test class: io.axway.iron.core.StoreManagerTest<br>Parameters: \</td>
<td></td>
<td>1</td>
<td>io.axway.iron.core.StoreManagerTest@4566e5bd</td></tr>
<tr>
<td title='io.axway.iron.core.StoreManagerTest.shouldNotOpenStoreWithInvalidName()'><b>shouldNotOpenStoreWithInvalidName</b><br>Test class: io.axway.iron.core.StoreManagerTest<br>Parameters: :</td>
<td></td>
<td>1</td>
<td>io.axway.iron.core.StoreManagerTest@4566e5bd</td></tr>
<tr>
<td title='io.axway.iron.core.StoreManagerTest.shouldNotOpenStoreWithInvalidName()'><b>shouldNotOpenStoreWithInvalidName</b><br>Test class: io.axway.iron.core.StoreManagerTest<br>Parameters:  </td>
<td></td>
<td>1</td>
<td>io.axway.iron.core.StoreManagerTest@4566e5bd</td></tr>
<tr>
<td title='io.axway.iron.core.StoreManagerTest.shouldOpenStoreWithValidName()'><b>shouldOpenStoreWithValidName</b><br>Test class: io.axway.iron.core.StoreManagerTest</td>
<td></td>
<td>1</td>
<td>io.axway.iron.core.StoreManagerTest@4566e5bd</td></tr>
<tr>
<td title='io.axway.iron.core.ModelDefinitionValidationTest.shouldSuccessOnValidCommand()'><b>shouldSuccessOnValidCommand</b><br>Test class: io.axway.iron.core.ModelDefinitionValidationTest</td>
<td></td>
<td>1</td>
<td>io.axway.iron.core.ModelDefinitionValidationTest@1ed4004b</td></tr>
<tr>
<td title='io.axway.iron.core.ModelDefinitionValidationTest.shouldSuccessOnValidModel()'><b>shouldSuccessOnValidModel</b><br>Test class: io.axway.iron.core.ModelDefinitionValidationTest</td>
<td></td>
<td>1</td>
<td>io.axway.iron.core.ModelDefinitionValidationTest@1ed4004b</td></tr>
<tr>
<td title='io.axway.iron.core.store.datatype.DataTypeTests.succeedingStoreTests()'><b>succeedingStoreTests</b><br>Test class: io.axway.iron.core.store.datatype.DataTypeTests<br>Parameters: io.axway.iron.core.store.datatype.PrimitiveTypeInsertTest@5c1a8622</td>
<td></td>
<td>4</td>
<td>io.axway.iron.core.store.datatype.DataTypeTests@6e06451e</td></tr>
<tr>
<td title='io.axway.iron.core.store.id.IdTests.succeedingStoreTests()'><b>succeedingStoreTests</b><br>Test class: io.axway.iron.core.store.id.IdTests<br>Parameters: io.axway.iron.core.store.id.ShouldAutoGenerateIdTest@5ad851c9</td>
<td></td>
<td>4</td>
<td>io.axway.iron.core.store.id.IdTests@59494225</td></tr>
<tr>
<td title='io.axway.iron.core.store.relation.RelationTests.succeedingStoreTests()'><b>succeedingStoreTests</b><br>Test class: io.axway.iron.core.store.relation.RelationTests<br>Parameters: io.axway.iron.core.store.relation.ShouldDeleteRelationTailTest@6156496</td>
<td></td>
<td>4</td>
<td>io.axway.iron.core.store.relation.RelationTests@72d818d1</td></tr>
<tr>
<td title='io.axway.iron.core.store.relation.RelationTests.succeedingStoreTests()'><b>succeedingStoreTests</b><br>Test class: io.axway.iron.core.store.relation.RelationTests<br>Parameters: io.axway.iron.core.store.relation.ShouldUpdateSimpleRelationHeadTest@3c153a1</td>
<td></td>
<td>4</td>
<td>io.axway.iron.core.store.relation.RelationTests@72d818d1</td></tr>
<tr>
<td title='io.axway.iron.core.internal.StoreManagerBuilderConfiguratorTest.test()'><b>test</b><br>Test class: io.axway.iron.core.internal.StoreManagerBuilderConfiguratorTest<br>Parameters: no variable, myProperty=myValue, myProperty, myValue</td>
<td></td>
<td>0</td>
<td>io.axway.iron.core.internal.StoreManagerBuilderConfiguratorTest@ff5b51f</td></tr>
<tr>
<td title='io.axway.iron.core.internal.StoreManagerBuilderConfiguratorTest.test()'><b>test</b><br>Test class: io.axway.iron.core.internal.StoreManagerBuilderConfiguratorTest<br>Parameters: a single variable, myProperty=${otherProperty}
otherProperty=myOtherPropertyValue, myProperty, myOtherPropertyValue</td>
<td></td>
<td>0</td>
<td>io.axway.iron.core.internal.StoreManagerBuilderConfiguratorTest@ff5b51f</td></tr>
<tr>
<td title='io.axway.iron.core.internal.StoreManagerBuilderConfiguratorTest.test()'><b>test</b><br>Test class: io.axway.iron.core.internal.StoreManagerBuilderConfiguratorTest<br>Parameters: a single var env, myProperty=${env:MY_VAR_ENV}, myProperty, myVarEnvValue</td>
<td></td>
<td>0</td>
<td>io.axway.iron.core.internal.StoreManagerBuilderConfiguratorTest@ff5b51f</td></tr>
<tr>
<td title='io.axway.iron.core.internal.StoreManagerBuilderConfiguratorTest.test()'><b>test</b><br>Test class: io.axway.iron.core.internal.StoreManagerBuilderConfiguratorTest<br>Parameters: a single system property, myProperty=${sys:mySysProperty}, myProperty, mySysValue</td>
<td></td>
<td>0</td>
<td>io.axway.iron.core.internal.StoreManagerBuilderConfiguratorTest@ff5b51f</td></tr>
<tr>
<td title='io.axway.iron.core.internal.StoreManagerBuilderConfiguratorTest.test()'><b>test</b><br>Test class: io.axway.iron.core.internal.StoreManagerBuilderConfiguratorTest<br>Parameters: a variable + rest, myProperty=${otherProperty}/rest
otherProperty=myOtherPropertyValue, myProperty, myOtherPropertyValue/rest</td>
<td></td>
<td>0</td>
<td>io.axway.iron.core.internal.StoreManagerBuilderConfiguratorTest@ff5b51f</td></tr>
<tr>
<td title='io.axway.iron.core.internal.StoreManagerBuilderConfiguratorTest.test()'><b>test</b><br>Test class: io.axway.iron.core.internal.StoreManagerBuilderConfiguratorTest<br>Parameters: a var env + rest, myProperty=${env:MY_VAR_ENV}/rest, myProperty, myVarEnvValue/rest</td>
<td></td>
<td>0</td>
<td>io.axway.iron.core.internal.StoreManagerBuilderConfiguratorTest@ff5b51f</td></tr>
<tr>
<td title='io.axway.iron.core.internal.StoreManagerBuilderConfiguratorTest.test()'><b>test</b><br>Test class: io.axway.iron.core.internal.StoreManagerBuilderConfiguratorTest<br>Parameters: a system property + rest, myProperty=${sys:mySysProperty}/rest, myProperty, mySysValue/rest</td>
<td></td>
<td>0</td>
<td>io.axway.iron.core.internal.StoreManagerBuilderConfiguratorTest@ff5b51f</td></tr>
<tr>
<td title='io.axway.iron.core.internal.StoreManagerBuilderConfiguratorTest.test()'><b>test</b><br>Test class: io.axway.iron.core.internal.StoreManagerBuilderConfiguratorTest<br>Parameters: full complex example, myProperty=prefix/${sys:mySysProperty}/sysToEnv/${env:MY_VAR_ENV}/envToProp/${otherProperty}/rest
otherProperty=myOtherPropertyValue, myProperty, prefix/mySysValue/sysToEnv/myVarEnvValue/envToProp/myOtherPropertyValue/rest</td>
<td></td>
<td>0</td>
<td>io.axway.iron.core.internal.StoreManagerBuilderConfiguratorTest@ff5b51f</td></tr>
<tr>
<td title='io.axway.iron.core.internal.StoreManagerBuilderConfiguratorTest.test()'><b>test</b><br>Test class: io.axway.iron.core.internal.StoreManagerBuilderConfiguratorTest<br>Parameters: full complex example, myProperty=prefix/${SYS:mySysProperty}/sysToEnv/${ENV:MY_VAR_ENV}/envToProp/${otherProperty}/rest
otherProperty=myOtherPropertyValue, myProperty, prefix/mySysValue/sysToEnv/myVarEnvValue/envToProp/myOtherPropertyValue/rest</td>
<td></td>
<td>0</td>
<td>io.axway.iron.core.internal.StoreManagerBuilderConfiguratorTest@ff5b51f</td></tr>
</table><p>
</body>
</html>