<?xml version="1.0" encoding="UTF-8"?>
<!-- Generated by org.testng.reporters.JUnitReportReporter -->
<testsuite hostname="cyclone1" name="io.swagger.parser.SwaggerParserTest" tests="51" failures="0" timestamp="29 May 2018 07:57:50 GMT" time="0.719" errors="1">
  <testcase name="testIssueGrace" time="0.003" classname="io.swagger.parser.SwaggerParserTest"/>
  <testcase name="testConverterIssue17" time="0.003" classname="io.swagger.parser.SwaggerParserTest"/>
  <testcase name="testIncompatibleRefs" time="0.002" classname="io.swagger.parser.SwaggerParserTest"/>
  <testcase name="testParseRefPathParameters" time="0.002" classname="io.swagger.parser.SwaggerParserTest"/>
  <testcase name="testLoadRelativeFileTree_Json" time="0.038" classname="io.swagger.parser.SwaggerParserTest"/>
  <testcase name="testLoadRelativeFileTree_Yaml" time="0.194" classname="io.swagger.parser.SwaggerParserTest"/>
  <testcase name="testIssue292WithNoCollectionFormat" time="0.002" classname="io.swagger.parser.SwaggerParserTest"/>
  <testcase name="testRefPaths" time="0.001" classname="io.swagger.parser.SwaggerParserTest"/>
  <testcase name="testLoadExternalNestedDefinitions" time="0.007" classname="io.swagger.parser.SwaggerParserTest"/>
  <testcase name="testIssue146" time="0.004" classname="io.swagger.parser.SwaggerParserTest"/>
  <testcase name="testNestedReferences" time="0.011" classname="io.swagger.parser.SwaggerParserTest"/>
  <testcase name="readingSpecStringShouldNotOverQuotingStringExample" time="0.002" classname="io.swagger.parser.SwaggerParserTest"/>
  <testcase name="testParseSharedPathParameters" time="0.002" classname="io.swagger.parser.SwaggerParserTest"/>
  <testcase name="testPetstore" time="0.010" classname="io.swagger.parser.SwaggerParserTest"/>
  <testcase name="testIssue360" time="0.004" classname="io.swagger.parser.SwaggerParserTest"/>
  <testcase name="checkAllOfAreTaken" time="0.094" classname="io.swagger.parser.SwaggerParserTest"/>
  <testcase name="testParameterRequired" time="0.008" classname="io.swagger.parser.SwaggerParserTest"/>
  <testcase name="testIssue286" time="0.015" classname="io.swagger.parser.SwaggerParserTest"/>
  <testcase name="testIssue243" time="0.002" classname="io.swagger.parser.SwaggerParserTest"/>
  <testcase name="testIssue643" time="0.004" classname="io.swagger.parser.SwaggerParserTest"/>
  <testcase name="checkAllOfWithRelativeReferencesAreFound" time="0.004" classname="io.swagger.parser.SwaggerParserTest"/>
  <testcase name="testIssue108" time="0.002" classname="io.swagger.parser.SwaggerParserTest"/>
  <testcase name="testIssue286WithModel" time="0.006" classname="io.swagger.parser.SwaggerParserTest"/>
  <testcase name="testIssue697" time="0.004" classname="io.swagger.parser.SwaggerParserTest"/>
  <testcase name="testIssue339" time="0.068" classname="io.swagger.parser.SwaggerParserTest"/>
  <testcase name="testFileReferenceWithVendorExt" time="0.003" classname="io.swagger.parser.SwaggerParserTest"/>
  <testcase name="testIssue393" time="0.002" classname="io.swagger.parser.SwaggerParserTest"/>
  <testcase name="testIssue75" time="0.002" classname="io.swagger.parser.SwaggerParserTest"/>
  <testcase name="testIssue" time="0.002" classname="io.swagger.parser.SwaggerParserTest"/>
  <testcase name="testRefAdditionalProperties" time="0.006" classname="io.swagger.parser.SwaggerParserTest"/>
  <testcase name="testIssue358" time="0.002" classname="io.swagger.parser.SwaggerParserTest"/>
  <testcase name="testLoadNestedItemsReferences" time="0.007" classname="io.swagger.parser.SwaggerParserTest"/>
  <testcase name="testIssue480" time="0.007" classname="io.swagger.parser.SwaggerParserTest"/>
  <testcase name="testIssue450" time="0.002" classname="io.swagger.parser.SwaggerParserTest"/>
  <testcase name="testUniqueParameters" time="0.002" classname="io.swagger.parser.SwaggerParserTest"/>
  <testcase name="testTroublesomeFile" time="0.010" classname="io.swagger.parser.SwaggerParserTest"/>
  <testcase name="testRefNameConflicts" time="0.005" classname="io.swagger.parser.SwaggerParserTest"/>
  <testcase name="testIssue704" time="0.009" classname="io.swagger.parser.SwaggerParserTest">
    <error type="java.lang.RuntimeException" message="Unable to load RELATIVE ref: ../schemas/schema.json path: /root/workspace/swagger-api/swagger-parser/385070560/modules/swagger-parser/src/test/resources/sample">
      <![CDATA[java.lang.RuntimeException: Unable to load RELATIVE ref: ../schemas/schema.json path: /root/workspace/swagger-api/swagger-parser/385070560/modules/swagger-parser/src/test/resources/sample
	at io.swagger.parser.util.RefUtils.readExternalRef(RefUtils.java:155)
	at io.swagger.parser.ResolverCache.loadRef(ResolverCache.java:115)
	at io.swagger.parser.processors.ExternalRefProcessor.processRefToExternalDefinition(ExternalRefProcessor.java:40)
	at io.swagger.parser.processors.PropertyProcessor.processRefProperty(PropertyProcessor.java:34)
	at io.swagger.parser.processors.PropertyProcessor.processProperty(PropertyProcessor.java:21)
	at io.swagger.parser.processors.ModelProcessor.processArrayModel(ModelProcessor.java:79)
	at io.swagger.parser.processors.ModelProcessor.processModel(ModelProcessor.java:35)
	at io.swagger.parser.processors.ResponseProcessor.processResponse(ResponseProcessor.java:23)
	at io.swagger.parser.processors.OperationProcessor.processOperation(OperationProcessor.java:45)
	at io.swagger.parser.processors.PathsProcessor.processPaths(PathsProcessor.java:101)
	at io.swagger.parser.SwaggerResolver.resolve(SwaggerResolver.java:50)
	at io.swagger.parser.SwaggerParser.read(SwaggerParser.java:71)
	at io.swagger.parser.SwaggerParser.read(SwaggerParser.java:58)
	at io.swagger.parser.SwaggerParserTest.testIssue704(SwaggerParserTest.java:60)
	at sun.reflect.NativeMethodAccessorImpl.invoke0(Native Method)
	at java.lang.reflect.Method.invoke(Method.java:498)
	at org.apache.maven.surefire.testng.TestNGExecutor.run(TestNGExecutor.java:115)
	at org.apache.maven.surefire.testng.TestNGDirectoryTestSuite.executeMulti(TestNGDirectoryTestSuite.java:205)
	at org.apache.maven.surefire.testng.TestNGDirectoryTestSuite.execute(TestNGDirectoryTestSuite.java:108)
	at org.apache.maven.surefire.testng.TestNGProvider.invoke(TestNGProvider.java:111)
	at org.apache.maven.surefire.booter.ForkedBooter.invokeProviderInSameClassLoader(ForkedBooter.java:203)
	at org.apache.maven.surefire.booter.ForkedBooter.runSuitesInProcess(ForkedBooter.java:155)
	at org.apache.maven.surefire.booter.ForkedBooter.main(ForkedBooter.java:103)
Caused by: java.lang.RuntimeException: Could not find ../schemas/schema.json on the classpath
	at io.swagger.parser.util.ClasspathHelper.loadFileFromClasspath(ClasspathHelper.java:31)
	at io.swagger.parser.util.RefUtils.readExternalRef(RefUtils.java:149)
	... 22 more
]]>
    </error>
  </testcase> <!-- testIssue704 -->
  <testcase name="testIssue292WithCSVCollectionFormat" time="0.002" classname="io.swagger.parser.SwaggerParserTest"/>
  <testcase name="testModelParameters" time="0.002" classname="io.swagger.parser.SwaggerParserTest"/>
  <testcase name="testRefEnum" time="0.012" classname="io.swagger.parser.SwaggerParserTest"/>
  <testcase name="testIssue357" time="0.002" classname="io.swagger.parser.SwaggerParserTest"/>
  <testcase name="testCodegenPetstore" time="0.101" classname="io.swagger.parser.SwaggerParserTest"/>
  <testcase name="testConsumesAndProduces" time="0.001" classname="io.swagger.parser.SwaggerParserTest"/>
  <testcase name="testLoadRecursiveExternalDef" time="0.004" classname="io.swagger.parser.SwaggerParserTest"/>
  <testcase name="testDefinitionExample" time="0.007" classname="io.swagger.parser.SwaggerParserTest"/>
  <testcase name="testIssue594" time="0.001" classname="io.swagger.parser.SwaggerParserTest"/>
  <testcase name="checkAllOfWithRelativeReferencesIssue604" time="0.010" classname="io.swagger.parser.SwaggerParserTest"/>
  <testcase name="testCodegenIssue4555" time="0.002" classname="io.swagger.parser.SwaggerParserTest"/>
  <testcase name="testNPEIssue684" time="0.004" classname="io.swagger.parser.SwaggerParserTest"/>
  <testcase name="readingSpecNodeShouldNotOverQuotingStringExample" time="0.020" classname="io.swagger.parser.SwaggerParserTest"/>
</testsuite> <!-- io.swagger.parser.SwaggerParserTest -->
