<?xml version="1.0" encoding="UTF-8"?>
<testng-results skipped="0" failed="3" ignored="2" total="5" passed="0">
  <reporter-output>
  </reporter-output>
  <suite name="Surefire suite" duration-ms="157" started-at="2018-06-06T13:20:09Z" finished-at="2018-06-06T13:20:09Z">
    <groups>
    </groups>
    <test name="Surefire test" duration-ms="157" started-at="2018-06-06T13:20:09Z" finished-at="2018-06-06T13:20:09Z">
      <class name="org.fluentlenium.e2e.test.GoogleThreadsTest">
        <test-method status="PASS" signature="beforeMethod(java.lang.reflect.Method, org.testng.ITestContext)[pri:0, instance:org.fluentlenium.e2e.test.GoogleThreadsTest@2ba1209b]" name="beforeMethod" is-config="true" duration-ms="3" started-at="2018-06-06T13:20:09Z" finished-at="2018-06-06T13:20:09Z">
          <params>
            <param index="0">
              <value>
                <![CDATA[public void org.fluentlenium.e2e.test.GoogleThreadsTest.firstMethod()]]>
              </value>
            </param>
            <param index="1">
              <value>
                <![CDATA[org.testng.TestRunner@209ca02]]>
              </value>
            </param>
          </params>
          <reporter-output>
          </reporter-output>
        </test-method> <!-- beforeMethod -->
        <test-method status="PASS" signature="beforeMethod(java.lang.reflect.Method, org.testng.ITestContext)[pri:0, instance:org.fluentlenium.e2e.test.GoogleThreadsTest@2ba1209b]" name="beforeMethod" is-config="true" duration-ms="3" started-at="2018-06-06T13:20:09Z" finished-at="2018-06-06T13:20:09Z">
          <params>
            <param index="0">
              <value>
                <![CDATA[public void org.fluentlenium.e2e.test.GoogleThreadsTest.firstMethod()]]>
              </value>
            </param>
            <param index="1">
              <value>
                <![CDATA[org.testng.TestRunner@209ca02]]>
              </value>
            </param>
          </params>
          <reporter-output>
          </reporter-output>
        </test-method> <!-- beforeMethod -->
        <test-method status="FAIL" signature="firstMethod()[pri:0, instance:org.fluentlenium.e2e.test.GoogleThreadsTest@2ba1209b]" name="firstMethod" duration-ms="0" started-at="2018-06-06T13:20:09Z" finished-at="2018-06-06T13:20:09Z">
          <exception class="java.lang.NullPointerException">
            <full-stacktrace>
              <![CDATA[java.lang.NullPointerException
at org.fluentlenium.adapter.FluentAdapter.goTo(FluentAdapter.java:52)
at org.fluentlenium.e2e.test.GoogleThreadsTest.firstMethod(GoogleThreadsTest.java:16)
at sun.reflect.NativeMethodAccessorImpl.invoke0(Native Method)
at sun.reflect.NativeMethodAccessorImpl.invoke(NativeMethodAccessorImpl.java:62)
at sun.reflect.DelegatingMethodAccessorImpl.invoke(DelegatingMethodAccessorImpl.java:43)
at java.lang.reflect.Method.invoke(Method.java:498)
at org.testng.internal.MethodInvocationHelper.invokeMethod(MethodInvocationHelper.java:124)
at org.testng.internal.Invoker.invokeMethod(Invoker.java:583)
at org.testng.internal.Invoker.invokeTestMethod(Invoker.java:719)
at org.testng.internal.Invoker.invokeTestMethods(Invoker.java:989)
at org.testng.internal.TestMethodWorker.invokeTestMethods(TestMethodWorker.java:125)
at org.testng.internal.TestMethodWorker.run(TestMethodWorker.java:109)
at org.testng.internal.thread.ThreadUtil$1.call(ThreadUtil.java:52)
at java.util.concurrent.FutureTask.run(FutureTask.java:266)
at java.util.concurrent.ThreadPoolExecutor.runWorker(ThreadPoolExecutor.java:1142)
at java.util.concurrent.ThreadPoolExecutor$Worker.run(ThreadPoolExecutor.java:617)
at java.lang.Thread.run(Thread.java:745)
]]>
            </full-stacktrace>
          </exception> <!-- java.lang.NullPointerException -->
          <reporter-output>
          </reporter-output>
        </test-method> <!-- firstMethod -->
        <test-method status="FAIL" signature="firstMethod()[pri:0, instance:org.fluentlenium.e2e.test.GoogleThreadsTest@2ba1209b]" name="firstMethod" duration-ms="0" started-at="2018-06-06T13:20:09Z" finished-at="2018-06-06T13:20:09Z">
          <exception class="java.lang.NullPointerException">
            <full-stacktrace>
              <![CDATA[java.lang.NullPointerException
at org.fluentlenium.adapter.FluentAdapter.goTo(FluentAdapter.java:52)
at org.fluentlenium.e2e.test.GoogleThreadsTest.firstMethod(GoogleThreadsTest.java:16)
at sun.reflect.NativeMethodAccessorImpl.invoke0(Native Method)
at sun.reflect.NativeMethodAccessorImpl.invoke(NativeMethodAccessorImpl.java:62)
at sun.reflect.DelegatingMethodAccessorImpl.invoke(DelegatingMethodAccessorImpl.java:43)
at java.lang.reflect.Method.invoke(Method.java:498)
at org.testng.internal.MethodInvocationHelper.invokeMethod(MethodInvocationHelper.java:124)
at org.testng.internal.Invoker.invokeMethod(Invoker.java:583)
at org.testng.internal.Invoker.invokeTestMethod(Invoker.java:719)
at org.testng.internal.Invoker.invokeTestMethods(Invoker.java:989)
at org.testng.internal.TestMethodWorker.invokeTestMethods(TestMethodWorker.java:125)
at org.testng.internal.TestMethodWorker.run(TestMethodWorker.java:109)
at org.testng.internal.thread.ThreadUtil$1.call(ThreadUtil.java:52)
at java.util.concurrent.FutureTask.run(FutureTask.java:266)
at java.util.concurrent.ThreadPoolExecutor.runWorker(ThreadPoolExecutor.java:1142)
at java.util.concurrent.ThreadPoolExecutor$Worker.run(ThreadPoolExecutor.java:617)
at java.lang.Thread.run(Thread.java:745)
]]>
            </full-stacktrace>
          </exception> <!-- java.lang.NullPointerException -->
          <reporter-output>
          </reporter-output>
        </test-method> <!-- firstMethod -->
        <test-method status="FAIL" signature="afterMethod()[pri:0, instance:org.fluentlenium.e2e.test.GoogleThreadsTest@2ba1209b]" name="afterMethod" is-config="true" duration-ms="1" started-at="2018-06-06T13:20:09Z" finished-at="2018-06-06T13:20:09Z">
          <exception class="java.lang.NullPointerException">
            <full-stacktrace>
              <![CDATA[java.lang.NullPointerException
at org.fluentlenium.adapter.FluentAdapter.window(FluentAdapter.java:52)
at org.fluentlenium.e2e.test.GoogleThreadsTest.afterMethod(GoogleThreadsTest.java:22)
at sun.reflect.NativeMethodAccessorImpl.invoke0(Native Method)
at sun.reflect.NativeMethodAccessorImpl.invoke(NativeMethodAccessorImpl.java:62)
at sun.reflect.DelegatingMethodAccessorImpl.invoke(DelegatingMethodAccessorImpl.java:43)
at java.lang.reflect.Method.invoke(Method.java:498)
at org.testng.internal.MethodInvocationHelper.invokeMethod(MethodInvocationHelper.java:124)
at org.testng.internal.MethodInvocationHelper.invokeMethodConsideringTimeout(MethodInvocationHelper.java:59)
at org.testng.internal.Invoker.invokeConfigurationMethod(Invoker.java:458)
at org.testng.internal.Invoker.invokeConfigurations(Invoker.java:222)
at org.testng.internal.Invoker.invokeMethod(Invoker.java:646)
at org.testng.internal.Invoker.invokeTestMethod(Invoker.java:719)
at org.testng.internal.Invoker.invokeTestMethods(Invoker.java:989)
at org.testng.internal.TestMethodWorker.invokeTestMethods(TestMethodWorker.java:125)
at org.testng.internal.TestMethodWorker.run(TestMethodWorker.java:109)
at org.testng.internal.thread.ThreadUtil$1.call(ThreadUtil.java:52)
at java.util.concurrent.FutureTask.run(FutureTask.java:266)
at java.util.concurrent.ThreadPoolExecutor.runWorker(ThreadPoolExecutor.java:1142)
at java.util.concurrent.ThreadPoolExecutor$Worker.run(ThreadPoolExecutor.java:617)
at java.lang.Thread.run(Thread.java:745)
]]>
            </full-stacktrace>
          </exception> <!-- java.lang.NullPointerException -->
          <reporter-output>
          </reporter-output>
        </test-method> <!-- afterMethod -->
        <test-method status="FAIL" signature="afterMethod()[pri:0, instance:org.fluentlenium.e2e.test.GoogleThreadsTest@2ba1209b]" name="afterMethod" is-config="true" duration-ms="1" started-at="2018-06-06T13:20:09Z" finished-at="2018-06-06T13:20:09Z">
          <exception class="java.lang.NullPointerException">
            <full-stacktrace>
              <![CDATA[java.lang.NullPointerException
at org.fluentlenium.adapter.FluentAdapter.window(FluentAdapter.java:52)
at org.fluentlenium.e2e.test.GoogleThreadsTest.afterMethod(GoogleThreadsTest.java:22)
at sun.reflect.NativeMethodAccessorImpl.invoke0(Native Method)
at sun.reflect.NativeMethodAccessorImpl.invoke(NativeMethodAccessorImpl.java:62)
at sun.reflect.DelegatingMethodAccessorImpl.invoke(DelegatingMethodAccessorImpl.java:43)
at java.lang.reflect.Method.invoke(Method.java:498)
at org.testng.internal.MethodInvocationHelper.invokeMethod(MethodInvocationHelper.java:124)
at org.testng.internal.MethodInvocationHelper.invokeMethodConsideringTimeout(MethodInvocationHelper.java:59)
at org.testng.internal.Invoker.invokeConfigurationMethod(Invoker.java:458)
at org.testng.internal.Invoker.invokeConfigurations(Invoker.java:222)
at org.testng.internal.Invoker.invokeMethod(Invoker.java:646)
at org.testng.internal.Invoker.invokeTestMethod(Invoker.java:719)
at org.testng.internal.Invoker.invokeTestMethods(Invoker.java:989)
at org.testng.internal.TestMethodWorker.invokeTestMethods(TestMethodWorker.java:125)
at org.testng.internal.TestMethodWorker.run(TestMethodWorker.java:109)
at org.testng.internal.thread.ThreadUtil$1.call(ThreadUtil.java:52)
at java.util.concurrent.FutureTask.run(FutureTask.java:266)
at java.util.concurrent.ThreadPoolExecutor.runWorker(ThreadPoolExecutor.java:1142)
at java.util.concurrent.ThreadPoolExecutor$Worker.run(ThreadPoolExecutor.java:617)
at java.lang.Thread.run(Thread.java:745)
]]>
            </full-stacktrace>
          </exception> <!-- java.lang.NullPointerException -->
          <reporter-output>
          </reporter-output>
        </test-method> <!-- afterMethod -->
        <test-method status="PASS" signature="afterMethod(org.testng.ITestResult)[pri:0, instance:org.fluentlenium.e2e.test.GoogleThreadsTest@2ba1209b]" name="afterMethod" is-config="true" duration-ms="1" started-at="2018-06-06T13:20:09Z" finished-at="2018-06-06T13:20:09Z">
          <params>
            <param index="0">
              <value>
                <![CDATA[[TestResult name=firstMethod status=FAILURE method=GoogleThreadsTest.firstMethod()[pri:0, instance:org.fluentlenium.e2e.test.GoogleThreadsTest@2ba1209b] output={null}]]]>
              </value>
            </param>
          </params>
          <reporter-output>
          </reporter-output>
        </test-method> <!-- afterMethod -->
        <test-method status="PASS" signature="afterMethod(org.testng.ITestResult)[pri:0, instance:org.fluentlenium.e2e.test.GoogleThreadsTest@2ba1209b]" name="afterMethod" is-config="true" duration-ms="0" started-at="2018-06-06T13:20:09Z" finished-at="2018-06-06T13:20:09Z">
          <params>
            <param index="0">
              <value>
                <![CDATA[[TestResult name=firstMethod status=FAILURE method=GoogleThreadsTest.firstMethod()[pri:0, instance:org.fluentlenium.e2e.test.GoogleThreadsTest@2ba1209b] output={null}]]]>
              </value>
            </param>
          </params>
          <reporter-output>
          </reporter-output>
        </test-method> <!-- afterMethod -->
        <test-method status="FAIL" signature="afterClass()[pri:0, instance:org.fluentlenium.e2e.test.GoogleThreadsTest@2ba1209b]" name="afterClass" is-config="true" duration-ms="8" started-at="2018-06-06T13:20:09Z" finished-at="2018-06-06T13:20:09Z">
          <exception class="java.lang.NullPointerException">
            <full-stacktrace>
              <![CDATA[java.lang.NullPointerException
at org.fluentlenium.adapter.SharedWebDriverContainer$Impl.lambda$quit$0(SharedWebDriverContainer.java:161)
at java.util.stream.ReferencePipeline$2$1.accept(ReferencePipeline.java:174)
at java.util.HashMap$EntrySpliterator.forEachRemaining(HashMap.java:1691)
at java.util.stream.AbstractPipeline.copyInto(AbstractPipeline.java:481)
at java.util.stream.AbstractPipeline.wrapAndCopyInto(AbstractPipeline.java:471)
at java.util.stream.ReduceOps$ReduceOp.evaluateSequential(ReduceOps.java:708)
at java.util.stream.AbstractPipeline.evaluate(AbstractPipeline.java:234)
at java.util.stream.ReferencePipeline.collect(ReferencePipeline.java:499)
at org.fluentlenium.adapter.SharedWebDriverContainer$Impl.quit(SharedWebDriverContainer.java:162)
at org.fluentlenium.adapter.SharedWebDriverContainer.quit(SharedWebDriverContainer.java:28)
at org.fluentlenium.adapter.FluentTestRunnerAdapter.afterClass(FluentTestRunnerAdapter.java:67)
at org.fluentlenium.adapter.testng.FluentTestNg.afterClass(FluentTestNg.java:91)
at sun.reflect.NativeMethodAccessorImpl.invoke0(Native Method)
at sun.reflect.NativeMethodAccessorImpl.invoke(NativeMethodAccessorImpl.java:62)
at sun.reflect.DelegatingMethodAccessorImpl.invoke(DelegatingMethodAccessorImpl.java:43)
at java.lang.reflect.Method.invoke(Method.java:498)
at org.testng.internal.MethodInvocationHelper.invokeMethod(MethodInvocationHelper.java:124)
at org.testng.internal.MethodInvocationHelper.invokeMethodConsideringTimeout(MethodInvocationHelper.java:59)
at org.testng.internal.Invoker.invokeConfigurationMethod(Invoker.java:458)
at org.testng.internal.Invoker.invokeConfigurations(Invoker.java:222)
at org.testng.internal.Invoker.invokeConfigurations(Invoker.java:142)
at org.testng.internal.TestMethodWorker.invokeAfterClassMethods(TestMethodWorker.java:214)
at org.testng.internal.TestMethodWorker.run(TestMethodWorker.java:111)
at java.util.concurrent.ThreadPoolExecutor.runWorker(ThreadPoolExecutor.java:1142)
at java.util.concurrent.ThreadPoolExecutor$Worker.run(ThreadPoolExecutor.java:617)
at java.lang.Thread.run(Thread.java:745)
]]>
            </full-stacktrace>
          </exception> <!-- java.lang.NullPointerException -->
          <reporter-output>
          </reporter-output>
        </test-method> <!-- afterClass -->
      </class> <!-- org.fluentlenium.e2e.test.GoogleThreadsTest -->
      <class name="org.fluentlenium.e2e.test.DuckDuckGoTest">
        <test-method status="PASS" signature="beforeMethod(java.lang.reflect.Method, org.testng.ITestContext)[pri:0, instance:org.fluentlenium.e2e.test.DuckDuckGoTest@4342c13]" name="beforeMethod" is-config="true" duration-ms="52" started-at="2018-06-06T13:20:09Z" finished-at="2018-06-06T13:20:09Z">
          <params>
            <param index="0">
              <value>
                <![CDATA[public void org.fluentlenium.e2e.test.DuckDuckGoTest.titleOfDuckDuckGoShouldContainSearchQueryName()]]>
              </value>
            </param>
            <param index="1">
              <value>
                <![CDATA[org.testng.TestRunner@209ca02]]>
              </value>
            </param>
          </params>
          <reporter-output>
          </reporter-output>
        </test-method> <!-- beforeMethod -->
        <test-method status="FAIL" signature="titleOfDuckDuckGoShouldContainSearchQueryName()[pri:0, instance:org.fluentlenium.e2e.test.DuckDuckGoTest@4342c13]" name="titleOfDuckDuckGoShouldContainSearchQueryName" duration-ms="2" started-at="2018-06-06T13:20:09Z" finished-at="2018-06-06T13:20:09Z">
          <exception class="java.lang.NullPointerException">
            <full-stacktrace>
              <![CDATA[java.lang.NullPointerException
at org.fluentlenium.adapter.FluentAdapter.goTo(FluentAdapter.java:52)
at org.fluentlenium.e2e.test.DuckDuckGoTest.titleOfDuckDuckGoShouldContainSearchQueryName(DuckDuckGoTest.java:14)
at sun.reflect.NativeMethodAccessorImpl.invoke0(Native Method)
at sun.reflect.NativeMethodAccessorImpl.invoke(NativeMethodAccessorImpl.java:62)
at sun.reflect.DelegatingMethodAccessorImpl.invoke(DelegatingMethodAccessorImpl.java:43)
at java.lang.reflect.Method.invoke(Method.java:498)
at org.testng.internal.MethodInvocationHelper.invokeMethod(MethodInvocationHelper.java:124)
at org.testng.internal.Invoker.invokeMethod(Invoker.java:583)
at org.testng.internal.Invoker.invokeTestMethod(Invoker.java:719)
at org.testng.internal.Invoker.invokeTestMethods(Invoker.java:989)
at org.testng.internal.TestMethodWorker.invokeTestMethods(TestMethodWorker.java:125)
at org.testng.internal.TestMethodWorker.run(TestMethodWorker.java:109)
at java.util.concurrent.ThreadPoolExecutor.runWorker(ThreadPoolExecutor.java:1142)
at java.util.concurrent.ThreadPoolExecutor$Worker.run(ThreadPoolExecutor.java:617)
at java.lang.Thread.run(Thread.java:745)
]]>
            </full-stacktrace>
          </exception> <!-- java.lang.NullPointerException -->
          <reporter-output>
          </reporter-output>
        </test-method> <!-- titleOfDuckDuckGoShouldContainSearchQueryName -->
        <test-method status="PASS" signature="afterMethod(org.testng.ITestResult)[pri:0, instance:org.fluentlenium.e2e.test.DuckDuckGoTest@4342c13]" name="afterMethod" is-config="true" duration-ms="1" started-at="2018-06-06T13:20:09Z" finished-at="2018-06-06T13:20:09Z">
          <params>
            <param index="0">
              <value>
                <![CDATA[[TestResult name=titleOfDuckDuckGoShouldContainSearchQueryName status=FAILURE method=DuckDuckGoTest.titleOfDuckDuckGoShouldContainSearchQueryName()[pri:0, instance:org.fluentlenium.e2e.test.DuckDuckGoTest@4342c13] output={null}]]]>
              </value>
            </param>
          </params>
          <reporter-output>
          </reporter-output>
        </test-method> <!-- afterMethod -->
        <test-method status="PASS" signature="afterClass()[pri:0, instance:org.fluentlenium.e2e.test.DuckDuckGoTest@4342c13]" name="afterClass" is-config="true" duration-ms="1" started-at="2018-06-06T13:20:09Z" finished-at="2018-06-06T13:20:09Z">
          <reporter-output>
          </reporter-output>
        </test-method> <!-- afterClass -->
        <test-method status="PASS" signature="afterTest(org.testng.ITestContext)[pri:0, instance:org.fluentlenium.e2e.test.DuckDuckGoTest@4342c13]" name="afterTest" is-config="true" duration-ms="1" started-at="2018-06-06T13:20:09Z" finished-at="2018-06-06T13:20:09Z">
          <params>
            <param index="0">
              <value>
                <![CDATA[org.testng.TestRunner@209ca02]]>
              </value>
            </param>
          </params>
          <reporter-output>
          </reporter-output>
        </test-method> <!-- afterTest -->
      </class> <!-- org.fluentlenium.e2e.test.DuckDuckGoTest -->
    </test> <!-- Surefire test -->
  </suite> <!-- Surefire suite -->
</testng-results>
