<html>
<head>
<title>TestNG:  Surefire test</title>
<link href="../testng.css" rel="stylesheet" type="text/css" />
<link href="../my-testng.css" rel="stylesheet" type="text/css" />

<style type="text/css">
.log { display: none;} 
.stack-trace { display: none;} 
</style>
<script type="text/javascript">
<!--
function flip(e) {
  current = e.style.display;
  if (current == 'block') {
    e.style.display = 'none';
    return 0;
  }
  else {
    e.style.display = 'block';
    return 1;
  }
}

function toggleBox(szDivId, elem, msg1, msg2)
{
  var res = -1;  if (document.getElementById) {
    res = flip(document.getElementById(szDivId));
  }
  else if (document.all) {
    // this is the way old msie versions work
    res = flip(document.all[szDivId]);
  }
  if(elem) {
    if(res == 0) elem.innerHTML = msg1; else elem.innerHTML = msg2;
  }

}

function toggleAllBoxes() {
  if (document.getElementsByTagName) {
    d = document.getElementsByTagName('div');
    for (i = 0; i < d.length; i++) {
      if (d[i].className == 'log') {
        flip(d[i]);
      }
    }
  }
}

// -->
</script>

</head>
<body>
<h2 align='center'>Surefire test</h2><table border='1' align="center">
<tr>
<td>Tests passed/Failed/Skipped:</td><td>36/0/0</td>
</tr><tr>
<td>Started on:</td><td>Wed Jun 06 23:42:30 CEST 2018</td>
</tr>
<tr><td>Total time:</td><td>3 seconds (3303 ms)</td>
</tr><tr>
<td>Included groups:</td><td></td>
</tr><tr>
<td>Excluded groups:</td><td></td>
</tr>
</table><p/>
<small><i>(Hover the method name to see the test class name)</i></small><p/>
<table width='100%' border='1' class='invocation-passed'>
<tr><td colspan='4' align='center'><b>PASSED TESTS</b></td></tr>
<tr><td><b>Test method</b></td>
<td width="30%"><b>Exception</b></td>
<td width="10%"><b>Time (seconds)</b></td>
<td><b>Instance</b></td>
</tr>
<tr>
<td title='org.molgenis.data.file.processor.MissingValueProcessorTest.equals()'><b>equals</b><br>Test class: org.molgenis.data.file.processor.MissingValueProcessorTest</td>
<td></td>
<td>0</td>
<td>org.molgenis.data.file.processor.MissingValueProcessorTest@65eabaab</td></tr>
<tr>
<td title='org.molgenis.data.file.processor.MissingValueProcessorTest.process()'><b>process</b><br>Test class: org.molgenis.data.file.processor.MissingValueProcessorTest</td>
<td></td>
<td>0</td>
<td>org.molgenis.data.file.processor.MissingValueProcessorTest@65eabaab</td></tr>
<tr>
<td title='org.molgenis.data.file.processor.TrimProcessorTest.process()'><b>process</b><br>Test class: org.molgenis.data.file.processor.TrimProcessorTest</td>
<td></td>
<td>0</td>
<td>org.molgenis.data.file.processor.TrimProcessorTest@2b917fb0</td></tr>
<tr>
<td title='org.molgenis.data.file.processor.LowerCaseProcessorTest.process()'><b>process</b><br>Test class: org.molgenis.data.file.processor.LowerCaseProcessorTest</td>
<td></td>
<td>0</td>
<td>org.molgenis.data.file.processor.LowerCaseProcessorTest@7123be6c</td></tr>
<tr>
<td title='org.molgenis.data.file.processor.AbstractCellProcessorTest.processCell_data()'><b>processCell_data</b><br>Test class: org.molgenis.data.file.processor.AbstractCellProcessorTest</td>
<td></td>
<td>0</td>
<td>org.molgenis.data.file.processor.AbstractCellProcessorTest@7e2f86e6</td></tr>
<tr>
<td title='org.molgenis.data.file.processor.AbstractCellProcessorTest.processCell_header()'><b>processCell_header</b><br>Test class: org.molgenis.data.file.processor.AbstractCellProcessorTest</td>
<td></td>
<td>0</td>
<td>org.molgenis.data.file.processor.AbstractCellProcessorTest@7e2f86e6</td></tr>
<tr>
<td title='org.molgenis.data.file.processor.AbstractCellProcessorTest.processCell_null()'><b>processCell_null</b><br>Test class: org.molgenis.data.file.processor.AbstractCellProcessorTest</td>
<td></td>
<td>0</td>
<td>org.molgenis.data.file.processor.AbstractCellProcessorTest@7e2f86e6</td></tr>
<tr>
<td title='org.molgenis.data.file.processor.MissingValueProcessorTest.processEmpty()'><b>processEmpty</b><br>Test class: org.molgenis.data.file.processor.MissingValueProcessorTest</td>
<td></td>
<td>0</td>
<td>org.molgenis.data.file.processor.MissingValueProcessorTest@65eabaab</td></tr>
<tr>
<td title='org.molgenis.data.file.processor.MissingValueProcessorTest.processEmpty_processEmpty()'><b>processEmpty_processEmpty</b><br>Test class: org.molgenis.data.file.processor.MissingValueProcessorTest</td>
<td></td>
<td>0</td>
<td>org.molgenis.data.file.processor.MissingValueProcessorTest@65eabaab</td></tr>
<tr>
<td title='org.molgenis.data.file.processor.MissingValueProcessorTest.processNull()'><b>processNull</b><br>Test class: org.molgenis.data.file.processor.MissingValueProcessorTest</td>
<td></td>
<td>0</td>
<td>org.molgenis.data.file.processor.MissingValueProcessorTest@65eabaab</td></tr>
<tr>
<td title='org.molgenis.data.file.processor.TrimProcessorTest.processNull()'><b>processNull</b><br>Test class: org.molgenis.data.file.processor.TrimProcessorTest</td>
<td></td>
<td>0</td>
<td>org.molgenis.data.file.processor.TrimProcessorTest@2b917fb0</td></tr>
<tr>
<td title='org.molgenis.data.file.processor.LowerCaseProcessorTest.processNull()'><b>processNull</b><br>Test class: org.molgenis.data.file.processor.LowerCaseProcessorTest</td>
<td></td>
<td>0</td>
<td>org.molgenis.data.file.processor.LowerCaseProcessorTest@7123be6c</td></tr>
<tr>
<td title='org.molgenis.data.file.processor.MissingValueProcessorTest.processNull_processEmpty()'><b>processNull_processEmpty</b><br>Test class: org.molgenis.data.file.processor.MissingValueProcessorTest</td>
<td></td>
<td>0</td>
<td>org.molgenis.data.file.processor.MissingValueProcessorTest@65eabaab</td></tr>
<tr>
<td title='org.molgenis.data.file.processor.MissingValueProcessorTest.process_processEmpty()'><b>process_processEmpty</b><br>Test class: org.molgenis.data.file.processor.MissingValueProcessorTest</td>
<td></td>
<td>0</td>
<td>org.molgenis.data.file.processor.MissingValueProcessorTest@65eabaab</td></tr>
<tr>
<td title='org.molgenis.data.file.FileMetaRepositoryDecoratorTest.testAppRepositoryDecorator()'><b>testAppRepositoryDecorator</b><br>Test class: org.molgenis.data.file.FileMetaRepositoryDecoratorTest</td>
<td><div><pre>java.lang.NullPointerException
	at java.util.Objects.requireNonNull(Objects.java:203)
	at org.molgenis.data.AbstractRepositoryDecorator.&lt;init&gt;(AbstractRepositoryDecorator.java:28)
	at org.molgenis.data.file.FileMetaRepositoryDecorator.&lt;init&gt;(FileMetaRepositoryDecorator.java:25)
	at org.molgenis.data.file.FileMetaRepositoryDecoratorTest.testAppRepositoryDecorator(FileMetaRepositoryDecoratorTest.java:41)
	at org.apache.maven.surefire.testng.TestNGExecutor.run(TestNGExecutor.java:135)
	at org.apache.maven.surefire.testng.TestNGDirectoryTestSuite.executeMulti(TestNGDirectoryTestSuite.java:193)
	at org.apache.maven.surefire.testng.TestNGDirectoryTestSuite.execute(TestNGDirectoryTestSuite.java:94)
	at org.apache.maven.surefire.testng.TestNGProvider.invoke(TestNGProvider.java:146)
	at org.apache.maven.surefire.booter.ForkedBooter.invokeProviderInSameClassLoader(ForkedBooter.java:379)
	at org.apache.maven.surefire.booter.ForkedBooter.runSuitesInProcess(ForkedBooter.java:340)
	at org.apache.maven.surefire.booter.ForkedBooter.execute(ForkedBooter.java:125)
	at org.apache.maven.surefire.booter.ForkedBooter.main(ForkedBooter.java:413)
... Removed 21 stack frames</pre></div><a href='#' onClick='toggleBox("stack-trace1584779130", this, "Click to show all stack frames", "Click to hide stack frames")'>Click to show all stack frames</a>
<div class='stack-trace' id='stack-trace1584779130'><pre>java.lang.NullPointerException
	at java.util.Objects.requireNonNull(Objects.java:203)
	at org.molgenis.data.AbstractRepositoryDecorator.&lt;init&gt;(AbstractRepositoryDecorator.java:28)
	at org.molgenis.data.file.FileMetaRepositoryDecorator.&lt;init&gt;(FileMetaRepositoryDecorator.java:25)
	at org.molgenis.data.file.FileMetaRepositoryDecoratorTest.testAppRepositoryDecorator(FileMetaRepositoryDecoratorTest.java:41)
	at sun.reflect.NativeMethodAccessorImpl.invoke0(Native Method)
	at sun.reflect.NativeMethodAccessorImpl.invoke(NativeMethodAccessorImpl.java:62)
	at sun.reflect.DelegatingMethodAccessorImpl.invoke(DelegatingMethodAccessorImpl.java:43)
	at java.lang.reflect.Method.invoke(Method.java:498)
	at org.testng.internal.MethodInvocationHelper.invokeMethod(MethodInvocationHelper.java:80)
	at org.testng.internal.Invoker.invokeMethod(Invoker.java:714)
	at org.testng.internal.Invoker.invokeTestMethod(Invoker.java:901)
	at org.testng.internal.Invoker.invokeTestMethods(Invoker.java:1231)
	at org.testng.internal.TestMethodWorker.invokeTestMethods(TestMethodWorker.java:127)
	at org.testng.internal.TestMethodWorker.run(TestMethodWorker.java:111)
	at org.testng.TestRunner.privateRun(TestRunner.java:767)
	at org.testng.TestRunner.run(TestRunner.java:617)
	at org.testng.SuiteRunner.runTest(SuiteRunner.java:334)
	at org.testng.SuiteRunner.runSequentially(SuiteRunner.java:329)
	at org.testng.SuiteRunner.privateRun(SuiteRunner.java:291)
	at org.testng.SuiteRunner.run(SuiteRunner.java:240)
	at org.testng.SuiteRunnerWorker.runSuite(SuiteRunnerWorker.java:52)
	at org.testng.SuiteRunnerWorker.run(SuiteRunnerWorker.java:86)
	at org.testng.TestNG.runSuitesSequentially(TestNG.java:1198)
	at org.testng.TestNG.runSuitesLocally(TestNG.java:1123)
	at org.testng.TestNG.run(TestNG.java:1031)
	at org.apache.maven.surefire.testng.TestNGExecutor.run(TestNGExecutor.java:135)
	at org.apache.maven.surefire.testng.TestNGDirectoryTestSuite.executeMulti(TestNGDirectoryTestSuite.java:193)
	at org.apache.maven.surefire.testng.TestNGDirectoryTestSuite.execute(TestNGDirectoryTestSuite.java:94)
	at org.apache.maven.surefire.testng.TestNGProvider.invoke(TestNGProvider.java:146)
	at org.apache.maven.surefire.booter.ForkedBooter.invokeProviderInSameClassLoader(ForkedBooter.java:379)
	at org.apache.maven.surefire.booter.ForkedBooter.runSuitesInProcess(ForkedBooter.java:340)
	at org.apache.maven.surefire.booter.ForkedBooter.execute(ForkedBooter.java:125)
	at org.apache.maven.surefire.booter.ForkedBooter.main(ForkedBooter.java:413)
</pre></div></td>
<td>0</td>
<td>org.molgenis.data.file.FileMetaRepositoryDecoratorTest@70331432</td></tr>
<tr>
<td title='org.molgenis.data.file.FileStoreTest.testConstructor()'><b>testConstructor</b><br>Test class: org.molgenis.data.file.FileStoreTest</td>
<td><div><pre>java.lang.NullPointerException
	at java.util.Objects.requireNonNull(Objects.java:203)
	at org.molgenis.data.file.FileStore.&lt;init&gt;(FileStore.java:25)
	at org.molgenis.data.file.FileStoreTest.testConstructor(FileStoreTest.java:39)
	at org.apache.maven.surefire.testng.TestNGExecutor.run(TestNGExecutor.java:135)
	at org.apache.maven.surefire.testng.TestNGDirectoryTestSuite.executeMulti(TestNGDirectoryTestSuite.java:193)
	at org.apache.maven.surefire.testng.TestNGDirectoryTestSuite.execute(TestNGDirectoryTestSuite.java:94)
	at org.apache.maven.surefire.testng.TestNGProvider.invoke(TestNGProvider.java:146)
	at org.apache.maven.surefire.booter.ForkedBooter.invokeProviderInSameClassLoader(ForkedBooter.java:379)
	at org.apache.maven.surefire.booter.ForkedBooter.runSuitesInProcess(ForkedBooter.java:340)
	at org.apache.maven.surefire.booter.ForkedBooter.execute(ForkedBooter.java:125)
	at org.apache.maven.surefire.booter.ForkedBooter.main(ForkedBooter.java:413)
... Removed 21 stack frames</pre></div><a href='#' onClick='toggleBox("stack-trace736431034", this, "Click to show all stack frames", "Click to hide stack frames")'>Click to show all stack frames</a>
<div class='stack-trace' id='stack-trace736431034'><pre>java.lang.NullPointerException
	at java.util.Objects.requireNonNull(Objects.java:203)
	at org.molgenis.data.file.FileStore.&lt;init&gt;(FileStore.java:25)
	at org.molgenis.data.file.FileStoreTest.testConstructor(FileStoreTest.java:39)
	at sun.reflect.NativeMethodAccessorImpl.invoke0(Native Method)
	at sun.reflect.NativeMethodAccessorImpl.invoke(NativeMethodAccessorImpl.java:62)
	at sun.reflect.DelegatingMethodAccessorImpl.invoke(DelegatingMethodAccessorImpl.java:43)
	at java.lang.reflect.Method.invoke(Method.java:498)
	at org.testng.internal.MethodInvocationHelper.invokeMethod(MethodInvocationHelper.java:80)
	at org.testng.internal.Invoker.invokeMethod(Invoker.java:714)
	at org.testng.internal.Invoker.invokeTestMethod(Invoker.java:901)
	at org.testng.internal.Invoker.invokeTestMethods(Invoker.java:1231)
	at org.testng.internal.TestMethodWorker.invokeTestMethods(TestMethodWorker.java:127)
	at org.testng.internal.TestMethodWorker.run(TestMethodWorker.java:111)
	at org.testng.TestRunner.privateRun(TestRunner.java:767)
	at org.testng.TestRunner.run(TestRunner.java:617)
	at org.testng.SuiteRunner.runTest(SuiteRunner.java:334)
	at org.testng.SuiteRunner.runSequentially(SuiteRunner.java:329)
	at org.testng.SuiteRunner.privateRun(SuiteRunner.java:291)
	at org.testng.SuiteRunner.run(SuiteRunner.java:240)
	at org.testng.SuiteRunnerWorker.runSuite(SuiteRunnerWorker.java:52)
	at org.testng.SuiteRunnerWorker.run(SuiteRunnerWorker.java:86)
	at org.testng.TestNG.runSuitesSequentially(TestNG.java:1198)
	at org.testng.TestNG.runSuitesLocally(TestNG.java:1123)
	at org.testng.TestNG.run(TestNG.java:1031)
	at org.apache.maven.surefire.testng.TestNGExecutor.run(TestNGExecutor.java:135)
	at org.apache.maven.surefire.testng.TestNGDirectoryTestSuite.executeMulti(TestNGDirectoryTestSuite.java:193)
	at org.apache.maven.surefire.testng.TestNGDirectoryTestSuite.execute(TestNGDirectoryTestSuite.java:94)
	at org.apache.maven.surefire.testng.TestNGProvider.invoke(TestNGProvider.java:146)
	at org.apache.maven.surefire.booter.ForkedBooter.invokeProviderInSameClassLoader(ForkedBooter.java:379)
	at org.apache.maven.surefire.booter.ForkedBooter.runSuitesInProcess(ForkedBooter.java:340)
	at org.apache.maven.surefire.booter.ForkedBooter.execute(ForkedBooter.java:125)
	at org.apache.maven.surefire.booter.ForkedBooter.main(ForkedBooter.java:413)
</pre></div></td>
<td>0</td>
<td>org.molgenis.data.file.FileStoreTest@47ad69f7</td></tr>
<tr>
<td title='org.molgenis.data.file.FileStoreTest.testCreateDirectory()'><b>testCreateDirectory</b><br>Test class: org.molgenis.data.file.FileStoreTest</td>
<td></td>
<td>0</td>
<td>org.molgenis.data.file.FileStoreTest@47ad69f7</td></tr>
<tr>
<td title='org.molgenis.data.file.FileMetaRepositoryDecoratorTest.testDelete()'><b>testDelete</b><br>Test class: org.molgenis.data.file.FileMetaRepositoryDecoratorTest</td>
<td></td>
<td>0</td>
<td>org.molgenis.data.file.FileMetaRepositoryDecoratorTest@70331432</td></tr>
<tr>
<td title='org.molgenis.data.file.FileMetaRepositoryDecoratorTest.testDeleteAll()'><b>testDeleteAll</b><br>Test class: org.molgenis.data.file.FileMetaRepositoryDecoratorTest</td>
<td></td>
<td>0</td>
<td>org.molgenis.data.file.FileMetaRepositoryDecoratorTest@70331432</td></tr>
<tr>
<td title='org.molgenis.data.file.FileMetaRepositoryDecoratorTest.testDeleteAllStream()'><b>testDeleteAllStream</b><br>Test class: org.molgenis.data.file.FileMetaRepositoryDecoratorTest</td>
<td></td>
<td>0</td>
<td>org.molgenis.data.file.FileMetaRepositoryDecoratorTest@70331432</td></tr>
<tr>
<td title='org.molgenis.data.file.FileMetaRepositoryDecoratorTest.testDeleteById()'><b>testDeleteById</b><br>Test class: org.molgenis.data.file.FileMetaRepositoryDecoratorTest</td>
<td></td>
<td>0</td>
<td>org.molgenis.data.file.FileMetaRepositoryDecoratorTest@70331432</td></tr>
<tr>
<td title='org.molgenis.data.file.FileMetaRepositoryDecoratorTest.testDeleteByIdUnknownId()'><b>testDeleteByIdUnknownId</b><br>Test class: org.molgenis.data.file.FileMetaRepositoryDecoratorTest</td>
<td><div><pre>org.molgenis.data.UnknownEntityException: FAILED TO FORMAT LOCALIZED MESSAGE FOR ERROR CODE D02.%nFallback message: type:sys_file_FileMeta id:id attribute:idAttribute
	at org.molgenis.data.file.FileMetaRepositoryDecorator.getFileMeta(FileMetaRepositoryDecorator.java:84)
	at org.molgenis.data.file.FileMetaRepositoryDecorator.deleteById(FileMetaRepositoryDecorator.java:39)
	at org.molgenis.data.file.FileMetaRepositoryDecoratorTest.testDeleteByIdUnknownId(FileMetaRepositoryDecoratorTest.java:85)
	at org.apache.maven.surefire.testng.TestNGExecutor.run(TestNGExecutor.java:135)
	at org.apache.maven.surefire.testng.TestNGDirectoryTestSuite.executeMulti(TestNGDirectoryTestSuite.java:193)
	at org.apache.maven.surefire.testng.TestNGDirectoryTestSuite.execute(TestNGDirectoryTestSuite.java:94)
	at org.apache.maven.surefire.testng.TestNGProvider.invoke(TestNGProvider.java:146)
	at org.apache.maven.surefire.booter.ForkedBooter.invokeProviderInSameClassLoader(ForkedBooter.java:379)
	at org.apache.maven.surefire.booter.ForkedBooter.runSuitesInProcess(ForkedBooter.java:340)
	at org.apache.maven.surefire.booter.ForkedBooter.execute(ForkedBooter.java:125)
	at org.apache.maven.surefire.booter.ForkedBooter.main(ForkedBooter.java:413)
... Removed 21 stack frames</pre></div><a href='#' onClick='toggleBox("stack-trace929847632", this, "Click to show all stack frames", "Click to hide stack frames")'>Click to show all stack frames</a>
<div class='stack-trace' id='stack-trace929847632'><pre>org.molgenis.data.UnknownEntityException: FAILED TO FORMAT LOCALIZED MESSAGE FOR ERROR CODE D02.%nFallback message: type:sys_file_FileMeta id:id attribute:idAttribute
	at org.molgenis.data.file.FileMetaRepositoryDecorator.getFileMeta(FileMetaRepositoryDecorator.java:84)
	at org.molgenis.data.file.FileMetaRepositoryDecorator.deleteById(FileMetaRepositoryDecorator.java:39)
	at org.molgenis.data.file.FileMetaRepositoryDecoratorTest.testDeleteByIdUnknownId(FileMetaRepositoryDecoratorTest.java:85)
	at sun.reflect.NativeMethodAccessorImpl.invoke0(Native Method)
	at sun.reflect.NativeMethodAccessorImpl.invoke(NativeMethodAccessorImpl.java:62)
	at sun.reflect.DelegatingMethodAccessorImpl.invoke(DelegatingMethodAccessorImpl.java:43)
	at java.lang.reflect.Method.invoke(Method.java:498)
	at org.testng.internal.MethodInvocationHelper.invokeMethod(MethodInvocationHelper.java:80)
	at org.testng.internal.Invoker.invokeMethod(Invoker.java:714)
	at org.testng.internal.Invoker.invokeTestMethod(Invoker.java:901)
	at org.testng.internal.Invoker.invokeTestMethods(Invoker.java:1231)
	at org.testng.internal.TestMethodWorker.invokeTestMethods(TestMethodWorker.java:127)
	at org.testng.internal.TestMethodWorker.run(TestMethodWorker.java:111)
	at org.testng.TestRunner.privateRun(TestRunner.java:767)
	at org.testng.TestRunner.run(TestRunner.java:617)
	at org.testng.SuiteRunner.runTest(SuiteRunner.java:334)
	at org.testng.SuiteRunner.runSequentially(SuiteRunner.java:329)
	at org.testng.SuiteRunner.privateRun(SuiteRunner.java:291)
	at org.testng.SuiteRunner.run(SuiteRunner.java:240)
	at org.testng.SuiteRunnerWorker.runSuite(SuiteRunnerWorker.java:52)
	at org.testng.SuiteRunnerWorker.run(SuiteRunnerWorker.java:86)
	at org.testng.TestNG.runSuitesSequentially(TestNG.java:1198)
	at org.testng.TestNG.runSuitesLocally(TestNG.java:1123)
	at org.testng.TestNG.run(TestNG.java:1031)
	at org.apache.maven.surefire.testng.TestNGExecutor.run(TestNGExecutor.java:135)
	at org.apache.maven.surefire.testng.TestNGDirectoryTestSuite.executeMulti(TestNGDirectoryTestSuite.java:193)
	at org.apache.maven.surefire.testng.TestNGDirectoryTestSuite.execute(TestNGDirectoryTestSuite.java:94)
	at org.apache.maven.surefire.testng.TestNGProvider.invoke(TestNGProvider.java:146)
	at org.apache.maven.surefire.booter.ForkedBooter.invokeProviderInSameClassLoader(ForkedBooter.java:379)
	at org.apache.maven.surefire.booter.ForkedBooter.runSuitesInProcess(ForkedBooter.java:340)
	at org.apache.maven.surefire.booter.ForkedBooter.execute(ForkedBooter.java:125)
	at org.apache.maven.surefire.booter.ForkedBooter.main(ForkedBooter.java:413)
</pre></div></td>
<td>0</td>
<td>org.molgenis.data.file.FileMetaRepositoryDecoratorTest@70331432</td></tr>
<tr>
<td title='org.molgenis.data.file.FileStoreTest.testDeleteDirectoryPath()'><b>testDeleteDirectoryPath</b><br>Test class: org.molgenis.data.file.FileStoreTest</td>
<td></td>
<td>0</td>
<td>org.molgenis.data.file.FileStoreTest@47ad69f7</td></tr>
<tr>
<td title='org.molgenis.data.file.FileStoreTest.testDeletePath()'><b>testDeletePath</b><br>Test class: org.molgenis.data.file.FileStoreTest</td>
<td></td>
<td>0</td>
<td>org.molgenis.data.file.FileStoreTest@47ad69f7</td></tr>
<tr>
<td title='org.molgenis.data.file.FileMetaRepositoryDecoratorTest.testDeleteStream()'><b>testDeleteStream</b><br>Test class: org.molgenis.data.file.FileMetaRepositoryDecoratorTest</td>
<td></td>
<td>0</td>
<td>org.molgenis.data.file.FileMetaRepositoryDecoratorTest@70331432</td></tr>
<tr>
<td title='org.molgenis.data.file.FileStoreTest.testGetFile()'><b>testGetFile</b><br>Test class: org.molgenis.data.file.FileStoreTest</td>
<td></td>
<td>0</td>
<td>org.molgenis.data.file.FileStoreTest@47ad69f7</td></tr>
<tr>
<td title='org.molgenis.data.file.UnzipExceptionTest.testGetLocalizedMessage()'><b>testGetLocalizedMessage</b><br>Test class: org.molgenis.data.file.UnzipExceptionTest<br>Parameters: en, Error unzipping file 'name'.</td>
<td></td>
<td>0</td>
<td>org.molgenis.data.file.UnzipExceptionTest@5e5073ab</td></tr>
<tr>
<td title='org.molgenis.data.file.FileStoreTest.testMove()'><b>testMove</b><br>Test class: org.molgenis.data.file.FileStoreTest</td>
<td></td>
<td>0</td>
<td>org.molgenis.data.file.FileStoreTest@47ad69f7</td></tr>
<tr>
<td title='org.molgenis.data.file.FileStoreTest.testMoveSubLevelDir()'><b>testMoveSubLevelDir</b><br>Test class: org.molgenis.data.file.FileStoreTest</td>
<td></td>
<td>0</td>
<td>org.molgenis.data.file.FileStoreTest@47ad69f7</td></tr>
<tr>
<td title='org.molgenis.data.file.FileStoreTest.testMoveTopLevelDir()'><b>testMoveTopLevelDir</b><br>Test class: org.molgenis.data.file.FileStoreTest</td>
<td></td>
<td>0</td>
<td>org.molgenis.data.file.FileStoreTest@47ad69f7</td></tr>
<tr>
<td title='org.molgenis.data.file.FileStoreTest.testResolveAbsolute()'><b>testResolveAbsolute</b><br>Test class: org.molgenis.data.file.FileStoreTest</td>
<td><div><pre>java.lang.IllegalArgumentException: Path should be relative: /blah
	at org.molgenis.data.file.FileStore.resolve(FileStore.java:191)
	at org.molgenis.data.file.FileStore.streamFileContent(FileStore.java:184)
	at org.molgenis.data.file.FileStoreTest.testResolveAbsolute(FileStoreTest.java:148)
	at org.apache.maven.surefire.testng.TestNGExecutor.run(TestNGExecutor.java:135)
	at org.apache.maven.surefire.testng.TestNGDirectoryTestSuite.executeMulti(TestNGDirectoryTestSuite.java:193)
	at org.apache.maven.surefire.testng.TestNGDirectoryTestSuite.execute(TestNGDirectoryTestSuite.java:94)
	at org.apache.maven.surefire.testng.TestNGProvider.invoke(TestNGProvider.java:146)
	at org.apache.maven.surefire.booter.ForkedBooter.invokeProviderInSameClassLoader(ForkedBooter.java:379)
	at org.apache.maven.surefire.booter.ForkedBooter.runSuitesInProcess(ForkedBooter.java:340)
	at org.apache.maven.surefire.booter.ForkedBooter.execute(ForkedBooter.java:125)
	at org.apache.maven.surefire.booter.ForkedBooter.main(ForkedBooter.java:413)
... Removed 21 stack frames</pre></div><a href='#' onClick='toggleBox("stack-trace1229342812", this, "Click to show all stack frames", "Click to hide stack frames")'>Click to show all stack frames</a>
<div class='stack-trace' id='stack-trace1229342812'><pre>java.lang.IllegalArgumentException: Path should be relative: /blah
	at org.molgenis.data.file.FileStore.resolve(FileStore.java:191)
	at org.molgenis.data.file.FileStore.streamFileContent(FileStore.java:184)
	at org.molgenis.data.file.FileStoreTest.testResolveAbsolute(FileStoreTest.java:148)
	at sun.reflect.NativeMethodAccessorImpl.invoke0(Native Method)
	at sun.reflect.NativeMethodAccessorImpl.invoke(NativeMethodAccessorImpl.java:62)
	at sun.reflect.DelegatingMethodAccessorImpl.invoke(DelegatingMethodAccessorImpl.java:43)
	at java.lang.reflect.Method.invoke(Method.java:498)
	at org.testng.internal.MethodInvocationHelper.invokeMethod(MethodInvocationHelper.java:80)
	at org.testng.internal.Invoker.invokeMethod(Invoker.java:714)
	at org.testng.internal.Invoker.invokeTestMethod(Invoker.java:901)
	at org.testng.internal.Invoker.invokeTestMethods(Invoker.java:1231)
	at org.testng.internal.TestMethodWorker.invokeTestMethods(TestMethodWorker.java:127)
	at org.testng.internal.TestMethodWorker.run(TestMethodWorker.java:111)
	at org.testng.TestRunner.privateRun(TestRunner.java:767)
	at org.testng.TestRunner.run(TestRunner.java:617)
	at org.testng.SuiteRunner.runTest(SuiteRunner.java:334)
	at org.testng.SuiteRunner.runSequentially(SuiteRunner.java:329)
	at org.testng.SuiteRunner.privateRun(SuiteRunner.java:291)
	at org.testng.SuiteRunner.run(SuiteRunner.java:240)
	at org.testng.SuiteRunnerWorker.runSuite(SuiteRunnerWorker.java:52)
	at org.testng.SuiteRunnerWorker.run(SuiteRunnerWorker.java:86)
	at org.testng.TestNG.runSuitesSequentially(TestNG.java:1198)
	at org.testng.TestNG.runSuitesLocally(TestNG.java:1123)
	at org.testng.TestNG.run(TestNG.java:1031)
	at org.apache.maven.surefire.testng.TestNGExecutor.run(TestNGExecutor.java:135)
	at org.apache.maven.surefire.testng.TestNGDirectoryTestSuite.executeMulti(TestNGDirectoryTestSuite.java:193)
	at org.apache.maven.surefire.testng.TestNGDirectoryTestSuite.execute(TestNGDirectoryTestSuite.java:94)
	at org.apache.maven.surefire.testng.TestNGProvider.invoke(TestNGProvider.java:146)
	at org.apache.maven.surefire.booter.ForkedBooter.invokeProviderInSameClassLoader(ForkedBooter.java:379)
	at org.apache.maven.surefire.booter.ForkedBooter.runSuitesInProcess(ForkedBooter.java:340)
	at org.apache.maven.surefire.booter.ForkedBooter.execute(ForkedBooter.java:125)
	at org.apache.maven.surefire.booter.ForkedBooter.main(ForkedBooter.java:413)
</pre></div></td>
<td>0</td>
<td>org.molgenis.data.file.FileStoreTest@47ad69f7</td></tr>
<tr>
<td title='org.molgenis.data.file.FileStoreTest.testResolveOutside()'><b>testResolveOutside</b><br>Test class: org.molgenis.data.file.FileStoreTest</td>
<td><div><pre>java.lang.IllegalArgumentException: Path should be inside storage dir: ../blah
	at org.molgenis.data.file.FileStore.resolve(FileStore.java:196)
	at org.molgenis.data.file.FileStore.streamFileContent(FileStore.java:184)
	at org.molgenis.data.file.FileStoreTest.testResolveOutside(FileStoreTest.java:154)
	at org.apache.maven.surefire.testng.TestNGExecutor.run(TestNGExecutor.java:135)
	at org.apache.maven.surefire.testng.TestNGDirectoryTestSuite.executeMulti(TestNGDirectoryTestSuite.java:193)
	at org.apache.maven.surefire.testng.TestNGDirectoryTestSuite.execute(TestNGDirectoryTestSuite.java:94)
	at org.apache.maven.surefire.testng.TestNGProvider.invoke(TestNGProvider.java:146)
	at org.apache.maven.surefire.booter.ForkedBooter.invokeProviderInSameClassLoader(ForkedBooter.java:379)
	at org.apache.maven.surefire.booter.ForkedBooter.runSuitesInProcess(ForkedBooter.java:340)
	at org.apache.maven.surefire.booter.ForkedBooter.execute(ForkedBooter.java:125)
	at org.apache.maven.surefire.booter.ForkedBooter.main(ForkedBooter.java:413)
... Removed 21 stack frames</pre></div><a href='#' onClick='toggleBox("stack-trace1341158560", this, "Click to show all stack frames", "Click to hide stack frames")'>Click to show all stack frames</a>
<div class='stack-trace' id='stack-trace1341158560'><pre>java.lang.IllegalArgumentException: Path should be inside storage dir: ../blah
	at org.molgenis.data.file.FileStore.resolve(FileStore.java:196)
	at org.molgenis.data.file.FileStore.streamFileContent(FileStore.java:184)
	at org.molgenis.data.file.FileStoreTest.testResolveOutside(FileStoreTest.java:154)
	at sun.reflect.NativeMethodAccessorImpl.invoke0(Native Method)
	at sun.reflect.NativeMethodAccessorImpl.invoke(NativeMethodAccessorImpl.java:62)
	at sun.reflect.DelegatingMethodAccessorImpl.invoke(DelegatingMethodAccessorImpl.java:43)
	at java.lang.reflect.Method.invoke(Method.java:498)
	at org.testng.internal.MethodInvocationHelper.invokeMethod(MethodInvocationHelper.java:80)
	at org.testng.internal.Invoker.invokeMethod(Invoker.java:714)
	at org.testng.internal.Invoker.invokeTestMethod(Invoker.java:901)
	at org.testng.internal.Invoker.invokeTestMethods(Invoker.java:1231)
	at org.testng.internal.TestMethodWorker.invokeTestMethods(TestMethodWorker.java:127)
	at org.testng.internal.TestMethodWorker.run(TestMethodWorker.java:111)
	at org.testng.TestRunner.privateRun(TestRunner.java:767)
	at org.testng.TestRunner.run(TestRunner.java:617)
	at org.testng.SuiteRunner.runTest(SuiteRunner.java:334)
	at org.testng.SuiteRunner.runSequentially(SuiteRunner.java:329)
	at org.testng.SuiteRunner.privateRun(SuiteRunner.java:291)
	at org.testng.SuiteRunner.run(SuiteRunner.java:240)
	at org.testng.SuiteRunnerWorker.runSuite(SuiteRunnerWorker.java:52)
	at org.testng.SuiteRunnerWorker.run(SuiteRunnerWorker.java:86)
	at org.testng.TestNG.runSuitesSequentially(TestNG.java:1198)
	at org.testng.TestNG.runSuitesLocally(TestNG.java:1123)
	at org.testng.TestNG.run(TestNG.java:1031)
	at org.apache.maven.surefire.testng.TestNGExecutor.run(TestNGExecutor.java:135)
	at org.apache.maven.surefire.testng.TestNGDirectoryTestSuite.executeMulti(TestNGDirectoryTestSuite.java:193)
	at org.apache.maven.surefire.testng.TestNGDirectoryTestSuite.execute(TestNGDirectoryTestSuite.java:94)
	at org.apache.maven.surefire.testng.TestNGProvider.invoke(TestNGProvider.java:146)
	at org.apache.maven.surefire.booter.ForkedBooter.invokeProviderInSameClassLoader(ForkedBooter.java:379)
	at org.apache.maven.surefire.booter.ForkedBooter.runSuitesInProcess(ForkedBooter.java:340)
	at org.apache.maven.surefire.booter.ForkedBooter.execute(ForkedBooter.java:125)
	at org.apache.maven.surefire.booter.ForkedBooter.main(ForkedBooter.java:413)
</pre></div></td>
<td>0</td>
<td>org.molgenis.data.file.FileStoreTest@47ad69f7</td></tr>
<tr>
<td title='org.molgenis.data.file.FileStoreTest.testStore()'><b>testStore</b><br>Test class: org.molgenis.data.file.FileStoreTest</td>
<td></td>
<td>0</td>
<td>org.molgenis.data.file.FileStoreTest@47ad69f7</td></tr>
<tr>
<td title='org.molgenis.data.file.FileStoreTest.testStreamFileContent()'><b>testStreamFileContent</b><br>Test class: org.molgenis.data.file.FileStoreTest</td>
<td></td>
<td>0</td>
<td>org.molgenis.data.file.FileStoreTest@47ad69f7</td></tr>
<tr>
<td title='org.molgenis.data.file.FileStoreTest.testUnpack()'><b>testUnpack</b><br>Test class: org.molgenis.data.file.FileStoreTest</td>
<td></td>
<td>0</td>
<td>org.molgenis.data.file.FileStoreTest@47ad69f7</td></tr>
<tr>
<td title='org.molgenis.data.file.FileStoreTest.testUnpackInvalidZip()'><b>testUnpackInvalidZip</b><br>Test class: org.molgenis.data.file.FileStoreTest</td>
<td><div><pre>org.molgenis.util.file.UnzipException: org.zeroturnaround.zip.ZipException: The file tmp/../../test.txt is trying to leave the target output directory of /tmp/1528321352380-0/testUnpackInvalidZip. Ignoring this file.
	at org.molgenis.util.file.ZipFileUtil.unzip(ZipFileUtil.java:26)
	at org.molgenis.data.file.FileStore.unpack(FileStore.java:148)
	at org.molgenis.data.file.FileStoreTest.testUnpackInvalidZip(FileStoreTest.java:130)
	at org.apache.maven.surefire.testng.TestNGExecutor.run(TestNGExecutor.java:135)
	at org.apache.maven.surefire.testng.TestNGDirectoryTestSuite.executeMulti(TestNGDirectoryTestSuite.java:193)
	at org.apache.maven.surefire.testng.TestNGDirectoryTestSuite.execute(TestNGDirectoryTestSuite.java:94)
	at org.apache.maven.surefire.testng.TestNGProvider.invoke(TestNGProvider.java:146)
	at org.apache.maven.surefire.booter.ForkedBooter.invokeProviderInSameClassLoader(ForkedBooter.java:379)
	at org.apache.maven.surefire.booter.ForkedBooter.runSuitesInProcess(ForkedBooter.java:340)
	at org.apache.maven.surefire.booter.ForkedBooter.execute(ForkedBooter.java:125)
	at org.apache.maven.surefire.booter.ForkedBooter.main(ForkedBooter.java:413)
Caused by: org.zeroturnaround.zip.ZipException: The file tmp/../../test.txt is trying to leave the target output directory of /tmp/1528321352380-0/testUnpackInvalidZip. Ignoring this file.
	at org.zeroturnaround.zip.ZipUtil$Unpacker.process(ZipUtil.java:1159)
	at org.zeroturnaround.zip.ZipUtil.iterate(ZipUtil.java:712)
	at org.zeroturnaround.zip.ZipUtil.unpack(ZipUtil.java:1096)
	at org.zeroturnaround.zip.ZipUtil.unpack(ZipUtil.java:1045)
	at org.molgenis.util.file.ZipFileUtil.unzip(ZipFileUtil.java:22)
	... 31 more
... Removed 21 stack frames</pre></div><a href='#' onClick='toggleBox("stack-trace775476302", this, "Click to show all stack frames", "Click to hide stack frames")'>Click to show all stack frames</a>
<div class='stack-trace' id='stack-trace775476302'><pre>org.molgenis.util.file.UnzipException: org.zeroturnaround.zip.ZipException: The file tmp/../../test.txt is trying to leave the target output directory of /tmp/1528321352380-0/testUnpackInvalidZip. Ignoring this file.
	at org.molgenis.util.file.ZipFileUtil.unzip(ZipFileUtil.java:26)
	at org.molgenis.data.file.FileStore.unpack(FileStore.java:148)
	at org.molgenis.data.file.FileStoreTest.testUnpackInvalidZip(FileStoreTest.java:130)
	at sun.reflect.NativeMethodAccessorImpl.invoke0(Native Method)
	at sun.reflect.NativeMethodAccessorImpl.invoke(NativeMethodAccessorImpl.java:62)
	at sun.reflect.DelegatingMethodAccessorImpl.invoke(DelegatingMethodAccessorImpl.java:43)
	at java.lang.reflect.Method.invoke(Method.java:498)
	at org.testng.internal.MethodInvocationHelper.invokeMethod(MethodInvocationHelper.java:80)
	at org.testng.internal.Invoker.invokeMethod(Invoker.java:714)
	at org.testng.internal.Invoker.invokeTestMethod(Invoker.java:901)
	at org.testng.internal.Invoker.invokeTestMethods(Invoker.java:1231)
	at org.testng.internal.TestMethodWorker.invokeTestMethods(TestMethodWorker.java:127)
	at org.testng.internal.TestMethodWorker.run(TestMethodWorker.java:111)
	at org.testng.TestRunner.privateRun(TestRunner.java:767)
	at org.testng.TestRunner.run(TestRunner.java:617)
	at org.testng.SuiteRunner.runTest(SuiteRunner.java:334)
	at org.testng.SuiteRunner.runSequentially(SuiteRunner.java:329)
	at org.testng.SuiteRunner.privateRun(SuiteRunner.java:291)
	at org.testng.SuiteRunner.run(SuiteRunner.java:240)
	at org.testng.SuiteRunnerWorker.runSuite(SuiteRunnerWorker.java:52)
	at org.testng.SuiteRunnerWorker.run(SuiteRunnerWorker.java:86)
	at org.testng.TestNG.runSuitesSequentially(TestNG.java:1198)
	at org.testng.TestNG.runSuitesLocally(TestNG.java:1123)
	at org.testng.TestNG.run(TestNG.java:1031)
	at org.apache.maven.surefire.testng.TestNGExecutor.run(TestNGExecutor.java:135)
	at org.apache.maven.surefire.testng.TestNGDirectoryTestSuite.executeMulti(TestNGDirectoryTestSuite.java:193)
	at org.apache.maven.surefire.testng.TestNGDirectoryTestSuite.execute(TestNGDirectoryTestSuite.java:94)
	at org.apache.maven.surefire.testng.TestNGProvider.invoke(TestNGProvider.java:146)
	at org.apache.maven.surefire.booter.ForkedBooter.invokeProviderInSameClassLoader(ForkedBooter.java:379)
	at org.apache.maven.surefire.booter.ForkedBooter.runSuitesInProcess(ForkedBooter.java:340)
	at org.apache.maven.surefire.booter.ForkedBooter.execute(ForkedBooter.java:125)
	at org.apache.maven.surefire.booter.ForkedBooter.main(ForkedBooter.java:413)
Caused by: org.zeroturnaround.zip.ZipException: The file tmp/../../test.txt is trying to leave the target output directory of /tmp/1528321352380-0/testUnpackInvalidZip. Ignoring this file.
	at org.zeroturnaround.zip.ZipUtil$Unpacker.process(ZipUtil.java:1159)
	at org.zeroturnaround.zip.ZipUtil.iterate(ZipUtil.java:712)
	at org.zeroturnaround.zip.ZipUtil.unpack(ZipUtil.java:1096)
	at org.zeroturnaround.zip.ZipUtil.unpack(ZipUtil.java:1045)
	at org.molgenis.util.file.ZipFileUtil.unzip(ZipFileUtil.java:22)
	... 31 more
</pre></div></td>
<td>0</td>
<td>org.molgenis.data.file.FileStoreTest@47ad69f7</td></tr>
</table><p>
</body>
</html>