<?xml version="1.0" encoding="UTF-8"?>
<!-- Generated by org.testng.reporters.JUnitXMLReporter -->
<testsuite hostname="cyclone1" name="Surefire test" tests="3" failures="0" timestamp="6 Jun 2018 14:23:18 GMT" time="2.712" errors="0">
  <testcase name="@AfterMethod tearDownAfterMethod" time="0.0" classname="org.molgenis.bootstrap.populate.PermissionRegistryImplTest">
    <failure type="org.mockito.exceptions.misusing.UnnecessaryStubbingException" message="
Unnecessary stubbings detected.
Clean &amp;amp; maintainable test code requires zero unnecessary code.
Following stubbings are unnecessary (click to navigate to relevant line of code):
  1. -&amp;gt; at org.molgenis.bootstrap.populate.PermissionRegistryImplTest.testGetPermissions(PermissionRegistryImplTest.java:80)
Please remove unnecessary stubbings or use &amp;apos;silent&amp;apos; option. More info: javadoc for UnnecessaryStubbingException class.">
      <![CDATA[org.mockito.exceptions.misusing.UnnecessaryStubbingException: 
Unnecessary stubbings detected.
Clean & maintainable test code requires zero unnecessary code.
Following stubbings are unnecessary (click to navigate to relevant line of code):
  1. -> at org.molgenis.bootstrap.populate.PermissionRegistryImplTest.testGetPermissions(PermissionRegistryImplTest.java:80)
Please remove unnecessary stubbings or use 'silent' option. More info: javadoc for UnnecessaryStubbingException class.
	at org.molgenis.test.AbstractMockitoTest.tearDownAfterMethod(AbstractMockitoTest.java:37)
	at org.apache.maven.surefire.testng.TestNGExecutor.run(TestNGExecutor.java:135)
	at org.apache.maven.surefire.testng.TestNGDirectoryTestSuite.executeMulti(TestNGDirectoryTestSuite.java:193)
	at org.apache.maven.surefire.testng.TestNGDirectoryTestSuite.execute(TestNGDirectoryTestSuite.java:94)
	at org.apache.maven.surefire.testng.TestNGProvider.invoke(TestNGProvider.java:146)
	at org.apache.maven.surefire.booter.ForkedBooter.invokeProviderInSameClassLoader(ForkedBooter.java:379)
	at org.apache.maven.surefire.booter.ForkedBooter.runSuitesInProcess(ForkedBooter.java:340)
	at org.apache.maven.surefire.booter.ForkedBooter.execute(ForkedBooter.java:125)
	at org.apache.maven.surefire.booter.ForkedBooter.main(ForkedBooter.java:413)
... Removed 23 stack frames]]>
    </failure>
  </testcase> <!-- @AfterMethod tearDownAfterMethod -->
  <testcase name="@BeforeMethod initMocks" time="0.0" classname="org.molgenis.bootstrap.populate.PermissionPopulatorTest">
    <skipped/>
  </testcase> <!-- @BeforeMethod initMocks -->
  <testcase name="@BeforeMethod setUpBeforeMethod" time="0.0" classname="org.molgenis.bootstrap.populate.PermissionPopulatorTest">
    <skipped/>
  </testcase> <!-- @BeforeMethod setUpBeforeMethod -->
  <testcase name="@AfterMethod tearDownAfterMethod" time="0.0" classname="org.molgenis.bootstrap.populate.PermissionPopulatorTest">
    <skipped/>
  </testcase> <!-- @AfterMethod tearDownAfterMethod -->
  <testcase name="@BeforeMethod initMocks" time="0.0" classname="org.molgenis.bootstrap.populate.PermissionPopulatorTest">
    <skipped/>
  </testcase> <!-- @BeforeMethod initMocks -->
  <testcase name="@BeforeMethod setUpBeforeMethod" time="0.0" classname="org.molgenis.bootstrap.populate.PermissionPopulatorTest">
    <skipped/>
  </testcase> <!-- @BeforeMethod setUpBeforeMethod -->
  <testcase name="@AfterMethod tearDownAfterMethod" time="0.0" classname="org.molgenis.bootstrap.populate.PermissionPopulatorTest">
    <skipped/>
  </testcase> <!-- @AfterMethod tearDownAfterMethod -->
  <testcase name="testGetPermissions" time="0.21" classname="org.molgenis.bootstrap.populate.PermissionRegistryImplTest"/>
  <testcase name="testPermissionPopulator" time="0.0" classname="org.molgenis.bootstrap.populate.PermissionPopulatorTest">
    <skipped/>
  </testcase> <!-- testPermissionPopulator -->
  <testcase name="testPopulate" time="0.001" classname="org.molgenis.bootstrap.populate.PermissionPopulatorTest">
    <skipped/>
  </testcase> <!-- testPopulate -->
</testsuite> <!-- Surefire test -->
