<?xml version="1.0" encoding="UTF-8"?>
<testsuite xmlns:xsi="http://www.w3.org/2001/XMLSchema-instance" xsi:schemaLocation="https://maven.apache.org/surefire/maven-surefire-plugin/xsd/surefire-test-report.xsd" name="org.srcdeps.core.GradleBuildServiceTest" time="12.172" tests="3" errors="3" skipped="0" failures="0">
  <properties>
    <property name="java.runtime.name" value="OpenJDK Runtime Environment"/>
    <property name="sun.boot.library.path" value="/usr/lib/jvm/java-8-openjdk-amd64/jre/lib/amd64"/>
    <property name="java.vm.version" value="25.121-b13"/>
    <property name="java.vm.vendor" value="Oracle Corporation"/>
    <property name="maven.multiModuleProjectDirectory" value="/root/workspace/srcdeps/srcdeps-core/387383185"/>
    <property name="java.vendor.url" value="http://java.oracle.com/"/>
    <property name="path.separator" value=":"/>
    <property name="guice.disable.misplaced.annotation.check" value="true"/>
    <property name="skip.gulp" value="true"/>
    <property name="java.vm.name" value="OpenJDK 64-Bit Server VM"/>
    <property name="file.encoding.pkg" value="sun.io"/>
    <property name="sun.java.launcher" value="SUN_STANDARD"/>
    <property name="sun.os.patch.level" value="unknown"/>
    <property name="findbugs.skip" value="true"/>
    <property name="java.vm.specification.name" value="Java Virtual Machine Specification"/>
    <property name="user.dir" value="/root/workspace/srcdeps/srcdeps-core/387383185"/>
    <property name="checkstyle.skip" value="true"/>
    <property name="java.runtime.version" value="1.8.0_121-8u121-b13-1~bpo8+1-b13"/>
    <property name="java.awt.graphicsenv" value="sun.awt.X11GraphicsEnvironment"/>
    <property name="skip.npm" value="true"/>
    <property name="java.endorsed.dirs" value="/usr/lib/jvm/java-8-openjdk-amd64/jre/lib/endorsed"/>
    <property name="os.arch" value="amd64"/>
    <property name="java.io.tmpdir" value="/tmp"/>
    <property name="gpg.skip" value="true"/>
    <property name="line.separator" value="&#10;"/>
    <property name="java.vm.specification.vendor" value="Oracle Corporation"/>
    <property name="cobertura.skip" value="true"/>
    <property name="os.name" value="Linux"/>
    <property name="classworlds.conf" value="/usr/share/maven/bin/m2.conf"/>
    <property name="sun.jnu.encoding" value="UTF-8"/>
    <property name="java.library.path" value="/usr/java/packages/lib/amd64:/usr/lib/x86_64-linux-gnu/jni:/lib/x86_64-linux-gnu:/usr/lib/x86_64-linux-gnu:/usr/lib/jni:/lib:/usr/lib"/>
    <property name="license.skip" value="true"/>
    <property name="java.specification.name" value="Java Platform API Specification"/>
    <property name="java.class.version" value="52.0"/>
    <property name="sun.management.compiler" value="HotSpot 64-Bit Tiered Compilers"/>
    <property name="skip.bower" value="true"/>
    <property name="maven.repo.local" value="/root/./workspace/srcdeps/srcdeps-core/387383185/.m2"/>
    <property name="os.version" value="3.10.0-862.3.2.el7.x86_64"/>
    <property name="user.home" value="/root"/>
    <property name="user.timezone" value="Europe/Paris"/>
    <property name="java.awt.printerjob" value="sun.print.PSPrinterJob"/>
    <property name="java.specification.version" value="1.8"/>
    <property name="file.encoding" value="UTF-8"/>
    <property name="user.name" value="root"/>
    <property name="java.class.path" value="/usr/share/maven/boot/plexus-classworlds-2.5.2.jar"/>
    <property name="skipITs" value="true"/>
    <property name="java.vm.specification.version" value="1.8"/>
    <property name="sun.arch.data.model" value="64"/>
    <property name="java.home" value="/usr/lib/jvm/java-8-openjdk-amd64/jre"/>
    <property name="sun.java.command" value="org.codehaus.plexus.classworlds.launcher.Launcher -B -D enforcer.skip=true -D dependency-check.skip=true -D skipITs=true -D cobertura.skip=true -D maven.repo.local=/root/./workspace/srcdeps/srcdeps-core/387383185/.m2 -D rat.skip=true -D findbugs.skip=true -D skip.bower=true -D gpg.skip=true -D checkstyle.skip=true -D skip.gulp=true -D license.skip=true -D skip.npm=true test"/>
    <property name="java.specification.vendor" value="Oracle Corporation"/>
    <property name="user.language" value="en"/>
    <property name="awt.toolkit" value="sun.awt.X11.XToolkit"/>
    <property name="dependency-check.skip" value="true"/>
    <property name="java.vm.info" value="mixed mode"/>
    <property name="java.version" value="1.8.0_121"/>
    <property name="java.ext.dirs" value="/usr/lib/jvm/java-8-openjdk-amd64/jre/lib/ext:/usr/java/packages/lib/ext"/>
    <property name="securerandom.source" value="file:/dev/./urandom"/>
    <property name="sun.boot.class.path" value="/usr/lib/jvm/java-8-openjdk-amd64/jre/lib/resources.jar:/usr/lib/jvm/java-8-openjdk-amd64/jre/lib/rt.jar:/usr/lib/jvm/java-8-openjdk-amd64/jre/lib/sunrsasign.jar:/usr/lib/jvm/java-8-openjdk-amd64/jre/lib/jsse.jar:/usr/lib/jvm/java-8-openjdk-amd64/jre/lib/jce.jar:/usr/lib/jvm/java-8-openjdk-amd64/jre/lib/charsets.jar:/usr/lib/jvm/java-8-openjdk-amd64/jre/lib/jfr.jar:/usr/lib/jvm/java-8-openjdk-amd64/jre/classes"/>
    <property name="java.vendor" value="Oracle Corporation"/>
    <property name="enforcer.skip" value="true"/>
    <property name="rat.skip" value="true"/>
    <property name="maven.home" value="/usr/share/maven"/>
    <property name="file.separator" value="/"/>
    <property name="java.vendor.url.bug" value="http://bugreport.sun.com/bugreport/"/>
    <property name="sun.cpu.endian" value="little"/>
    <property name="sun.io.unicode.encoding" value="UnicodeLittle"/>
    <property name="sun.cpu.isalist" value=""/>
  </properties>
  <testcase name="testGradleGitRevisionMockito" classname="org.srcdeps.core.GradleBuildServiceTest" time="10.364">
    <error message="Could not start command [[/root/workspace/srcdeps/srcdeps-core/387383185/srcdeps-core/target/test-projects/testGradleGitRevisionMockito/build/gradlew, clean, install, --no-daemon, -Dmaven.repo.local=/root/workspace/srcdeps/srcdeps-core/387383185/srcdeps-core/target/mvn-local-repo, --stacktrace, -Dsrcdeps.forwardProperties=, -Dsrcdeps.inner.version=0.0.1-SRC-revision-6030bb9be4795870a47d41c0bff8615a0e6a54f9, -Dsrcdeps.inner.includes=org.mockito, -Dsrcdeps.inner.excludes=org.mockito:mockito-testng,org.mockito:mockito-android,org.mockito:mockito-inline]]" type="org.srcdeps.core.BuildException"><![CDATA[org.srcdeps.core.BuildException: Could not start command [[/root/workspace/srcdeps/srcdeps-core/387383185/srcdeps-core/target/test-projects/testGradleGitRevisionMockito/build/gradlew, clean, install, --no-daemon, -Dmaven.repo.local=/root/workspace/srcdeps/srcdeps-core/387383185/srcdeps-core/target/mvn-local-repo, --stacktrace, -Dsrcdeps.forwardProperties=, -Dsrcdeps.inner.version=0.0.1-SRC-revision-6030bb9be4795870a47d41c0bff8615a0e6a54f9, -Dsrcdeps.inner.includes=org.mockito, -Dsrcdeps.inner.excludes=org.mockito:mockito-testng,org.mockito:mockito-android,org.mockito:mockito-inline]]
	at org.srcdeps.core.shell.Shell.execute(Shell.java:162)
	at org.srcdeps.core.impl.builder.ShellBuilder.build(ShellBuilder.java:74)
	at org.srcdeps.core.impl.DefaultBuildService.build(DefaultBuildService.java:60)
	at org.srcdeps.core.AbstractBuildServiceTest.assertBuild(AbstractBuildServiceTest.java:149)
	at org.srcdeps.core.GradleBuildServiceTest.testGradleGitRevisionMockito(GradleBuildServiceTest.java:109)
	at sun.reflect.NativeMethodAccessorImpl.invoke0(Native Method)
	at sun.reflect.NativeMethodAccessorImpl.invoke(NativeMethodAccessorImpl.java:62)
	at sun.reflect.DelegatingMethodAccessorImpl.invoke(DelegatingMethodAccessorImpl.java:43)
	at java.lang.reflect.Method.invoke(Method.java:498)
	at org.junit.runners.model.FrameworkMethod$1.runReflectiveCall(FrameworkMethod.java:50)
	at org.junit.internal.runners.model.ReflectiveCallable.run(ReflectiveCallable.java:12)
	at org.junit.runners.model.FrameworkMethod.invokeExplosively(FrameworkMethod.java:47)
	at org.junit.internal.runners.statements.InvokeMethod.evaluate(InvokeMethod.java:17)
	at org.junit.internal.runners.statements.RunBefores.evaluate(RunBefores.java:26)
	at org.junit.internal.runners.statements.RunAfters.evaluate(RunAfters.java:27)
	at org.junit.rules.TestWatcher$1.evaluate(TestWatcher.java:55)
	at org.junit.rules.RunRules.evaluate(RunRules.java:20)
	at org.junit.runners.ParentRunner.runLeaf(ParentRunner.java:325)
	at org.junit.runners.BlockJUnit4ClassRunner.runChild(BlockJUnit4ClassRunner.java:78)
	at org.junit.runners.BlockJUnit4ClassRunner.runChild(BlockJUnit4ClassRunner.java:57)
	at org.junit.runners.ParentRunner$3.run(ParentRunner.java:290)
	at org.junit.runners.ParentRunner$1.schedule(ParentRunner.java:71)
	at org.junit.runners.ParentRunner.runChildren(ParentRunner.java:288)
	at org.junit.runners.ParentRunner.access$000(ParentRunner.java:58)
	at org.junit.runners.ParentRunner$2.evaluate(ParentRunner.java:268)
	at org.junit.internal.runners.statements.RunBefores.evaluate(RunBefores.java:26)
	at org.junit.runners.ParentRunner.run(ParentRunner.java:363)
	at org.apache.maven.surefire.junit4.JUnit4Provider.execute(JUnit4Provider.java:367)
	at org.apache.maven.surefire.junit4.JUnit4Provider.executeWithRerun(JUnit4Provider.java:274)
	at org.apache.maven.surefire.junit4.JUnit4Provider.executeTestSet(JUnit4Provider.java:238)
	at org.apache.maven.surefire.junit4.JUnit4Provider.invoke(JUnit4Provider.java:161)
	at org.apache.maven.surefire.booter.ForkedBooter.invokeProviderInSameClassLoader(ForkedBooter.java:290)
	at org.apache.maven.surefire.booter.ForkedBooter.runSuitesInProcess(ForkedBooter.java:242)
	at org.apache.maven.surefire.booter.ForkedBooter.main(ForkedBooter.java:121)
Caused by: java.io.IOException: Cannot run program "/root/workspace/srcdeps/srcdeps-core/387383185/srcdeps-core/target/test-projects/testGradleGitRevisionMockito/build/gradlew" (in directory "/root/workspace/srcdeps/srcdeps-core/387383185/srcdeps-core/target/test-projects/testGradleGitRevisionMockito/build"): error=13, Permission denied
	at java.lang.ProcessBuilder.start(ProcessBuilder.java:1048)
	at org.srcdeps.core.shell.Shell.execute(Shell.java:159)
	... 33 more
Caused by: java.io.IOException: error=13, Permission denied
	at java.lang.UNIXProcess.forkAndExec(Native Method)
	at java.lang.UNIXProcess.<init>(UNIXProcess.java:247)
	at java.lang.ProcessImpl.start(ProcessImpl.java:134)
	at java.lang.ProcessBuilder.start(ProcessBuilder.java:1029)
	... 34 more
]]></error>
    <system-err><![CDATA[[main] INFO org.srcdeps.core.AbstractBuildServiceTest - Using org.srcdeps.core.impl.DefaultBuildService as org.srcdeps.core.BuildService
[main] INFO org.srcdeps.core.impl.DefaultBuildService - About to build request BuildRequest [addDefaultBuildArguments=true, addDefaultBuildEnvironment=true, buildArguments=[-Dmaven.repo.local=/root/workspace/srcdeps/srcdeps-core/387383185/srcdeps-core/target/mvn-local-repo, --stacktrace], buildEnvironment={}, dependentProjectRootDirectory=/root/workspace/srcdeps/srcdeps-core/387383185/srcdeps-core/target/classes, forwardProperties=[], gavSet=GavSet [excludes=[org.mockito:mockito-testng, org.mockito:mockito-android, org.mockito:mockito-inline], includes=[org.mockito]], gradleModelTransformer=literal:logger.error("srcdeps: executing custom model transformer")
def name2ArtifactIdMap = [
    mockito: 'mockito-core',
    android: 'mockito-android',
    extTest: 'mockito-extTest',
    inline: 'mockito-inline',
    kotlinTest: 'mockito-kotlinTest',
    testng: 'mockito-testng',
]
gradle.projectsLoaded {

    gradle.rootProject.properties['allprojects'].each {
        it.afterEvaluate { project ->
            def groupId = project.group
            def artifactId = name2ArtifactIdMap.get(project.name)
            def version = project.version

            logger.error("srcdeps: mapped project name ${project.name} to artifactId ${artifactId}")
            logger.error("srcdeps: processing ${groupId}:${artifactId}:${version}")
            def plugins = project.plugins;
            if (srcdepsInner.gavSet.contains(groupId, artifactId, version)) {
                if (!plugins.hasPlugin('maven')) {
                    logger.error("srcdeps: adding maven plugin to ${groupId}:${artifactId}")
                    plugins.apply('maven')
                }
                logger.error("srcdeps: changing version of ${groupId}:${artifactId} from "+ project.version +" to "+ srcdepsInner.version)
                project.version = srcdepsInner.version
            }
        }
    }
}, id=db1c2b5ce128b215483658ec890a357ad2e4c147, ioRedirects=IoRedirects [stderr=INHERIT, stdin=INHERIT, stdout=INHERIT], projectRootDirectory=/root/workspace/srcdeps/srcdeps-core/387383185/srcdeps-core/target/test-projects/testGradleGitRevisionMockito/build, scmUrls=[git:https://github.com/srcdeps/mockito.git], skipTests=true, srcVersion=0.0.1-SRC-revision-6030bb9be4795870a47d41c0bff8615a0e6a54f9, timeoutMs=9223372036854775807, verbosity=info, version=0.0.1-SRC-revision-6030bb9be4795870a47d41c0bff8615a0e6a54f9, versionsMavenPluginVersion=2.3]
[main] INFO org.srcdeps.core.impl.DefaultBuildService - About to use Scm implementation org.srcdeps.core.impl.scm.JGitScm to check out URL git:https://github.com/srcdeps/mockito.git to directory /root/workspace/srcdeps/srcdeps-core/387383185/srcdeps-core/target/test-projects/testGradleGitRevisionMockito/build
[main] INFO org.srcdeps.core.impl.scm.JGitScm - srcdeps: attempting to clone version 0.0.1-SRC-revision-6030bb9be4795870a47d41c0bff8615a0e6a54f9 from SCM URL https://github.com/srcdeps/mockito.git
[main] INFO org.srcdeps.core.impl.DefaultBuildService - About to build project in /root/workspace/srcdeps/srcdeps-core/387383185/srcdeps-core/target/test-projects/testGradleGitRevisionMockito/build using Builder org.srcdeps.core.impl.builder.GradlewBuilder
[main] INFO org.srcdeps.core.shell.Shell - About to execute command [/root/workspace/srcdeps/srcdeps-core/387383185/srcdeps-core/target/test-projects/testGradleGitRevisionMockito/build/gradlew, clean, install, --no-daemon, -Dmaven.repo.local=/root/workspace/srcdeps/srcdeps-core/387383185/srcdeps-core/target/mvn-local-repo, --stacktrace, -Dsrcdeps.forwardProperties=, -Dsrcdeps.inner.version=0.0.1-SRC-revision-6030bb9be4795870a47d41c0bff8615a0e6a54f9, -Dsrcdeps.inner.includes=org.mockito, -Dsrcdeps.inner.excludes=org.mockito:mockito-testng,org.mockito:mockito-android,org.mockito:mockito-inline] using redirects IoRedirects [stderr=INHERIT, stdin=INHERIT, stdout=INHERIT] and env {}
]]></system-err>
  </testcase>
  <testcase name="testGradleGitRevisionMultiModule" classname="org.srcdeps.core.GradleBuildServiceTest" time="0.769">
    <error message="Could not start command [[/root/workspace/srcdeps/srcdeps-core/387383185/srcdeps-core/target/test-projects/testGradleGitRevisionMultiModule/build/gradlew, clean, install, --no-daemon, -Dmaven.repo.local=/root/workspace/srcdeps/srcdeps-core/387383185/srcdeps-core/target/mvn-local-repo, -Dsrcdeps.forwardProperties=, -Dsrcdeps.inner.version=0.0.1-SRC-revision-e63539236a94e8f6c2d720f8bda0323d1ce4db0f, -Dsrcdeps.inner.includes=*, -Dsrcdeps.inner.excludes=]]" type="org.srcdeps.core.BuildException"><![CDATA[org.srcdeps.core.BuildException: Could not start command [[/root/workspace/srcdeps/srcdeps-core/387383185/srcdeps-core/target/test-projects/testGradleGitRevisionMultiModule/build/gradlew, clean, install, --no-daemon, -Dmaven.repo.local=/root/workspace/srcdeps/srcdeps-core/387383185/srcdeps-core/target/mvn-local-repo, -Dsrcdeps.forwardProperties=, -Dsrcdeps.inner.version=0.0.1-SRC-revision-e63539236a94e8f6c2d720f8bda0323d1ce4db0f, -Dsrcdeps.inner.includes=*, -Dsrcdeps.inner.excludes=]]
	at org.srcdeps.core.shell.Shell.execute(Shell.java:162)
	at org.srcdeps.core.impl.builder.ShellBuilder.build(ShellBuilder.java:74)
	at org.srcdeps.core.impl.DefaultBuildService.build(DefaultBuildService.java:60)
	at org.srcdeps.core.AbstractBuildServiceTest.assertBuild(AbstractBuildServiceTest.java:149)
	at org.srcdeps.core.AbstractBuildServiceTest.assertBuild(AbstractBuildServiceTest.java:159)
	at org.srcdeps.core.GradleBuildServiceTest.testGradleGitRevisionMultiModule(GradleBuildServiceTest.java:122)
	at sun.reflect.NativeMethodAccessorImpl.invoke0(Native Method)
	at sun.reflect.NativeMethodAccessorImpl.invoke(NativeMethodAccessorImpl.java:62)
	at sun.reflect.DelegatingMethodAccessorImpl.invoke(DelegatingMethodAccessorImpl.java:43)
	at java.lang.reflect.Method.invoke(Method.java:498)
	at org.junit.runners.model.FrameworkMethod$1.runReflectiveCall(FrameworkMethod.java:50)
	at org.junit.internal.runners.model.ReflectiveCallable.run(ReflectiveCallable.java:12)
	at org.junit.runners.model.FrameworkMethod.invokeExplosively(FrameworkMethod.java:47)
	at org.junit.internal.runners.statements.InvokeMethod.evaluate(InvokeMethod.java:17)
	at org.junit.internal.runners.statements.RunBefores.evaluate(RunBefores.java:26)
	at org.junit.internal.runners.statements.RunAfters.evaluate(RunAfters.java:27)
	at org.junit.rules.TestWatcher$1.evaluate(TestWatcher.java:55)
	at org.junit.rules.RunRules.evaluate(RunRules.java:20)
	at org.junit.runners.ParentRunner.runLeaf(ParentRunner.java:325)
	at org.junit.runners.BlockJUnit4ClassRunner.runChild(BlockJUnit4ClassRunner.java:78)
	at org.junit.runners.BlockJUnit4ClassRunner.runChild(BlockJUnit4ClassRunner.java:57)
	at org.junit.runners.ParentRunner$3.run(ParentRunner.java:290)
	at org.junit.runners.ParentRunner$1.schedule(ParentRunner.java:71)
	at org.junit.runners.ParentRunner.runChildren(ParentRunner.java:288)
	at org.junit.runners.ParentRunner.access$000(ParentRunner.java:58)
	at org.junit.runners.ParentRunner$2.evaluate(ParentRunner.java:268)
	at org.junit.internal.runners.statements.RunBefores.evaluate(RunBefores.java:26)
	at org.junit.runners.ParentRunner.run(ParentRunner.java:363)
	at org.apache.maven.surefire.junit4.JUnit4Provider.execute(JUnit4Provider.java:367)
	at org.apache.maven.surefire.junit4.JUnit4Provider.executeWithRerun(JUnit4Provider.java:274)
	at org.apache.maven.surefire.junit4.JUnit4Provider.executeTestSet(JUnit4Provider.java:238)
	at org.apache.maven.surefire.junit4.JUnit4Provider.invoke(JUnit4Provider.java:161)
	at org.apache.maven.surefire.booter.ForkedBooter.invokeProviderInSameClassLoader(ForkedBooter.java:290)
	at org.apache.maven.surefire.booter.ForkedBooter.runSuitesInProcess(ForkedBooter.java:242)
	at org.apache.maven.surefire.booter.ForkedBooter.main(ForkedBooter.java:121)
Caused by: java.io.IOException: Cannot run program "/root/workspace/srcdeps/srcdeps-core/387383185/srcdeps-core/target/test-projects/testGradleGitRevisionMultiModule/build/gradlew" (in directory "/root/workspace/srcdeps/srcdeps-core/387383185/srcdeps-core/target/test-projects/testGradleGitRevisionMultiModule/build"): error=13, Permission denied
	at java.lang.ProcessBuilder.start(ProcessBuilder.java:1048)
	at org.srcdeps.core.shell.Shell.execute(Shell.java:159)
	... 34 more
Caused by: java.io.IOException: error=13, Permission denied
	at java.lang.UNIXProcess.forkAndExec(Native Method)
	at java.lang.UNIXProcess.<init>(UNIXProcess.java:247)
	at java.lang.ProcessImpl.start(ProcessImpl.java:134)
	at java.lang.ProcessBuilder.start(ProcessBuilder.java:1029)
	... 35 more
]]></error>
    <system-err><![CDATA[[main] INFO org.srcdeps.core.AbstractBuildServiceTest - Using org.srcdeps.core.impl.DefaultBuildService as org.srcdeps.core.BuildService
[main] INFO org.srcdeps.core.impl.DefaultBuildService - About to build request BuildRequest [addDefaultBuildArguments=true, addDefaultBuildEnvironment=true, buildArguments=[-Dmaven.repo.local=/root/workspace/srcdeps/srcdeps-core/387383185/srcdeps-core/target/mvn-local-repo], buildEnvironment={}, dependentProjectRootDirectory=/root/workspace/srcdeps/srcdeps-core/387383185/srcdeps-core/target/classes, forwardProperties=[], gavSet=GavSet [excludes=[], includes=[*]], gradleModelTransformer=classpath:/gradle/settings/srcdeps-model-transformer.gradle, id=2086028dd4239c4ff0e5e7a79cec5cd4acd83114, ioRedirects=IoRedirects [stderr=INHERIT, stdin=INHERIT, stdout=INHERIT], projectRootDirectory=/root/workspace/srcdeps/srcdeps-core/387383185/srcdeps-core/target/test-projects/testGradleGitRevisionMultiModule/build, scmUrls=[git:https://github.com/srcdeps/srcdeps-test-artifact-gradle.git], skipTests=true, srcVersion=0.0.1-SRC-revision-e63539236a94e8f6c2d720f8bda0323d1ce4db0f, timeoutMs=9223372036854775807, verbosity=info, version=0.0.1-SRC-revision-e63539236a94e8f6c2d720f8bda0323d1ce4db0f, versionsMavenPluginVersion=2.3]
[main] INFO org.srcdeps.core.impl.DefaultBuildService - About to use Scm implementation org.srcdeps.core.impl.scm.JGitScm to check out URL git:https://github.com/srcdeps/srcdeps-test-artifact-gradle.git to directory /root/workspace/srcdeps/srcdeps-core/387383185/srcdeps-core/target/test-projects/testGradleGitRevisionMultiModule/build
[main] INFO org.srcdeps.core.impl.scm.JGitScm - srcdeps: attempting to clone version 0.0.1-SRC-revision-e63539236a94e8f6c2d720f8bda0323d1ce4db0f from SCM URL https://github.com/srcdeps/srcdeps-test-artifact-gradle.git
[main] INFO org.srcdeps.core.impl.DefaultBuildService - About to build project in /root/workspace/srcdeps/srcdeps-core/387383185/srcdeps-core/target/test-projects/testGradleGitRevisionMultiModule/build using Builder org.srcdeps.core.impl.builder.GradlewBuilder
[main] INFO org.srcdeps.core.shell.Shell - About to execute command [/root/workspace/srcdeps/srcdeps-core/387383185/srcdeps-core/target/test-projects/testGradleGitRevisionMultiModule/build/gradlew, clean, install, --no-daemon, -Dmaven.repo.local=/root/workspace/srcdeps/srcdeps-core/387383185/srcdeps-core/target/mvn-local-repo, -Dsrcdeps.forwardProperties=, -Dsrcdeps.inner.version=0.0.1-SRC-revision-e63539236a94e8f6c2d720f8bda0323d1ce4db0f, -Dsrcdeps.inner.includes=*, -Dsrcdeps.inner.excludes=] using redirects IoRedirects [stderr=INHERIT, stdin=INHERIT, stdout=INHERIT] and env {}
]]></system-err>
  </testcase>
  <testcase name="testGradleGitRevision" classname="org.srcdeps.core.GradleBuildServiceTest" time="0.963">
    <error message="Could not start command [[/root/workspace/srcdeps/srcdeps-core/387383185/srcdeps-core/target/test-projects/testGradleGitRevision/build/gradlew, clean, install, --no-daemon, -Dmaven.repo.local=/root/workspace/srcdeps/srcdeps-core/387383185/srcdeps-core/target/mvn-local-repo, -Dsrcdeps.forwardProperties=, -Dsrcdeps.inner.version=0.0.1-SRC-revision-389765a9de4f8526b6b2776c39bb0de67668de62, -Dsrcdeps.inner.includes=*, -Dsrcdeps.inner.excludes=]]" type="org.srcdeps.core.BuildException"><![CDATA[org.srcdeps.core.BuildException: Could not start command [[/root/workspace/srcdeps/srcdeps-core/387383185/srcdeps-core/target/test-projects/testGradleGitRevision/build/gradlew, clean, install, --no-daemon, -Dmaven.repo.local=/root/workspace/srcdeps/srcdeps-core/387383185/srcdeps-core/target/mvn-local-repo, -Dsrcdeps.forwardProperties=, -Dsrcdeps.inner.version=0.0.1-SRC-revision-389765a9de4f8526b6b2776c39bb0de67668de62, -Dsrcdeps.inner.includes=*, -Dsrcdeps.inner.excludes=]]
	at org.srcdeps.core.shell.Shell.execute(Shell.java:162)
	at org.srcdeps.core.impl.builder.ShellBuilder.build(ShellBuilder.java:74)
	at org.srcdeps.core.impl.DefaultBuildService.build(DefaultBuildService.java:60)
	at org.srcdeps.core.AbstractBuildServiceTest.assertBuild(AbstractBuildServiceTest.java:149)
	at org.srcdeps.core.AbstractBuildServiceTest.assertBuild(AbstractBuildServiceTest.java:159)
	at org.srcdeps.core.GradleBuildServiceTest.testGradleGitRevision(GradleBuildServiceTest.java:37)
	at sun.reflect.NativeMethodAccessorImpl.invoke0(Native Method)
	at sun.reflect.NativeMethodAccessorImpl.invoke(NativeMethodAccessorImpl.java:62)
	at sun.reflect.DelegatingMethodAccessorImpl.invoke(DelegatingMethodAccessorImpl.java:43)
	at java.lang.reflect.Method.invoke(Method.java:498)
	at org.junit.runners.model.FrameworkMethod$1.runReflectiveCall(FrameworkMethod.java:50)
	at org.junit.internal.runners.model.ReflectiveCallable.run(ReflectiveCallable.java:12)
	at org.junit.runners.model.FrameworkMethod.invokeExplosively(FrameworkMethod.java:47)
	at org.junit.internal.runners.statements.InvokeMethod.evaluate(InvokeMethod.java:17)
	at org.junit.internal.runners.statements.RunBefores.evaluate(RunBefores.java:26)
	at org.junit.internal.runners.statements.RunAfters.evaluate(RunAfters.java:27)
	at org.junit.rules.TestWatcher$1.evaluate(TestWatcher.java:55)
	at org.junit.rules.RunRules.evaluate(RunRules.java:20)
	at org.junit.runners.ParentRunner.runLeaf(ParentRunner.java:325)
	at org.junit.runners.BlockJUnit4ClassRunner.runChild(BlockJUnit4ClassRunner.java:78)
	at org.junit.runners.BlockJUnit4ClassRunner.runChild(BlockJUnit4ClassRunner.java:57)
	at org.junit.runners.ParentRunner$3.run(ParentRunner.java:290)
	at org.junit.runners.ParentRunner$1.schedule(ParentRunner.java:71)
	at org.junit.runners.ParentRunner.runChildren(ParentRunner.java:288)
	at org.junit.runners.ParentRunner.access$000(ParentRunner.java:58)
	at org.junit.runners.ParentRunner$2.evaluate(ParentRunner.java:268)
	at org.junit.internal.runners.statements.RunBefores.evaluate(RunBefores.java:26)
	at org.junit.runners.ParentRunner.run(ParentRunner.java:363)
	at org.apache.maven.surefire.junit4.JUnit4Provider.execute(JUnit4Provider.java:367)
	at org.apache.maven.surefire.junit4.JUnit4Provider.executeWithRerun(JUnit4Provider.java:274)
	at org.apache.maven.surefire.junit4.JUnit4Provider.executeTestSet(JUnit4Provider.java:238)
	at org.apache.maven.surefire.junit4.JUnit4Provider.invoke(JUnit4Provider.java:161)
	at org.apache.maven.surefire.booter.ForkedBooter.invokeProviderInSameClassLoader(ForkedBooter.java:290)
	at org.apache.maven.surefire.booter.ForkedBooter.runSuitesInProcess(ForkedBooter.java:242)
	at org.apache.maven.surefire.booter.ForkedBooter.main(ForkedBooter.java:121)
Caused by: java.io.IOException: Cannot run program "/root/workspace/srcdeps/srcdeps-core/387383185/srcdeps-core/target/test-projects/testGradleGitRevision/build/gradlew" (in directory "/root/workspace/srcdeps/srcdeps-core/387383185/srcdeps-core/target/test-projects/testGradleGitRevision/build"): error=13, Permission denied
	at java.lang.ProcessBuilder.start(ProcessBuilder.java:1048)
	at org.srcdeps.core.shell.Shell.execute(Shell.java:159)
	... 34 more
Caused by: java.io.IOException: error=13, Permission denied
	at java.lang.UNIXProcess.forkAndExec(Native Method)
	at java.lang.UNIXProcess.<init>(UNIXProcess.java:247)
	at java.lang.ProcessImpl.start(ProcessImpl.java:134)
	at java.lang.ProcessBuilder.start(ProcessBuilder.java:1029)
	... 35 more
]]></error>
    <system-err><![CDATA[[main] INFO org.srcdeps.core.AbstractBuildServiceTest - Using org.srcdeps.core.impl.DefaultBuildService as org.srcdeps.core.BuildService
[main] INFO org.srcdeps.core.impl.DefaultBuildService - About to build request BuildRequest [addDefaultBuildArguments=true, addDefaultBuildEnvironment=true, buildArguments=[-Dmaven.repo.local=/root/workspace/srcdeps/srcdeps-core/387383185/srcdeps-core/target/mvn-local-repo], buildEnvironment={}, dependentProjectRootDirectory=/root/workspace/srcdeps/srcdeps-core/387383185/srcdeps-core/target/classes, forwardProperties=[], gavSet=GavSet [excludes=[], includes=[*]], gradleModelTransformer=classpath:/gradle/settings/srcdeps-model-transformer.gradle, id=8f0ed0a29c0f12b6b596cf759424b9c5248bd6b0, ioRedirects=IoRedirects [stderr=INHERIT, stdin=INHERIT, stdout=INHERIT], projectRootDirectory=/root/workspace/srcdeps/srcdeps-core/387383185/srcdeps-core/target/test-projects/testGradleGitRevision/build, scmUrls=[git:https://github.com/srcdeps/srcdeps-test-artifact-gradle.git], skipTests=true, srcVersion=0.0.1-SRC-revision-389765a9de4f8526b6b2776c39bb0de67668de62, timeoutMs=9223372036854775807, verbosity=info, version=0.0.1-SRC-revision-389765a9de4f8526b6b2776c39bb0de67668de62, versionsMavenPluginVersion=2.3]
[main] INFO org.srcdeps.core.impl.DefaultBuildService - About to use Scm implementation org.srcdeps.core.impl.scm.JGitScm to check out URL git:https://github.com/srcdeps/srcdeps-test-artifact-gradle.git to directory /root/workspace/srcdeps/srcdeps-core/387383185/srcdeps-core/target/test-projects/testGradleGitRevision/build
[main] INFO org.srcdeps.core.impl.scm.JGitScm - srcdeps: attempting to clone version 0.0.1-SRC-revision-389765a9de4f8526b6b2776c39bb0de67668de62 from SCM URL https://github.com/srcdeps/srcdeps-test-artifact-gradle.git
[main] INFO org.srcdeps.core.impl.DefaultBuildService - About to build project in /root/workspace/srcdeps/srcdeps-core/387383185/srcdeps-core/target/test-projects/testGradleGitRevision/build using Builder org.srcdeps.core.impl.builder.GradlewBuilder
[main] INFO org.srcdeps.core.shell.Shell - About to execute command [/root/workspace/srcdeps/srcdeps-core/387383185/srcdeps-core/target/test-projects/testGradleGitRevision/build/gradlew, clean, install, --no-daemon, -Dmaven.repo.local=/root/workspace/srcdeps/srcdeps-core/387383185/srcdeps-core/target/mvn-local-repo, -Dsrcdeps.forwardProperties=, -Dsrcdeps.inner.version=0.0.1-SRC-revision-389765a9de4f8526b6b2776c39bb0de67668de62, -Dsrcdeps.inner.includes=*, -Dsrcdeps.inner.excludes=] using redirects IoRedirects [stderr=INHERIT, stdin=INHERIT, stdout=INHERIT] and env {}
]]></system-err>
  </testcase>
</testsuite>