<?xml version="1.0" encoding="UTF-8"?>
<!-- Generated by org.testng.reporters.JUnitReportReporter -->
<testsuite hostname="cyclone1" name="org.molgenis.data.file.FileMetaRepositoryDecoratorTest" tests="7" failures="1" timestamp="29 May 2018 11:49:28 GMT" time="2.858" errors="0">
  <testcase name="testAppRepositoryDecorator" time="0.016" classname="org.molgenis.data.file.FileMetaRepositoryDecoratorTest"/>
  <testcase name="testDeleteStream" time="0.015" classname="org.molgenis.data.file.FileMetaRepositoryDecoratorTest"/>
  <testcase name="testDeleteAll" time="0.038" classname="org.molgenis.data.file.FileMetaRepositoryDecoratorTest"/>
  <testcase name="testDeleteAllStream" time="0.042" classname="org.molgenis.data.file.FileMetaRepositoryDecoratorTest"/>
  <testcase name="testDeleteById" time="0.559" classname="org.molgenis.data.file.FileMetaRepositoryDecoratorTest"/>
  <testcase name="testDeleteByIdUnknownId" time="1.816" classname="org.molgenis.data.file.FileMetaRepositoryDecoratorTest">
    <failure type="org.testng.TestException" message="
Expected exception org.molgenis.data.UnknownEntityException but got org.testng.TestException: 
The exception was thrown with the wrong message: expected &quot;type:sys_file_FileMeta id:id&quot; but got &quot;type:sys_file_FileMeta id:id attribute:null&quot;">
      <![CDATA[org.testng.TestException: 
Expected exception org.molgenis.data.UnknownEntityException but got org.testng.TestException: 
The exception was thrown with the wrong message: expected "type:sys_file_FileMeta id:id" but got "type:sys_file_FileMeta id:id attribute:null"
	at org.testng.internal.Invoker.handleInvocationResults(Invoker.java:1497)
	at org.testng.internal.Invoker.invokeTestMethods(Invoker.java:1245)
	at org.testng.internal.TestMethodWorker.invokeTestMethods(TestMethodWorker.java:127)
	at org.testng.internal.TestMethodWorker.run(TestMethodWorker.java:111)
	at org.testng.TestRunner.privateRun(TestRunner.java:767)
	at org.testng.TestRunner.run(TestRunner.java:617)
	at org.testng.SuiteRunner.runTest(SuiteRunner.java:334)
	at org.testng.SuiteRunner.runSequentially(SuiteRunner.java:329)
	at org.testng.SuiteRunner.privateRun(SuiteRunner.java:291)
	at org.testng.SuiteRunner.run(SuiteRunner.java:240)
	at org.testng.SuiteRunnerWorker.runSuite(SuiteRunnerWorker.java:52)
	at org.testng.SuiteRunnerWorker.run(SuiteRunnerWorker.java:86)
	at org.testng.TestNG.runSuitesSequentially(TestNG.java:1198)
	at org.testng.TestNG.runSuitesLocally(TestNG.java:1123)
	at org.testng.TestNG.run(TestNG.java:1031)
	at org.apache.maven.surefire.testng.TestNGExecutor.run(TestNGExecutor.java:135)
	at org.apache.maven.surefire.testng.TestNGDirectoryTestSuite.executeMulti(TestNGDirectoryTestSuite.java:193)
	at org.apache.maven.surefire.testng.TestNGDirectoryTestSuite.execute(TestNGDirectoryTestSuite.java:94)
	at org.apache.maven.surefire.testng.TestNGProvider.invoke(TestNGProvider.java:146)
	at org.apache.maven.surefire.booter.ForkedBooter.invokeProviderInSameClassLoader(ForkedBooter.java:379)
	at org.apache.maven.surefire.booter.ForkedBooter.runSuitesInProcess(ForkedBooter.java:340)
	at org.apache.maven.surefire.booter.ForkedBooter.execute(ForkedBooter.java:125)
	at org.apache.maven.surefire.booter.ForkedBooter.main(ForkedBooter.java:413)
Caused by: org.testng.TestException: 
The exception was thrown with the wrong message: expected "type:sys_file_FileMeta id:id" but got "type:sys_file_FileMeta id:id attribute:null"
	at org.testng.internal.Invoker.handleInvocationResults(Invoker.java:1481)
	at org.testng.internal.Invoker.invokeMethod(Invoker.java:754)
	at org.testng.internal.Invoker.invokeTestMethod(Invoker.java:901)
	at org.testng.internal.Invoker.invokeTestMethods(Invoker.java:1231)
	... 21 more
Caused by: org.molgenis.data.UnknownEntityException: FAILED TO FORMAT LOCALIZED MESSAGE FOR ERROR CODE D02.%nFallback message: type:sys_file_FileMeta id:id attribute:null
	at org.molgenis.data.file.FileMetaRepositoryDecorator.getFileMeta(FileMetaRepositoryDecorator.java:84)
	at org.molgenis.data.file.FileMetaRepositoryDecorator.deleteById(FileMetaRepositoryDecorator.java:39)
	at org.molgenis.data.file.FileMetaRepositoryDecoratorTest.testDeleteByIdUnknownId(FileMetaRepositoryDecoratorTest.java:82)
	at sun.reflect.NativeMethodAccessorImpl.invoke0(Native Method)
	at sun.reflect.NativeMethodAccessorImpl.invoke(NativeMethodAccessorImpl.java:62)
	at sun.reflect.DelegatingMethodAccessorImpl.invoke(DelegatingMethodAccessorImpl.java:43)
	at java.lang.reflect.Method.invoke(Method.java:498)
	at org.testng.internal.MethodInvocationHelper.invokeMethod(MethodInvocationHelper.java:80)
	at org.testng.internal.Invoker.invokeMethod(Invoker.java:714)
	... 23 more
]]>
    </failure>
  </testcase> <!-- testDeleteByIdUnknownId -->
  <testcase name="testDelete" time="0.372" classname="org.molgenis.data.file.FileMetaRepositoryDecoratorTest"/>
</testsuite> <!-- org.molgenis.data.file.FileMetaRepositoryDecoratorTest -->
